20:12:12.994 [JavaFX Application Thread] DEBUG GameApplication      - Logger initialized
20:12:13.003 [JavaFX Application Thread] DEBUG MainWindow           - Creating a JavaFX scene
20:12:13.186 [JavaFX Application Thread] DEBUG MainWindow           - Target settings size: 400.0 x 600.0
20:12:13.186 [JavaFX Application Thread] DEBUG MainWindow           - Scaled scene size:    400.0 x 600.0
20:12:13.187 [JavaFX Application Thread] DEBUG MainWindow           - Scaled ratio: (1.0, 1.0)
20:12:13.195 [JavaFX Application Thread] DEBUG GameApplication      - Starting FXGL
20:12:13.200 [JavaFX Application Thread] INFO  FXGL                 - FXGL-0.5.3 on DESKTOP
20:12:13.201 [JavaFX Application Thread] INFO  FXGL                 - Source code and latest versions at: https://github.com/AlmasB/FXGL
20:12:13.201 [JavaFX Application Thread] INFO  FXGL                 -              Join the FXGL chat at: https://gitter.im/AlmasB/FXGL
20:12:13.211 [JavaFX Application Thread] DEBUG FS                   - Loaded DesktopFSService
20:12:13.211 [JavaFX Application Thread] DEBUG FXGL                 - Loading FXGL system data
20:12:13.221 [JavaFX Application Thread] DEBUG DesktopFSService     - Reading from: system/fxgl.bundle
20:12:13.242 [JavaFX Application Thread] DEBUG Bundle               - Logging bundle: FXGL
20:12:13.244 [JavaFX Application Thread] DEBUG Bundle               - FXGL.offline.timer.version.check=2018-07-24T21:09:25.379
20:12:13.294 [JavaFX Application Thread] DEBUG GameApplication      - FXGL started
20:12:13.295 [JavaFX Application Thread] DEBUG GameApplication      - Logging game settings
Title: Pinball
Version: 0.1
Width: 400
Height: 600
Fullscreen: false
Intro: false
Menus: false
Profiling: false
Single step:false
App Mode: DEVELOPER
Menu Key: ESCAPE
Stage Style: DECORATED
Scene Factory: class com.almasb.fxgl.scene.SceneFactory
Dialog Factory: class com.almasb.fxgl.ui.FXGLDialogFactory
UI Factory: class com.almasb.fxgl.ui.FXGLUIFactory
Notification Service: class com.almasb.fxgl.gameplay.notification.XboxNotificationView
Exception Handler: class com.almasb.fxgl.app.FXGLExceptionHandler
20:12:13.297 [JavaFX Application Thread] DEBUG GameApplication      - Configuring GameApplication
20:12:13.297 [JavaFX Application Thread] DEBUG GameApplication      - Initializing state machine and application states
20:12:13.326 [JavaFX Application Thread] DEBUG AssetLoader          - Loading from disk: /assets/ui/cursors/fxgl_default.png
20:12:13.361 [JavaFX Application Thread] DEBUG AssetLoader          - Loading from disk: /assets/ui/cursors/fxgl_default.png
20:12:13.426 [JavaFX Application Thread] DEBUG FXGLAssets           - Loading FXGLAssets
20:12:13.475 [JavaFX Application Thread] DEBUG AssetLoader          - Loading from disk: /assets/ui/fonts/VarelaRound-Regular.ttf
20:12:13.505 [JavaFX Application Thread] DEBUG AssetLoader          - Loading from disk: /assets/ui/fonts/lucida_console.ttf
20:12:13.511 [JavaFX Application Thread] DEBUG AssetLoader          - Loading from disk: /assets/ui/fonts/Courier-Prime.ttf
20:12:13.517 [JavaFX Application Thread] DEBUG AssetLoader          - Loading from disk: /assets/ui/fonts/Abel-Regular.ttf
20:12:13.521 [JavaFX Application Thread] DEBUG AssetLoader          - Loading from disk: /assets/ui/css/fxgl_dark.css
20:12:13.578 [JavaFX Application Thread] DEBUG AssetLoader          - Loading from disk: /assets/ui/cursors/fxgl_default.png
20:12:13.665 [JavaFX Application Thread] DEBUG AssetLoader          - Loading from disk: /assets/ui/cursors/fxgl_default.png
20:12:13.701 [JavaFX Application Thread] DEBUG GameScene            - Game scene initialized: 400x600
20:12:13.706 [JavaFX Application Thread] DEBUG GameWorld            - Game world initialized
20:12:13.755 [JavaFX Application Thread] DEBUG PhysicsWorld         - Physics world initialized: appHeight=600, physics.ppm=50.0
20:12:13.780 [JavaFX Application Thread] DEBUG Input                - Registered new binding: Pause - Esc
20:12:13.805 [JavaFX Application Thread] DEBUG Input                - Clearing active input actions
20:12:13.887 [JavaFX Application Thread] DEBUG AppStateMachine      - StartupState -> StartupState
20:12:13.913 [JavaFX Application Thread] INFO  GameApplication      - Game configuration took:  0.615 sec
20:12:13.915 [JavaFX Application Thread] DEBUG AssetLoader          - Loading from disk: /assets/textures/fxgl_icon.png
20:12:13.935 [JavaFX Application Thread] DEBUG MainWindow           - Opening main window
20:12:14.027 [JavaFX Application Thread] DEBUG MainWindow           - Window border size: (0.0, 0.0)
20:12:14.027 [JavaFX Application Thread] DEBUG MainWindow           - Scaled size: 400.0 x 600.0
20:12:14.028 [JavaFX Application Thread] DEBUG MainWindow           - Scaled ratio: (1.0, 1.0)
20:12:14.028 [JavaFX Application Thread] DEBUG MainWindow           - Scene size: 400.0 x 600.0
20:12:14.030 [JavaFX Application Thread] DEBUG MainWindow           - Stage size: 400.0 x 600.0
20:12:14.032 [JavaFX Application Thread] DEBUG GameApplication      - Running preInit()
20:12:14.035 [JavaFX Application Thread] DEBUG Input                - Registered new binding: Screenshot - P
20:12:14.037 [JavaFX Application Thread] DEBUG Input                - Registered new binding: Dev Options - CTRL+0
20:12:14.038 [JavaFX Application Thread] DEBUG Input                - Registered new binding: System info dump - CTRL+9
20:12:14.039 [JavaFX Application Thread] DEBUG Input                - Registered new binding: Restart - CTRL+R
20:12:14.082 [JavaFX Application Thread] DEBUG GameApplication      - Starting main loop
20:12:14.092 [JavaFX Application Thread] DEBUG StartupState         - STARTUP
20:12:14.092 [JavaFX Application Thread] DEBUG GameApplication      - Starting new game
20:12:14.092 [JavaFX Application Thread] DEBUG Input                - Clearing active input actions
20:12:14.103 [JavaFX Application Thread] DEBUG AppStateMachine      - StartupState -> LoadingState
20:12:14.110 [FXGL Background Thread 1 ] DEBUG InitAppTask          - Clearing previous game
20:12:14.110 [FXGL Background Thread 1 ] DEBUG GameWorld            - Clearing game world
20:12:14.110 [FXGL Background Thread 1 ] DEBUG PhysicsWorld         - Clearing physics world
20:12:14.111 [FXGL Background Thread 1 ] DEBUG GameScene            - Clearing game scene
20:12:14.113 [FXGL Background Thread 1 ] DEBUG InitAppTask          - Initializing Game
20:12:14.234 [FXGL Background Thread 1 ] DEBUG GameScene            - Creating render group for layer: DEFAULT(100000)
20:12:14.243 [FXGL Background Thread 1 ] DEBUG InitAppTask          - Initializing Physics
20:12:14.244 [FXGL Background Thread 1 ] DEBUG InitAppTask          - Initializing UI
20:12:14.244 [FXGL Background Thread 1 ] DEBUG InitAppTask          - Initialization Complete
20:12:14.244 [FXGL Background Thread 1 ] INFO  InitAppTask          - Game initialization took: 0.134 sec
20:12:14.248 [JavaFX Application Thread] DEBUG Input                - Clearing active input actions
20:12:14.255 [JavaFX Application Thread] DEBUG AppStateMachine      - LoadingState -> PlayState
20:12:17.337 [JavaFX Application Thread] DEBUG GameApplication      - Exiting game application
20:12:17.338 [JavaFX Application Thread] DEBUG GameApplication      - Shutting down background threads
20:12:17.339 [JavaFX Application Thread] DEBUG GameApplication      - Exiting FXGL
20:12:17.339 [JavaFX Application Thread] DEBUG FXGL                 - Saving FXGL system data
20:12:17.342 [JavaFX Application Thread] DEBUG DesktopFSService     - Writing to: system/fxgl.bundle
20:12:17.346 [JavaFX Application Thread] DEBUG GameApplication      - Closing logger and exiting JavaFX
