14:30:15.530 [JavaFX Application Thread] DEBUG GameApplication      - Logger initialized
14:30:15.538 [JavaFX Application Thread] DEBUG MainWindow           - Creating a JavaFX scene
14:30:15.739 [JavaFX Application Thread] DEBUG MainWindow           - Target settings size: 400.0 x 600.0
14:30:15.739 [JavaFX Application Thread] DEBUG MainWindow           - Scaled scene size:    400.0 x 600.0
14:30:15.739 [JavaFX Application Thread] DEBUG MainWindow           - Scaled ratio: (1.0, 1.0)
14:30:15.750 [JavaFX Application Thread] DEBUG GameApplication      - Starting FXGL
14:30:15.763 [JavaFX Application Thread] INFO  FXGL                 - FXGL-0.5.3 on DESKTOP
14:30:15.763 [JavaFX Application Thread] INFO  FXGL                 - Source code and latest versions at: https://github.com/AlmasB/FXGL
14:30:15.764 [JavaFX Application Thread] INFO  FXGL                 -              Join the FXGL chat at: https://gitter.im/AlmasB/FXGL
14:30:15.783 [JavaFX Application Thread] DEBUG FS                   - Loaded DesktopFSService
14:30:15.783 [JavaFX Application Thread] DEBUG FXGL                 - Loading FXGL system data
14:30:15.828 [JavaFX Application Thread] DEBUG DesktopFSService     - Reading from: system/fxgl.bundle
14:30:15.858 [JavaFX Application Thread] DEBUG Bundle               - Logging bundle: FXGL
14:30:15.859 [JavaFX Application Thread] DEBUG Bundle               - FXGL.offline.timer.version.check=2018-07-24T21:09:25.379
14:30:15.918 [JavaFX Application Thread] DEBUG GameApplication      - FXGL started
14:30:15.923 [JavaFX Application Thread] DEBUG GameApplication      - Logging game settings
Title: Pinball
Version: 0.1
Width: 400
Height: 600
Fullscreen: false
Intro: false
Menus: false
Profiling: true
Single step:false
App Mode: DEBUG
Menu Key: ESCAPE
Stage Style: DECORATED
Scene Factory: class com.almasb.fxgl.scene.SceneFactory
Dialog Factory: class com.almasb.fxgl.ui.FXGLDialogFactory
UI Factory: class com.almasb.fxgl.ui.FXGLUIFactory
Notification Service: class com.almasb.fxgl.gameplay.notification.XboxNotificationView
Exception Handler: class com.almasb.fxgl.app.FXGLExceptionHandler
14:30:15.924 [JavaFX Application Thread] DEBUG GameApplication      - Configuring GameApplication
14:30:15.925 [JavaFX Application Thread] DEBUG GameApplication      - Initializing state machine and application states
14:30:15.945 [JavaFX Application Thread] DEBUG AssetLoader          - Loading from disk: /assets/ui/cursors/fxgl_default.png
14:30:16.012 [JavaFX Application Thread] DEBUG AssetLoader          - Loading from disk: /assets/ui/cursors/fxgl_default.png
14:30:16.054 [JavaFX Application Thread] DEBUG FXGLAssets           - Loading FXGLAssets
14:30:16.103 [JavaFX Application Thread] DEBUG AssetLoader          - Loading from disk: /assets/ui/fonts/VarelaRound-Regular.ttf
14:30:16.123 [JavaFX Application Thread] DEBUG AssetLoader          - Loading from disk: /assets/ui/fonts/lucida_console.ttf
14:30:16.128 [JavaFX Application Thread] DEBUG AssetLoader          - Loading from disk: /assets/ui/fonts/Courier-Prime.ttf
14:30:16.131 [JavaFX Application Thread] DEBUG AssetLoader          - Loading from disk: /assets/ui/fonts/Abel-Regular.ttf
14:30:16.136 [JavaFX Application Thread] DEBUG AssetLoader          - Loading from disk: /assets/ui/css/fxgl_dark.css
14:30:16.183 [JavaFX Application Thread] DEBUG AssetLoader          - Loading from disk: /assets/ui/cursors/fxgl_default.png
14:30:16.260 [JavaFX Application Thread] DEBUG AssetLoader          - Loading from disk: /assets/ui/cursors/fxgl_default.png
14:30:16.298 [JavaFX Application Thread] DEBUG GameScene            - Game scene initialized: 400x600
14:30:16.303 [JavaFX Application Thread] DEBUG GameWorld            - Game world initialized
14:30:16.364 [JavaFX Application Thread] DEBUG PhysicsWorld         - Physics world initialized: appHeight=600, physics.ppm=50.0
14:30:16.382 [JavaFX Application Thread] DEBUG Input                - Registered new binding: Pause - Esc
14:30:16.407 [JavaFX Application Thread] DEBUG Input                - Clearing active input actions
14:30:16.509 [JavaFX Application Thread] DEBUG AppStateMachine      - StartupState -> StartupState
14:30:16.534 [JavaFX Application Thread] INFO  GameApplication      - Game configuration took:  0.609 sec
14:30:16.537 [JavaFX Application Thread] DEBUG AssetLoader          - Loading from disk: /assets/textures/fxgl_icon.png
14:30:16.556 [JavaFX Application Thread] DEBUG MainWindow           - Opening main window
14:30:16.652 [JavaFX Application Thread] DEBUG MainWindow           - Window border size: (0.0, 0.0)
14:30:16.652 [JavaFX Application Thread] DEBUG MainWindow           - Scaled size: 400.0 x 600.0
14:30:16.653 [JavaFX Application Thread] DEBUG MainWindow           - Scaled ratio: (1.0, 1.0)
14:30:16.653 [JavaFX Application Thread] DEBUG MainWindow           - Scene size: 400.0 x 600.0
14:30:16.653 [JavaFX Application Thread] DEBUG MainWindow           - Stage size: 400.0 x 600.0
14:30:16.653 [JavaFX Application Thread] DEBUG GameApplication      - Running preInit()
14:30:16.657 [JavaFX Application Thread] DEBUG Input                - Registered new binding: Screenshot - P
14:30:16.658 [JavaFX Application Thread] DEBUG Input                - Registered new binding: Dev Options - CTRL+0
14:30:16.659 [JavaFX Application Thread] DEBUG Input                - Registered new binding: System info dump - CTRL+9
14:30:16.659 [JavaFX Application Thread] DEBUG Input                - Registered new binding: Restart - CTRL+R
14:30:16.660 [JavaFX Application Thread] DEBUG Input                - Registered new binding: Release Ball - Space
14:30:16.712 [JavaFX Application Thread] DEBUG GameApplication      - Starting main loop
14:30:16.748 [JavaFX Application Thread] DEBUG StartupState         - STARTUP
14:30:16.749 [JavaFX Application Thread] DEBUG GameApplication      - Starting new game
14:30:16.749 [JavaFX Application Thread] DEBUG Input                - Clearing active input actions
14:30:16.758 [JavaFX Application Thread] DEBUG AppStateMachine      - StartupState -> LoadingState
14:30:16.765 [FXGL Background Thread 1 ] DEBUG InitAppTask          - Clearing previous game
14:30:16.765 [FXGL Background Thread 1 ] DEBUG GameWorld            - Clearing game world
14:30:16.766 [FXGL Background Thread 1 ] DEBUG PhysicsWorld         - Clearing physics world
14:30:16.766 [FXGL Background Thread 1 ] DEBUG GameScene            - Clearing game scene
14:30:16.769 [FXGL Background Thread 1 ] DEBUG InitAppTask          - Initializing Game
14:30:16.881 [FXGL Background Thread 1 ] DEBUG GameScene            - Creating render group for layer: DEFAULT(100000)
14:30:16.893 [FXGL Background Thread 1 ] DEBUG InitAppTask          - Initializing Physics
14:30:16.894 [FXGL Background Thread 1 ] DEBUG InitAppTask          - Initializing UI
14:30:16.894 [FXGL Background Thread 1 ] DEBUG InitAppTask          - Initialization Complete
14:30:16.894 [FXGL Background Thread 1 ] INFO  InitAppTask          - Game initialization took: 0.129 sec
14:30:16.963 [JavaFX Application Thread] DEBUG Input                - Clearing active input actions
14:30:16.973 [JavaFX Application Thread] DEBUG AppStateMachine      - LoadingState -> PlayState
14:30:25.994 [JavaFX Application Thread] DEBUG GameApplication      - Exiting game application
14:30:25.995 [JavaFX Application Thread] DEBUG GameApplication      - Shutting down background threads
14:30:25.996 [JavaFX Application Thread] INFO  Profiler             - Processed Frames: 1239
14:30:25.996 [JavaFX Application Thread] INFO  Profiler             - Average FPS: 59
14:30:25.996 [JavaFX Application Thread] INFO  Profiler             - Avg Frame Took: 0.18 ms
14:30:25.996 [JavaFX Application Thread] INFO  Profiler             - Avg Memory Usage: 38 MB
14:30:25.997 [JavaFX Application Thread] INFO  Profiler             - Min Memory Usage: 7 MB
14:30:25.997 [JavaFX Application Thread] INFO  Profiler             - Max Memory Usage: 65 MB
14:30:25.997 [JavaFX Application Thread] INFO  Profiler             - Estimated GC runs: 0
14:30:25.997 [JavaFX Application Thread] DEBUG GameApplication      - Exiting FXGL
14:30:25.997 [JavaFX Application Thread] DEBUG FXGL                 - Saving FXGL system data
14:30:26.000 [JavaFX Application Thread] DEBUG DesktopFSService     - Writing to: system/fxgl.bundle
14:30:26.005 [JavaFX Application Thread] DEBUG GameApplication      - Closing logger and exiting JavaFX
