01:01:32.760 [JavaFX Application Thread] DEBUG GameApplication      - Logger initialized
01:01:32.770 [JavaFX Application Thread] DEBUG MainWindow           - Creating a JavaFX scene
01:01:32.946 [JavaFX Application Thread] DEBUG MainWindow           - Target settings size: 400.0 x 600.0
01:01:32.946 [JavaFX Application Thread] DEBUG MainWindow           - Scaled scene size:    400.0 x 600.0
01:01:32.947 [JavaFX Application Thread] DEBUG MainWindow           - Scaled ratio: (1.0, 1.0)
01:01:32.953 [JavaFX Application Thread] DEBUG GameApplication      - Starting FXGL
01:01:32.958 [JavaFX Application Thread] INFO  FXGL                 - FXGL-0.5.3 on DESKTOP
01:01:32.959 [JavaFX Application Thread] INFO  FXGL                 - Source code and latest versions at: https://github.com/AlmasB/FXGL
01:01:32.959 [JavaFX Application Thread] INFO  FXGL                 -              Join the FXGL chat at: https://gitter.im/AlmasB/FXGL
01:01:32.969 [JavaFX Application Thread] DEBUG FS                   - Loaded DesktopFSService
01:01:32.970 [JavaFX Application Thread] DEBUG FXGL                 - Loading FXGL system data
01:01:33.004 [JavaFX Application Thread] DEBUG DesktopFSService     - Reading from: system/fxgl.bundle
01:01:33.018 [JavaFX Application Thread] DEBUG Bundle               - Logging bundle: FXGL
01:01:33.019 [JavaFX Application Thread] DEBUG Bundle               - FXGL.offline.timer.version.check=2018-07-24T21:09:25.379
01:01:33.066 [JavaFX Application Thread] DEBUG GameApplication      - FXGL started
01:01:33.067 [JavaFX Application Thread] DEBUG GameApplication      - Logging game settings
Title: Pinball
Version: 0.1
Width: 400
Height: 600
Fullscreen: false
Intro: false
Menus: false
Profiling: true
Single step:false
App Mode: DEBUG
Menu Key: ESCAPE
Stage Style: DECORATED
Scene Factory: class com.almasb.fxgl.scene.SceneFactory
Dialog Factory: class com.almasb.fxgl.ui.FXGLDialogFactory
UI Factory: class com.almasb.fxgl.ui.FXGLUIFactory
Notification Service: class com.almasb.fxgl.gameplay.notification.XboxNotificationView
Exception Handler: class com.almasb.fxgl.app.FXGLExceptionHandler
01:01:33.068 [JavaFX Application Thread] DEBUG GameApplication      - Configuring GameApplication
01:01:33.068 [JavaFX Application Thread] DEBUG GameApplication      - Initializing state machine and application states
01:01:33.092 [JavaFX Application Thread] DEBUG AssetLoader          - Loading from disk: /assets/ui/cursors/fxgl_default.png
01:01:33.123 [JavaFX Application Thread] DEBUG AssetLoader          - Loading from disk: /assets/ui/cursors/fxgl_default.png
01:01:33.171 [JavaFX Application Thread] DEBUG FXGLAssets           - Loading FXGLAssets
01:01:33.232 [JavaFX Application Thread] DEBUG AssetLoader          - Loading from disk: /assets/ui/fonts/VarelaRound-Regular.ttf
01:01:33.271 [JavaFX Application Thread] DEBUG AssetLoader          - Loading from disk: /assets/ui/fonts/lucida_console.ttf
01:01:33.276 [JavaFX Application Thread] DEBUG AssetLoader          - Loading from disk: /assets/ui/fonts/Courier-Prime.ttf
01:01:33.280 [JavaFX Application Thread] DEBUG AssetLoader          - Loading from disk: /assets/ui/fonts/Abel-Regular.ttf
01:01:33.287 [JavaFX Application Thread] DEBUG AssetLoader          - Loading from disk: /assets/ui/css/fxgl_dark.css
01:01:33.335 [JavaFX Application Thread] DEBUG AssetLoader          - Loading from disk: /assets/ui/cursors/fxgl_default.png
01:01:33.402 [JavaFX Application Thread] DEBUG AssetLoader          - Loading from disk: /assets/ui/cursors/fxgl_default.png
01:01:33.444 [JavaFX Application Thread] DEBUG GameScene            - Game scene initialized: 400x600
01:01:33.449 [JavaFX Application Thread] DEBUG GameWorld            - Game world initialized
01:01:33.548 [JavaFX Application Thread] DEBUG PhysicsWorld         - Physics world initialized: appHeight=600, physics.ppm=50.0
01:01:33.572 [JavaFX Application Thread] DEBUG Input                - Registered new binding: Pause - Esc
01:01:33.597 [JavaFX Application Thread] DEBUG Input                - Clearing active input actions
01:01:33.673 [JavaFX Application Thread] DEBUG AppStateMachine      - StartupState -> StartupState
01:01:33.689 [JavaFX Application Thread] INFO  GameApplication      - Game configuration took:  0.620 sec
01:01:33.693 [JavaFX Application Thread] DEBUG AssetLoader          - Loading from disk: /assets/textures/fxgl_icon.png
01:01:33.710 [JavaFX Application Thread] DEBUG MainWindow           - Opening main window
01:01:33.790 [JavaFX Application Thread] DEBUG MainWindow           - Window border size: (0.0, 0.0)
01:01:33.790 [JavaFX Application Thread] DEBUG MainWindow           - Scaled size: 400.0 x 600.0
01:01:33.790 [JavaFX Application Thread] DEBUG MainWindow           - Scaled ratio: (1.0, 1.0)
01:01:33.790 [JavaFX Application Thread] DEBUG MainWindow           - Scene size: 400.0 x 600.0
01:01:33.791 [JavaFX Application Thread] DEBUG MainWindow           - Stage size: 400.0 x 600.0
01:01:33.791 [JavaFX Application Thread] DEBUG GameApplication      - Running preInit()
01:01:33.793 [JavaFX Application Thread] DEBUG Input                - Registered new binding: Screenshot - P
01:01:33.794 [JavaFX Application Thread] DEBUG Input                - Registered new binding: Dev Options - CTRL+0
01:01:33.795 [JavaFX Application Thread] DEBUG Input                - Registered new binding: System info dump - CTRL+9
01:01:33.795 [JavaFX Application Thread] DEBUG Input                - Registered new binding: Restart - CTRL+R
01:01:33.796 [JavaFX Application Thread] DEBUG Input                - Registered new binding: Release Ball - Space
01:01:33.834 [JavaFX Application Thread] DEBUG GameApplication      - Starting main loop
01:01:33.843 [JavaFX Application Thread] DEBUG StartupState         - STARTUP
01:01:33.844 [JavaFX Application Thread] DEBUG GameApplication      - Starting new game
01:01:33.844 [JavaFX Application Thread] DEBUG Input                - Clearing active input actions
01:01:33.856 [JavaFX Application Thread] DEBUG AppStateMachine      - StartupState -> LoadingState
01:01:33.872 [FXGL Background Thread 1 ] DEBUG InitAppTask          - Clearing previous game
01:01:33.872 [FXGL Background Thread 1 ] DEBUG GameWorld            - Clearing game world
01:01:33.873 [FXGL Background Thread 1 ] DEBUG PhysicsWorld         - Clearing physics world
01:01:33.873 [FXGL Background Thread 1 ] DEBUG GameScene            - Clearing game scene
01:01:33.877 [FXGL Background Thread 1 ] DEBUG InitAppTask          - Initializing Game
01:01:34.030 [FXGL Background Thread 1 ] DEBUG GameScene            - Creating render group for layer: DEFAULT(100000)
01:01:34.040 [FXGL Background Thread 1 ] DEBUG InitAppTask          - Initializing Physics
01:01:34.042 [FXGL Background Thread 1 ] DEBUG InitAppTask          - Initializing UI
01:01:34.042 [FXGL Background Thread 1 ] DEBUG InitAppTask          - Initialization Complete
01:01:34.043 [FXGL Background Thread 1 ] INFO  InitAppTask          - Game initialization took: 0.170 sec
01:01:34.097 [JavaFX Application Thread] DEBUG Input                - Clearing active input actions
01:01:34.104 [JavaFX Application Thread] DEBUG AppStateMachine      - LoadingState -> PlayState
01:01:38.494 [JavaFX Application Thread] DEBUG AssetLoader          - Loading from cache: /assets/sounds/fium.wav
01:01:39.712 [JavaFX Application Thread] DEBUG AssetLoader          - Loading from cache: /assets/sounds/haha.wav
01:01:40.154 [JavaFX Application Thread] DEBUG AssetLoader          - Loading from cache: /assets/sounds/fium.wav
01:01:41.271 [JavaFX Application Thread] DEBUG AssetLoader          - Loading from cache: /assets/sounds/haha.wav
01:01:41.505 [JavaFX Application Thread] DEBUG AssetLoader          - Loading from cache: /assets/sounds/fium.wav
01:01:42.594 [JavaFX Application Thread] DEBUG AssetLoader          - Loading from cache: /assets/sounds/haha.wav
01:01:43.009 [JavaFX Application Thread] DEBUG AssetLoader          - Loading from cache: /assets/sounds/fium.wav
01:01:44.037 [JavaFX Application Thread] DEBUG AssetLoader          - Loading from cache: /assets/sounds/haha.wav
01:01:44.050 [JavaFX Application Thread] DEBUG AssetLoader          - Loading from cache: /assets/sounds/fium.wav
01:01:45.043 [JavaFX Application Thread] DEBUG AssetLoader          - Loading from cache: /assets/sounds/haha.wav
01:01:45.054 [JavaFX Application Thread] DEBUG AssetLoader          - Loading from cache: /assets/sounds/fium.wav
01:01:46.181 [JavaFX Application Thread] DEBUG AssetLoader          - Loading from cache: /assets/sounds/haha.wav
01:01:46.355 [JavaFX Application Thread] DEBUG GameApplication      - Exiting game application
01:01:46.356 [JavaFX Application Thread] DEBUG GameApplication      - Shutting down background threads
01:01:46.356 [JavaFX Application Thread] INFO  Profiler             - Processed Frames: 5639
01:01:46.356 [JavaFX Application Thread] INFO  Profiler             - Average FPS: 59
01:01:46.356 [JavaFX Application Thread] INFO  Profiler             - Avg Frame Took: 0.10 ms
01:01:46.356 [JavaFX Application Thread] INFO  Profiler             - Avg Memory Usage: 25 MB
01:01:46.356 [JavaFX Application Thread] INFO  Profiler             - Min Memory Usage: 7 MB
01:01:46.356 [JavaFX Application Thread] INFO  Profiler             - Max Memory Usage: 40 MB
01:01:46.356 [JavaFX Application Thread] INFO  Profiler             - Estimated GC runs: 3
01:01:46.357 [JavaFX Application Thread] DEBUG GameApplication      - Exiting FXGL
01:01:46.357 [JavaFX Application Thread] DEBUG FXGL                 - Saving FXGL system data
01:01:46.359 [JavaFX Application Thread] DEBUG DesktopFSService     - Writing to: system/fxgl.bundle
01:01:46.363 [JavaFX Application Thread] DEBUG GameApplication      - Closing logger and exiting JavaFX
