19:57:54.238 [JavaFX Application Thread] DEBUG GameApplication      - Logger initialized
19:57:54.247 [JavaFX Application Thread] DEBUG MainWindow           - Creating a JavaFX scene
19:57:54.424 [JavaFX Application Thread] DEBUG MainWindow           - Target settings size: 400.0 x 600.0
19:57:54.425 [JavaFX Application Thread] DEBUG MainWindow           - Scaled scene size:    400.0 x 600.0
19:57:54.425 [JavaFX Application Thread] DEBUG MainWindow           - Scaled ratio: (1.0, 1.0)
19:57:54.434 [JavaFX Application Thread] DEBUG GameApplication      - Starting FXGL
19:57:54.464 [JavaFX Application Thread] INFO  FXGL                 - FXGL-0.5.3 on DESKTOP
19:57:54.464 [JavaFX Application Thread] INFO  FXGL                 - Source code and latest versions at: https://github.com/AlmasB/FXGL
19:57:54.465 [JavaFX Application Thread] INFO  FXGL                 -              Join the FXGL chat at: https://gitter.im/AlmasB/FXGL
19:57:54.489 [JavaFX Application Thread] DEBUG FS                   - Loaded DesktopFSService
19:57:54.490 [JavaFX Application Thread] DEBUG FXGL                 - Loading FXGL system data
19:57:54.511 [JavaFX Application Thread] DEBUG DesktopFSService     - Reading from: system/fxgl.bundle
19:57:54.527 [JavaFX Application Thread] DEBUG Bundle               - Logging bundle: FXGL
19:57:54.528 [JavaFX Application Thread] DEBUG Bundle               - FXGL.offline.timer.version.check=2018-07-24T21:09:25.379
19:57:54.570 [JavaFX Application Thread] DEBUG GameApplication      - FXGL started
19:57:54.570 [JavaFX Application Thread] DEBUG GameApplication      - Logging game settings
Title: Pinball
Version: 0.1
Width: 400
Height: 600
Fullscreen: false
Intro: false
Menus: false
Profiling: false
Single step:false
App Mode: DEVELOPER
Menu Key: ESCAPE
Stage Style: DECORATED
Scene Factory: class com.almasb.fxgl.scene.SceneFactory
Dialog Factory: class com.almasb.fxgl.ui.FXGLDialogFactory
UI Factory: class com.almasb.fxgl.ui.FXGLUIFactory
Notification Service: class com.almasb.fxgl.gameplay.notification.XboxNotificationView
Exception Handler: class com.almasb.fxgl.app.FXGLExceptionHandler
19:57:54.572 [JavaFX Application Thread] DEBUG GameApplication      - Configuring GameApplication
19:57:54.572 [JavaFX Application Thread] DEBUG GameApplication      - Initializing state machine and application states
19:57:54.609 [JavaFX Application Thread] DEBUG AssetLoader          - Loading from disk: /assets/ui/cursors/fxgl_default.png
19:57:54.649 [JavaFX Application Thread] DEBUG AssetLoader          - Loading from disk: /assets/ui/cursors/fxgl_default.png
19:57:54.723 [JavaFX Application Thread] DEBUG FXGLAssets           - Loading FXGLAssets
19:57:54.786 [JavaFX Application Thread] DEBUG AssetLoader          - Loading from disk: /assets/ui/fonts/VarelaRound-Regular.ttf
19:57:54.799 [JavaFX Application Thread] DEBUG AssetLoader          - Loading from disk: /assets/ui/fonts/lucida_console.ttf
19:57:54.802 [JavaFX Application Thread] DEBUG AssetLoader          - Loading from disk: /assets/ui/fonts/Courier-Prime.ttf
19:57:54.805 [JavaFX Application Thread] DEBUG AssetLoader          - Loading from disk: /assets/ui/fonts/Abel-Regular.ttf
19:57:54.807 [JavaFX Application Thread] DEBUG AssetLoader          - Loading from disk: /assets/ui/css/fxgl_dark.css
19:57:54.862 [JavaFX Application Thread] DEBUG AssetLoader          - Loading from disk: /assets/ui/cursors/fxgl_default.png
19:57:54.951 [JavaFX Application Thread] DEBUG AssetLoader          - Loading from disk: /assets/ui/cursors/fxgl_default.png
19:57:54.976 [JavaFX Application Thread] DEBUG GameScene            - Game scene initialized: 400x600
19:57:54.980 [JavaFX Application Thread] DEBUG GameWorld            - Game world initialized
19:57:55.023 [JavaFX Application Thread] DEBUG PhysicsWorld         - Physics world initialized: appHeight=600, physics.ppm=50.0
19:57:55.040 [JavaFX Application Thread] DEBUG Input                - Registered new binding: Pause - Esc
19:57:55.058 [JavaFX Application Thread] DEBUG Input                - Clearing active input actions
19:57:55.105 [JavaFX Application Thread] DEBUG AppStateMachine      - StartupState -> StartupState
19:57:55.116 [JavaFX Application Thread] INFO  GameApplication      - Game configuration took:  0.544 sec
19:57:55.119 [JavaFX Application Thread] DEBUG AssetLoader          - Loading from disk: /assets/textures/fxgl_icon.png
19:57:55.132 [JavaFX Application Thread] DEBUG MainWindow           - Opening main window
19:57:55.209 [JavaFX Application Thread] DEBUG MainWindow           - Window border size: (0.0, 0.0)
19:57:55.209 [JavaFX Application Thread] DEBUG MainWindow           - Scaled size: 400.0 x 600.0
19:57:55.209 [JavaFX Application Thread] DEBUG MainWindow           - Scaled ratio: (1.0, 1.0)
19:57:55.209 [JavaFX Application Thread] DEBUG MainWindow           - Scene size: 400.0 x 600.0
19:57:55.209 [JavaFX Application Thread] DEBUG MainWindow           - Stage size: 400.0 x 600.0
19:57:55.210 [JavaFX Application Thread] DEBUG GameApplication      - Running preInit()
19:57:55.212 [JavaFX Application Thread] DEBUG Input                - Registered new binding: Screenshot - P
19:57:55.212 [JavaFX Application Thread] DEBUG Input                - Registered new binding: Dev Options - CTRL+0
19:57:55.213 [JavaFX Application Thread] DEBUG Input                - Registered new binding: System info dump - CTRL+9
19:57:55.213 [JavaFX Application Thread] DEBUG Input                - Registered new binding: Restart - CTRL+R
19:57:55.256 [JavaFX Application Thread] DEBUG GameApplication      - Starting main loop
19:57:55.267 [JavaFX Application Thread] DEBUG StartupState         - STARTUP
19:57:55.268 [JavaFX Application Thread] DEBUG GameApplication      - Starting new game
19:57:55.268 [JavaFX Application Thread] DEBUG Input                - Clearing active input actions
19:57:55.276 [JavaFX Application Thread] DEBUG AppStateMachine      - StartupState -> LoadingState
19:57:55.286 [FXGL Background Thread 1 ] DEBUG InitAppTask          - Clearing previous game
19:57:55.286 [FXGL Background Thread 1 ] DEBUG GameWorld            - Clearing game world
19:57:55.286 [FXGL Background Thread 1 ] DEBUG PhysicsWorld         - Clearing physics world
19:57:55.287 [FXGL Background Thread 1 ] DEBUG GameScene            - Clearing game scene
19:57:55.289 [FXGL Background Thread 1 ] DEBUG InitAppTask          - Initializing Game
19:57:55.437 [FXGL Background Thread 1 ] DEBUG GameScene            - Creating render group for layer: DEFAULT(100000)
19:57:55.443 [FXGL Background Thread 1 ] DEBUG InitAppTask          - Initializing Physics
19:57:55.444 [FXGL Background Thread 1 ] DEBUG InitAppTask          - Initializing UI
19:57:55.444 [FXGL Background Thread 1 ] DEBUG InitAppTask          - Initialization Complete
19:57:55.444 [FXGL Background Thread 1 ] INFO  InitAppTask          - Game initialization took: 0.158 sec
19:57:55.472 [JavaFX Application Thread] DEBUG Input                - Clearing active input actions
19:57:55.486 [JavaFX Application Thread] DEBUG AppStateMachine      - LoadingState -> PlayState
19:58:02.831 [JavaFX Application Thread] DEBUG GameApplication      - Exiting game application
19:58:02.833 [JavaFX Application Thread] DEBUG GameApplication      - Shutting down background threads
19:58:02.833 [JavaFX Application Thread] DEBUG GameApplication      - Exiting FXGL
19:58:02.833 [JavaFX Application Thread] DEBUG FXGL                 - Saving FXGL system data
19:58:02.836 [JavaFX Application Thread] DEBUG DesktopFSService     - Writing to: system/fxgl.bundle
19:58:02.840 [JavaFX Application Thread] DEBUG GameApplication      - Closing logger and exiting JavaFX
