20:24:56.076 [JavaFX Application Thread] DEBUG GameApplication      - Logger initialized
20:24:56.085 [JavaFX Application Thread] DEBUG MainWindow           - Creating a JavaFX scene
20:24:56.260 [JavaFX Application Thread] DEBUG MainWindow           - Target settings size: 400.0 x 600.0
20:24:56.260 [JavaFX Application Thread] DEBUG MainWindow           - Scaled scene size:    400.0 x 600.0
20:24:56.261 [JavaFX Application Thread] DEBUG MainWindow           - Scaled ratio: (1.0, 1.0)
20:24:56.268 [JavaFX Application Thread] DEBUG GameApplication      - Starting FXGL
20:24:56.273 [JavaFX Application Thread] INFO  FXGL                 - FXGL-0.5.3 on DESKTOP
20:24:56.273 [JavaFX Application Thread] INFO  FXGL                 - Source code and latest versions at: https://github.com/AlmasB/FXGL
20:24:56.274 [JavaFX Application Thread] INFO  FXGL                 -              Join the FXGL chat at: https://gitter.im/AlmasB/FXGL
20:24:56.283 [JavaFX Application Thread] DEBUG FS                   - Loaded DesktopFSService
20:24:56.284 [JavaFX Application Thread] DEBUG FXGL                 - Loading FXGL system data
20:24:56.294 [JavaFX Application Thread] DEBUG DesktopFSService     - Reading from: system/fxgl.bundle
20:24:56.307 [JavaFX Application Thread] DEBUG Bundle               - Logging bundle: FXGL
20:24:56.308 [JavaFX Application Thread] DEBUG Bundle               - FXGL.offline.timer.version.check=2018-07-24T21:09:25.379
20:24:56.357 [JavaFX Application Thread] DEBUG GameApplication      - FXGL started
20:24:56.357 [JavaFX Application Thread] DEBUG GameApplication      - Logging game settings
Title: Pinball
Version: 0.1
Width: 400
Height: 600
Fullscreen: false
Intro: false
Menus: false
Profiling: false
Single step:false
App Mode: DEVELOPER
Menu Key: ESCAPE
Stage Style: DECORATED
Scene Factory: class com.almasb.fxgl.scene.SceneFactory
Dialog Factory: class com.almasb.fxgl.ui.FXGLDialogFactory
UI Factory: class com.almasb.fxgl.ui.FXGLUIFactory
Notification Service: class com.almasb.fxgl.gameplay.notification.XboxNotificationView
Exception Handler: class com.almasb.fxgl.app.FXGLExceptionHandler
20:24:56.358 [JavaFX Application Thread] DEBUG GameApplication      - Configuring GameApplication
20:24:56.359 [JavaFX Application Thread] DEBUG GameApplication      - Initializing state machine and application states
20:24:56.385 [JavaFX Application Thread] DEBUG AssetLoader          - Loading from disk: /assets/ui/cursors/fxgl_default.png
20:24:56.428 [JavaFX Application Thread] DEBUG AssetLoader          - Loading from disk: /assets/ui/cursors/fxgl_default.png
20:24:56.495 [JavaFX Application Thread] DEBUG FXGLAssets           - Loading FXGLAssets
20:24:56.553 [JavaFX Application Thread] DEBUG AssetLoader          - Loading from disk: /assets/ui/fonts/VarelaRound-Regular.ttf
20:24:56.583 [JavaFX Application Thread] DEBUG AssetLoader          - Loading from disk: /assets/ui/fonts/lucida_console.ttf
20:24:56.587 [JavaFX Application Thread] DEBUG AssetLoader          - Loading from disk: /assets/ui/fonts/Courier-Prime.ttf
20:24:56.591 [JavaFX Application Thread] DEBUG AssetLoader          - Loading from disk: /assets/ui/fonts/Abel-Regular.ttf
20:24:56.595 [JavaFX Application Thread] DEBUG AssetLoader          - Loading from disk: /assets/ui/css/fxgl_dark.css
20:24:56.667 [JavaFX Application Thread] DEBUG AssetLoader          - Loading from disk: /assets/ui/cursors/fxgl_default.png
20:24:56.753 [JavaFX Application Thread] DEBUG AssetLoader          - Loading from disk: /assets/ui/cursors/fxgl_default.png
20:24:56.788 [JavaFX Application Thread] DEBUG GameScene            - Game scene initialized: 400x600
20:24:56.792 [JavaFX Application Thread] DEBUG GameWorld            - Game world initialized
20:24:56.850 [JavaFX Application Thread] DEBUG PhysicsWorld         - Physics world initialized: appHeight=600, physics.ppm=50.0
20:24:56.871 [JavaFX Application Thread] DEBUG Input                - Registered new binding: Pause - Esc
20:24:56.897 [JavaFX Application Thread] DEBUG Input                - Clearing active input actions
20:24:56.989 [JavaFX Application Thread] DEBUG AppStateMachine      - StartupState -> StartupState
20:24:56.998 [JavaFX Application Thread] INFO  GameApplication      - Game configuration took:  0.639 sec
20:24:57.005 [JavaFX Application Thread] DEBUG AssetLoader          - Loading from disk: /assets/textures/fxgl_icon.png
20:24:57.027 [JavaFX Application Thread] DEBUG MainWindow           - Opening main window
20:24:57.172 [JavaFX Application Thread] DEBUG MainWindow           - Window border size: (0.0, 0.0)
20:24:57.172 [JavaFX Application Thread] DEBUG MainWindow           - Scaled size: 400.0 x 600.0
20:24:57.172 [JavaFX Application Thread] DEBUG MainWindow           - Scaled ratio: (1.0, 1.0)
20:24:57.173 [JavaFX Application Thread] DEBUG MainWindow           - Scene size: 400.0 x 600.0
20:24:57.173 [JavaFX Application Thread] DEBUG MainWindow           - Stage size: 400.0 x 600.0
20:24:57.173 [JavaFX Application Thread] DEBUG GameApplication      - Running preInit()
20:24:57.175 [JavaFX Application Thread] DEBUG Input                - Registered new binding: Screenshot - P
20:24:57.176 [JavaFX Application Thread] DEBUG Input                - Registered new binding: Dev Options - CTRL+0
20:24:57.176 [JavaFX Application Thread] DEBUG Input                - Registered new binding: System info dump - CTRL+9
20:24:57.177 [JavaFX Application Thread] DEBUG Input                - Registered new binding: Restart - CTRL+R
20:24:57.177 [JavaFX Application Thread] DEBUG Input                - Registered new binding: Release Ball   - Space
20:24:57.232 [JavaFX Application Thread] DEBUG GameApplication      - Starting main loop
20:24:57.243 [JavaFX Application Thread] DEBUG StartupState         - STARTUP
20:24:57.243 [JavaFX Application Thread] DEBUG GameApplication      - Starting new game
20:24:57.243 [JavaFX Application Thread] DEBUG Input                - Clearing active input actions
20:24:57.253 [JavaFX Application Thread] DEBUG AppStateMachine      - StartupState -> LoadingState
20:24:57.260 [FXGL Background Thread 1 ] DEBUG InitAppTask          - Clearing previous game
20:24:57.260 [FXGL Background Thread 1 ] DEBUG GameWorld            - Clearing game world
20:24:57.260 [FXGL Background Thread 1 ] DEBUG PhysicsWorld         - Clearing physics world
20:24:57.261 [FXGL Background Thread 1 ] DEBUG GameScene            - Clearing game scene
20:24:57.262 [FXGL Background Thread 1 ] DEBUG InitAppTask          - Initializing Game
20:24:57.376 [FXGL Background Thread 1 ] DEBUG GameScene            - Creating render group for layer: DEFAULT(100000)
20:24:57.382 [FXGL Background Thread 1 ] DEBUG InitAppTask          - Initializing Physics
20:24:57.382 [FXGL Background Thread 1 ] DEBUG InitAppTask          - Initializing UI
20:24:57.383 [FXGL Background Thread 1 ] DEBUG InitAppTask          - Initialization Complete
20:24:57.383 [FXGL Background Thread 1 ] INFO  InitAppTask          - Game initialization took: 0.123 sec
20:24:57.405 [JavaFX Application Thread] DEBUG Input                - Clearing active input actions
20:24:57.413 [JavaFX Application Thread] DEBUG AppStateMachine      - LoadingState -> PlayState
20:25:20.694 [JavaFX Application Thread] DEBUG GameApplication      - Exiting game application
20:25:20.696 [JavaFX Application Thread] DEBUG GameApplication      - Shutting down background threads
20:25:20.696 [JavaFX Application Thread] DEBUG GameApplication      - Exiting FXGL
20:25:20.696 [JavaFX Application Thread] DEBUG FXGL                 - Saving FXGL system data
20:25:20.699 [JavaFX Application Thread] DEBUG DesktopFSService     - Writing to: system/fxgl.bundle
20:25:20.703 [JavaFX Application Thread] DEBUG GameApplication      - Closing logger and exiting JavaFX
