17:39:34.740 [JavaFX Application Thread] DEBUG GameApplication      - Logger initialized
17:39:34.746 [JavaFX Application Thread] DEBUG MainWindow           - Creating a JavaFX scene
17:39:34.810 [JavaFX Application Thread] DEBUG MainWindow           - Target settings size: 400.0 x 600.0
17:39:34.810 [JavaFX Application Thread] DEBUG MainWindow           - Scaled scene size:    400.0 x 600.0
17:39:34.811 [JavaFX Application Thread] DEBUG MainWindow           - Scaled ratio: (1.0, 1.0)
17:39:34.815 [JavaFX Application Thread] DEBUG GameApplication      - Starting FXGL
17:39:34.818 [JavaFX Application Thread] INFO  FXGL                 - FXGL-0.5.3 on DESKTOP
17:39:34.818 [JavaFX Application Thread] INFO  FXGL                 - Source code and latest versions at: https://github.com/AlmasB/FXGL
17:39:34.818 [JavaFX Application Thread] INFO  FXGL                 -              Join the FXGL chat at: https://gitter.im/AlmasB/FXGL
17:39:34.823 [JavaFX Application Thread] DEBUG FS                   - Loaded DesktopFSService
17:39:34.823 [JavaFX Application Thread] DEBUG FXGL                 - Loading FXGL system data
17:39:34.830 [JavaFX Application Thread] DEBUG DesktopFSService     - Reading from: system\fxgl.bundle
17:39:34.839 [JavaFX Application Thread] DEBUG Bundle               - Logging bundle: FXGL
17:39:34.840 [JavaFX Application Thread] DEBUG Bundle               - FXGL.offline.timer.version.check=2018-08-18T15:14:28.733
17:39:34.860 [JavaFX Application Thread] DEBUG GameApplication      - FXGL started
17:39:34.860 [JavaFX Application Thread] DEBUG GameApplication      - Logging game settings
Title: Pinball
Version: 0.1
Width: 400
Height: 600
Fullscreen: false
Intro: false
Menus: false
Profiling: true
Single step:false
App Mode: DEBUG
Menu Key: ESCAPE
Stage Style: DECORATED
Scene Factory: class com.almasb.fxgl.scene.SceneFactory
Dialog Factory: class com.almasb.fxgl.ui.FXGLDialogFactory
UI Factory: class com.almasb.fxgl.ui.FXGLUIFactory
Notification Service: class com.almasb.fxgl.gameplay.notification.XboxNotificationView
Exception Handler: class com.almasb.fxgl.app.FXGLExceptionHandler
17:39:34.861 [JavaFX Application Thread] DEBUG GameApplication      - Configuring GameApplication
17:39:34.861 [JavaFX Application Thread] DEBUG GameApplication      - Initializing state machine and application states
17:39:34.876 [JavaFX Application Thread] DEBUG AssetLoader          - Loading from disk: /assets/ui/cursors/fxgl_default.png
17:39:34.891 [JavaFX Application Thread] DEBUG AssetLoader          - Loading from disk: /assets/ui/cursors/fxgl_default.png
17:39:34.907 [JavaFX Application Thread] DEBUG FXGLAssets           - Loading FXGLAssets
17:39:34.928 [JavaFX Application Thread] DEBUG AssetLoader          - Loading from disk: /assets/ui/fonts/VarelaRound-Regular.ttf
17:39:35.008 [JavaFX Application Thread] DEBUG AssetLoader          - Loading from disk: /assets/ui/fonts/lucida_console.ttf
17:39:35.018 [JavaFX Application Thread] DEBUG AssetLoader          - Loading from disk: /assets/ui/fonts/Courier-Prime.ttf
17:39:35.025 [JavaFX Application Thread] DEBUG AssetLoader          - Loading from disk: /assets/ui/fonts/Abel-Regular.ttf
17:39:35.034 [JavaFX Application Thread] DEBUG AssetLoader          - Loading from disk: /assets/ui/css/fxgl_dark.css
17:39:35.058 [JavaFX Application Thread] DEBUG AssetLoader          - Loading from disk: /assets/ui/cursors/fxgl_default.png
17:39:35.082 [JavaFX Application Thread] DEBUG AssetLoader          - Loading from disk: /assets/ui/cursors/fxgl_default.png
17:39:35.099 [JavaFX Application Thread] DEBUG GameScene            - Game scene initialized: 400x600
17:39:35.102 [JavaFX Application Thread] DEBUG GameWorld            - Game world initialized
17:39:35.141 [JavaFX Application Thread] DEBUG PhysicsWorld         - Physics world initialized: appHeight=600, physics.ppm=50.0
17:39:35.156 [JavaFX Application Thread] DEBUG Input                - Registered new binding: Pause - Esc
17:39:35.171 [JavaFX Application Thread] DEBUG Input                - Clearing active input actions
17:39:35.202 [JavaFX Application Thread] DEBUG AppStateMachine      - StartupState -> StartupState
17:39:35.205 [JavaFX Application Thread] INFO  GameApplication      - Game configuration took:  0.344 sec
17:39:35.206 [JavaFX Application Thread] DEBUG AssetLoader          - Loading from disk: /assets/textures/fxgl_icon.png
17:39:35.215 [JavaFX Application Thread] DEBUG MainWindow           - Opening main window
17:39:35.337 [JavaFX Application Thread] DEBUG MainWindow           - Window border size: (6.0, 29.0)
17:39:35.337 [JavaFX Application Thread] DEBUG MainWindow           - Scaled size: 400.0 x 600.0
17:39:35.337 [JavaFX Application Thread] DEBUG MainWindow           - Scaled ratio: (1.0, 1.0)
17:39:35.338 [JavaFX Application Thread] DEBUG MainWindow           - Scene size: 400.0 x 600.0
17:39:35.338 [JavaFX Application Thread] DEBUG MainWindow           - Stage size: 406.0 x 629.0
17:39:35.338 [JavaFX Application Thread] DEBUG GameApplication      - Running preInit()
17:39:35.339 [JavaFX Application Thread] DEBUG Input                - Registered new binding: Screenshot - P
17:39:35.340 [JavaFX Application Thread] DEBUG Input                - Registered new binding: Dev Options - CTRL+0
17:39:35.340 [JavaFX Application Thread] DEBUG Input                - Registered new binding: System info dump - CTRL+9
17:39:35.340 [JavaFX Application Thread] DEBUG Input                - Registered new binding: Restart - CTRL+R
17:39:35.341 [JavaFX Application Thread] DEBUG Input                - Registered new binding: Release Ball - Space
17:39:35.341 [JavaFX Application Thread] DEBUG Input                - Registered new binding: LeftFlipper Movement - Left
17:39:35.341 [JavaFX Application Thread] DEBUG Input                - Registered new binding: RightFlipper Movement - Right
17:39:35.341 [JavaFX Application Thread] DEBUG Input                - Registered new binding: New Table - N
17:39:35.361 [JavaFX Application Thread] DEBUG GameApplication      - Starting main loop
17:39:35.363 [JavaFX Application Thread] DEBUG StartupState         - STARTUP
17:39:35.363 [JavaFX Application Thread] DEBUG GameApplication      - Starting new game
17:39:35.363 [JavaFX Application Thread] DEBUG Input                - Clearing active input actions
17:39:35.368 [JavaFX Application Thread] DEBUG AppStateMachine      - StartupState -> LoadingState
17:39:35.372 [FXGL Background Thread 1 ] DEBUG InitAppTask          - Clearing previous game
17:39:35.372 [FXGL Background Thread 1 ] DEBUG GameWorld            - Clearing game world
17:39:35.372 [FXGL Background Thread 1 ] DEBUG PhysicsWorld         - Clearing physics world
17:39:35.372 [FXGL Background Thread 1 ] DEBUG GameScene            - Clearing game scene
17:39:35.373 [FXGL Background Thread 1 ] DEBUG InitAppTask          - Initializing Game
17:39:35.441 [FXGL Background Thread 1 ] DEBUG GameScene            - Creating render group for layer: DEFAULT(100000)
17:39:35.442 [FXGL Background Thread 1 ] DEBUG AssetLoader          - Loading from disk: /assets/textures/piñi.jpg
17:39:35.457 [FXGL Background Thread 1 ] DEBUG InitAppTask          - Initializing Physics
17:39:35.458 [FXGL Background Thread 1 ] DEBUG InitAppTask          - Initializing UI
17:39:35.458 [FXGL Background Thread 1 ] DEBUG InitAppTask          - Initialization Complete
17:39:35.458 [FXGL Background Thread 1 ] INFO  InitAppTask          - Game initialization took: 0.087 sec
17:39:35.463 [JavaFX Application Thread] DEBUG Input                - Clearing active input actions
17:39:35.468 [JavaFX Application Thread] DEBUG AppStateMachine      - LoadingState -> PlayState
17:39:37.280 [JavaFX Application Thread] DEBUG AssetLoader          - Loading from disk: /assets/textures/wheel.png
17:39:41.895 [JavaFX Application Thread] DEBUG AssetLoader          - Loading from cache: /assets/textures/wheel.png
17:39:41.896 [JavaFX Application Thread] DEBUG AssetLoader          - Loading from cache: /assets/sounds/fium.wav
17:39:45.827 [JavaFX Application Thread] DEBUG AssetLoader          - Loading from cache: /assets/sounds/haha.wav
17:39:47.199 [JavaFX Application Thread] DEBUG AssetLoader          - Loading from cache: /assets/textures/wheel.png
17:39:47.200 [JavaFX Application Thread] DEBUG AssetLoader          - Loading from cache: /assets/sounds/fium.wav
17:39:48.355 [JavaFX Application Thread] DEBUG AssetLoader          - Loading from cache: /assets/sounds/haha.wav
17:39:48.927 [JavaFX Application Thread] DEBUG AssetLoader          - Loading from cache: /assets/textures/wheel.png
17:39:48.928 [JavaFX Application Thread] DEBUG AssetLoader          - Loading from cache: /assets/sounds/fium.wav
17:39:50.035 [JavaFX Application Thread] DEBUG AssetLoader          - Loading from cache: /assets/sounds/haha.wav
17:39:51.878 [JavaFX Application Thread] DEBUG AssetLoader          - Loading from cache: /assets/textures/wheel.png
17:39:51.879 [JavaFX Application Thread] DEBUG AssetLoader          - Loading from cache: /assets/sounds/fium.wav
17:40:01.811 [JavaFX Application Thread] DEBUG AssetLoader          - Loading from cache: /assets/sounds/haha.wav
17:40:04.047 [JavaFX Application Thread] DEBUG GameApplication      - Exiting game application
17:40:04.047 [JavaFX Application Thread] DEBUG GameApplication      - Shutting down background threads
17:40:04.047 [JavaFX Application Thread] INFO  Profiler             - Processed Frames: 1773
17:40:04.048 [JavaFX Application Thread] INFO  Profiler             - Average FPS: 59
17:40:04.048 [JavaFX Application Thread] INFO  Profiler             - Avg Frame Took: 0.09 ms
17:40:04.048 [JavaFX Application Thread] INFO  Profiler             - Avg Memory Usage: 24 MB
17:40:04.048 [JavaFX Application Thread] INFO  Profiler             - Min Memory Usage: 8 MB
17:40:04.048 [JavaFX Application Thread] INFO  Profiler             - Max Memory Usage: 43 MB
17:40:04.048 [JavaFX Application Thread] INFO  Profiler             - Estimated GC runs: 2
17:40:04.048 [JavaFX Application Thread] DEBUG GameApplication      - Exiting FXGL
17:40:04.048 [JavaFX Application Thread] DEBUG FXGL                 - Saving FXGL system data
17:40:04.050 [JavaFX Application Thread] DEBUG DesktopFSService     - Writing to: system\fxgl.bundle
17:40:04.053 [JavaFX Application Thread] DEBUG GameApplication      - Closing logger and exiting JavaFX
