20:16:53.553 [JavaFX Application Thread] DEBUG GameApplication      - Logger initialized
20:16:53.560 [JavaFX Application Thread] DEBUG MainWindow           - Creating a JavaFX scene
20:16:53.739 [JavaFX Application Thread] DEBUG MainWindow           - Target settings size: 400.0 x 600.0
20:16:53.739 [JavaFX Application Thread] DEBUG MainWindow           - Scaled scene size:    400.0 x 600.0
20:16:53.739 [JavaFX Application Thread] DEBUG MainWindow           - Scaled ratio: (1.0, 1.0)
20:16:53.748 [JavaFX Application Thread] DEBUG GameApplication      - Starting FXGL
20:16:53.753 [JavaFX Application Thread] INFO  FXGL                 - FXGL-0.5.3 on DESKTOP
20:16:53.754 [JavaFX Application Thread] INFO  FXGL                 - Source code and latest versions at: https://github.com/AlmasB/FXGL
20:16:53.754 [JavaFX Application Thread] INFO  FXGL                 -              Join the FXGL chat at: https://gitter.im/AlmasB/FXGL
20:16:53.764 [JavaFX Application Thread] DEBUG FS                   - Loaded DesktopFSService
20:16:53.764 [JavaFX Application Thread] DEBUG FXGL                 - Loading FXGL system data
20:16:53.774 [JavaFX Application Thread] DEBUG DesktopFSService     - Reading from: system/fxgl.bundle
20:16:53.787 [JavaFX Application Thread] DEBUG Bundle               - Logging bundle: FXGL
20:16:53.788 [JavaFX Application Thread] DEBUG Bundle               - FXGL.offline.timer.version.check=2018-07-24T21:09:25.379
20:16:53.821 [JavaFX Application Thread] DEBUG GameApplication      - FXGL started
20:16:53.821 [JavaFX Application Thread] DEBUG GameApplication      - Logging game settings
Title: Pinball
Version: 0.1
Width: 400
Height: 600
Fullscreen: false
Intro: false
Menus: false
Profiling: false
Single step:false
App Mode: DEVELOPER
Menu Key: ESCAPE
Stage Style: DECORATED
Scene Factory: class com.almasb.fxgl.scene.SceneFactory
Dialog Factory: class com.almasb.fxgl.ui.FXGLDialogFactory
UI Factory: class com.almasb.fxgl.ui.FXGLUIFactory
Notification Service: class com.almasb.fxgl.gameplay.notification.XboxNotificationView
Exception Handler: class com.almasb.fxgl.app.FXGLExceptionHandler
20:16:53.822 [JavaFX Application Thread] DEBUG GameApplication      - Configuring GameApplication
20:16:53.822 [JavaFX Application Thread] DEBUG GameApplication      - Initializing state machine and application states
20:16:53.842 [JavaFX Application Thread] DEBUG AssetLoader          - Loading from disk: /assets/ui/cursors/fxgl_default.png
20:16:53.871 [JavaFX Application Thread] DEBUG AssetLoader          - Loading from disk: /assets/ui/cursors/fxgl_default.png
20:16:53.929 [JavaFX Application Thread] DEBUG FXGLAssets           - Loading FXGLAssets
20:16:53.989 [JavaFX Application Thread] DEBUG AssetLoader          - Loading from disk: /assets/ui/fonts/VarelaRound-Regular.ttf
20:16:54.012 [JavaFX Application Thread] DEBUG AssetLoader          - Loading from disk: /assets/ui/fonts/lucida_console.ttf
20:16:54.016 [JavaFX Application Thread] DEBUG AssetLoader          - Loading from disk: /assets/ui/fonts/Courier-Prime.ttf
20:16:54.020 [JavaFX Application Thread] DEBUG AssetLoader          - Loading from disk: /assets/ui/fonts/Abel-Regular.ttf
20:16:54.023 [JavaFX Application Thread] DEBUG AssetLoader          - Loading from disk: /assets/ui/css/fxgl_dark.css
20:16:54.075 [JavaFX Application Thread] DEBUG AssetLoader          - Loading from disk: /assets/ui/cursors/fxgl_default.png
20:16:54.157 [JavaFX Application Thread] DEBUG AssetLoader          - Loading from disk: /assets/ui/cursors/fxgl_default.png
20:16:54.183 [JavaFX Application Thread] DEBUG GameScene            - Game scene initialized: 400x600
20:16:54.187 [JavaFX Application Thread] DEBUG GameWorld            - Game world initialized
20:16:54.278 [JavaFX Application Thread] DEBUG PhysicsWorld         - Physics world initialized: appHeight=600, physics.ppm=50.0
20:16:54.303 [JavaFX Application Thread] DEBUG Input                - Registered new binding: Pause - Esc
20:16:54.332 [JavaFX Application Thread] DEBUG Input                - Clearing active input actions
20:16:54.416 [JavaFX Application Thread] DEBUG AppStateMachine      - StartupState -> StartupState
20:16:54.421 [JavaFX Application Thread] INFO  GameApplication      - Game configuration took:  0.599 sec
20:16:54.424 [JavaFX Application Thread] DEBUG AssetLoader          - Loading from disk: /assets/textures/fxgl_icon.png
20:16:54.443 [JavaFX Application Thread] DEBUG MainWindow           - Opening main window
20:16:54.528 [JavaFX Application Thread] DEBUG MainWindow           - Window border size: (0.0, 0.0)
20:16:54.528 [JavaFX Application Thread] DEBUG MainWindow           - Scaled size: 400.0 x 600.0
20:16:54.528 [JavaFX Application Thread] DEBUG MainWindow           - Scaled ratio: (1.0, 1.0)
20:16:54.528 [JavaFX Application Thread] DEBUG MainWindow           - Scene size: 400.0 x 600.0
20:16:54.529 [JavaFX Application Thread] DEBUG MainWindow           - Stage size: 400.0 x 600.0
20:16:54.529 [JavaFX Application Thread] DEBUG GameApplication      - Running preInit()
20:16:54.531 [JavaFX Application Thread] DEBUG Input                - Registered new binding: Screenshot - P
20:16:54.532 [JavaFX Application Thread] DEBUG Input                - Registered new binding: Dev Options - CTRL+0
20:16:54.532 [JavaFX Application Thread] DEBUG Input                - Registered new binding: System info dump - CTRL+9
20:16:54.533 [JavaFX Application Thread] DEBUG Input                - Registered new binding: Restart - CTRL+R
20:16:54.533 [JavaFX Application Thread] DEBUG Input                - Registered new binding: Release Ball - Space
20:16:54.570 [JavaFX Application Thread] DEBUG GameApplication      - Starting main loop
20:16:54.616 [JavaFX Application Thread] DEBUG StartupState         - STARTUP
20:16:54.616 [JavaFX Application Thread] DEBUG GameApplication      - Starting new game
20:16:54.617 [JavaFX Application Thread] DEBUG Input                - Clearing active input actions
20:16:54.637 [JavaFX Application Thread] DEBUG AppStateMachine      - StartupState -> LoadingState
20:16:54.644 [FXGL Background Thread 1 ] DEBUG InitAppTask          - Clearing previous game
20:16:54.644 [FXGL Background Thread 1 ] DEBUG GameWorld            - Clearing game world
20:16:54.645 [FXGL Background Thread 1 ] DEBUG PhysicsWorld         - Clearing physics world
20:16:54.645 [FXGL Background Thread 1 ] DEBUG GameScene            - Clearing game scene
20:16:54.646 [FXGL Background Thread 1 ] DEBUG InitAppTask          - Initializing Game
20:16:54.825 [FXGL Background Thread 1 ] DEBUG GameScene            - Creating render group for layer: DEFAULT(100000)
20:16:54.835 [FXGL Background Thread 1 ] DEBUG InitAppTask          - Initializing Physics
20:16:54.836 [FXGL Background Thread 1 ] DEBUG InitAppTask          - Initializing UI
20:16:54.836 [FXGL Background Thread 1 ] DEBUG InitAppTask          - Initialization Complete
20:16:54.836 [FXGL Background Thread 1 ] INFO  InitAppTask          - Game initialization took: 0.192 sec
20:16:54.841 [JavaFX Application Thread] DEBUG Input                - Clearing active input actions
20:16:54.851 [JavaFX Application Thread] DEBUG AppStateMachine      - LoadingState -> PlayState
20:17:01.798 [JavaFX Application Thread] DEBUG GameApplication      - Exiting game application
20:17:01.800 [JavaFX Application Thread] DEBUG GameApplication      - Shutting down background threads
20:17:01.802 [JavaFX Application Thread] DEBUG GameApplication      - Exiting FXGL
20:17:01.803 [JavaFX Application Thread] DEBUG FXGL                 - Saving FXGL system data
20:17:01.805 [JavaFX Application Thread] DEBUG DesktopFSService     - Writing to: system/fxgl.bundle
20:17:01.807 [JavaFX Application Thread] DEBUG GameApplication      - Closing logger and exiting JavaFX
