14:26:37.138 [JavaFX Application Thread] DEBUG GameApplication      - Logger initialized
14:26:37.155 [JavaFX Application Thread] DEBUG MainWindow           - Creating a JavaFX scene
14:26:37.430 [JavaFX Application Thread] DEBUG MainWindow           - Target settings size: 400.0 x 600.0
14:26:37.431 [JavaFX Application Thread] DEBUG MainWindow           - Scaled scene size:    400.0 x 600.0
14:26:37.432 [JavaFX Application Thread] DEBUG MainWindow           - Scaled ratio: (1.0, 1.0)
14:26:37.446 [JavaFX Application Thread] DEBUG GameApplication      - Starting FXGL
14:26:37.484 [JavaFX Application Thread] INFO  FXGL                 - FXGL-0.5.3 on DESKTOP
14:26:37.485 [JavaFX Application Thread] INFO  FXGL                 - Source code and latest versions at: https://github.com/AlmasB/FXGL
14:26:37.485 [JavaFX Application Thread] INFO  FXGL                 -              Join the FXGL chat at: https://gitter.im/AlmasB/FXGL
14:26:37.519 [JavaFX Application Thread] DEBUG FS                   - Loaded DesktopFSService
14:26:37.519 [JavaFX Application Thread] DEBUG FXGL                 - Loading FXGL system data
14:26:37.556 [JavaFX Application Thread] DEBUG DesktopFSService     - Reading from: system/fxgl.bundle
14:26:37.588 [JavaFX Application Thread] DEBUG Bundle               - Logging bundle: FXGL
14:26:37.589 [JavaFX Application Thread] DEBUG Bundle               - FXGL.offline.timer.version.check=2018-07-24T21:09:25.379
14:26:37.642 [JavaFX Application Thread] DEBUG GameApplication      - FXGL started
14:26:37.642 [JavaFX Application Thread] DEBUG GameApplication      - Logging game settings
Title: Pinball
Version: 0.1
Width: 400
Height: 600
Fullscreen: false
Intro: false
Menus: false
Profiling: true
Single step:false
App Mode: DEBUG
Menu Key: ESCAPE
Stage Style: DECORATED
Scene Factory: class com.almasb.fxgl.scene.SceneFactory
Dialog Factory: class com.almasb.fxgl.ui.FXGLDialogFactory
UI Factory: class com.almasb.fxgl.ui.FXGLUIFactory
Notification Service: class com.almasb.fxgl.gameplay.notification.XboxNotificationView
Exception Handler: class com.almasb.fxgl.app.FXGLExceptionHandler
14:26:37.643 [JavaFX Application Thread] DEBUG GameApplication      - Configuring GameApplication
14:26:37.643 [JavaFX Application Thread] DEBUG GameApplication      - Initializing state machine and application states
14:26:37.668 [JavaFX Application Thread] DEBUG AssetLoader          - Loading from disk: /assets/ui/cursors/fxgl_default.png
14:26:37.714 [JavaFX Application Thread] DEBUG AssetLoader          - Loading from disk: /assets/ui/cursors/fxgl_default.png
14:26:37.753 [JavaFX Application Thread] DEBUG FXGLAssets           - Loading FXGLAssets
14:26:37.792 [JavaFX Application Thread] DEBUG AssetLoader          - Loading from disk: /assets/ui/fonts/VarelaRound-Regular.ttf
14:26:37.808 [JavaFX Application Thread] DEBUG AssetLoader          - Loading from disk: /assets/ui/fonts/lucida_console.ttf
14:26:37.812 [JavaFX Application Thread] DEBUG AssetLoader          - Loading from disk: /assets/ui/fonts/Courier-Prime.ttf
14:26:37.815 [JavaFX Application Thread] DEBUG AssetLoader          - Loading from disk: /assets/ui/fonts/Abel-Regular.ttf
14:26:37.818 [JavaFX Application Thread] DEBUG AssetLoader          - Loading from disk: /assets/ui/css/fxgl_dark.css
14:26:37.855 [JavaFX Application Thread] DEBUG AssetLoader          - Loading from disk: /assets/ui/cursors/fxgl_default.png
14:26:37.928 [JavaFX Application Thread] DEBUG AssetLoader          - Loading from disk: /assets/ui/cursors/fxgl_default.png
14:26:37.964 [JavaFX Application Thread] DEBUG GameScene            - Game scene initialized: 400x600
14:26:37.975 [JavaFX Application Thread] DEBUG GameWorld            - Game world initialized
14:26:38.013 [JavaFX Application Thread] DEBUG PhysicsWorld         - Physics world initialized: appHeight=600, physics.ppm=50.0
14:26:38.040 [JavaFX Application Thread] DEBUG Input                - Registered new binding: Pause - Esc
14:26:38.060 [JavaFX Application Thread] DEBUG Input                - Clearing active input actions
14:26:38.137 [JavaFX Application Thread] DEBUG AppStateMachine      - StartupState -> StartupState
14:26:38.161 [JavaFX Application Thread] INFO  GameApplication      - Game configuration took:  0.518 sec
14:26:38.164 [JavaFX Application Thread] DEBUG AssetLoader          - Loading from disk: /assets/textures/fxgl_icon.png
14:26:38.185 [JavaFX Application Thread] DEBUG MainWindow           - Opening main window
14:26:38.294 [JavaFX Application Thread] DEBUG MainWindow           - Window border size: (0.0, 0.0)
14:26:38.295 [JavaFX Application Thread] DEBUG MainWindow           - Scaled size: 400.0 x 600.0
14:26:38.295 [JavaFX Application Thread] DEBUG MainWindow           - Scaled ratio: (1.0, 1.0)
14:26:38.295 [JavaFX Application Thread] DEBUG MainWindow           - Scene size: 400.0 x 600.0
14:26:38.296 [JavaFX Application Thread] DEBUG MainWindow           - Stage size: 400.0 x 600.0
14:26:38.296 [JavaFX Application Thread] DEBUG GameApplication      - Running preInit()
14:26:38.299 [JavaFX Application Thread] DEBUG Input                - Registered new binding: Screenshot - P
14:26:38.300 [JavaFX Application Thread] DEBUG Input                - Registered new binding: Dev Options - CTRL+0
14:26:38.301 [JavaFX Application Thread] DEBUG Input                - Registered new binding: System info dump - CTRL+9
14:26:38.301 [JavaFX Application Thread] DEBUG Input                - Registered new binding: Restart - CTRL+R
14:26:38.318 [JavaFX Application Thread] DEBUG Input                - Registered new binding: Release Ball - Space
14:26:38.365 [JavaFX Application Thread] DEBUG GameApplication      - Starting main loop
14:26:38.415 [JavaFX Application Thread] DEBUG StartupState         - STARTUP
14:26:38.415 [JavaFX Application Thread] DEBUG GameApplication      - Starting new game
14:26:38.416 [JavaFX Application Thread] DEBUG Input                - Clearing active input actions
14:26:38.435 [JavaFX Application Thread] DEBUG AppStateMachine      - StartupState -> LoadingState
14:26:38.451 [FXGL Background Thread 1 ] DEBUG InitAppTask          - Clearing previous game
14:26:38.451 [FXGL Background Thread 1 ] DEBUG GameWorld            - Clearing game world
14:26:38.451 [FXGL Background Thread 1 ] DEBUG PhysicsWorld         - Clearing physics world
14:26:38.451 [FXGL Background Thread 1 ] DEBUG GameScene            - Clearing game scene
14:26:38.453 [FXGL Background Thread 1 ] DEBUG InitAppTask          - Initializing Game
14:26:38.672 [FXGL Background Thread 1 ] DEBUG GameScene            - Creating render group for layer: DEFAULT(100000)
14:26:38.689 [FXGL Background Thread 1 ] DEBUG InitAppTask          - Initializing Physics
14:26:38.692 [FXGL Background Thread 1 ] DEBUG InitAppTask          - Initializing UI
14:26:38.693 [FXGL Background Thread 1 ] DEBUG InitAppTask          - Initialization Complete
14:26:38.693 [FXGL Background Thread 1 ] INFO  InitAppTask          - Game initialization took: 0.243 sec
14:26:38.725 [JavaFX Application Thread] DEBUG Input                - Clearing active input actions
14:26:38.738 [JavaFX Application Thread] DEBUG AppStateMachine      - LoadingState -> PlayState
14:26:42.245 [JavaFX Application Thread] DEBUG AssetLoader          - Loading from cache: /assets/sounds/fium.wav
14:26:43.331 [JavaFX Application Thread] DEBUG AssetLoader          - Loading from cache: /assets/sounds/haha.wav
14:26:44.051 [JavaFX Application Thread] DEBUG GameApplication      - Exiting game application
14:26:44.053 [JavaFX Application Thread] DEBUG GameApplication      - Shutting down background threads
14:26:44.054 [JavaFX Application Thread] INFO  Profiler             - Processed Frames: 1711
14:26:44.054 [JavaFX Application Thread] INFO  Profiler             - Average FPS: 59
14:26:44.054 [JavaFX Application Thread] INFO  Profiler             - Avg Frame Took: 0.16 ms
14:26:44.054 [JavaFX Application Thread] INFO  Profiler             - Avg Memory Usage: 27 MB
14:26:44.055 [JavaFX Application Thread] INFO  Profiler             - Min Memory Usage: 8 MB
14:26:44.055 [JavaFX Application Thread] INFO  Profiler             - Max Memory Usage: 37 MB
14:26:44.055 [JavaFX Application Thread] INFO  Profiler             - Estimated GC runs: 1
14:26:44.055 [JavaFX Application Thread] DEBUG GameApplication      - Exiting FXGL
14:26:44.056 [JavaFX Application Thread] DEBUG FXGL                 - Saving FXGL system data
14:26:44.059 [JavaFX Application Thread] DEBUG DesktopFSService     - Writing to: system/fxgl.bundle
14:26:44.063 [JavaFX Application Thread] DEBUG GameApplication      - Closing logger and exiting JavaFX
