15:30:18.094 [JavaFX Application Thread] DEBUG GameApplication      - Logger initialized
15:30:18.100 [JavaFX Application Thread] DEBUG MainWindow           - Creating a JavaFX scene
15:30:18.165 [JavaFX Application Thread] DEBUG MainWindow           - Target settings size: 400.0 x 600.0
15:30:18.165 [JavaFX Application Thread] DEBUG MainWindow           - Scaled scene size:    400.0 x 600.0
15:30:18.165 [JavaFX Application Thread] DEBUG MainWindow           - Scaled ratio: (1.0, 1.0)
15:30:18.170 [JavaFX Application Thread] DEBUG GameApplication      - Starting FXGL
15:30:18.174 [JavaFX Application Thread] INFO  FXGL                 - FXGL-0.5.3 on DESKTOP
15:30:18.174 [JavaFX Application Thread] INFO  FXGL                 - Source code and latest versions at: https://github.com/AlmasB/FXGL
15:30:18.174 [JavaFX Application Thread] INFO  FXGL                 -              Join the FXGL chat at: https://gitter.im/AlmasB/FXGL
15:30:18.180 [JavaFX Application Thread] DEBUG FS                   - Loaded DesktopFSService
15:30:18.180 [JavaFX Application Thread] DEBUG FXGL                 - Loading FXGL system data
15:30:18.187 [JavaFX Application Thread] DEBUG DesktopFSService     - Reading from: system\fxgl.bundle
15:30:18.197 [JavaFX Application Thread] DEBUG Bundle               - Logging bundle: FXGL
15:30:18.197 [JavaFX Application Thread] DEBUG Bundle               - FXGL.offline.timer.version.check=2018-08-18T15:14:28.733
15:30:18.219 [JavaFX Application Thread] DEBUG GameApplication      - FXGL started
15:30:18.219 [JavaFX Application Thread] DEBUG GameApplication      - Logging game settings
Title: Pinball
Version: 0.1
Width: 400
Height: 600
Fullscreen: false
Intro: false
Menus: false
Profiling: true
Single step:false
App Mode: DEBUG
Menu Key: ESCAPE
Stage Style: DECORATED
Scene Factory: class com.almasb.fxgl.scene.SceneFactory
Dialog Factory: class com.almasb.fxgl.ui.FXGLDialogFactory
UI Factory: class com.almasb.fxgl.ui.FXGLUIFactory
Notification Service: class com.almasb.fxgl.gameplay.notification.XboxNotificationView
Exception Handler: class com.almasb.fxgl.app.FXGLExceptionHandler
15:30:18.220 [JavaFX Application Thread] DEBUG GameApplication      - Configuring GameApplication
15:30:18.220 [JavaFX Application Thread] DEBUG GameApplication      - Initializing state machine and application states
15:30:18.235 [JavaFX Application Thread] DEBUG AssetLoader          - Loading from disk: /assets/ui/cursors/fxgl_default.png
15:30:18.250 [JavaFX Application Thread] DEBUG AssetLoader          - Loading from disk: /assets/ui/cursors/fxgl_default.png
15:30:18.266 [JavaFX Application Thread] DEBUG FXGLAssets           - Loading FXGLAssets
15:30:18.287 [JavaFX Application Thread] DEBUG AssetLoader          - Loading from disk: /assets/ui/fonts/VarelaRound-Regular.ttf
15:30:18.373 [JavaFX Application Thread] DEBUG AssetLoader          - Loading from disk: /assets/ui/fonts/lucida_console.ttf
15:30:18.384 [JavaFX Application Thread] DEBUG AssetLoader          - Loading from disk: /assets/ui/fonts/Courier-Prime.ttf
15:30:18.392 [JavaFX Application Thread] DEBUG AssetLoader          - Loading from disk: /assets/ui/fonts/Abel-Regular.ttf
15:30:18.399 [JavaFX Application Thread] DEBUG AssetLoader          - Loading from disk: /assets/ui/css/fxgl_dark.css
15:30:18.426 [JavaFX Application Thread] DEBUG AssetLoader          - Loading from disk: /assets/ui/cursors/fxgl_default.png
15:30:18.458 [JavaFX Application Thread] DEBUG AssetLoader          - Loading from disk: /assets/ui/cursors/fxgl_default.png
15:30:18.471 [JavaFX Application Thread] DEBUG GameScene            - Game scene initialized: 400x600
15:30:18.474 [JavaFX Application Thread] DEBUG GameWorld            - Game world initialized
15:30:18.512 [JavaFX Application Thread] DEBUG PhysicsWorld         - Physics world initialized: appHeight=600, physics.ppm=50.0
15:30:18.526 [JavaFX Application Thread] DEBUG Input                - Registered new binding: Pause - Esc
15:30:18.540 [JavaFX Application Thread] DEBUG Input                - Clearing active input actions
15:30:18.571 [JavaFX Application Thread] DEBUG AppStateMachine      - StartupState -> StartupState
15:30:18.584 [JavaFX Application Thread] INFO  GameApplication      - Game configuration took:  0.364 sec
15:30:18.586 [JavaFX Application Thread] DEBUG AssetLoader          - Loading from disk: /assets/textures/fxgl_icon.png
15:30:18.594 [JavaFX Application Thread] DEBUG MainWindow           - Opening main window
15:30:18.712 [JavaFX Application Thread] DEBUG MainWindow           - Window border size: (6.0, 29.0)
15:30:18.712 [JavaFX Application Thread] DEBUG MainWindow           - Scaled size: 400.0 x 600.0
15:30:18.712 [JavaFX Application Thread] DEBUG MainWindow           - Scaled ratio: (1.0, 1.0)
15:30:18.712 [JavaFX Application Thread] DEBUG MainWindow           - Scene size: 400.0 x 600.0
15:30:18.712 [JavaFX Application Thread] DEBUG MainWindow           - Stage size: 406.0 x 629.0
15:30:18.712 [JavaFX Application Thread] DEBUG GameApplication      - Running preInit()
15:30:18.714 [JavaFX Application Thread] DEBUG Input                - Registered new binding: Screenshot - P
15:30:18.714 [JavaFX Application Thread] DEBUG Input                - Registered new binding: Dev Options - CTRL+0
15:30:18.715 [JavaFX Application Thread] DEBUG Input                - Registered new binding: System info dump - CTRL+9
15:30:18.715 [JavaFX Application Thread] DEBUG Input                - Registered new binding: Restart - CTRL+R
15:30:18.715 [JavaFX Application Thread] DEBUG Input                - Registered new binding: Release Ball - Space
15:30:18.715 [JavaFX Application Thread] DEBUG Input                - Registered new binding: LeftFlipper Movement - Left
15:30:18.715 [JavaFX Application Thread] DEBUG Input                - Registered new binding: RightFlipper Movement - Right
15:30:18.715 [JavaFX Application Thread] DEBUG Input                - Registered new binding: New Table - N
15:30:18.735 [JavaFX Application Thread] DEBUG GameApplication      - Starting main loop
15:30:18.736 [JavaFX Application Thread] DEBUG StartupState         - STARTUP
15:30:18.736 [JavaFX Application Thread] DEBUG GameApplication      - Starting new game
15:30:18.737 [JavaFX Application Thread] DEBUG Input                - Clearing active input actions
15:30:18.741 [JavaFX Application Thread] DEBUG AppStateMachine      - StartupState -> LoadingState
15:30:18.744 [FXGL Background Thread 1 ] DEBUG InitAppTask          - Clearing previous game
15:30:18.745 [FXGL Background Thread 1 ] DEBUG GameWorld            - Clearing game world
15:30:18.745 [FXGL Background Thread 1 ] DEBUG PhysicsWorld         - Clearing physics world
15:30:18.745 [FXGL Background Thread 1 ] DEBUG GameScene            - Clearing game scene
15:30:18.746 [FXGL Background Thread 1 ] DEBUG InitAppTask          - Initializing Game
15:30:18.813 [FXGL Background Thread 1 ] DEBUG GameScene            - Creating render group for layer: DEFAULT(100000)
15:30:18.815 [FXGL Background Thread 1 ] DEBUG AssetLoader          - Loading from disk: /assets/textures/piñi.jpg
15:30:18.830 [FXGL Background Thread 1 ] DEBUG InitAppTask          - Initializing Physics
15:30:18.831 [FXGL Background Thread 1 ] DEBUG InitAppTask          - Initializing UI
15:30:18.831 [FXGL Background Thread 1 ] DEBUG InitAppTask          - Initialization Complete
15:30:18.831 [FXGL Background Thread 1 ] INFO  InitAppTask          - Game initialization took: 0.086 sec
15:30:18.841 [JavaFX Application Thread] DEBUG Input                - Clearing active input actions
15:30:18.846 [JavaFX Application Thread] DEBUG AppStateMachine      - LoadingState -> PlayState
15:30:19.238 [JavaFX Application Thread] DEBUG AssetLoader          - Loading from disk: /assets/textures/wheel.png
15:30:26.035 [JavaFX Application Thread] DEBUG AssetLoader          - Loading from cache: /assets/textures/wheel.png
15:30:26.036 [JavaFX Application Thread] DEBUG AssetLoader          - Loading from cache: /assets/sounds/fium.wav
15:30:36.227 [JavaFX Application Thread] DEBUG GameApplication      - Exiting game application
15:30:36.227 [JavaFX Application Thread] DEBUG GameApplication      - Shutting down background threads
15:30:36.228 [JavaFX Application Thread] INFO  Profiler             - Processed Frames: 1064
15:30:36.228 [JavaFX Application Thread] INFO  Profiler             - Average FPS: 59
15:30:36.228 [JavaFX Application Thread] INFO  Profiler             - Avg Frame Took: 0.12 ms
15:30:36.228 [JavaFX Application Thread] INFO  Profiler             - Avg Memory Usage: 22 MB
15:30:36.228 [JavaFX Application Thread] INFO  Profiler             - Min Memory Usage: 8 MB
15:30:36.228 [JavaFX Application Thread] INFO  Profiler             - Max Memory Usage: 38 MB
15:30:36.228 [JavaFX Application Thread] INFO  Profiler             - Estimated GC runs: 1
15:30:36.228 [JavaFX Application Thread] DEBUG GameApplication      - Exiting FXGL
15:30:36.228 [JavaFX Application Thread] DEBUG FXGL                 - Saving FXGL system data
15:30:36.230 [JavaFX Application Thread] DEBUG DesktopFSService     - Writing to: system\fxgl.bundle
15:30:36.233 [JavaFX Application Thread] DEBUG GameApplication      - Closing logger and exiting JavaFX
