19:57:28.393 [JavaFX Application Thread] DEBUG GameApplication      - Logger initialized
19:57:28.402 [JavaFX Application Thread] DEBUG MainWindow           - Creating a JavaFX scene
19:57:28.570 [JavaFX Application Thread] DEBUG MainWindow           - Target settings size: 400.0 x 600.0
19:57:28.570 [JavaFX Application Thread] DEBUG MainWindow           - Scaled scene size:    400.0 x 600.0
19:57:28.571 [JavaFX Application Thread] DEBUG MainWindow           - Scaled ratio: (1.0, 1.0)
19:57:28.579 [JavaFX Application Thread] DEBUG GameApplication      - Starting FXGL
19:57:28.585 [JavaFX Application Thread] INFO  FXGL                 - FXGL-0.5.3 on DESKTOP
19:57:28.585 [JavaFX Application Thread] INFO  FXGL                 - Source code and latest versions at: https://github.com/AlmasB/FXGL
19:57:28.592 [JavaFX Application Thread] INFO  FXGL                 -              Join the FXGL chat at: https://gitter.im/AlmasB/FXGL
19:57:28.611 [JavaFX Application Thread] DEBUG FS                   - Loaded DesktopFSService
19:57:28.611 [JavaFX Application Thread] DEBUG FXGL                 - Loading FXGL system data
19:57:28.624 [JavaFX Application Thread] DEBUG DesktopFSService     - Reading from: system/fxgl.bundle
19:57:28.636 [JavaFX Application Thread] DEBUG Bundle               - Logging bundle: FXGL
19:57:28.637 [JavaFX Application Thread] DEBUG Bundle               - FXGL.offline.timer.version.check=2018-07-24T21:09:25.379
19:57:28.676 [JavaFX Application Thread] DEBUG GameApplication      - FXGL started
19:57:28.677 [JavaFX Application Thread] DEBUG GameApplication      - Logging game settings
Title: Pinball
Version: 0.1
Width: 400
Height: 600
Fullscreen: false
Intro: false
Menus: false
Profiling: false
Single step:false
App Mode: DEVELOPER
Menu Key: ESCAPE
Stage Style: DECORATED
Scene Factory: class com.almasb.fxgl.scene.SceneFactory
Dialog Factory: class com.almasb.fxgl.ui.FXGLDialogFactory
UI Factory: class com.almasb.fxgl.ui.FXGLUIFactory
Notification Service: class com.almasb.fxgl.gameplay.notification.XboxNotificationView
Exception Handler: class com.almasb.fxgl.app.FXGLExceptionHandler
19:57:28.678 [JavaFX Application Thread] DEBUG GameApplication      - Configuring GameApplication
19:57:28.678 [JavaFX Application Thread] DEBUG GameApplication      - Initializing state machine and application states
19:57:28.704 [JavaFX Application Thread] DEBUG AssetLoader          - Loading from disk: /assets/ui/cursors/fxgl_default.png
19:57:28.734 [JavaFX Application Thread] DEBUG AssetLoader          - Loading from disk: /assets/ui/cursors/fxgl_default.png
19:57:28.774 [JavaFX Application Thread] DEBUG FXGLAssets           - Loading FXGLAssets
19:57:28.842 [JavaFX Application Thread] DEBUG AssetLoader          - Loading from disk: /assets/ui/fonts/VarelaRound-Regular.ttf
19:57:28.863 [JavaFX Application Thread] DEBUG AssetLoader          - Loading from disk: /assets/ui/fonts/lucida_console.ttf
19:57:28.867 [JavaFX Application Thread] DEBUG AssetLoader          - Loading from disk: /assets/ui/fonts/Courier-Prime.ttf
19:57:28.871 [JavaFX Application Thread] DEBUG AssetLoader          - Loading from disk: /assets/ui/fonts/Abel-Regular.ttf
19:57:28.874 [JavaFX Application Thread] DEBUG AssetLoader          - Loading from disk: /assets/ui/css/fxgl_dark.css
19:57:28.920 [JavaFX Application Thread] DEBUG AssetLoader          - Loading from disk: /assets/ui/cursors/fxgl_default.png
19:57:29.002 [JavaFX Application Thread] DEBUG AssetLoader          - Loading from disk: /assets/ui/cursors/fxgl_default.png
19:57:29.066 [JavaFX Application Thread] DEBUG GameScene            - Game scene initialized: 400x600
19:57:29.072 [JavaFX Application Thread] DEBUG GameWorld            - Game world initialized
19:57:29.154 [JavaFX Application Thread] DEBUG PhysicsWorld         - Physics world initialized: appHeight=600, physics.ppm=50.0
19:57:29.175 [JavaFX Application Thread] DEBUG Input                - Registered new binding: Pause - Esc
19:57:29.201 [JavaFX Application Thread] DEBUG Input                - Clearing active input actions
19:57:29.290 [JavaFX Application Thread] DEBUG AppStateMachine      - StartupState -> StartupState
19:57:29.294 [JavaFX Application Thread] INFO  GameApplication      - Game configuration took:  0.616 sec
19:57:29.300 [JavaFX Application Thread] DEBUG AssetLoader          - Loading from disk: /assets/textures/fxgl_icon.png
19:57:29.320 [JavaFX Application Thread] DEBUG MainWindow           - Opening main window
19:57:29.442 [JavaFX Application Thread] DEBUG MainWindow           - Window border size: (0.0, 0.0)
19:57:29.442 [JavaFX Application Thread] DEBUG MainWindow           - Scaled size: 400.0 x 600.0
19:57:29.442 [JavaFX Application Thread] DEBUG MainWindow           - Scaled ratio: (1.0, 1.0)
19:57:29.442 [JavaFX Application Thread] DEBUG MainWindow           - Scene size: 400.0 x 600.0
19:57:29.442 [JavaFX Application Thread] DEBUG MainWindow           - Stage size: 400.0 x 600.0
19:57:29.443 [JavaFX Application Thread] DEBUG GameApplication      - Running preInit()
19:57:29.445 [JavaFX Application Thread] DEBUG Input                - Registered new binding: Screenshot - P
19:57:29.445 [JavaFX Application Thread] DEBUG Input                - Registered new binding: Dev Options - CTRL+0
19:57:29.446 [JavaFX Application Thread] DEBUG Input                - Registered new binding: System info dump - CTRL+9
19:57:29.446 [JavaFX Application Thread] DEBUG Input                - Registered new binding: Restart - CTRL+R
19:57:29.488 [JavaFX Application Thread] DEBUG GameApplication      - Starting main loop
19:57:29.516 [JavaFX Application Thread] DEBUG StartupState         - STARTUP
19:57:29.517 [JavaFX Application Thread] DEBUG GameApplication      - Starting new game
19:57:29.517 [JavaFX Application Thread] DEBUG Input                - Clearing active input actions
19:57:29.527 [JavaFX Application Thread] DEBUG AppStateMachine      - StartupState -> LoadingState
19:57:29.554 [FXGL Background Thread 1 ] DEBUG InitAppTask          - Clearing previous game
19:57:29.554 [FXGL Background Thread 1 ] DEBUG GameWorld            - Clearing game world
19:57:29.554 [FXGL Background Thread 1 ] DEBUG PhysicsWorld         - Clearing physics world
19:57:29.554 [FXGL Background Thread 1 ] DEBUG GameScene            - Clearing game scene
19:57:29.556 [FXGL Background Thread 1 ] DEBUG InitAppTask          - Initializing Game
19:57:29.732 [FXGL Background Thread 1 ] DEBUG GameScene            - Creating render group for layer: DEFAULT(100000)
19:57:29.738 [FXGL Background Thread 1 ] DEBUG InitAppTask          - Initializing Physics
19:57:29.739 [FXGL Background Thread 1 ] DEBUG InitAppTask          - Initializing UI
19:57:29.739 [FXGL Background Thread 1 ] DEBUG InitAppTask          - Initialization Complete
19:57:29.739 [FXGL Background Thread 1 ] INFO  InitAppTask          - Game initialization took: 0.185 sec
19:57:29.775 [JavaFX Application Thread] DEBUG Input                - Clearing active input actions
19:57:29.782 [JavaFX Application Thread] DEBUG AppStateMachine      - LoadingState -> PlayState
19:57:40.088 [JavaFX Application Thread] DEBUG GameApplication      - Exiting game application
19:57:40.089 [JavaFX Application Thread] DEBUG GameApplication      - Shutting down background threads
19:57:40.090 [JavaFX Application Thread] DEBUG GameApplication      - Exiting FXGL
19:57:40.090 [JavaFX Application Thread] DEBUG FXGL                 - Saving FXGL system data
19:57:40.094 [JavaFX Application Thread] DEBUG DesktopFSService     - Writing to: system/fxgl.bundle
19:57:40.100 [JavaFX Application Thread] DEBUG GameApplication      - Closing logger and exiting JavaFX
