02:33:48.751 [JavaFX Application Thread] DEBUG GameApplication      - Logger initialized
02:33:48.757 [JavaFX Application Thread] DEBUG MainWindow           - Creating a JavaFX scene
02:33:48.821 [JavaFX Application Thread] DEBUG MainWindow           - Target settings size: 400.0 x 600.0
02:33:48.821 [JavaFX Application Thread] DEBUG MainWindow           - Scaled scene size:    400.0 x 600.0
02:33:48.821 [JavaFX Application Thread] DEBUG MainWindow           - Scaled ratio: (1.0, 1.0)
02:33:48.826 [JavaFX Application Thread] DEBUG GameApplication      - Starting FXGL
02:33:48.830 [JavaFX Application Thread] INFO  FXGL                 - FXGL-0.5.3 on DESKTOP
02:33:48.830 [JavaFX Application Thread] INFO  FXGL                 - Source code and latest versions at: https://github.com/AlmasB/FXGL
02:33:48.830 [JavaFX Application Thread] INFO  FXGL                 -              Join the FXGL chat at: https://gitter.im/AlmasB/FXGL
02:33:48.836 [JavaFX Application Thread] DEBUG FS                   - Loaded DesktopFSService
02:33:48.836 [JavaFX Application Thread] DEBUG FXGL                 - Loading FXGL system data
02:33:48.843 [JavaFX Application Thread] DEBUG DesktopFSService     - Reading from: system\fxgl.bundle
02:33:48.850 [JavaFX Application Thread] DEBUG Bundle               - Logging bundle: FXGL
02:33:48.853 [JavaFX Application Thread] DEBUG Bundle               - FXGL.offline.timer.version.check=2018-08-18T15:14:28.733
02:33:48.880 [JavaFX Application Thread] DEBUG GameApplication      - FXGL started
02:33:48.881 [JavaFX Application Thread] DEBUG GameApplication      - Logging game settings
Title: Pinball
Version: 0.1
Width: 400
Height: 600
Fullscreen: false
Intro: false
Menus: false
Profiling: true
Single step:false
App Mode: DEBUG
Menu Key: ESCAPE
Stage Style: DECORATED
Scene Factory: class com.almasb.fxgl.scene.SceneFactory
Dialog Factory: class com.almasb.fxgl.ui.FXGLDialogFactory
UI Factory: class com.almasb.fxgl.ui.FXGLUIFactory
Notification Service: class com.almasb.fxgl.gameplay.notification.XboxNotificationView
Exception Handler: class com.almasb.fxgl.app.FXGLExceptionHandler
02:33:48.881 [JavaFX Application Thread] DEBUG GameApplication      - Configuring GameApplication
02:33:48.882 [JavaFX Application Thread] DEBUG GameApplication      - Initializing state machine and application states
02:33:48.897 [JavaFX Application Thread] DEBUG AssetLoader          - Loading from disk: /assets/ui/cursors/fxgl_default.png
02:33:48.913 [JavaFX Application Thread] DEBUG AssetLoader          - Loading from disk: /assets/ui/cursors/fxgl_default.png
02:33:48.930 [JavaFX Application Thread] DEBUG FXGLAssets           - Loading FXGLAssets
02:33:48.950 [JavaFX Application Thread] DEBUG AssetLoader          - Loading from disk: /assets/ui/fonts/VarelaRound-Regular.ttf
02:33:49.037 [JavaFX Application Thread] DEBUG AssetLoader          - Loading from disk: /assets/ui/fonts/lucida_console.ttf
02:33:49.047 [JavaFX Application Thread] DEBUG AssetLoader          - Loading from disk: /assets/ui/fonts/Courier-Prime.ttf
02:33:49.055 [JavaFX Application Thread] DEBUG AssetLoader          - Loading from disk: /assets/ui/fonts/Abel-Regular.ttf
02:33:49.063 [JavaFX Application Thread] DEBUG AssetLoader          - Loading from disk: /assets/ui/css/fxgl_dark.css
02:33:49.089 [JavaFX Application Thread] DEBUG AssetLoader          - Loading from disk: /assets/ui/cursors/fxgl_default.png
02:33:49.118 [JavaFX Application Thread] DEBUG AssetLoader          - Loading from disk: /assets/ui/cursors/fxgl_default.png
02:33:49.132 [JavaFX Application Thread] DEBUG GameScene            - Game scene initialized: 400x600
02:33:49.134 [JavaFX Application Thread] DEBUG GameWorld            - Game world initialized
02:33:49.172 [JavaFX Application Thread] DEBUG PhysicsWorld         - Physics world initialized: appHeight=600, physics.ppm=50.0
02:33:49.186 [JavaFX Application Thread] DEBUG Input                - Registered new binding: Pause - Esc
02:33:49.201 [JavaFX Application Thread] DEBUG Input                - Clearing active input actions
02:33:49.230 [JavaFX Application Thread] DEBUG AppStateMachine      - StartupState -> StartupState
02:33:49.233 [JavaFX Application Thread] INFO  GameApplication      - Game configuration took:  0.351 sec
02:33:49.235 [JavaFX Application Thread] DEBUG AssetLoader          - Loading from disk: /assets/textures/fxgl_icon.png
02:33:49.243 [JavaFX Application Thread] DEBUG MainWindow           - Opening main window
02:33:49.357 [JavaFX Application Thread] DEBUG MainWindow           - Window border size: (6.0, 29.0)
02:33:49.358 [JavaFX Application Thread] DEBUG MainWindow           - Scaled size: 400.0 x 600.0
02:33:49.358 [JavaFX Application Thread] DEBUG MainWindow           - Scaled ratio: (1.0, 1.0)
02:33:49.358 [JavaFX Application Thread] DEBUG MainWindow           - Scene size: 400.0 x 600.0
02:33:49.358 [JavaFX Application Thread] DEBUG MainWindow           - Stage size: 406.0 x 629.0
02:33:49.358 [JavaFX Application Thread] DEBUG GameApplication      - Running preInit()
02:33:49.360 [JavaFX Application Thread] DEBUG Input                - Registered new binding: Screenshot - P
02:33:49.360 [JavaFX Application Thread] DEBUG Input                - Registered new binding: Dev Options - CTRL+0
02:33:49.361 [JavaFX Application Thread] DEBUG Input                - Registered new binding: System info dump - CTRL+9
02:33:49.361 [JavaFX Application Thread] DEBUG Input                - Registered new binding: Restart - CTRL+R
02:33:49.361 [JavaFX Application Thread] DEBUG Input                - Registered new binding: Release Ball - Space
02:33:49.361 [JavaFX Application Thread] DEBUG Input                - Registered new binding: LeftFlipper movement - Left
02:33:49.361 [JavaFX Application Thread] DEBUG Input                - Registered new binding: RightFlipper movement - Right
02:33:49.381 [JavaFX Application Thread] DEBUG GameApplication      - Starting main loop
02:33:49.382 [JavaFX Application Thread] DEBUG StartupState         - STARTUP
02:33:49.383 [JavaFX Application Thread] DEBUG GameApplication      - Starting new game
02:33:49.383 [JavaFX Application Thread] DEBUG Input                - Clearing active input actions
02:33:49.388 [JavaFX Application Thread] DEBUG AppStateMachine      - StartupState -> LoadingState
02:33:49.392 [FXGL Background Thread 1 ] DEBUG InitAppTask          - Clearing previous game
02:33:49.392 [FXGL Background Thread 1 ] DEBUG GameWorld            - Clearing game world
02:33:49.392 [FXGL Background Thread 1 ] DEBUG PhysicsWorld         - Clearing physics world
02:33:49.393 [FXGL Background Thread 1 ] DEBUG GameScene            - Clearing game scene
02:33:49.393 [FXGL Background Thread 1 ] DEBUG InitAppTask          - Initializing Game
02:33:49.467 [FXGL Background Thread 1 ] DEBUG GameScene            - Creating render group for layer: DEFAULT(100000)
02:33:49.473 [FXGL Background Thread 1 ] DEBUG InitAppTask          - Initializing Physics
02:33:49.474 [FXGL Background Thread 1 ] DEBUG InitAppTask          - Initializing UI
02:33:49.474 [FXGL Background Thread 1 ] DEBUG InitAppTask          - Initialization Complete
02:33:49.474 [FXGL Background Thread 1 ] INFO  InitAppTask          - Game initialization took: 0.083 sec
02:33:49.486 [JavaFX Application Thread] DEBUG Input                - Clearing active input actions
02:33:49.490 [JavaFX Application Thread] DEBUG AppStateMachine      - LoadingState -> PlayState
02:33:50.019 [JavaFX Application Thread] DEBUG AssetLoader          - Loading from disk: /assets/textures/wheel.png
02:33:54.913 [JavaFX Application Thread] DEBUG AssetLoader          - Loading from cache: /assets/textures/wheel.png
02:33:54.914 [JavaFX Application Thread] DEBUG AssetLoader          - Loading from cache: /assets/sounds/fium.wav
02:34:00.543 [JavaFX Application Thread] DEBUG AssetLoader          - Loading from cache: /assets/sounds/haha.wav
02:34:01.369 [JavaFX Application Thread] DEBUG AssetLoader          - Loading from cache: /assets/textures/wheel.png
02:34:01.369 [JavaFX Application Thread] DEBUG AssetLoader          - Loading from cache: /assets/sounds/fium.wav
02:34:03.134 [JavaFX Application Thread] DEBUG AssetLoader          - Loading from cache: /assets/sounds/haha.wav
02:34:03.841 [JavaFX Application Thread] DEBUG AssetLoader          - Loading from cache: /assets/textures/wheel.png
02:34:03.841 [JavaFX Application Thread] DEBUG AssetLoader          - Loading from cache: /assets/sounds/fium.wav
02:34:05.950 [JavaFX Application Thread] DEBUG AssetLoader          - Loading from cache: /assets/sounds/haha.wav
02:34:06.569 [JavaFX Application Thread] DEBUG AssetLoader          - Loading from cache: /assets/textures/wheel.png
02:34:06.569 [JavaFX Application Thread] DEBUG AssetLoader          - Loading from cache: /assets/sounds/fium.wav
02:34:11.774 [JavaFX Application Thread] DEBUG AssetLoader          - Loading from cache: /assets/sounds/haha.wav
02:34:12.913 [JavaFX Application Thread] DEBUG AssetLoader          - Loading from cache: /assets/textures/wheel.png
02:34:12.914 [JavaFX Application Thread] DEBUG AssetLoader          - Loading from cache: /assets/sounds/fium.wav
02:34:14.670 [JavaFX Application Thread] DEBUG AssetLoader          - Loading from cache: /assets/sounds/haha.wav
02:34:15.401 [JavaFX Application Thread] DEBUG AssetLoader          - Loading from cache: /assets/textures/wheel.png
02:34:15.401 [JavaFX Application Thread] DEBUG AssetLoader          - Loading from cache: /assets/sounds/fium.wav
02:34:20.558 [JavaFX Application Thread] DEBUG AssetLoader          - Loading from cache: /assets/sounds/haha.wav
02:34:21.241 [JavaFX Application Thread] DEBUG AssetLoader          - Loading from cache: /assets/textures/wheel.png
02:34:21.242 [JavaFX Application Thread] DEBUG AssetLoader          - Loading from cache: /assets/sounds/fium.wav
02:34:23.950 [JavaFX Application Thread] DEBUG AssetLoader          - Loading from cache: /assets/sounds/haha.wav
02:34:24.657 [JavaFX Application Thread] DEBUG AssetLoader          - Loading from cache: /assets/textures/wheel.png
02:34:24.658 [JavaFX Application Thread] DEBUG AssetLoader          - Loading from cache: /assets/sounds/fium.wav
02:34:28.478 [JavaFX Application Thread] DEBUG AssetLoader          - Loading from cache: /assets/sounds/haha.wav
02:34:29.097 [JavaFX Application Thread] DEBUG AssetLoader          - Loading from cache: /assets/textures/wheel.png
02:34:29.097 [JavaFX Application Thread] DEBUG AssetLoader          - Loading from cache: /assets/sounds/fium.wav
02:34:31.790 [JavaFX Application Thread] DEBUG AssetLoader          - Loading from cache: /assets/sounds/haha.wav
02:34:32.313 [JavaFX Application Thread] DEBUG AssetLoader          - Loading from cache: /assets/textures/wheel.png
02:34:32.313 [JavaFX Application Thread] DEBUG AssetLoader          - Loading from cache: /assets/sounds/fium.wav
02:34:34.926 [JavaFX Application Thread] DEBUG AssetLoader          - Loading from cache: /assets/sounds/haha.wav
02:34:35.753 [JavaFX Application Thread] DEBUG AssetLoader          - Loading from cache: /assets/textures/wheel.png
02:34:35.753 [JavaFX Application Thread] DEBUG AssetLoader          - Loading from cache: /assets/sounds/fium.wav
02:34:38.126 [JavaFX Application Thread] DEBUG AssetLoader          - Loading from cache: /assets/sounds/haha.wav
02:34:38.801 [JavaFX Application Thread] DEBUG AssetLoader          - Loading from cache: /assets/textures/wheel.png
02:34:38.801 [JavaFX Application Thread] DEBUG AssetLoader          - Loading from cache: /assets/sounds/fium.wav
02:34:42.142 [JavaFX Application Thread] DEBUG AssetLoader          - Loading from cache: /assets/sounds/haha.wav
02:34:49.113 [JavaFX Application Thread] DEBUG AssetLoader          - Loading from cache: /assets/textures/wheel.png
02:34:49.113 [JavaFX Application Thread] DEBUG AssetLoader          - Loading from cache: /assets/sounds/fium.wav
02:34:59.198 [JavaFX Application Thread] DEBUG AssetLoader          - Loading from cache: /assets/sounds/haha.wav
02:35:02.257 [JavaFX Application Thread] DEBUG AssetLoader          - Loading from cache: /assets/textures/wheel.png
02:35:02.257 [JavaFX Application Thread] DEBUG AssetLoader          - Loading from cache: /assets/sounds/fium.wav
02:35:05.422 [JavaFX Application Thread] DEBUG AssetLoader          - Loading from cache: /assets/sounds/haha.wav
02:35:06.345 [JavaFX Application Thread] DEBUG AssetLoader          - Loading from cache: /assets/textures/wheel.png
02:35:06.346 [JavaFX Application Thread] DEBUG AssetLoader          - Loading from cache: /assets/sounds/fium.wav
02:35:10.079 [JavaFX Application Thread] DEBUG AssetLoader          - Loading from cache: /assets/sounds/haha.wav
02:47:57.176 [JavaFX Application Thread] DEBUG GameApplication      - Exiting game application
02:47:57.177 [JavaFX Application Thread] DEBUG GameApplication      - Shutting down background threads
02:47:57.177 [JavaFX Application Thread] INFO  Profiler             - Processed Frames: 53055
02:47:57.177 [JavaFX Application Thread] INFO  Profiler             - Average FPS: 59
02:47:57.177 [JavaFX Application Thread] INFO  Profiler             - Avg Frame Took: 0.01 ms
02:47:57.178 [JavaFX Application Thread] INFO  Profiler             - Avg Memory Usage: 36 MB
02:47:57.178 [JavaFX Application Thread] INFO  Profiler             - Min Memory Usage: 8 MB
02:47:57.178 [JavaFX Application Thread] INFO  Profiler             - Max Memory Usage: 51 MB
02:47:57.178 [JavaFX Application Thread] INFO  Profiler             - Estimated GC runs: 9
02:47:57.178 [JavaFX Application Thread] DEBUG GameApplication      - Exiting FXGL
02:47:57.178 [JavaFX Application Thread] DEBUG FXGL                 - Saving FXGL system data
02:47:57.179 [JavaFX Application Thread] DEBUG DesktopFSService     - Writing to: system\fxgl.bundle
02:47:57.182 [JavaFX Application Thread] DEBUG GameApplication      - Closing logger and exiting JavaFX
