15:01:59.534 [JavaFX Application Thread] DEBUG GameApplication      - Logger initialized
15:01:59.541 [JavaFX Application Thread] DEBUG MainWindow           - Creating a JavaFX scene
15:01:59.646 [JavaFX Application Thread] DEBUG MainWindow           - Target settings size: 400.0 x 600.0
15:01:59.646 [JavaFX Application Thread] DEBUG MainWindow           - Scaled scene size:    400.0 x 600.0
15:01:59.646 [JavaFX Application Thread] DEBUG MainWindow           - Scaled ratio: (1.0, 1.0)
15:01:59.650 [JavaFX Application Thread] DEBUG GameApplication      - Starting FXGL
15:01:59.653 [JavaFX Application Thread] INFO  FXGL                 - FXGL-0.5.3 on DESKTOP
15:01:59.653 [JavaFX Application Thread] INFO  FXGL                 - Source code and latest versions at: https://github.com/AlmasB/FXGL
15:01:59.653 [JavaFX Application Thread] INFO  FXGL                 -              Join the FXGL chat at: https://gitter.im/AlmasB/FXGL
15:01:59.660 [JavaFX Application Thread] DEBUG FS                   - Loaded DesktopFSService
15:01:59.660 [JavaFX Application Thread] DEBUG FXGL                 - Loading FXGL system data
15:01:59.670 [JavaFX Application Thread] DEBUG DesktopFSService     - Reading from: system\fxgl.bundle
15:01:59.680 [JavaFX Application Thread] DEBUG Bundle               - Logging bundle: FXGL
15:01:59.681 [JavaFX Application Thread] DEBUG Bundle               - FXGL.offline.timer.version.check=2018-08-18T15:14:28.733
15:01:59.704 [JavaFX Application Thread] DEBUG GameApplication      - FXGL started
15:01:59.705 [JavaFX Application Thread] DEBUG GameApplication      - Logging game settings
Title: Pinball
Version: 0.1
Width: 400
Height: 600
Fullscreen: false
Intro: false
Menus: false
Profiling: true
Single step:false
App Mode: DEBUG
Menu Key: ESCAPE
Stage Style: DECORATED
Scene Factory: class com.almasb.fxgl.scene.SceneFactory
Dialog Factory: class com.almasb.fxgl.ui.FXGLDialogFactory
UI Factory: class com.almasb.fxgl.ui.FXGLUIFactory
Notification Service: class com.almasb.fxgl.gameplay.notification.XboxNotificationView
Exception Handler: class com.almasb.fxgl.app.FXGLExceptionHandler
15:01:59.705 [JavaFX Application Thread] DEBUG GameApplication      - Configuring GameApplication
15:01:59.705 [JavaFX Application Thread] DEBUG GameApplication      - Initializing state machine and application states
15:01:59.720 [JavaFX Application Thread] DEBUG AssetLoader          - Loading from disk: /assets/ui/cursors/fxgl_default.png
15:01:59.737 [JavaFX Application Thread] DEBUG AssetLoader          - Loading from disk: /assets/ui/cursors/fxgl_default.png
15:01:59.755 [JavaFX Application Thread] DEBUG FXGLAssets           - Loading FXGLAssets
15:01:59.826 [JavaFX Application Thread] DEBUG AssetLoader          - Loading from disk: /assets/ui/fonts/VarelaRound-Regular.ttf
15:01:59.902 [JavaFX Application Thread] DEBUG AssetLoader          - Loading from disk: /assets/ui/fonts/lucida_console.ttf
15:01:59.911 [JavaFX Application Thread] DEBUG AssetLoader          - Loading from disk: /assets/ui/fonts/Courier-Prime.ttf
15:01:59.917 [JavaFX Application Thread] DEBUG AssetLoader          - Loading from disk: /assets/ui/fonts/Abel-Regular.ttf
15:01:59.924 [JavaFX Application Thread] DEBUG AssetLoader          - Loading from disk: /assets/ui/css/fxgl_dark.css
15:01:59.955 [JavaFX Application Thread] DEBUG AssetLoader          - Loading from disk: /assets/ui/cursors/fxgl_default.png
15:01:59.990 [JavaFX Application Thread] DEBUG AssetLoader          - Loading from disk: /assets/ui/cursors/fxgl_default.png
15:02:00.006 [JavaFX Application Thread] DEBUG GameScene            - Game scene initialized: 400x600
15:02:00.009 [JavaFX Application Thread] DEBUG GameWorld            - Game world initialized
15:02:00.051 [JavaFX Application Thread] DEBUG PhysicsWorld         - Physics world initialized: appHeight=600, physics.ppm=50.0
15:02:00.067 [JavaFX Application Thread] DEBUG Input                - Registered new binding: Pause - Esc
15:02:00.084 [JavaFX Application Thread] DEBUG Input                - Clearing active input actions
15:02:00.114 [JavaFX Application Thread] DEBUG AppStateMachine      - StartupState -> StartupState
15:02:00.117 [JavaFX Application Thread] INFO  GameApplication      - Game configuration took:  0.412 sec
15:02:00.119 [JavaFX Application Thread] DEBUG AssetLoader          - Loading from disk: /assets/textures/fxgl_icon.png
15:02:00.127 [JavaFX Application Thread] DEBUG MainWindow           - Opening main window
15:02:00.282 [JavaFX Application Thread] DEBUG MainWindow           - Window border size: (6.0, 29.0)
15:02:00.282 [JavaFX Application Thread] DEBUG MainWindow           - Scaled size: 400.0 x 600.0
15:02:00.282 [JavaFX Application Thread] DEBUG MainWindow           - Scaled ratio: (1.0, 1.0)
15:02:00.283 [JavaFX Application Thread] DEBUG MainWindow           - Scene size: 400.0 x 600.0
15:02:00.283 [JavaFX Application Thread] DEBUG MainWindow           - Stage size: 406.0 x 629.0
15:02:00.283 [JavaFX Application Thread] DEBUG GameApplication      - Running preInit()
15:02:00.285 [JavaFX Application Thread] DEBUG Input                - Registered new binding: Screenshot - P
15:02:00.285 [JavaFX Application Thread] DEBUG Input                - Registered new binding: Dev Options - CTRL+0
15:02:00.285 [JavaFX Application Thread] DEBUG Input                - Registered new binding: System info dump - CTRL+9
15:02:00.286 [JavaFX Application Thread] DEBUG Input                - Registered new binding: Restart - CTRL+R
15:02:00.286 [JavaFX Application Thread] DEBUG Input                - Registered new binding: Release Ball - Space
15:02:00.286 [JavaFX Application Thread] DEBUG Input                - Registered new binding: LeftFlipper Movement - Left
15:02:00.286 [JavaFX Application Thread] DEBUG Input                - Registered new binding: RightFlipper Movement - Right
15:02:00.286 [JavaFX Application Thread] DEBUG Input                - Registered new binding: New Table - N
15:02:00.308 [JavaFX Application Thread] DEBUG GameApplication      - Starting main loop
15:02:00.310 [JavaFX Application Thread] DEBUG StartupState         - STARTUP
15:02:00.310 [JavaFX Application Thread] DEBUG GameApplication      - Starting new game
15:02:00.310 [JavaFX Application Thread] DEBUG Input                - Clearing active input actions
15:02:00.315 [JavaFX Application Thread] DEBUG AppStateMachine      - StartupState -> LoadingState
15:02:00.319 [FXGL Background Thread 1 ] DEBUG InitAppTask          - Clearing previous game
15:02:00.319 [FXGL Background Thread 1 ] DEBUG GameWorld            - Clearing game world
15:02:00.319 [FXGL Background Thread 1 ] DEBUG PhysicsWorld         - Clearing physics world
15:02:00.319 [FXGL Background Thread 1 ] DEBUG GameScene            - Clearing game scene
15:02:00.320 [FXGL Background Thread 1 ] DEBUG InitAppTask          - Initializing Game
15:02:00.393 [FXGL Background Thread 1 ] DEBUG GameScene            - Creating render group for layer: DEFAULT(100000)
15:02:00.395 [FXGL Background Thread 1 ] DEBUG AssetLoader          - Loading from disk: /assets/textures/piñi.jpg
15:02:00.435 [FXGL Background Thread 1 ] DEBUG InitAppTask          - Initializing Physics
15:02:00.436 [FXGL Background Thread 1 ] DEBUG InitAppTask          - Initializing UI
15:02:00.436 [FXGL Background Thread 1 ] DEBUG InitAppTask          - Initialization Complete
15:02:00.436 [FXGL Background Thread 1 ] INFO  InitAppTask          - Game initialization took: 0.117 sec
15:02:00.450 [JavaFX Application Thread] DEBUG Input                - Clearing active input actions
15:02:00.455 [JavaFX Application Thread] DEBUG AppStateMachine      - LoadingState -> PlayState
15:02:10.149 [JavaFX Application Thread] DEBUG AssetLoader          - Loading from disk: /assets/textures/wheel.png
15:02:16.651 [JavaFX Application Thread] DEBUG GameApplication      - Exiting game application
15:02:16.652 [JavaFX Application Thread] DEBUG GameApplication      - Shutting down background threads
15:02:16.652 [JavaFX Application Thread] INFO  Profiler             - Processed Frames: 1025
15:02:16.652 [JavaFX Application Thread] INFO  Profiler             - Average FPS: 59
15:02:16.653 [JavaFX Application Thread] INFO  Profiler             - Avg Frame Took: 0.12 ms
15:02:16.653 [JavaFX Application Thread] INFO  Profiler             - Avg Memory Usage: 25 MB
15:02:16.653 [JavaFX Application Thread] INFO  Profiler             - Min Memory Usage: 8 MB
15:02:16.653 [JavaFX Application Thread] INFO  Profiler             - Max Memory Usage: 39 MB
15:02:16.653 [JavaFX Application Thread] INFO  Profiler             - Estimated GC runs: 0
15:02:16.653 [JavaFX Application Thread] DEBUG GameApplication      - Exiting FXGL
15:02:16.653 [JavaFX Application Thread] DEBUG FXGL                 - Saving FXGL system data
15:02:16.656 [JavaFX Application Thread] DEBUG DesktopFSService     - Writing to: system\fxgl.bundle
15:02:16.660 [JavaFX Application Thread] DEBUG GameApplication      - Closing logger and exiting JavaFX
