01:02:58.754 [JavaFX Application Thread] DEBUG GameApplication      - Logger initialized
01:02:58.764 [JavaFX Application Thread] DEBUG MainWindow           - Creating a JavaFX scene
01:02:58.930 [JavaFX Application Thread] DEBUG MainWindow           - Target settings size: 400.0 x 600.0
01:02:58.931 [JavaFX Application Thread] DEBUG MainWindow           - Scaled scene size:    400.0 x 600.0
01:02:58.931 [JavaFX Application Thread] DEBUG MainWindow           - Scaled ratio: (1.0, 1.0)
01:02:58.937 [JavaFX Application Thread] DEBUG GameApplication      - Starting FXGL
01:02:58.943 [JavaFX Application Thread] INFO  FXGL                 - FXGL-0.5.3 on DESKTOP
01:02:58.943 [JavaFX Application Thread] INFO  FXGL                 - Source code and latest versions at: https://github.com/AlmasB/FXGL
01:02:58.944 [JavaFX Application Thread] INFO  FXGL                 -              Join the FXGL chat at: https://gitter.im/AlmasB/FXGL
01:02:58.953 [JavaFX Application Thread] DEBUG FS                   - Loaded DesktopFSService
01:02:58.953 [JavaFX Application Thread] DEBUG FXGL                 - Loading FXGL system data
01:02:58.963 [JavaFX Application Thread] DEBUG DesktopFSService     - Reading from: system/fxgl.bundle
01:02:58.987 [JavaFX Application Thread] DEBUG Bundle               - Logging bundle: FXGL
01:02:58.990 [JavaFX Application Thread] DEBUG Bundle               - FXGL.offline.timer.version.check=2018-07-24T21:09:25.379
01:02:59.047 [JavaFX Application Thread] DEBUG GameApplication      - FXGL started
01:02:59.048 [JavaFX Application Thread] DEBUG GameApplication      - Logging game settings
Title: Pinball
Version: 0.1
Width: 400
Height: 600
Fullscreen: false
Intro: false
Menus: false
Profiling: true
Single step:false
App Mode: DEBUG
Menu Key: ESCAPE
Stage Style: DECORATED
Scene Factory: class com.almasb.fxgl.scene.SceneFactory
Dialog Factory: class com.almasb.fxgl.ui.FXGLDialogFactory
UI Factory: class com.almasb.fxgl.ui.FXGLUIFactory
Notification Service: class com.almasb.fxgl.gameplay.notification.XboxNotificationView
Exception Handler: class com.almasb.fxgl.app.FXGLExceptionHandler
01:02:59.051 [JavaFX Application Thread] DEBUG GameApplication      - Configuring GameApplication
01:02:59.053 [JavaFX Application Thread] DEBUG GameApplication      - Initializing state machine and application states
01:02:59.083 [JavaFX Application Thread] DEBUG AssetLoader          - Loading from disk: /assets/ui/cursors/fxgl_default.png
01:02:59.126 [JavaFX Application Thread] DEBUG AssetLoader          - Loading from disk: /assets/ui/cursors/fxgl_default.png
01:02:59.186 [JavaFX Application Thread] DEBUG FXGLAssets           - Loading FXGLAssets
01:02:59.272 [JavaFX Application Thread] DEBUG AssetLoader          - Loading from disk: /assets/ui/fonts/VarelaRound-Regular.ttf
01:02:59.305 [JavaFX Application Thread] DEBUG AssetLoader          - Loading from disk: /assets/ui/fonts/lucida_console.ttf
01:02:59.310 [JavaFX Application Thread] DEBUG AssetLoader          - Loading from disk: /assets/ui/fonts/Courier-Prime.ttf
01:02:59.314 [JavaFX Application Thread] DEBUG AssetLoader          - Loading from disk: /assets/ui/fonts/Abel-Regular.ttf
01:02:59.319 [JavaFX Application Thread] DEBUG AssetLoader          - Loading from disk: /assets/ui/css/fxgl_dark.css
01:02:59.390 [JavaFX Application Thread] DEBUG AssetLoader          - Loading from disk: /assets/ui/cursors/fxgl_default.png
01:02:59.513 [JavaFX Application Thread] DEBUG AssetLoader          - Loading from disk: /assets/ui/cursors/fxgl_default.png
01:02:59.543 [JavaFX Application Thread] DEBUG GameScene            - Game scene initialized: 400x600
01:02:59.547 [JavaFX Application Thread] DEBUG GameWorld            - Game world initialized
01:02:59.605 [JavaFX Application Thread] DEBUG PhysicsWorld         - Physics world initialized: appHeight=600, physics.ppm=50.0
01:02:59.626 [JavaFX Application Thread] DEBUG Input                - Registered new binding: Pause - Esc
01:02:59.645 [JavaFX Application Thread] DEBUG Input                - Clearing active input actions
01:02:59.690 [JavaFX Application Thread] DEBUG AppStateMachine      - StartupState -> StartupState
01:02:59.703 [JavaFX Application Thread] INFO  GameApplication      - Game configuration took:  0.650 sec
01:02:59.706 [JavaFX Application Thread] DEBUG AssetLoader          - Loading from disk: /assets/textures/fxgl_icon.png
01:02:59.725 [JavaFX Application Thread] DEBUG MainWindow           - Opening main window
01:02:59.822 [JavaFX Application Thread] DEBUG MainWindow           - Window border size: (0.0, 0.0)
01:02:59.822 [JavaFX Application Thread] DEBUG MainWindow           - Scaled size: 400.0 x 600.0
01:02:59.823 [JavaFX Application Thread] DEBUG MainWindow           - Scaled ratio: (1.0, 1.0)
01:02:59.823 [JavaFX Application Thread] DEBUG MainWindow           - Scene size: 400.0 x 600.0
01:02:59.823 [JavaFX Application Thread] DEBUG MainWindow           - Stage size: 400.0 x 600.0
01:02:59.823 [JavaFX Application Thread] DEBUG GameApplication      - Running preInit()
01:02:59.828 [JavaFX Application Thread] DEBUG Input                - Registered new binding: Screenshot - P
01:02:59.829 [JavaFX Application Thread] DEBUG Input                - Registered new binding: Dev Options - CTRL+0
01:02:59.830 [JavaFX Application Thread] DEBUG Input                - Registered new binding: System info dump - CTRL+9
01:02:59.831 [JavaFX Application Thread] DEBUG Input                - Registered new binding: Restart - CTRL+R
01:02:59.831 [JavaFX Application Thread] DEBUG Input                - Registered new binding: Release Ball - Space
01:02:59.880 [JavaFX Application Thread] DEBUG GameApplication      - Starting main loop
01:02:59.894 [JavaFX Application Thread] DEBUG StartupState         - STARTUP
01:02:59.894 [JavaFX Application Thread] DEBUG GameApplication      - Starting new game
01:02:59.894 [JavaFX Application Thread] DEBUG Input                - Clearing active input actions
01:02:59.912 [JavaFX Application Thread] DEBUG AppStateMachine      - StartupState -> LoadingState
01:02:59.919 [FXGL Background Thread 1 ] DEBUG InitAppTask          - Clearing previous game
01:02:59.925 [FXGL Background Thread 1 ] DEBUG GameWorld            - Clearing game world
01:02:59.925 [FXGL Background Thread 1 ] DEBUG PhysicsWorld         - Clearing physics world
01:02:59.926 [FXGL Background Thread 1 ] DEBUG GameScene            - Clearing game scene
01:02:59.928 [FXGL Background Thread 1 ] DEBUG InitAppTask          - Initializing Game
01:03:00.060 [FXGL Background Thread 1 ] DEBUG GameScene            - Creating render group for layer: DEFAULT(100000)
01:03:00.067 [FXGL Background Thread 1 ] DEBUG InitAppTask          - Initializing Physics
01:03:00.068 [FXGL Background Thread 1 ] DEBUG InitAppTask          - Initializing UI
01:03:00.068 [FXGL Background Thread 1 ] DEBUG InitAppTask          - Initialization Complete
01:03:00.068 [FXGL Background Thread 1 ] INFO  InitAppTask          - Game initialization took: 0.149 sec
01:03:00.100 [JavaFX Application Thread] DEBUG Input                - Clearing active input actions
01:03:00.107 [JavaFX Application Thread] DEBUG AppStateMachine      - LoadingState -> PlayState
01:03:02.352 [JavaFX Application Thread] DEBUG GameApplication      - Exiting game application
01:03:02.354 [JavaFX Application Thread] DEBUG GameApplication      - Shutting down background threads
01:03:02.355 [JavaFX Application Thread] INFO  Profiler             - Processed Frames: 150
01:03:02.355 [JavaFX Application Thread] INFO  Profiler             - Average FPS: 59
01:03:02.355 [JavaFX Application Thread] INFO  Profiler             - Avg Frame Took: 0.39 ms
01:03:02.356 [JavaFX Application Thread] INFO  Profiler             - Avg Memory Usage: 23 MB
01:03:02.356 [JavaFX Application Thread] INFO  Profiler             - Min Memory Usage: 7 MB
01:03:02.356 [JavaFX Application Thread] INFO  Profiler             - Max Memory Usage: 24 MB
01:03:02.357 [JavaFX Application Thread] INFO  Profiler             - Estimated GC runs: 0
01:03:02.357 [JavaFX Application Thread] DEBUG GameApplication      - Exiting FXGL
01:03:02.357 [JavaFX Application Thread] DEBUG FXGL                 - Saving FXGL system data
01:03:02.361 [JavaFX Application Thread] DEBUG DesktopFSService     - Writing to: system/fxgl.bundle
01:03:02.365 [JavaFX Application Thread] DEBUG GameApplication      - Closing logger and exiting JavaFX
