20:17:59.205 [JavaFX Application Thread] DEBUG GameApplication      - Logger initialized
20:17:59.212 [JavaFX Application Thread] DEBUG MainWindow           - Creating a JavaFX scene
20:17:59.378 [JavaFX Application Thread] DEBUG MainWindow           - Target settings size: 400.0 x 600.0
20:17:59.378 [JavaFX Application Thread] DEBUG MainWindow           - Scaled scene size:    400.0 x 600.0
20:17:59.379 [JavaFX Application Thread] DEBUG MainWindow           - Scaled ratio: (1.0, 1.0)
20:17:59.386 [JavaFX Application Thread] DEBUG GameApplication      - Starting FXGL
20:17:59.391 [JavaFX Application Thread] INFO  FXGL                 - FXGL-0.5.3 on DESKTOP
20:17:59.392 [JavaFX Application Thread] INFO  FXGL                 - Source code and latest versions at: https://github.com/AlmasB/FXGL
20:17:59.392 [JavaFX Application Thread] INFO  FXGL                 -              Join the FXGL chat at: https://gitter.im/AlmasB/FXGL
20:17:59.401 [JavaFX Application Thread] DEBUG FS                   - Loaded DesktopFSService
20:17:59.402 [JavaFX Application Thread] DEBUG FXGL                 - Loading FXGL system data
20:17:59.429 [JavaFX Application Thread] DEBUG DesktopFSService     - Reading from: system/fxgl.bundle
20:17:59.441 [JavaFX Application Thread] DEBUG Bundle               - Logging bundle: FXGL
20:17:59.442 [JavaFX Application Thread] DEBUG Bundle               - FXGL.offline.timer.version.check=2018-07-24T21:09:25.379
20:17:59.480 [JavaFX Application Thread] DEBUG GameApplication      - FXGL started
20:17:59.481 [JavaFX Application Thread] DEBUG GameApplication      - Logging game settings
Title: Pinball
Version: 0.1
Width: 400
Height: 600
Fullscreen: false
Intro: false
Menus: false
Profiling: false
Single step:false
App Mode: DEVELOPER
Menu Key: ESCAPE
Stage Style: DECORATED
Scene Factory: class com.almasb.fxgl.scene.SceneFactory
Dialog Factory: class com.almasb.fxgl.ui.FXGLDialogFactory
UI Factory: class com.almasb.fxgl.ui.FXGLUIFactory
Notification Service: class com.almasb.fxgl.gameplay.notification.XboxNotificationView
Exception Handler: class com.almasb.fxgl.app.FXGLExceptionHandler
20:17:59.482 [JavaFX Application Thread] DEBUG GameApplication      - Configuring GameApplication
20:17:59.482 [JavaFX Application Thread] DEBUG GameApplication      - Initializing state machine and application states
20:17:59.497 [JavaFX Application Thread] DEBUG AssetLoader          - Loading from disk: /assets/ui/cursors/fxgl_default.png
20:17:59.524 [JavaFX Application Thread] DEBUG AssetLoader          - Loading from disk: /assets/ui/cursors/fxgl_default.png
20:17:59.562 [JavaFX Application Thread] DEBUG FXGLAssets           - Loading FXGLAssets
20:17:59.607 [JavaFX Application Thread] DEBUG AssetLoader          - Loading from disk: /assets/ui/fonts/VarelaRound-Regular.ttf
20:17:59.627 [JavaFX Application Thread] DEBUG AssetLoader          - Loading from disk: /assets/ui/fonts/lucida_console.ttf
20:17:59.632 [JavaFX Application Thread] DEBUG AssetLoader          - Loading from disk: /assets/ui/fonts/Courier-Prime.ttf
20:17:59.637 [JavaFX Application Thread] DEBUG AssetLoader          - Loading from disk: /assets/ui/fonts/Abel-Regular.ttf
20:17:59.640 [JavaFX Application Thread] DEBUG AssetLoader          - Loading from disk: /assets/ui/css/fxgl_dark.css
20:17:59.695 [JavaFX Application Thread] DEBUG AssetLoader          - Loading from disk: /assets/ui/cursors/fxgl_default.png
20:17:59.807 [JavaFX Application Thread] DEBUG AssetLoader          - Loading from disk: /assets/ui/cursors/fxgl_default.png
20:17:59.846 [JavaFX Application Thread] DEBUG GameScene            - Game scene initialized: 400x600
20:17:59.852 [JavaFX Application Thread] DEBUG GameWorld            - Game world initialized
20:17:59.930 [JavaFX Application Thread] DEBUG PhysicsWorld         - Physics world initialized: appHeight=600, physics.ppm=50.0
20:17:59.950 [JavaFX Application Thread] DEBUG Input                - Registered new binding: Pause - Esc
20:17:59.971 [JavaFX Application Thread] DEBUG Input                - Clearing active input actions
20:18:00.102 [JavaFX Application Thread] DEBUG AppStateMachine      - StartupState -> StartupState
20:18:00.114 [JavaFX Application Thread] INFO  GameApplication      - Game configuration took:  0.632 sec
20:18:00.120 [JavaFX Application Thread] DEBUG AssetLoader          - Loading from disk: /assets/textures/fxgl_icon.png
20:18:00.147 [JavaFX Application Thread] DEBUG MainWindow           - Opening main window
20:18:00.239 [JavaFX Application Thread] DEBUG MainWindow           - Window border size: (0.0, 0.0)
20:18:00.240 [JavaFX Application Thread] DEBUG MainWindow           - Scaled size: 400.0 x 600.0
20:18:00.240 [JavaFX Application Thread] DEBUG MainWindow           - Scaled ratio: (1.0, 1.0)
20:18:00.240 [JavaFX Application Thread] DEBUG MainWindow           - Scene size: 400.0 x 600.0
20:18:00.240 [JavaFX Application Thread] DEBUG MainWindow           - Stage size: 400.0 x 600.0
20:18:00.240 [JavaFX Application Thread] DEBUG GameApplication      - Running preInit()
20:18:00.242 [JavaFX Application Thread] DEBUG Input                - Registered new binding: Screenshot - P
20:18:00.243 [JavaFX Application Thread] DEBUG Input                - Registered new binding: Dev Options - CTRL+0
20:18:00.243 [JavaFX Application Thread] DEBUG Input                - Registered new binding: System info dump - CTRL+9
20:18:00.244 [JavaFX Application Thread] DEBUG Input                - Registered new binding: Restart - CTRL+R
20:18:00.244 [JavaFX Application Thread] DEBUG Input                - Registered new binding: Release Ball   - Space
20:18:00.288 [JavaFX Application Thread] DEBUG GameApplication      - Starting main loop
20:18:00.315 [JavaFX Application Thread] DEBUG StartupState         - STARTUP
20:18:00.315 [JavaFX Application Thread] DEBUG GameApplication      - Starting new game
20:18:00.315 [JavaFX Application Thread] DEBUG Input                - Clearing active input actions
20:18:00.324 [JavaFX Application Thread] DEBUG AppStateMachine      - StartupState -> LoadingState
20:18:00.331 [FXGL Background Thread 1 ] DEBUG InitAppTask          - Clearing previous game
20:18:00.331 [FXGL Background Thread 1 ] DEBUG GameWorld            - Clearing game world
20:18:00.332 [FXGL Background Thread 1 ] DEBUG PhysicsWorld         - Clearing physics world
20:18:00.332 [FXGL Background Thread 1 ] DEBUG GameScene            - Clearing game scene
20:18:00.334 [FXGL Background Thread 1 ] DEBUG InitAppTask          - Initializing Game
20:18:00.456 [FXGL Background Thread 1 ] DEBUG GameScene            - Creating render group for layer: DEFAULT(100000)
20:18:00.462 [FXGL Background Thread 1 ] DEBUG InitAppTask          - Initializing Physics
20:18:00.462 [FXGL Background Thread 1 ] DEBUG InitAppTask          - Initializing UI
20:18:00.462 [FXGL Background Thread 1 ] DEBUG InitAppTask          - Initialization Complete
20:18:00.462 [FXGL Background Thread 1 ] INFO  InitAppTask          - Game initialization took: 0.131 sec
20:18:00.480 [JavaFX Application Thread] DEBUG Input                - Clearing active input actions
20:18:00.487 [JavaFX Application Thread] DEBUG AppStateMachine      - LoadingState -> PlayState
20:18:04.967 [JavaFX Application Thread] DEBUG GameApplication      - Exiting game application
20:18:04.970 [JavaFX Application Thread] DEBUG GameApplication      - Shutting down background threads
20:18:04.971 [JavaFX Application Thread] DEBUG GameApplication      - Exiting FXGL
20:18:04.971 [JavaFX Application Thread] DEBUG FXGL                 - Saving FXGL system data
20:18:04.976 [JavaFX Application Thread] DEBUG DesktopFSService     - Writing to: system/fxgl.bundle
20:18:04.981 [JavaFX Application Thread] DEBUG GameApplication      - Closing logger and exiting JavaFX
