05:55:52.912 [JavaFX Application Thread] DEBUG GameApplication      - Logger initialized
05:55:52.935 [JavaFX Application Thread] DEBUG MainWindow           - Creating a JavaFX scene
05:55:53.061 [JavaFX Application Thread] DEBUG MainWindow           - Target settings size: 400.0 x 600.0
05:55:53.061 [JavaFX Application Thread] DEBUG MainWindow           - Scaled scene size:    400.0 x 600.0
05:55:53.062 [JavaFX Application Thread] DEBUG MainWindow           - Scaled ratio: (1.0, 1.0)
05:55:53.069 [JavaFX Application Thread] DEBUG GameApplication      - Starting FXGL
05:55:53.074 [JavaFX Application Thread] INFO  FXGL                 - FXGL-0.5.3 on DESKTOP
05:55:53.074 [JavaFX Application Thread] INFO  FXGL                 - Source code and latest versions at: https://github.com/AlmasB/FXGL
05:55:53.074 [JavaFX Application Thread] INFO  FXGL                 -              Join the FXGL chat at: https://gitter.im/AlmasB/FXGL
05:55:53.086 [JavaFX Application Thread] DEBUG FS                   - Loaded DesktopFSService
05:55:53.087 [JavaFX Application Thread] DEBUG FXGL                 - Loading FXGL system data
05:55:53.097 [JavaFX Application Thread] DEBUG DesktopFSService     - Reading from: system\fxgl.bundle
05:55:53.111 [JavaFX Application Thread] DEBUG Bundle               - Logging bundle: FXGL
05:55:53.112 [JavaFX Application Thread] DEBUG Bundle               - FXGL.offline.timer.version.check=2018-07-24T21:09:25.379
05:55:53.163 [JavaFX Application Thread] DEBUG GameApplication      - FXGL started
05:55:53.163 [JavaFX Application Thread] DEBUG GameApplication      - Logging game settings
Title: Pinball
Version: 0.1
Width: 400
Height: 600
Fullscreen: false
Intro: false
Menus: false
Profiling: true
Single step:false
App Mode: DEBUG
Menu Key: ESCAPE
Stage Style: DECORATED
Scene Factory: class com.almasb.fxgl.scene.SceneFactory
Dialog Factory: class com.almasb.fxgl.ui.FXGLDialogFactory
UI Factory: class com.almasb.fxgl.ui.FXGLUIFactory
Notification Service: class com.almasb.fxgl.gameplay.notification.XboxNotificationView
Exception Handler: class com.almasb.fxgl.app.FXGLExceptionHandler
05:55:53.165 [JavaFX Application Thread] DEBUG GameApplication      - Configuring GameApplication
05:55:53.165 [JavaFX Application Thread] DEBUG GameApplication      - Initializing state machine and application states
05:55:53.190 [JavaFX Application Thread] DEBUG AssetLoader          - Loading from disk: /assets/ui/cursors/fxgl_default.png
05:55:53.216 [JavaFX Application Thread] DEBUG AssetLoader          - Loading from disk: /assets/ui/cursors/fxgl_default.png
05:55:53.246 [JavaFX Application Thread] DEBUG FXGLAssets           - Loading FXGLAssets
05:55:53.278 [JavaFX Application Thread] DEBUG AssetLoader          - Loading from disk: /assets/ui/fonts/VarelaRound-Regular.ttf
05:55:53.463 [JavaFX Application Thread] DEBUG AssetLoader          - Loading from disk: /assets/ui/fonts/lucida_console.ttf
05:55:53.484 [JavaFX Application Thread] DEBUG AssetLoader          - Loading from disk: /assets/ui/fonts/Courier-Prime.ttf
05:55:53.514 [JavaFX Application Thread] DEBUG AssetLoader          - Loading from disk: /assets/ui/fonts/Abel-Regular.ttf
05:55:53.552 [JavaFX Application Thread] DEBUG AssetLoader          - Loading from disk: /assets/ui/css/fxgl_dark.css
05:55:53.614 [JavaFX Application Thread] DEBUG AssetLoader          - Loading from disk: /assets/ui/cursors/fxgl_default.png
05:55:53.734 [JavaFX Application Thread] DEBUG AssetLoader          - Loading from disk: /assets/ui/cursors/fxgl_default.png
05:55:53.770 [JavaFX Application Thread] DEBUG GameScene            - Game scene initialized: 400x600
05:55:53.780 [JavaFX Application Thread] DEBUG GameWorld            - Game world initialized
05:55:53.884 [JavaFX Application Thread] DEBUG PhysicsWorld         - Physics world initialized: appHeight=600, physics.ppm=50,0
05:55:53.907 [JavaFX Application Thread] DEBUG Input                - Registered new binding: Pause - Esc
05:55:53.953 [JavaFX Application Thread] DEBUG Input                - Clearing active input actions
05:55:54.026 [JavaFX Application Thread] DEBUG AppStateMachine      - StartupState -> StartupState
05:55:54.032 [JavaFX Application Thread] INFO  GameApplication      - Game configuration took:  0,866 sec
05:55:54.036 [JavaFX Application Thread] DEBUG AssetLoader          - Loading from disk: /assets/textures/fxgl_icon.png
05:55:54.063 [JavaFX Application Thread] DEBUG MainWindow           - Opening main window
05:55:54.270 [JavaFX Application Thread] DEBUG MainWindow           - Window border size: (6.0, 29.0)
05:55:54.270 [JavaFX Application Thread] DEBUG MainWindow           - Scaled size: 400.0 x 600.0
05:55:54.270 [JavaFX Application Thread] DEBUG MainWindow           - Scaled ratio: (1.0, 1.0)
05:55:54.270 [JavaFX Application Thread] DEBUG MainWindow           - Scene size: 400.0 x 600.0
05:55:54.271 [JavaFX Application Thread] DEBUG MainWindow           - Stage size: 406.0 x 629.0
05:55:54.271 [JavaFX Application Thread] DEBUG GameApplication      - Running preInit()
05:55:54.275 [JavaFX Application Thread] DEBUG Input                - Registered new binding: Screenshot - P
05:55:54.276 [JavaFX Application Thread] DEBUG Input                - Registered new binding: Dev Options - CTRL+0
05:55:54.278 [JavaFX Application Thread] DEBUG Input                - Registered new binding: System info dump - CTRL+9
05:55:54.279 [JavaFX Application Thread] DEBUG Input                - Registered new binding: Restart - CTRL+R
05:55:54.280 [JavaFX Application Thread] DEBUG Input                - Registered new binding: Release Ball - Space
05:55:54.330 [JavaFX Application Thread] DEBUG GameApplication      - Starting main loop
05:55:54.334 [JavaFX Application Thread] DEBUG StartupState         - STARTUP
05:55:54.334 [JavaFX Application Thread] DEBUG GameApplication      - Starting new game
05:55:54.334 [JavaFX Application Thread] DEBUG Input                - Clearing active input actions
05:55:54.344 [JavaFX Application Thread] DEBUG AppStateMachine      - StartupState -> LoadingState
05:55:54.416 [FXGL Background Thread 1 ] DEBUG InitAppTask          - Clearing previous game
05:55:54.417 [FXGL Background Thread 1 ] DEBUG GameWorld            - Clearing game world
05:55:54.418 [FXGL Background Thread 1 ] DEBUG PhysicsWorld         - Clearing physics world
05:55:54.418 [FXGL Background Thread 1 ] DEBUG GameScene            - Clearing game scene
05:55:54.423 [FXGL Background Thread 1 ] DEBUG InitAppTask          - Initializing Game
05:55:54.571 [FXGL Background Thread 1 ] DEBUG GameScene            - Creating render group for layer: DEFAULT(100000)
05:55:54.586 [FXGL Background Thread 1 ] DEBUG InitAppTask          - Initializing Physics
05:55:54.587 [FXGL Background Thread 1 ] DEBUG InitAppTask          - Initializing UI
05:55:54.587 [FXGL Background Thread 1 ] DEBUG InitAppTask          - Initialization Complete
05:55:54.587 [FXGL Background Thread 1 ] INFO  InitAppTask          - Game initialization took: 0,171 sec
05:55:54.602 [JavaFX Application Thread] DEBUG Input                - Clearing active input actions
05:55:54.610 [JavaFX Application Thread] DEBUG AppStateMachine      - LoadingState -> PlayState
05:56:04.878 [JavaFX Application Thread] DEBUG AssetLoader          - Loading from cache: /assets/sounds/fium.wav
05:56:06.970 [JavaFX Application Thread] DEBUG AssetLoader          - Loading from cache: /assets/sounds/haha.wav
05:56:06.998 [JavaFX Application Thread] DEBUG AssetLoader          - Loading from cache: /assets/sounds/fium.wav
05:56:09.082 [JavaFX Application Thread] DEBUG AssetLoader          - Loading from cache: /assets/sounds/haha.wav
05:56:09.207 [JavaFX Application Thread] DEBUG AssetLoader          - Loading from cache: /assets/sounds/fium.wav
05:56:11.930 [JavaFX Application Thread] DEBUG AssetLoader          - Loading from cache: /assets/sounds/haha.wav
05:56:12.403 [JavaFX Application Thread] DEBUG AssetLoader          - Loading from cache: /assets/sounds/fium.wav
05:56:14.490 [JavaFX Application Thread] DEBUG AssetLoader          - Loading from cache: /assets/sounds/haha.wav
05:56:14.572 [JavaFX Application Thread] DEBUG AssetLoader          - Loading from cache: /assets/sounds/fium.wav
05:56:16.970 [JavaFX Application Thread] DEBUG AssetLoader          - Loading from cache: /assets/sounds/haha.wav
05:56:17.258 [JavaFX Application Thread] DEBUG AssetLoader          - Loading from cache: /assets/sounds/fium.wav
05:56:19.322 [JavaFX Application Thread] DEBUG AssetLoader          - Loading from cache: /assets/sounds/haha.wav
05:56:21.250 [JavaFX Application Thread] DEBUG AssetLoader          - Loading from cache: /assets/sounds/fium.wav
05:56:23.338 [JavaFX Application Thread] DEBUG AssetLoader          - Loading from cache: /assets/sounds/haha.wav
05:56:29.062 [JavaFX Application Thread] DEBUG GameApplication      - Exiting game application
05:56:29.064 [JavaFX Application Thread] DEBUG GameApplication      - Shutting down background threads
05:56:29.066 [JavaFX Application Thread] INFO  Profiler             - Processed Frames: 2044
05:56:29.066 [JavaFX Application Thread] INFO  Profiler             - Average FPS: 57
05:56:29.067 [JavaFX Application Thread] INFO  Profiler             - Avg Frame Took: 0,20 ms
05:56:29.067 [JavaFX Application Thread] INFO  Profiler             - Avg Memory Usage: 29 MB
05:56:29.067 [JavaFX Application Thread] INFO  Profiler             - Min Memory Usage: 8 MB
05:56:29.068 [JavaFX Application Thread] INFO  Profiler             - Max Memory Usage: 43 MB
05:56:29.068 [JavaFX Application Thread] INFO  Profiler             - Estimated GC runs: 3
05:56:29.069 [JavaFX Application Thread] DEBUG GameApplication      - Exiting FXGL
05:56:29.069 [JavaFX Application Thread] DEBUG FXGL                 - Saving FXGL system data
05:56:29.077 [JavaFX Application Thread] DEBUG DesktopFSService     - Writing to: system\fxgl.bundle
05:56:29.091 [JavaFX Application Thread] DEBUG GameApplication      - Closing logger and exiting JavaFX
