15:32:58.484 [JavaFX Application Thread] DEBUG GameApplication      - Logger initialized
15:32:58.491 [JavaFX Application Thread] DEBUG MainWindow           - Creating a JavaFX scene
15:32:58.571 [JavaFX Application Thread] DEBUG MainWindow           - Target settings size: 400.0 x 600.0
15:32:58.571 [JavaFX Application Thread] DEBUG MainWindow           - Scaled scene size:    400.0 x 600.0
15:32:58.571 [JavaFX Application Thread] DEBUG MainWindow           - Scaled ratio: (1.0, 1.0)
15:32:58.577 [JavaFX Application Thread] DEBUG GameApplication      - Starting FXGL
15:32:58.582 [JavaFX Application Thread] INFO  FXGL                 - FXGL-0.5.3 on DESKTOP
15:32:58.585 [JavaFX Application Thread] INFO  FXGL                 - Source code and latest versions at: https://github.com/AlmasB/FXGL
15:32:58.585 [JavaFX Application Thread] INFO  FXGL                 -              Join the FXGL chat at: https://gitter.im/AlmasB/FXGL
15:32:58.593 [JavaFX Application Thread] DEBUG FS                   - Loaded DesktopFSService
15:32:58.594 [JavaFX Application Thread] DEBUG FXGL                 - Loading FXGL system data
15:32:58.603 [JavaFX Application Thread] DEBUG DesktopFSService     - Reading from: system\fxgl.bundle
15:32:58.614 [JavaFX Application Thread] DEBUG Bundle               - Logging bundle: FXGL
15:32:58.614 [JavaFX Application Thread] DEBUG Bundle               - FXGL.offline.timer.version.check=2018-08-18T15:14:28.733
15:32:58.645 [JavaFX Application Thread] DEBUG GameApplication      - FXGL started
15:32:58.645 [JavaFX Application Thread] DEBUG GameApplication      - Logging game settings
Title: Pinball
Version: 0.1
Width: 400
Height: 600
Fullscreen: false
Intro: false
Menus: false
Profiling: true
Single step:false
App Mode: DEBUG
Menu Key: ESCAPE
Stage Style: DECORATED
Scene Factory: class com.almasb.fxgl.scene.SceneFactory
Dialog Factory: class com.almasb.fxgl.ui.FXGLDialogFactory
UI Factory: class com.almasb.fxgl.ui.FXGLUIFactory
Notification Service: class com.almasb.fxgl.gameplay.notification.XboxNotificationView
Exception Handler: class com.almasb.fxgl.app.FXGLExceptionHandler
15:32:58.646 [JavaFX Application Thread] DEBUG GameApplication      - Configuring GameApplication
15:32:58.646 [JavaFX Application Thread] DEBUG GameApplication      - Initializing state machine and application states
15:32:58.660 [JavaFX Application Thread] DEBUG AssetLoader          - Loading from disk: /assets/ui/cursors/fxgl_default.png
15:32:58.678 [JavaFX Application Thread] DEBUG AssetLoader          - Loading from disk: /assets/ui/cursors/fxgl_default.png
15:32:58.698 [JavaFX Application Thread] DEBUG FXGLAssets           - Loading FXGLAssets
15:32:58.723 [JavaFX Application Thread] DEBUG AssetLoader          - Loading from disk: /assets/ui/fonts/VarelaRound-Regular.ttf
15:32:58.800 [JavaFX Application Thread] DEBUG AssetLoader          - Loading from disk: /assets/ui/fonts/lucida_console.ttf
15:32:58.812 [JavaFX Application Thread] DEBUG AssetLoader          - Loading from disk: /assets/ui/fonts/Courier-Prime.ttf
15:32:58.818 [JavaFX Application Thread] DEBUG AssetLoader          - Loading from disk: /assets/ui/fonts/Abel-Regular.ttf
15:32:58.824 [JavaFX Application Thread] DEBUG AssetLoader          - Loading from disk: /assets/ui/css/fxgl_dark.css
15:32:58.848 [JavaFX Application Thread] DEBUG AssetLoader          - Loading from disk: /assets/ui/cursors/fxgl_default.png
15:32:58.871 [JavaFX Application Thread] DEBUG AssetLoader          - Loading from disk: /assets/ui/cursors/fxgl_default.png
15:32:58.884 [JavaFX Application Thread] DEBUG GameScene            - Game scene initialized: 400x600
15:32:58.887 [JavaFX Application Thread] DEBUG GameWorld            - Game world initialized
15:32:58.928 [JavaFX Application Thread] DEBUG PhysicsWorld         - Physics world initialized: appHeight=600, physics.ppm=50.0
15:32:58.943 [JavaFX Application Thread] DEBUG Input                - Registered new binding: Pause - Esc
15:32:58.959 [JavaFX Application Thread] DEBUG Input                - Clearing active input actions
15:32:58.991 [JavaFX Application Thread] DEBUG AppStateMachine      - StartupState -> StartupState
15:32:58.994 [JavaFX Application Thread] INFO  GameApplication      - Game configuration took:  0.348 sec
15:32:58.996 [JavaFX Application Thread] DEBUG AssetLoader          - Loading from disk: /assets/textures/fxgl_icon.png
15:32:59.004 [JavaFX Application Thread] DEBUG MainWindow           - Opening main window
15:32:59.119 [JavaFX Application Thread] DEBUG MainWindow           - Window border size: (6.0, 29.0)
15:32:59.119 [JavaFX Application Thread] DEBUG MainWindow           - Scaled size: 400.0 x 600.0
15:32:59.119 [JavaFX Application Thread] DEBUG MainWindow           - Scaled ratio: (1.0, 1.0)
15:32:59.119 [JavaFX Application Thread] DEBUG MainWindow           - Scene size: 400.0 x 600.0
15:32:59.119 [JavaFX Application Thread] DEBUG MainWindow           - Stage size: 406.0 x 629.0
15:32:59.119 [JavaFX Application Thread] DEBUG GameApplication      - Running preInit()
15:32:59.121 [JavaFX Application Thread] DEBUG Input                - Registered new binding: Screenshot - P
15:32:59.122 [JavaFX Application Thread] DEBUG Input                - Registered new binding: Dev Options - CTRL+0
15:32:59.122 [JavaFX Application Thread] DEBUG Input                - Registered new binding: System info dump - CTRL+9
15:32:59.122 [JavaFX Application Thread] DEBUG Input                - Registered new binding: Restart - CTRL+R
15:32:59.123 [JavaFX Application Thread] DEBUG Input                - Registered new binding: Release Ball - Space
15:32:59.123 [JavaFX Application Thread] DEBUG Input                - Registered new binding: LeftFlipper Movement - Left
15:32:59.123 [JavaFX Application Thread] DEBUG Input                - Registered new binding: RightFlipper Movement - Right
15:32:59.123 [JavaFX Application Thread] DEBUG Input                - Registered new binding: New Table - N
15:32:59.149 [JavaFX Application Thread] DEBUG GameApplication      - Starting main loop
15:32:59.152 [JavaFX Application Thread] DEBUG StartupState         - STARTUP
15:32:59.153 [JavaFX Application Thread] DEBUG GameApplication      - Starting new game
15:32:59.153 [JavaFX Application Thread] DEBUG Input                - Clearing active input actions
15:32:59.158 [JavaFX Application Thread] DEBUG AppStateMachine      - StartupState -> LoadingState
15:32:59.165 [FXGL Background Thread 1 ] DEBUG InitAppTask          - Clearing previous game
15:32:59.165 [FXGL Background Thread 1 ] DEBUG GameWorld            - Clearing game world
15:32:59.165 [FXGL Background Thread 1 ] DEBUG PhysicsWorld         - Clearing physics world
15:32:59.165 [FXGL Background Thread 1 ] DEBUG GameScene            - Clearing game scene
15:32:59.166 [FXGL Background Thread 1 ] DEBUG InitAppTask          - Initializing Game
15:32:59.249 [FXGL Background Thread 1 ] DEBUG GameScene            - Creating render group for layer: DEFAULT(100000)
15:32:59.251 [FXGL Background Thread 1 ] DEBUG AssetLoader          - Loading from disk: /assets/textures/piñi.jpg
15:32:59.268 [FXGL Background Thread 1 ] DEBUG InitAppTask          - Initializing Physics
15:32:59.268 [FXGL Background Thread 1 ] DEBUG InitAppTask          - Initializing UI
15:32:59.269 [FXGL Background Thread 1 ] DEBUG InitAppTask          - Initialization Complete
15:32:59.269 [FXGL Background Thread 1 ] INFO  InitAppTask          - Game initialization took: 0.104 sec
15:32:59.270 [JavaFX Application Thread] DEBUG Input                - Clearing active input actions
15:32:59.275 [JavaFX Application Thread] DEBUG AppStateMachine      - LoadingState -> PlayState
15:33:03.443 [JavaFX Application Thread] DEBUG GameApplication      - Exiting game application
15:33:03.444 [JavaFX Application Thread] DEBUG GameApplication      - Shutting down background threads
15:33:03.444 [JavaFX Application Thread] INFO  Profiler             - Processed Frames: 276
15:33:03.444 [JavaFX Application Thread] INFO  Profiler             - Average FPS: 59
15:33:03.445 [JavaFX Application Thread] INFO  Profiler             - Avg Frame Took: 0.14 ms
15:33:03.445 [JavaFX Application Thread] INFO  Profiler             - Avg Memory Usage: 20 MB
15:33:03.445 [JavaFX Application Thread] INFO  Profiler             - Min Memory Usage: 8 MB
15:33:03.445 [JavaFX Application Thread] INFO  Profiler             - Max Memory Usage: 21 MB
15:33:03.445 [JavaFX Application Thread] INFO  Profiler             - Estimated GC runs: 0
15:33:03.445 [JavaFX Application Thread] DEBUG GameApplication      - Exiting FXGL
15:33:03.445 [JavaFX Application Thread] DEBUG FXGL                 - Saving FXGL system data
15:33:03.448 [JavaFX Application Thread] DEBUG DesktopFSService     - Writing to: system\fxgl.bundle
15:33:03.451 [JavaFX Application Thread] DEBUG GameApplication      - Closing logger and exiting JavaFX
