14:41:39.021 [JavaFX Application Thread] DEBUG GameApplication      - Logger initialized
14:41:39.030 [JavaFX Application Thread] DEBUG MainWindow           - Creating a JavaFX scene
14:41:39.194 [JavaFX Application Thread] DEBUG MainWindow           - Target settings size: 400.0 x 600.0
14:41:39.194 [JavaFX Application Thread] DEBUG MainWindow           - Scaled scene size:    400.0 x 600.0
14:41:39.195 [JavaFX Application Thread] DEBUG MainWindow           - Scaled ratio: (1.0, 1.0)
14:41:39.203 [JavaFX Application Thread] DEBUG GameApplication      - Starting FXGL
14:41:39.208 [JavaFX Application Thread] INFO  FXGL                 - FXGL-0.5.3 on DESKTOP
14:41:39.208 [JavaFX Application Thread] INFO  FXGL                 - Source code and latest versions at: https://github.com/AlmasB/FXGL
14:41:39.208 [JavaFX Application Thread] INFO  FXGL                 -              Join the FXGL chat at: https://gitter.im/AlmasB/FXGL
14:41:39.217 [JavaFX Application Thread] DEBUG FS                   - Loaded DesktopFSService
14:41:39.217 [JavaFX Application Thread] DEBUG FXGL                 - Loading FXGL system data
14:41:39.228 [JavaFX Application Thread] DEBUG DesktopFSService     - Reading from: system/fxgl.bundle
14:41:39.243 [JavaFX Application Thread] DEBUG Bundle               - Logging bundle: FXGL
14:41:39.244 [JavaFX Application Thread] DEBUG Bundle               - FXGL.offline.timer.version.check=2018-07-24T21:09:25.379
14:41:39.299 [JavaFX Application Thread] DEBUG GameApplication      - FXGL started
14:41:39.299 [JavaFX Application Thread] DEBUG GameApplication      - Logging game settings
Title: Pinball
Version: 0.1
Width: 400
Height: 600
Fullscreen: false
Intro: false
Menus: false
Profiling: true
Single step:false
App Mode: DEBUG
Menu Key: ESCAPE
Stage Style: DECORATED
Scene Factory: class com.almasb.fxgl.scene.SceneFactory
Dialog Factory: class com.almasb.fxgl.ui.FXGLDialogFactory
UI Factory: class com.almasb.fxgl.ui.FXGLUIFactory
Notification Service: class com.almasb.fxgl.gameplay.notification.XboxNotificationView
Exception Handler: class com.almasb.fxgl.app.FXGLExceptionHandler
14:41:39.300 [JavaFX Application Thread] DEBUG GameApplication      - Configuring GameApplication
14:41:39.300 [JavaFX Application Thread] DEBUG GameApplication      - Initializing state machine and application states
14:41:39.321 [JavaFX Application Thread] DEBUG AssetLoader          - Loading from disk: /assets/ui/cursors/fxgl_default.png
14:41:39.352 [JavaFX Application Thread] DEBUG AssetLoader          - Loading from disk: /assets/ui/cursors/fxgl_default.png
14:41:39.418 [JavaFX Application Thread] DEBUG FXGLAssets           - Loading FXGLAssets
14:41:39.506 [JavaFX Application Thread] DEBUG AssetLoader          - Loading from disk: /assets/ui/fonts/VarelaRound-Regular.ttf
14:41:39.542 [JavaFX Application Thread] DEBUG AssetLoader          - Loading from disk: /assets/ui/fonts/lucida_console.ttf
14:41:39.547 [JavaFX Application Thread] DEBUG AssetLoader          - Loading from disk: /assets/ui/fonts/Courier-Prime.ttf
14:41:39.550 [JavaFX Application Thread] DEBUG AssetLoader          - Loading from disk: /assets/ui/fonts/Abel-Regular.ttf
14:41:39.555 [JavaFX Application Thread] DEBUG AssetLoader          - Loading from disk: /assets/ui/css/fxgl_dark.css
14:41:39.614 [JavaFX Application Thread] DEBUG AssetLoader          - Loading from disk: /assets/ui/cursors/fxgl_default.png
14:41:39.704 [JavaFX Application Thread] DEBUG AssetLoader          - Loading from disk: /assets/ui/cursors/fxgl_default.png
14:41:39.734 [JavaFX Application Thread] DEBUG GameScene            - Game scene initialized: 400x600
14:41:39.739 [JavaFX Application Thread] DEBUG GameWorld            - Game world initialized
14:41:39.800 [JavaFX Application Thread] DEBUG PhysicsWorld         - Physics world initialized: appHeight=600, physics.ppm=50.0
14:41:39.825 [JavaFX Application Thread] DEBUG Input                - Registered new binding: Pause - Esc
14:41:39.859 [JavaFX Application Thread] DEBUG Input                - Clearing active input actions
14:41:39.951 [JavaFX Application Thread] DEBUG AppStateMachine      - StartupState -> StartupState
14:41:39.984 [JavaFX Application Thread] INFO  GameApplication      - Game configuration took:  0.682 sec
14:41:39.988 [JavaFX Application Thread] DEBUG AssetLoader          - Loading from disk: /assets/textures/fxgl_icon.png
14:41:40.012 [JavaFX Application Thread] DEBUG MainWindow           - Opening main window
14:41:40.094 [JavaFX Application Thread] DEBUG MainWindow           - Window border size: (0.0, 0.0)
14:41:40.094 [JavaFX Application Thread] DEBUG MainWindow           - Scaled size: 400.0 x 600.0
14:41:40.094 [JavaFX Application Thread] DEBUG MainWindow           - Scaled ratio: (1.0, 1.0)
14:41:40.094 [JavaFX Application Thread] DEBUG MainWindow           - Scene size: 400.0 x 600.0
14:41:40.095 [JavaFX Application Thread] DEBUG MainWindow           - Stage size: 400.0 x 600.0
14:41:40.095 [JavaFX Application Thread] DEBUG GameApplication      - Running preInit()
14:41:40.099 [JavaFX Application Thread] DEBUG Input                - Registered new binding: Screenshot - P
14:41:40.100 [JavaFX Application Thread] DEBUG Input                - Registered new binding: Dev Options - CTRL+0
14:41:40.101 [JavaFX Application Thread] DEBUG Input                - Registered new binding: System info dump - CTRL+9
14:41:40.102 [JavaFX Application Thread] DEBUG Input                - Registered new binding: Restart - CTRL+R
14:41:40.102 [JavaFX Application Thread] DEBUG Input                - Registered new binding: Release Ball - Space
14:41:40.154 [JavaFX Application Thread] DEBUG GameApplication      - Starting main loop
14:41:40.196 [JavaFX Application Thread] DEBUG StartupState         - STARTUP
14:41:40.196 [JavaFX Application Thread] DEBUG GameApplication      - Starting new game
14:41:40.196 [JavaFX Application Thread] DEBUG Input                - Clearing active input actions
14:41:40.207 [JavaFX Application Thread] DEBUG AppStateMachine      - StartupState -> LoadingState
14:41:40.213 [FXGL Background Thread 1 ] DEBUG InitAppTask          - Clearing previous game
14:41:40.214 [FXGL Background Thread 1 ] DEBUG GameWorld            - Clearing game world
14:41:40.214 [FXGL Background Thread 1 ] DEBUG PhysicsWorld         - Clearing physics world
14:41:40.214 [FXGL Background Thread 1 ] DEBUG GameScene            - Clearing game scene
14:41:40.216 [FXGL Background Thread 1 ] DEBUG InitAppTask          - Initializing Game
14:41:40.330 [FXGL Background Thread 1 ] DEBUG GameScene            - Creating render group for layer: DEFAULT(100000)
14:41:40.340 [FXGL Background Thread 1 ] DEBUG InitAppTask          - Initializing Physics
14:41:40.341 [FXGL Background Thread 1 ] DEBUG InitAppTask          - Initializing UI
14:41:40.342 [FXGL Background Thread 1 ] DEBUG InitAppTask          - Initialization Complete
14:41:40.342 [FXGL Background Thread 1 ] INFO  InitAppTask          - Game initialization took: 0.129 sec
14:41:40.377 [JavaFX Application Thread] DEBUG Input                - Clearing active input actions
14:41:40.395 [JavaFX Application Thread] DEBUG AppStateMachine      - LoadingState -> PlayState
15:09:44.989 [JavaFX Application Thread] DEBUG GameApplication      - Exiting game application
15:09:44.991 [JavaFX Application Thread] DEBUG GameApplication      - Shutting down background threads
15:09:44.991 [JavaFX Application Thread] INFO  Profiler             - Processed Frames: 103253
15:09:44.991 [JavaFX Application Thread] INFO  Profiler             - Average FPS: 59
15:09:44.991 [JavaFX Application Thread] INFO  Profiler             - Avg Frame Took: 0.02 ms
15:09:44.992 [JavaFX Application Thread] INFO  Profiler             - Avg Memory Usage: 23 MB
15:09:44.992 [JavaFX Application Thread] INFO  Profiler             - Min Memory Usage: 8 MB
15:09:44.992 [JavaFX Application Thread] INFO  Profiler             - Max Memory Usage: 40 MB
15:09:44.992 [JavaFX Application Thread] INFO  Profiler             - Estimated GC runs: 7
15:09:44.992 [JavaFX Application Thread] DEBUG GameApplication      - Exiting FXGL
15:09:44.992 [JavaFX Application Thread] DEBUG FXGL                 - Saving FXGL system data
15:09:44.995 [JavaFX Application Thread] DEBUG DesktopFSService     - Writing to: system/fxgl.bundle
15:09:45.000 [JavaFX Application Thread] DEBUG GameApplication      - Closing logger and exiting JavaFX
