02:45:44.052 [JavaFX Application Thread] DEBUG GameApplication      - Logger initialized
02:45:44.058 [JavaFX Application Thread] DEBUG MainWindow           - Creating a JavaFX scene
02:45:44.125 [JavaFX Application Thread] DEBUG MainWindow           - Target settings size: 400.0 x 600.0
02:45:44.125 [JavaFX Application Thread] DEBUG MainWindow           - Scaled scene size:    400.0 x 600.0
02:45:44.126 [JavaFX Application Thread] DEBUG MainWindow           - Scaled ratio: (1.0, 1.0)
02:45:44.130 [JavaFX Application Thread] DEBUG GameApplication      - Starting FXGL
02:45:44.133 [JavaFX Application Thread] INFO  FXGL                 - FXGL-0.5.3 on DESKTOP
02:45:44.134 [JavaFX Application Thread] INFO  FXGL                 - Source code and latest versions at: https://github.com/AlmasB/FXGL
02:45:44.134 [JavaFX Application Thread] INFO  FXGL                 -              Join the FXGL chat at: https://gitter.im/AlmasB/FXGL
02:45:44.141 [JavaFX Application Thread] DEBUG FS                   - Loaded DesktopFSService
02:45:44.141 [JavaFX Application Thread] DEBUG FXGL                 - Loading FXGL system data
02:45:44.148 [JavaFX Application Thread] DEBUG DesktopFSService     - Reading from: system\fxgl.bundle
02:45:44.158 [JavaFX Application Thread] DEBUG Bundle               - Logging bundle: FXGL
02:45:44.159 [JavaFX Application Thread] DEBUG Bundle               - FXGL.offline.timer.version.check=2018-08-18T15:14:28.733
02:45:44.181 [JavaFX Application Thread] DEBUG GameApplication      - FXGL started
02:45:44.181 [JavaFX Application Thread] DEBUG GameApplication      - Logging game settings
Title: Pinball
Version: 0.1
Width: 400
Height: 600
Fullscreen: false
Intro: false
Menus: false
Profiling: true
Single step:false
App Mode: DEBUG
Menu Key: ESCAPE
Stage Style: DECORATED
Scene Factory: class com.almasb.fxgl.scene.SceneFactory
Dialog Factory: class com.almasb.fxgl.ui.FXGLDialogFactory
UI Factory: class com.almasb.fxgl.ui.FXGLUIFactory
Notification Service: class com.almasb.fxgl.gameplay.notification.XboxNotificationView
Exception Handler: class com.almasb.fxgl.app.FXGLExceptionHandler
02:45:44.181 [JavaFX Application Thread] DEBUG GameApplication      - Configuring GameApplication
02:45:44.182 [JavaFX Application Thread] DEBUG GameApplication      - Initializing state machine and application states
02:45:44.208 [JavaFX Application Thread] DEBUG AssetLoader          - Loading from disk: /assets/ui/cursors/fxgl_default.png
02:45:44.224 [JavaFX Application Thread] DEBUG AssetLoader          - Loading from disk: /assets/ui/cursors/fxgl_default.png
02:45:44.241 [JavaFX Application Thread] DEBUG FXGLAssets           - Loading FXGLAssets
02:45:44.263 [JavaFX Application Thread] DEBUG AssetLoader          - Loading from disk: /assets/ui/fonts/VarelaRound-Regular.ttf
02:45:44.342 [JavaFX Application Thread] DEBUG AssetLoader          - Loading from disk: /assets/ui/fonts/lucida_console.ttf
02:45:44.350 [JavaFX Application Thread] DEBUG AssetLoader          - Loading from disk: /assets/ui/fonts/Courier-Prime.ttf
02:45:44.357 [JavaFX Application Thread] DEBUG AssetLoader          - Loading from disk: /assets/ui/fonts/Abel-Regular.ttf
02:45:44.364 [JavaFX Application Thread] DEBUG AssetLoader          - Loading from disk: /assets/ui/css/fxgl_dark.css
02:45:44.387 [JavaFX Application Thread] DEBUG AssetLoader          - Loading from disk: /assets/ui/cursors/fxgl_default.png
02:45:44.411 [JavaFX Application Thread] DEBUG AssetLoader          - Loading from disk: /assets/ui/cursors/fxgl_default.png
02:45:44.425 [JavaFX Application Thread] DEBUG GameScene            - Game scene initialized: 400x600
02:45:44.429 [JavaFX Application Thread] DEBUG GameWorld            - Game world initialized
02:45:44.464 [JavaFX Application Thread] DEBUG PhysicsWorld         - Physics world initialized: appHeight=600, physics.ppm=50.0
02:45:44.480 [JavaFX Application Thread] DEBUG Input                - Registered new binding: Pause - Esc
02:45:44.497 [JavaFX Application Thread] DEBUG Input                - Clearing active input actions
02:45:44.530 [JavaFX Application Thread] DEBUG AppStateMachine      - StartupState -> StartupState
02:45:44.532 [JavaFX Application Thread] INFO  GameApplication      - Game configuration took:  0.351 sec
02:45:44.534 [JavaFX Application Thread] DEBUG AssetLoader          - Loading from disk: /assets/textures/fxgl_icon.png
02:45:44.542 [JavaFX Application Thread] DEBUG MainWindow           - Opening main window
02:45:44.648 [JavaFX Application Thread] DEBUG MainWindow           - Window border size: (6.0, 29.0)
02:45:44.648 [JavaFX Application Thread] DEBUG MainWindow           - Scaled size: 400.0 x 600.0
02:45:44.648 [JavaFX Application Thread] DEBUG MainWindow           - Scaled ratio: (1.0, 1.0)
02:45:44.648 [JavaFX Application Thread] DEBUG MainWindow           - Scene size: 400.0 x 600.0
02:45:44.648 [JavaFX Application Thread] DEBUG MainWindow           - Stage size: 406.0 x 629.0
02:45:44.648 [JavaFX Application Thread] DEBUG GameApplication      - Running preInit()
02:45:44.650 [JavaFX Application Thread] DEBUG Input                - Registered new binding: Screenshot - P
02:45:44.651 [JavaFX Application Thread] DEBUG Input                - Registered new binding: Dev Options - CTRL+0
02:45:44.651 [JavaFX Application Thread] DEBUG Input                - Registered new binding: System info dump - CTRL+9
02:45:44.651 [JavaFX Application Thread] DEBUG Input                - Registered new binding: Restart - CTRL+R
02:45:44.651 [JavaFX Application Thread] DEBUG Input                - Registered new binding: Release Ball - Space
02:45:44.651 [JavaFX Application Thread] DEBUG Input                - Registered new binding: LeftFlipper movement - Left
02:45:44.652 [JavaFX Application Thread] DEBUG Input                - Registered new binding: RightFlipper movement - Right
02:45:44.674 [JavaFX Application Thread] DEBUG GameApplication      - Starting main loop
02:45:44.675 [JavaFX Application Thread] DEBUG StartupState         - STARTUP
02:45:44.675 [JavaFX Application Thread] DEBUG GameApplication      - Starting new game
02:45:44.675 [JavaFX Application Thread] DEBUG Input                - Clearing active input actions
02:45:44.679 [JavaFX Application Thread] DEBUG AppStateMachine      - StartupState -> LoadingState
02:45:44.685 [FXGL Background Thread 1 ] DEBUG InitAppTask          - Clearing previous game
02:45:44.685 [FXGL Background Thread 1 ] DEBUG GameWorld            - Clearing game world
02:45:44.685 [FXGL Background Thread 1 ] DEBUG PhysicsWorld         - Clearing physics world
02:45:44.685 [FXGL Background Thread 1 ] DEBUG GameScene            - Clearing game scene
02:45:44.687 [FXGL Background Thread 1 ] DEBUG InitAppTask          - Initializing Game
02:45:44.756 [FXGL Background Thread 1 ] DEBUG GameScene            - Creating render group for layer: DEFAULT(100000)
02:45:44.758 [FXGL Background Thread 1 ] DEBUG AssetLoader          - Loading from disk: /assets/textures/piñi.jpg
02:45:44.770 [FXGL Background Thread 1 ] DEBUG InitAppTask          - Initializing Physics
02:45:44.771 [FXGL Background Thread 1 ] DEBUG InitAppTask          - Initializing UI
02:45:44.771 [FXGL Background Thread 1 ] DEBUG InitAppTask          - Initialization Complete
02:45:44.771 [FXGL Background Thread 1 ] INFO  InitAppTask          - Game initialization took: 0.086 sec
02:45:44.786 [JavaFX Application Thread] DEBUG Input                - Clearing active input actions
02:45:44.791 [JavaFX Application Thread] DEBUG AppStateMachine      - LoadingState -> PlayState
02:45:47.858 [JavaFX Application Thread] DEBUG GameApplication      - Exiting game application
02:45:47.859 [JavaFX Application Thread] DEBUG GameApplication      - Shutting down background threads
02:45:47.859 [JavaFX Application Thread] INFO  Profiler             - Processed Frames: 218
02:45:47.859 [JavaFX Application Thread] INFO  Profiler             - Average FPS: 59
02:45:47.859 [JavaFX Application Thread] INFO  Profiler             - Avg Frame Took: 0.19 ms
02:45:47.859 [JavaFX Application Thread] INFO  Profiler             - Avg Memory Usage: 20 MB
02:45:47.859 [JavaFX Application Thread] INFO  Profiler             - Min Memory Usage: 8 MB
02:45:47.859 [JavaFX Application Thread] INFO  Profiler             - Max Memory Usage: 22 MB
02:45:47.859 [JavaFX Application Thread] INFO  Profiler             - Estimated GC runs: 0
02:45:47.859 [JavaFX Application Thread] DEBUG GameApplication      - Exiting FXGL
02:45:47.860 [JavaFX Application Thread] DEBUG FXGL                 - Saving FXGL system data
02:45:47.861 [JavaFX Application Thread] DEBUG DesktopFSService     - Writing to: system\fxgl.bundle
02:45:47.866 [JavaFX Application Thread] DEBUG GameApplication      - Closing logger and exiting JavaFX
