15:29:03.234 [JavaFX Application Thread] DEBUG GameApplication      - Logger initialized
15:29:03.239 [JavaFX Application Thread] DEBUG MainWindow           - Creating a JavaFX scene
15:29:03.304 [JavaFX Application Thread] DEBUG MainWindow           - Target settings size: 400.0 x 600.0
15:29:03.304 [JavaFX Application Thread] DEBUG MainWindow           - Scaled scene size:    400.0 x 600.0
15:29:03.304 [JavaFX Application Thread] DEBUG MainWindow           - Scaled ratio: (1.0, 1.0)
15:29:03.308 [JavaFX Application Thread] DEBUG GameApplication      - Starting FXGL
15:29:03.311 [JavaFX Application Thread] INFO  FXGL                 - FXGL-0.5.3 on DESKTOP
15:29:03.311 [JavaFX Application Thread] INFO  FXGL                 - Source code and latest versions at: https://github.com/AlmasB/FXGL
15:29:03.312 [JavaFX Application Thread] INFO  FXGL                 -              Join the FXGL chat at: https://gitter.im/AlmasB/FXGL
15:29:03.316 [JavaFX Application Thread] DEBUG FS                   - Loaded DesktopFSService
15:29:03.317 [JavaFX Application Thread] DEBUG FXGL                 - Loading FXGL system data
15:29:03.323 [JavaFX Application Thread] DEBUG DesktopFSService     - Reading from: system\fxgl.bundle
15:29:03.333 [JavaFX Application Thread] DEBUG Bundle               - Logging bundle: FXGL
15:29:03.334 [JavaFX Application Thread] DEBUG Bundle               - FXGL.offline.timer.version.check=2018-08-18T15:14:28.733
15:29:03.354 [JavaFX Application Thread] DEBUG GameApplication      - FXGL started
15:29:03.354 [JavaFX Application Thread] DEBUG GameApplication      - Logging game settings
Title: Pinball
Version: 0.1
Width: 400
Height: 600
Fullscreen: false
Intro: false
Menus: false
Profiling: true
Single step:false
App Mode: DEBUG
Menu Key: ESCAPE
Stage Style: DECORATED
Scene Factory: class com.almasb.fxgl.scene.SceneFactory
Dialog Factory: class com.almasb.fxgl.ui.FXGLDialogFactory
UI Factory: class com.almasb.fxgl.ui.FXGLUIFactory
Notification Service: class com.almasb.fxgl.gameplay.notification.XboxNotificationView
Exception Handler: class com.almasb.fxgl.app.FXGLExceptionHandler
15:29:03.355 [JavaFX Application Thread] DEBUG GameApplication      - Configuring GameApplication
15:29:03.355 [JavaFX Application Thread] DEBUG GameApplication      - Initializing state machine and application states
15:29:03.370 [JavaFX Application Thread] DEBUG AssetLoader          - Loading from disk: /assets/ui/cursors/fxgl_default.png
15:29:03.386 [JavaFX Application Thread] DEBUG AssetLoader          - Loading from disk: /assets/ui/cursors/fxgl_default.png
15:29:03.402 [JavaFX Application Thread] DEBUG FXGLAssets           - Loading FXGLAssets
15:29:03.421 [JavaFX Application Thread] DEBUG AssetLoader          - Loading from disk: /assets/ui/fonts/VarelaRound-Regular.ttf
15:29:03.504 [JavaFX Application Thread] DEBUG AssetLoader          - Loading from disk: /assets/ui/fonts/lucida_console.ttf
15:29:03.514 [JavaFX Application Thread] DEBUG AssetLoader          - Loading from disk: /assets/ui/fonts/Courier-Prime.ttf
15:29:03.521 [JavaFX Application Thread] DEBUG AssetLoader          - Loading from disk: /assets/ui/fonts/Abel-Regular.ttf
15:29:03.530 [JavaFX Application Thread] DEBUG AssetLoader          - Loading from disk: /assets/ui/css/fxgl_dark.css
15:29:03.554 [JavaFX Application Thread] DEBUG AssetLoader          - Loading from disk: /assets/ui/cursors/fxgl_default.png
15:29:03.581 [JavaFX Application Thread] DEBUG AssetLoader          - Loading from disk: /assets/ui/cursors/fxgl_default.png
15:29:03.596 [JavaFX Application Thread] DEBUG GameScene            - Game scene initialized: 400x600
15:29:03.599 [JavaFX Application Thread] DEBUG GameWorld            - Game world initialized
15:29:03.635 [JavaFX Application Thread] DEBUG PhysicsWorld         - Physics world initialized: appHeight=600, physics.ppm=50.0
15:29:03.650 [JavaFX Application Thread] DEBUG Input                - Registered new binding: Pause - Esc
15:29:03.665 [JavaFX Application Thread] DEBUG Input                - Clearing active input actions
15:29:03.703 [JavaFX Application Thread] DEBUG AppStateMachine      - StartupState -> StartupState
15:29:03.706 [JavaFX Application Thread] INFO  GameApplication      - Game configuration took:  0.351 sec
15:29:03.709 [JavaFX Application Thread] DEBUG AssetLoader          - Loading from disk: /assets/textures/fxgl_icon.png
15:29:03.718 [JavaFX Application Thread] DEBUG MainWindow           - Opening main window
15:29:03.841 [JavaFX Application Thread] DEBUG MainWindow           - Window border size: (6.0, 29.0)
15:29:03.841 [JavaFX Application Thread] DEBUG MainWindow           - Scaled size: 400.0 x 600.0
15:29:03.841 [JavaFX Application Thread] DEBUG MainWindow           - Scaled ratio: (1.0, 1.0)
15:29:03.841 [JavaFX Application Thread] DEBUG MainWindow           - Scene size: 400.0 x 600.0
15:29:03.841 [JavaFX Application Thread] DEBUG MainWindow           - Stage size: 406.0 x 629.0
15:29:03.841 [JavaFX Application Thread] DEBUG GameApplication      - Running preInit()
15:29:03.843 [JavaFX Application Thread] DEBUG Input                - Registered new binding: Screenshot - P
15:29:03.843 [JavaFX Application Thread] DEBUG Input                - Registered new binding: Dev Options - CTRL+0
15:29:03.844 [JavaFX Application Thread] DEBUG Input                - Registered new binding: System info dump - CTRL+9
15:29:03.844 [JavaFX Application Thread] DEBUG Input                - Registered new binding: Restart - CTRL+R
15:29:03.844 [JavaFX Application Thread] DEBUG Input                - Registered new binding: Release Ball - Space
15:29:03.844 [JavaFX Application Thread] DEBUG Input                - Registered new binding: LeftFlipper Movement - Left
15:29:03.844 [JavaFX Application Thread] DEBUG Input                - Registered new binding: RightFlipper Movement - Right
15:29:03.845 [JavaFX Application Thread] DEBUG Input                - Registered new binding: New Table - N
15:29:03.864 [JavaFX Application Thread] DEBUG GameApplication      - Starting main loop
15:29:03.866 [JavaFX Application Thread] DEBUG StartupState         - STARTUP
15:29:03.866 [JavaFX Application Thread] DEBUG GameApplication      - Starting new game
15:29:03.866 [JavaFX Application Thread] DEBUG Input                - Clearing active input actions
15:29:03.870 [JavaFX Application Thread] DEBUG AppStateMachine      - StartupState -> LoadingState
15:29:03.874 [FXGL Background Thread 1 ] DEBUG InitAppTask          - Clearing previous game
15:29:03.874 [FXGL Background Thread 1 ] DEBUG GameWorld            - Clearing game world
15:29:03.874 [FXGL Background Thread 1 ] DEBUG PhysicsWorld         - Clearing physics world
15:29:03.874 [FXGL Background Thread 1 ] DEBUG GameScene            - Clearing game scene
15:29:03.875 [FXGL Background Thread 1 ] DEBUG InitAppTask          - Initializing Game
15:29:03.941 [FXGL Background Thread 1 ] DEBUG GameScene            - Creating render group for layer: DEFAULT(100000)
15:29:03.943 [FXGL Background Thread 1 ] DEBUG AssetLoader          - Loading from disk: /assets/textures/piñi.jpg
15:29:03.980 [FXGL Background Thread 1 ] DEBUG InitAppTask          - Initializing Physics
15:29:03.980 [FXGL Background Thread 1 ] DEBUG InitAppTask          - Initializing UI
15:29:03.981 [FXGL Background Thread 1 ] DEBUG InitAppTask          - Initialization Complete
15:29:03.981 [FXGL Background Thread 1 ] INFO  InitAppTask          - Game initialization took: 0.106 sec
15:29:03.986 [JavaFX Application Thread] DEBUG Input                - Clearing active input actions
15:29:03.992 [JavaFX Application Thread] DEBUG AppStateMachine      - LoadingState -> PlayState
15:29:24.579 [JavaFX Application Thread] DEBUG GameApplication      - Exiting game application
15:29:24.579 [JavaFX Application Thread] DEBUG GameApplication      - Shutting down background threads
15:29:24.580 [JavaFX Application Thread] INFO  Profiler             - Processed Frames: 1313
15:29:24.580 [JavaFX Application Thread] INFO  Profiler             - Average FPS: 59
15:29:24.580 [JavaFX Application Thread] INFO  Profiler             - Avg Frame Took: 0.05 ms
15:29:24.580 [JavaFX Application Thread] INFO  Profiler             - Avg Memory Usage: 23 MB
15:29:24.580 [JavaFX Application Thread] INFO  Profiler             - Min Memory Usage: 8 MB
15:29:24.580 [JavaFX Application Thread] INFO  Profiler             - Max Memory Usage: 26 MB
15:29:24.580 [JavaFX Application Thread] INFO  Profiler             - Estimated GC runs: 0
15:29:24.580 [JavaFX Application Thread] DEBUG GameApplication      - Exiting FXGL
15:29:24.580 [JavaFX Application Thread] DEBUG FXGL                 - Saving FXGL system data
15:29:24.582 [JavaFX Application Thread] DEBUG DesktopFSService     - Writing to: system\fxgl.bundle
15:29:24.587 [JavaFX Application Thread] DEBUG GameApplication      - Closing logger and exiting JavaFX
