19:56:27.508 [JavaFX Application Thread] DEBUG GameApplication      - Logger initialized
19:56:27.516 [JavaFX Application Thread] DEBUG MainWindow           - Creating a JavaFX scene
19:56:27.686 [JavaFX Application Thread] DEBUG MainWindow           - Target settings size: 400.0 x 600.0
19:56:27.687 [JavaFX Application Thread] DEBUG MainWindow           - Scaled scene size:    400.0 x 600.0
19:56:27.687 [JavaFX Application Thread] DEBUG MainWindow           - Scaled ratio: (1.0, 1.0)
19:56:27.695 [JavaFX Application Thread] DEBUG GameApplication      - Starting FXGL
19:56:27.701 [JavaFX Application Thread] INFO  FXGL                 - FXGL-0.5.3 on DESKTOP
19:56:27.701 [JavaFX Application Thread] INFO  FXGL                 - Source code and latest versions at: https://github.com/AlmasB/FXGL
19:56:27.703 [JavaFX Application Thread] INFO  FXGL                 -              Join the FXGL chat at: https://gitter.im/AlmasB/FXGL
19:56:27.717 [JavaFX Application Thread] DEBUG FS                   - Loaded DesktopFSService
19:56:27.718 [JavaFX Application Thread] DEBUG FXGL                 - Loading FXGL system data
19:56:27.748 [JavaFX Application Thread] DEBUG DesktopFSService     - Reading from: system/fxgl.bundle
19:56:27.773 [JavaFX Application Thread] DEBUG Bundle               - Logging bundle: FXGL
19:56:27.774 [JavaFX Application Thread] DEBUG Bundle               - FXGL.offline.timer.version.check=2018-07-24T21:09:25.379
19:56:27.844 [JavaFX Application Thread] DEBUG GameApplication      - FXGL started
19:56:27.845 [JavaFX Application Thread] DEBUG GameApplication      - Logging game settings
Title: Pinball
Version: 0.1
Width: 400
Height: 600
Fullscreen: false
Intro: false
Menus: false
Profiling: false
Single step:false
App Mode: DEVELOPER
Menu Key: ESCAPE
Stage Style: DECORATED
Scene Factory: class com.almasb.fxgl.scene.SceneFactory
Dialog Factory: class com.almasb.fxgl.ui.FXGLDialogFactory
UI Factory: class com.almasb.fxgl.ui.FXGLUIFactory
Notification Service: class com.almasb.fxgl.gameplay.notification.XboxNotificationView
Exception Handler: class com.almasb.fxgl.app.FXGLExceptionHandler
19:56:27.849 [JavaFX Application Thread] DEBUG GameApplication      - Configuring GameApplication
19:56:27.853 [JavaFX Application Thread] DEBUG GameApplication      - Initializing state machine and application states
19:56:27.877 [JavaFX Application Thread] DEBUG AssetLoader          - Loading from disk: /assets/ui/cursors/fxgl_default.png
19:56:27.914 [JavaFX Application Thread] DEBUG AssetLoader          - Loading from disk: /assets/ui/cursors/fxgl_default.png
19:56:27.964 [JavaFX Application Thread] DEBUG FXGLAssets           - Loading FXGLAssets
19:56:28.021 [JavaFX Application Thread] DEBUG AssetLoader          - Loading from disk: /assets/ui/fonts/VarelaRound-Regular.ttf
19:56:28.047 [JavaFX Application Thread] DEBUG AssetLoader          - Loading from disk: /assets/ui/fonts/lucida_console.ttf
19:56:28.051 [JavaFX Application Thread] DEBUG AssetLoader          - Loading from disk: /assets/ui/fonts/Courier-Prime.ttf
19:56:28.054 [JavaFX Application Thread] DEBUG AssetLoader          - Loading from disk: /assets/ui/fonts/Abel-Regular.ttf
19:56:28.059 [JavaFX Application Thread] DEBUG AssetLoader          - Loading from disk: /assets/ui/css/fxgl_dark.css
19:56:28.097 [JavaFX Application Thread] DEBUG AssetLoader          - Loading from disk: /assets/ui/cursors/fxgl_default.png
19:56:28.179 [JavaFX Application Thread] DEBUG AssetLoader          - Loading from disk: /assets/ui/cursors/fxgl_default.png
19:56:28.206 [JavaFX Application Thread] DEBUG GameScene            - Game scene initialized: 400x600
19:56:28.209 [JavaFX Application Thread] DEBUG GameWorld            - Game world initialized
19:56:28.260 [JavaFX Application Thread] DEBUG PhysicsWorld         - Physics world initialized: appHeight=600, physics.ppm=50.0
19:56:28.279 [JavaFX Application Thread] DEBUG Input                - Registered new binding: Pause - Esc
19:56:28.305 [JavaFX Application Thread] DEBUG Input                - Clearing active input actions
19:56:28.410 [JavaFX Application Thread] DEBUG AppStateMachine      - StartupState -> StartupState
19:56:28.414 [JavaFX Application Thread] INFO  GameApplication      - Game configuration took:  0.561 sec
19:56:28.416 [JavaFX Application Thread] DEBUG AssetLoader          - Loading from disk: /assets/textures/fxgl_icon.png
19:56:28.428 [JavaFX Application Thread] DEBUG MainWindow           - Opening main window
19:56:28.505 [JavaFX Application Thread] DEBUG MainWindow           - Window border size: (0.0, 0.0)
19:56:28.505 [JavaFX Application Thread] DEBUG MainWindow           - Scaled size: 400.0 x 600.0
19:56:28.505 [JavaFX Application Thread] DEBUG MainWindow           - Scaled ratio: (1.0, 1.0)
19:56:28.506 [JavaFX Application Thread] DEBUG MainWindow           - Scene size: 400.0 x 600.0
19:56:28.506 [JavaFX Application Thread] DEBUG MainWindow           - Stage size: 400.0 x 600.0
19:56:28.506 [JavaFX Application Thread] DEBUG GameApplication      - Running preInit()
19:56:28.508 [JavaFX Application Thread] DEBUG Input                - Registered new binding: Screenshot - P
19:56:28.509 [JavaFX Application Thread] DEBUG Input                - Registered new binding: Dev Options - CTRL+0
19:56:28.510 [JavaFX Application Thread] DEBUG Input                - Registered new binding: System info dump - CTRL+9
19:56:28.510 [JavaFX Application Thread] DEBUG Input                - Registered new binding: Restart - CTRL+R
19:56:28.553 [JavaFX Application Thread] DEBUG GameApplication      - Starting main loop
19:56:28.565 [JavaFX Application Thread] DEBUG StartupState         - STARTUP
19:56:28.566 [JavaFX Application Thread] DEBUG GameApplication      - Starting new game
19:56:28.566 [JavaFX Application Thread] DEBUG Input                - Clearing active input actions
19:56:28.578 [JavaFX Application Thread] DEBUG AppStateMachine      - StartupState -> LoadingState
19:56:28.593 [FXGL Background Thread 1 ] DEBUG InitAppTask          - Clearing previous game
19:56:28.596 [FXGL Background Thread 1 ] DEBUG GameWorld            - Clearing game world
19:56:28.596 [FXGL Background Thread 1 ] DEBUG PhysicsWorld         - Clearing physics world
19:56:28.597 [FXGL Background Thread 1 ] DEBUG GameScene            - Clearing game scene
19:56:28.598 [FXGL Background Thread 1 ] DEBUG InitAppTask          - Initializing Game
19:56:28.731 [FXGL Background Thread 1 ] DEBUG GameScene            - Creating render group for layer: DEFAULT(100000)
19:56:28.742 [FXGL Background Thread 1 ] DEBUG InitAppTask          - Initializing Physics
19:56:28.742 [FXGL Background Thread 1 ] DEBUG InitAppTask          - Initializing UI
19:56:28.742 [FXGL Background Thread 1 ] DEBUG InitAppTask          - Initialization Complete
19:56:28.742 [FXGL Background Thread 1 ] INFO  InitAppTask          - Game initialization took: 0.150 sec
19:56:28.759 [JavaFX Application Thread] DEBUG Input                - Clearing active input actions
19:56:28.772 [JavaFX Application Thread] DEBUG AppStateMachine      - LoadingState -> PlayState
19:56:31.423 [JavaFX Application Thread] DEBUG GameApplication      - Exiting game application
19:56:31.425 [JavaFX Application Thread] DEBUG GameApplication      - Shutting down background threads
19:56:31.425 [JavaFX Application Thread] DEBUG GameApplication      - Exiting FXGL
19:56:31.426 [JavaFX Application Thread] DEBUG FXGL                 - Saving FXGL system data
19:56:31.427 [JavaFX Application Thread] DEBUG DesktopFSService     - Writing to: system/fxgl.bundle
19:56:31.431 [JavaFX Application Thread] DEBUG GameApplication      - Closing logger and exiting JavaFX
