16:58:16.943 [JavaFX Application Thread] DEBUG GameApplication      - Logger initialized
16:58:16.952 [JavaFX Application Thread] DEBUG MainWindow           - Creating a JavaFX scene
16:58:17.112 [JavaFX Application Thread] DEBUG MainWindow           - Target settings size: 400.0 x 600.0
16:58:17.112 [JavaFX Application Thread] DEBUG MainWindow           - Scaled scene size:    400.0 x 600.0
16:58:17.113 [JavaFX Application Thread] DEBUG MainWindow           - Scaled ratio: (1.0, 1.0)
16:58:17.119 [JavaFX Application Thread] DEBUG GameApplication      - Starting FXGL
16:58:17.123 [JavaFX Application Thread] INFO  FXGL                 - FXGL-0.5.3 on DESKTOP
16:58:17.124 [JavaFX Application Thread] INFO  FXGL                 - Source code and latest versions at: https://github.com/AlmasB/FXGL
16:58:17.125 [JavaFX Application Thread] INFO  FXGL                 -              Join the FXGL chat at: https://gitter.im/AlmasB/FXGL
16:58:17.135 [JavaFX Application Thread] DEBUG FS                   - Loaded DesktopFSService
16:58:17.135 [JavaFX Application Thread] DEBUG FXGL                 - Loading FXGL system data
16:58:17.160 [JavaFX Application Thread] DEBUG DesktopFSService     - Reading from: system/fxgl.bundle
16:58:17.176 [JavaFX Application Thread] DEBUG Bundle               - Logging bundle: FXGL
16:58:17.176 [JavaFX Application Thread] DEBUG Bundle               - FXGL.offline.timer.version.check=2018-07-24T21:09:25.379
16:58:17.213 [JavaFX Application Thread] DEBUG GameApplication      - FXGL started
16:58:17.214 [JavaFX Application Thread] DEBUG GameApplication      - Logging game settings
Title: Pinball
Version: 0.1
Width: 400
Height: 600
Fullscreen: false
Intro: false
Menus: false
Profiling: false
Single step:false
App Mode: DEVELOPER
Menu Key: ESCAPE
Stage Style: DECORATED
Scene Factory: class com.almasb.fxgl.scene.SceneFactory
Dialog Factory: class com.almasb.fxgl.ui.FXGLDialogFactory
UI Factory: class com.almasb.fxgl.ui.FXGLUIFactory
Notification Service: class com.almasb.fxgl.gameplay.notification.XboxNotificationView
Exception Handler: class com.almasb.fxgl.app.FXGLExceptionHandler
16:58:17.216 [JavaFX Application Thread] DEBUG GameApplication      - Configuring GameApplication
16:58:17.216 [JavaFX Application Thread] DEBUG GameApplication      - Initializing state machine and application states
16:58:17.236 [JavaFX Application Thread] DEBUG AssetLoader          - Loading from disk: /assets/ui/cursors/fxgl_default.png
16:58:17.262 [JavaFX Application Thread] DEBUG AssetLoader          - Loading from disk: /assets/ui/cursors/fxgl_default.png
16:58:17.306 [JavaFX Application Thread] DEBUG FXGLAssets           - Loading FXGLAssets
16:58:17.351 [JavaFX Application Thread] DEBUG AssetLoader          - Loading from disk: /assets/ui/fonts/VarelaRound-Regular.ttf
16:58:17.374 [JavaFX Application Thread] DEBUG AssetLoader          - Loading from disk: /assets/ui/fonts/lucida_console.ttf
16:58:17.378 [JavaFX Application Thread] DEBUG AssetLoader          - Loading from disk: /assets/ui/fonts/Courier-Prime.ttf
16:58:17.382 [JavaFX Application Thread] DEBUG AssetLoader          - Loading from disk: /assets/ui/fonts/Abel-Regular.ttf
16:58:17.387 [JavaFX Application Thread] DEBUG AssetLoader          - Loading from disk: /assets/ui/css/fxgl_dark.css
16:58:17.439 [JavaFX Application Thread] DEBUG AssetLoader          - Loading from disk: /assets/ui/cursors/fxgl_default.png
16:58:17.530 [JavaFX Application Thread] DEBUG AssetLoader          - Loading from disk: /assets/ui/cursors/fxgl_default.png
16:58:17.560 [JavaFX Application Thread] DEBUG GameScene            - Game scene initialized: 400x600
16:58:17.565 [JavaFX Application Thread] DEBUG GameWorld            - Game world initialized
16:58:17.641 [JavaFX Application Thread] DEBUG PhysicsWorld         - Physics world initialized: appHeight=600, physics.ppm=50.0
16:58:17.663 [JavaFX Application Thread] DEBUG Input                - Registered new binding: Pause - Esc
16:58:17.689 [JavaFX Application Thread] DEBUG Input                - Clearing active input actions
16:58:17.774 [JavaFX Application Thread] DEBUG AppStateMachine      - StartupState -> StartupState
16:58:17.799 [JavaFX Application Thread] INFO  GameApplication      - Game configuration took:  0.583 sec
16:58:17.802 [JavaFX Application Thread] DEBUG AssetLoader          - Loading from disk: /assets/textures/fxgl_icon.png
16:58:17.831 [JavaFX Application Thread] DEBUG MainWindow           - Opening main window
16:58:17.925 [JavaFX Application Thread] DEBUG MainWindow           - Window border size: (0.0, 0.0)
16:58:17.925 [JavaFX Application Thread] DEBUG MainWindow           - Scaled size: 400.0 x 600.0
16:58:17.925 [JavaFX Application Thread] DEBUG MainWindow           - Scaled ratio: (1.0, 1.0)
16:58:17.925 [JavaFX Application Thread] DEBUG MainWindow           - Scene size: 400.0 x 600.0
16:58:17.927 [JavaFX Application Thread] DEBUG MainWindow           - Stage size: 400.0 x 600.0
16:58:17.927 [JavaFX Application Thread] DEBUG GameApplication      - Running preInit()
16:58:17.930 [JavaFX Application Thread] DEBUG Input                - Registered new binding: Screenshot - P
16:58:17.931 [JavaFX Application Thread] DEBUG Input                - Registered new binding: Dev Options - CTRL+0
16:58:17.932 [JavaFX Application Thread] DEBUG Input                - Registered new binding: System info dump - CTRL+9
16:58:17.932 [JavaFX Application Thread] DEBUG Input                - Registered new binding: Restart - CTRL+R
16:58:17.975 [JavaFX Application Thread] DEBUG GameApplication      - Starting main loop
16:58:17.991 [JavaFX Application Thread] DEBUG StartupState         - STARTUP
16:58:17.992 [JavaFX Application Thread] DEBUG GameApplication      - Starting new game
16:58:17.992 [JavaFX Application Thread] DEBUG Input                - Clearing active input actions
16:58:18.001 [JavaFX Application Thread] DEBUG AppStateMachine      - StartupState -> LoadingState
16:58:18.010 [FXGL Background Thread 1 ] DEBUG InitAppTask          - Clearing previous game
16:58:18.010 [FXGL Background Thread 1 ] DEBUG GameWorld            - Clearing game world
16:58:18.011 [FXGL Background Thread 1 ] DEBUG PhysicsWorld         - Clearing physics world
16:58:18.011 [FXGL Background Thread 1 ] DEBUG GameScene            - Clearing game scene
16:58:18.012 [FXGL Background Thread 1 ] DEBUG InitAppTask          - Initializing Game
16:58:18.129 [FXGL Background Thread 1 ] DEBUG GameScene            - Creating render group for layer: DEFAULT(100000)
16:58:18.135 [FXGL Background Thread 1 ] DEBUG InitAppTask          - Initializing Physics
16:58:18.135 [FXGL Background Thread 1 ] DEBUG InitAppTask          - Initializing UI
16:58:18.135 [FXGL Background Thread 1 ] DEBUG InitAppTask          - Initialization Complete
16:58:18.136 [FXGL Background Thread 1 ] INFO  InitAppTask          - Game initialization took: 0.126 sec
16:58:18.156 [JavaFX Application Thread] DEBUG Input                - Clearing active input actions
16:58:18.165 [JavaFX Application Thread] DEBUG AppStateMachine      - LoadingState -> PlayState
16:58:34.566 [JavaFX Application Thread] DEBUG GameApplication      - Exiting game application
16:58:34.568 [JavaFX Application Thread] DEBUG GameApplication      - Shutting down background threads
16:58:34.568 [JavaFX Application Thread] DEBUG GameApplication      - Exiting FXGL
16:58:34.568 [JavaFX Application Thread] DEBUG FXGL                 - Saving FXGL system data
16:58:34.570 [JavaFX Application Thread] DEBUG DesktopFSService     - Writing to: system/fxgl.bundle
16:58:34.574 [JavaFX Application Thread] DEBUG GameApplication      - Closing logger and exiting JavaFX
