05:45:29.617 [JavaFX Application Thread] DEBUG GameApplication      - Logger initialized
05:45:29.648 [JavaFX Application Thread] DEBUG MainWindow           - Creating a JavaFX scene
05:45:29.793 [JavaFX Application Thread] DEBUG MainWindow           - Target settings size: 400.0 x 600.0
05:45:29.793 [JavaFX Application Thread] DEBUG MainWindow           - Scaled scene size:    400.0 x 600.0
05:45:29.794 [JavaFX Application Thread] DEBUG MainWindow           - Scaled ratio: (1.0, 1.0)
05:45:29.802 [JavaFX Application Thread] DEBUG GameApplication      - Starting FXGL
05:45:29.807 [JavaFX Application Thread] INFO  FXGL                 - FXGL-0.5.3 on DESKTOP
05:45:29.807 [JavaFX Application Thread] INFO  FXGL                 - Source code and latest versions at: https://github.com/AlmasB/FXGL
05:45:29.807 [JavaFX Application Thread] INFO  FXGL                 -              Join the FXGL chat at: https://gitter.im/AlmasB/FXGL
05:45:29.818 [JavaFX Application Thread] DEBUG FS                   - Loaded DesktopFSService
05:45:29.819 [JavaFX Application Thread] DEBUG FXGL                 - Loading FXGL system data
05:45:29.831 [JavaFX Application Thread] DEBUG DesktopFSService     - Reading from: system\fxgl.bundle
05:45:29.846 [JavaFX Application Thread] DEBUG Bundle               - Logging bundle: FXGL
05:45:29.847 [JavaFX Application Thread] DEBUG Bundle               - FXGL.offline.timer.version.check=2018-07-24T21:09:25.379
05:45:29.902 [JavaFX Application Thread] DEBUG GameApplication      - FXGL started
05:45:29.903 [JavaFX Application Thread] DEBUG GameApplication      - Logging game settings
Title: Pinball
Version: 0.1
Width: 400
Height: 600
Fullscreen: false
Intro: false
Menus: false
Profiling: true
Single step:false
App Mode: DEBUG
Menu Key: ESCAPE
Stage Style: DECORATED
Scene Factory: class com.almasb.fxgl.scene.SceneFactory
Dialog Factory: class com.almasb.fxgl.ui.FXGLDialogFactory
UI Factory: class com.almasb.fxgl.ui.FXGLUIFactory
Notification Service: class com.almasb.fxgl.gameplay.notification.XboxNotificationView
Exception Handler: class com.almasb.fxgl.app.FXGLExceptionHandler
05:45:29.905 [JavaFX Application Thread] DEBUG GameApplication      - Configuring GameApplication
05:45:29.907 [JavaFX Application Thread] DEBUG GameApplication      - Initializing state machine and application states
05:45:29.927 [JavaFX Application Thread] DEBUG AssetLoader          - Loading from disk: /assets/ui/cursors/fxgl_default.png
05:45:29.959 [JavaFX Application Thread] DEBUG AssetLoader          - Loading from disk: /assets/ui/cursors/fxgl_default.png
05:45:29.991 [JavaFX Application Thread] DEBUG FXGLAssets           - Loading FXGLAssets
05:45:30.021 [JavaFX Application Thread] DEBUG AssetLoader          - Loading from disk: /assets/ui/fonts/VarelaRound-Regular.ttf
05:45:30.288 [JavaFX Application Thread] DEBUG AssetLoader          - Loading from disk: /assets/ui/fonts/lucida_console.ttf
05:45:30.309 [JavaFX Application Thread] DEBUG AssetLoader          - Loading from disk: /assets/ui/fonts/Courier-Prime.ttf
05:45:30.324 [JavaFX Application Thread] DEBUG AssetLoader          - Loading from disk: /assets/ui/fonts/Abel-Regular.ttf
05:45:30.341 [JavaFX Application Thread] DEBUG AssetLoader          - Loading from disk: /assets/ui/css/fxgl_dark.css
05:45:30.403 [JavaFX Application Thread] DEBUG AssetLoader          - Loading from disk: /assets/ui/cursors/fxgl_default.png
05:45:30.533 [JavaFX Application Thread] DEBUG AssetLoader          - Loading from disk: /assets/ui/cursors/fxgl_default.png
05:45:30.576 [JavaFX Application Thread] DEBUG GameScene            - Game scene initialized: 400x600
05:45:30.585 [JavaFX Application Thread] DEBUG GameWorld            - Game world initialized
05:45:30.696 [JavaFX Application Thread] DEBUG PhysicsWorld         - Physics world initialized: appHeight=600, physics.ppm=50,0
05:45:30.739 [JavaFX Application Thread] DEBUG Input                - Registered new binding: Pause - Esc
05:45:30.792 [JavaFX Application Thread] DEBUG Input                - Clearing active input actions
05:45:30.890 [JavaFX Application Thread] DEBUG AppStateMachine      - StartupState -> StartupState
05:45:30.897 [JavaFX Application Thread] INFO  GameApplication      - Game configuration took:  0,989 sec
05:45:30.900 [JavaFX Application Thread] DEBUG AssetLoader          - Loading from disk: /assets/textures/fxgl_icon.png
05:45:30.932 [JavaFX Application Thread] DEBUG MainWindow           - Opening main window
05:45:31.151 [JavaFX Application Thread] DEBUG MainWindow           - Window border size: (6.0, 29.0)
05:45:31.152 [JavaFX Application Thread] DEBUG MainWindow           - Scaled size: 400.0 x 600.0
05:45:31.152 [JavaFX Application Thread] DEBUG MainWindow           - Scaled ratio: (1.0, 1.0)
05:45:31.152 [JavaFX Application Thread] DEBUG MainWindow           - Scene size: 400.0 x 600.0
05:45:31.152 [JavaFX Application Thread] DEBUG MainWindow           - Stage size: 406.0 x 629.0
05:45:31.153 [JavaFX Application Thread] DEBUG GameApplication      - Running preInit()
05:45:31.156 [JavaFX Application Thread] DEBUG Input                - Registered new binding: Screenshot - P
05:45:31.157 [JavaFX Application Thread] DEBUG Input                - Registered new binding: Dev Options - CTRL+0
05:45:31.159 [JavaFX Application Thread] DEBUG Input                - Registered new binding: System info dump - CTRL+9
05:45:31.160 [JavaFX Application Thread] DEBUG Input                - Registered new binding: Restart - CTRL+R
05:45:31.161 [JavaFX Application Thread] DEBUG Input                - Registered new binding: Release Ball - Space
05:45:31.203 [JavaFX Application Thread] DEBUG GameApplication      - Starting main loop
05:45:31.205 [JavaFX Application Thread] DEBUG StartupState         - STARTUP
05:45:31.206 [JavaFX Application Thread] DEBUG GameApplication      - Starting new game
05:45:31.206 [JavaFX Application Thread] DEBUG Input                - Clearing active input actions
05:45:31.216 [JavaFX Application Thread] DEBUG AppStateMachine      - StartupState -> LoadingState
05:45:31.233 [FXGL Background Thread 1 ] DEBUG InitAppTask          - Clearing previous game
05:45:31.233 [FXGL Background Thread 1 ] DEBUG GameWorld            - Clearing game world
05:45:31.234 [FXGL Background Thread 1 ] DEBUG PhysicsWorld         - Clearing physics world
05:45:31.234 [FXGL Background Thread 1 ] DEBUG GameScene            - Clearing game scene
05:45:31.236 [FXGL Background Thread 1 ] DEBUG InitAppTask          - Initializing Game
05:45:31.416 [FXGL Background Thread 1 ] DEBUG GameScene            - Creating render group for layer: DEFAULT(100000)
05:45:31.432 [FXGL Background Thread 1 ] DEBUG InitAppTask          - Initializing Physics
05:45:31.433 [FXGL Background Thread 1 ] DEBUG InitAppTask          - Initializing UI
05:45:31.433 [FXGL Background Thread 1 ] DEBUG InitAppTask          - Initialization Complete
05:45:31.434 [FXGL Background Thread 1 ] INFO  InitAppTask          - Game initialization took: 0,200 sec
05:45:31.439 [JavaFX Application Thread] DEBUG Input                - Clearing active input actions
05:45:31.448 [JavaFX Application Thread] DEBUG AppStateMachine      - LoadingState -> PlayState
05:49:09.555 [JavaFX Application Thread] DEBUG GameApplication      - Exiting game application
05:49:09.557 [JavaFX Application Thread] DEBUG GameApplication      - Shutting down background threads
05:49:09.557 [JavaFX Application Thread] INFO  Profiler             - Processed Frames: 13592
05:49:09.557 [JavaFX Application Thread] INFO  Profiler             - Average FPS: 59
05:49:09.558 [JavaFX Application Thread] INFO  Profiler             - Avg Frame Took: 0,04 ms
05:49:09.558 [JavaFX Application Thread] INFO  Profiler             - Avg Memory Usage: 30 MB
05:49:09.558 [JavaFX Application Thread] INFO  Profiler             - Min Memory Usage: 8 MB
05:49:09.558 [JavaFX Application Thread] INFO  Profiler             - Max Memory Usage: 43 MB
05:49:09.558 [JavaFX Application Thread] INFO  Profiler             - Estimated GC runs: 1
05:49:09.558 [JavaFX Application Thread] DEBUG GameApplication      - Exiting FXGL
05:49:09.558 [JavaFX Application Thread] DEBUG FXGL                 - Saving FXGL system data
05:49:09.562 [JavaFX Application Thread] DEBUG DesktopFSService     - Writing to: system\fxgl.bundle
05:49:09.567 [JavaFX Application Thread] DEBUG GameApplication      - Closing logger and exiting JavaFX
