20:19:00.851 [JavaFX Application Thread] DEBUG GameApplication      - Logger initialized
20:19:00.859 [JavaFX Application Thread] DEBUG MainWindow           - Creating a JavaFX scene
20:19:01.035 [JavaFX Application Thread] DEBUG MainWindow           - Target settings size: 400.0 x 600.0
20:19:01.036 [JavaFX Application Thread] DEBUG MainWindow           - Scaled scene size:    400.0 x 600.0
20:19:01.036 [JavaFX Application Thread] DEBUG MainWindow           - Scaled ratio: (1.0, 1.0)
20:19:01.045 [JavaFX Application Thread] DEBUG GameApplication      - Starting FXGL
20:19:01.049 [JavaFX Application Thread] INFO  FXGL                 - FXGL-0.5.3 on DESKTOP
20:19:01.050 [JavaFX Application Thread] INFO  FXGL                 - Source code and latest versions at: https://github.com/AlmasB/FXGL
20:19:01.051 [JavaFX Application Thread] INFO  FXGL                 -              Join the FXGL chat at: https://gitter.im/AlmasB/FXGL
20:19:01.061 [JavaFX Application Thread] DEBUG FS                   - Loaded DesktopFSService
20:19:01.061 [JavaFX Application Thread] DEBUG FXGL                 - Loading FXGL system data
20:19:01.071 [JavaFX Application Thread] DEBUG DesktopFSService     - Reading from: system/fxgl.bundle
20:19:01.086 [JavaFX Application Thread] DEBUG Bundle               - Logging bundle: FXGL
20:19:01.087 [JavaFX Application Thread] DEBUG Bundle               - FXGL.offline.timer.version.check=2018-07-24T21:09:25.379
20:19:01.156 [JavaFX Application Thread] DEBUG GameApplication      - FXGL started
20:19:01.157 [JavaFX Application Thread] DEBUG GameApplication      - Logging game settings
Title: Pinball
Version: 0.1
Width: 400
Height: 600
Fullscreen: false
Intro: false
Menus: false
Profiling: false
Single step:false
App Mode: DEVELOPER
Menu Key: ESCAPE
Stage Style: DECORATED
Scene Factory: class com.almasb.fxgl.scene.SceneFactory
Dialog Factory: class com.almasb.fxgl.ui.FXGLDialogFactory
UI Factory: class com.almasb.fxgl.ui.FXGLUIFactory
Notification Service: class com.almasb.fxgl.gameplay.notification.XboxNotificationView
Exception Handler: class com.almasb.fxgl.app.FXGLExceptionHandler
20:19:01.159 [JavaFX Application Thread] DEBUG GameApplication      - Configuring GameApplication
20:19:01.160 [JavaFX Application Thread] DEBUG GameApplication      - Initializing state machine and application states
20:19:01.181 [JavaFX Application Thread] DEBUG AssetLoader          - Loading from disk: /assets/ui/cursors/fxgl_default.png
20:19:01.222 [JavaFX Application Thread] DEBUG AssetLoader          - Loading from disk: /assets/ui/cursors/fxgl_default.png
20:19:01.270 [JavaFX Application Thread] DEBUG FXGLAssets           - Loading FXGLAssets
20:19:01.304 [JavaFX Application Thread] DEBUG AssetLoader          - Loading from disk: /assets/ui/fonts/VarelaRound-Regular.ttf
20:19:01.331 [JavaFX Application Thread] DEBUG AssetLoader          - Loading from disk: /assets/ui/fonts/lucida_console.ttf
20:19:01.335 [JavaFX Application Thread] DEBUG AssetLoader          - Loading from disk: /assets/ui/fonts/Courier-Prime.ttf
20:19:01.341 [JavaFX Application Thread] DEBUG AssetLoader          - Loading from disk: /assets/ui/fonts/Abel-Regular.ttf
20:19:01.344 [JavaFX Application Thread] DEBUG AssetLoader          - Loading from disk: /assets/ui/css/fxgl_dark.css
20:19:01.403 [JavaFX Application Thread] DEBUG AssetLoader          - Loading from disk: /assets/ui/cursors/fxgl_default.png
20:19:01.507 [JavaFX Application Thread] DEBUG AssetLoader          - Loading from disk: /assets/ui/cursors/fxgl_default.png
20:19:01.535 [JavaFX Application Thread] DEBUG GameScene            - Game scene initialized: 400x600
20:19:01.540 [JavaFX Application Thread] DEBUG GameWorld            - Game world initialized
20:19:01.599 [JavaFX Application Thread] DEBUG PhysicsWorld         - Physics world initialized: appHeight=600, physics.ppm=50.0
20:19:01.624 [JavaFX Application Thread] DEBUG Input                - Registered new binding: Pause - Esc
20:19:01.653 [JavaFX Application Thread] DEBUG Input                - Clearing active input actions
20:19:01.762 [JavaFX Application Thread] DEBUG AppStateMachine      - StartupState -> StartupState
20:19:01.766 [JavaFX Application Thread] INFO  GameApplication      - Game configuration took:  0.607 sec
20:19:01.769 [JavaFX Application Thread] DEBUG AssetLoader          - Loading from disk: /assets/textures/fxgl_icon.png
20:19:01.788 [JavaFX Application Thread] DEBUG MainWindow           - Opening main window
20:19:01.878 [JavaFX Application Thread] DEBUG MainWindow           - Window border size: (0.0, 0.0)
20:19:01.879 [JavaFX Application Thread] DEBUG MainWindow           - Scaled size: 400.0 x 600.0
20:19:01.879 [JavaFX Application Thread] DEBUG MainWindow           - Scaled ratio: (1.0, 1.0)
20:19:01.879 [JavaFX Application Thread] DEBUG MainWindow           - Scene size: 400.0 x 600.0
20:19:01.879 [JavaFX Application Thread] DEBUG MainWindow           - Stage size: 400.0 x 600.0
20:19:01.879 [JavaFX Application Thread] DEBUG GameApplication      - Running preInit()
20:19:01.881 [JavaFX Application Thread] DEBUG Input                - Registered new binding: Screenshot - P
20:19:01.882 [JavaFX Application Thread] DEBUG Input                - Registered new binding: Dev Options - CTRL+0
20:19:01.883 [JavaFX Application Thread] DEBUG Input                - Registered new binding: System info dump - CTRL+9
20:19:01.883 [JavaFX Application Thread] DEBUG Input                - Registered new binding: Restart - CTRL+R
20:19:01.884 [JavaFX Application Thread] DEBUG Input                - Registered new binding: Release Ball   - Space
20:19:01.920 [JavaFX Application Thread] DEBUG GameApplication      - Starting main loop
20:19:01.950 [JavaFX Application Thread] DEBUG StartupState         - STARTUP
20:19:01.951 [JavaFX Application Thread] DEBUG GameApplication      - Starting new game
20:19:01.951 [JavaFX Application Thread] DEBUG Input                - Clearing active input actions
20:19:01.961 [JavaFX Application Thread] DEBUG AppStateMachine      - StartupState -> LoadingState
20:19:01.970 [FXGL Background Thread 1 ] DEBUG InitAppTask          - Clearing previous game
20:19:01.971 [FXGL Background Thread 1 ] DEBUG GameWorld            - Clearing game world
20:19:01.971 [FXGL Background Thread 1 ] DEBUG PhysicsWorld         - Clearing physics world
20:19:01.971 [FXGL Background Thread 1 ] DEBUG GameScene            - Clearing game scene
20:19:01.977 [FXGL Background Thread 1 ] DEBUG InitAppTask          - Initializing Game
20:19:02.099 [FXGL Background Thread 1 ] DEBUG GameScene            - Creating render group for layer: DEFAULT(100000)
20:19:02.108 [FXGL Background Thread 1 ] DEBUG InitAppTask          - Initializing Physics
20:19:02.108 [FXGL Background Thread 1 ] DEBUG InitAppTask          - Initializing UI
20:19:02.108 [FXGL Background Thread 1 ] DEBUG InitAppTask          - Initialization Complete
20:19:02.108 [FXGL Background Thread 1 ] INFO  InitAppTask          - Game initialization took: 0.138 sec
20:19:02.114 [JavaFX Application Thread] DEBUG Input                - Clearing active input actions
20:19:02.136 [JavaFX Application Thread] DEBUG AppStateMachine      - LoadingState -> PlayState
20:19:14.179 [JavaFX Application Thread] DEBUG GameApplication      - Exiting game application
20:19:14.180 [JavaFX Application Thread] DEBUG GameApplication      - Shutting down background threads
20:19:14.181 [JavaFX Application Thread] DEBUG GameApplication      - Exiting FXGL
20:19:14.181 [JavaFX Application Thread] DEBUG FXGL                 - Saving FXGL system data
20:19:14.183 [JavaFX Application Thread] DEBUG DesktopFSService     - Writing to: system/fxgl.bundle
20:19:14.188 [JavaFX Application Thread] DEBUG GameApplication      - Closing logger and exiting JavaFX
