05:49:05.324 [JavaFX Application Thread] DEBUG GameApplication      - Logger initialized
05:49:05.345 [JavaFX Application Thread] DEBUG MainWindow           - Creating a JavaFX scene
05:49:05.487 [JavaFX Application Thread] DEBUG MainWindow           - Target settings size: 400.0 x 600.0
05:49:05.487 [JavaFX Application Thread] DEBUG MainWindow           - Scaled scene size:    400.0 x 600.0
05:49:05.487 [JavaFX Application Thread] DEBUG MainWindow           - Scaled ratio: (1.0, 1.0)
05:49:05.495 [JavaFX Application Thread] DEBUG GameApplication      - Starting FXGL
05:49:05.499 [JavaFX Application Thread] INFO  FXGL                 - FXGL-0.5.3 on DESKTOP
05:49:05.500 [JavaFX Application Thread] INFO  FXGL                 - Source code and latest versions at: https://github.com/AlmasB/FXGL
05:49:05.500 [JavaFX Application Thread] INFO  FXGL                 -              Join the FXGL chat at: https://gitter.im/AlmasB/FXGL
05:49:05.509 [JavaFX Application Thread] DEBUG FS                   - Loaded DesktopFSService
05:49:05.509 [JavaFX Application Thread] DEBUG FXGL                 - Loading FXGL system data
05:49:05.521 [JavaFX Application Thread] DEBUG DesktopFSService     - Reading from: system\fxgl.bundle
05:49:05.534 [JavaFX Application Thread] DEBUG Bundle               - Logging bundle: FXGL
05:49:05.535 [JavaFX Application Thread] DEBUG Bundle               - FXGL.offline.timer.version.check=2018-07-24T21:09:25.379
05:49:05.593 [JavaFX Application Thread] DEBUG GameApplication      - FXGL started
05:49:05.593 [JavaFX Application Thread] DEBUG GameApplication      - Logging game settings
Title: Pinball
Version: 0.1
Width: 400
Height: 600
Fullscreen: false
Intro: false
Menus: false
Profiling: true
Single step:false
App Mode: DEBUG
Menu Key: ESCAPE
Stage Style: DECORATED
Scene Factory: class com.almasb.fxgl.scene.SceneFactory
Dialog Factory: class com.almasb.fxgl.ui.FXGLDialogFactory
UI Factory: class com.almasb.fxgl.ui.FXGLUIFactory
Notification Service: class com.almasb.fxgl.gameplay.notification.XboxNotificationView
Exception Handler: class com.almasb.fxgl.app.FXGLExceptionHandler
05:49:05.596 [JavaFX Application Thread] DEBUG GameApplication      - Configuring GameApplication
05:49:05.596 [JavaFX Application Thread] DEBUG GameApplication      - Initializing state machine and application states
05:49:05.625 [JavaFX Application Thread] DEBUG AssetLoader          - Loading from disk: /assets/ui/cursors/fxgl_default.png
05:49:05.668 [JavaFX Application Thread] DEBUG AssetLoader          - Loading from disk: /assets/ui/cursors/fxgl_default.png
05:49:05.704 [JavaFX Application Thread] DEBUG FXGLAssets           - Loading FXGLAssets
05:49:05.749 [JavaFX Application Thread] DEBUG AssetLoader          - Loading from disk: /assets/ui/fonts/VarelaRound-Regular.ttf
05:49:05.916 [JavaFX Application Thread] DEBUG AssetLoader          - Loading from disk: /assets/ui/fonts/lucida_console.ttf
05:49:05.931 [JavaFX Application Thread] DEBUG AssetLoader          - Loading from disk: /assets/ui/fonts/Courier-Prime.ttf
05:49:05.946 [JavaFX Application Thread] DEBUG AssetLoader          - Loading from disk: /assets/ui/fonts/Abel-Regular.ttf
05:49:05.958 [JavaFX Application Thread] DEBUG AssetLoader          - Loading from disk: /assets/ui/css/fxgl_dark.css
05:49:06.023 [JavaFX Application Thread] DEBUG AssetLoader          - Loading from disk: /assets/ui/cursors/fxgl_default.png
05:49:06.151 [JavaFX Application Thread] DEBUG AssetLoader          - Loading from disk: /assets/ui/cursors/fxgl_default.png
05:49:06.212 [JavaFX Application Thread] DEBUG GameScene            - Game scene initialized: 400x600
05:49:06.222 [JavaFX Application Thread] DEBUG GameWorld            - Game world initialized
05:49:06.392 [JavaFX Application Thread] DEBUG PhysicsWorld         - Physics world initialized: appHeight=600, physics.ppm=50,0
05:49:06.544 [JavaFX Application Thread] DEBUG Input                - Registered new binding: Pause - Esc
05:49:06.577 [JavaFX Application Thread] DEBUG Input                - Clearing active input actions
05:49:06.725 [JavaFX Application Thread] DEBUG AppStateMachine      - StartupState -> StartupState
05:49:06.732 [JavaFX Application Thread] INFO  GameApplication      - Game configuration took:  1,135 sec
05:49:06.735 [JavaFX Application Thread] DEBUG AssetLoader          - Loading from disk: /assets/textures/fxgl_icon.png
05:49:06.785 [JavaFX Application Thread] DEBUG MainWindow           - Opening main window
05:49:07.249 [JavaFX Application Thread] DEBUG MainWindow           - Window border size: (6.0, 29.0)
05:49:07.249 [JavaFX Application Thread] DEBUG MainWindow           - Scaled size: 400.0 x 600.0
05:49:07.250 [JavaFX Application Thread] DEBUG MainWindow           - Scaled ratio: (1.0, 1.0)
05:49:07.250 [JavaFX Application Thread] DEBUG MainWindow           - Scene size: 400.0 x 600.0
05:49:07.250 [JavaFX Application Thread] DEBUG MainWindow           - Stage size: 406.0 x 629.0
05:49:07.250 [JavaFX Application Thread] DEBUG GameApplication      - Running preInit()
05:49:07.255 [JavaFX Application Thread] DEBUG Input                - Registered new binding: Screenshot - P
05:49:07.256 [JavaFX Application Thread] DEBUG Input                - Registered new binding: Dev Options - CTRL+0
05:49:07.256 [JavaFX Application Thread] DEBUG Input                - Registered new binding: System info dump - CTRL+9
05:49:07.257 [JavaFX Application Thread] DEBUG Input                - Registered new binding: Restart - CTRL+R
05:49:07.258 [JavaFX Application Thread] DEBUG Input                - Registered new binding: Release Ball - Space
05:49:07.308 [JavaFX Application Thread] DEBUG GameApplication      - Starting main loop
05:49:07.312 [JavaFX Application Thread] DEBUG StartupState         - STARTUP
05:49:07.312 [JavaFX Application Thread] DEBUG GameApplication      - Starting new game
05:49:07.312 [JavaFX Application Thread] DEBUG Input                - Clearing active input actions
05:49:07.323 [JavaFX Application Thread] DEBUG AppStateMachine      - StartupState -> LoadingState
05:49:07.338 [FXGL Background Thread 1 ] DEBUG InitAppTask          - Clearing previous game
05:49:07.338 [FXGL Background Thread 1 ] DEBUG GameWorld            - Clearing game world
05:49:07.345 [FXGL Background Thread 1 ] DEBUG PhysicsWorld         - Clearing physics world
05:49:07.346 [FXGL Background Thread 1 ] DEBUG GameScene            - Clearing game scene
05:49:07.349 [FXGL Background Thread 1 ] DEBUG InitAppTask          - Initializing Game
05:49:07.505 [FXGL Background Thread 1 ] DEBUG GameScene            - Creating render group for layer: DEFAULT(100000)
05:49:07.516 [FXGL Background Thread 1 ] DEBUG InitAppTask          - Initializing Physics
05:49:07.517 [FXGL Background Thread 1 ] DEBUG InitAppTask          - Initializing UI
05:49:07.517 [FXGL Background Thread 1 ] DEBUG InitAppTask          - Initialization Complete
05:49:07.518 [FXGL Background Thread 1 ] INFO  InitAppTask          - Game initialization took: 0,180 sec
05:49:07.532 [JavaFX Application Thread] DEBUG Input                - Clearing active input actions
05:49:07.545 [JavaFX Application Thread] DEBUG AppStateMachine      - LoadingState -> PlayState
05:49:10.799 [JavaFX Application Thread] DEBUG GameApplication      - Exiting game application
05:49:10.800 [JavaFX Application Thread] DEBUG GameApplication      - Shutting down background threads
05:49:10.801 [JavaFX Application Thread] INFO  Profiler             - Processed Frames: 221
05:49:10.801 [JavaFX Application Thread] INFO  Profiler             - Average FPS: 59
05:49:10.801 [JavaFX Application Thread] INFO  Profiler             - Avg Frame Took: 0,39 ms
05:49:10.801 [JavaFX Application Thread] INFO  Profiler             - Avg Memory Usage: 18 MB
05:49:10.801 [JavaFX Application Thread] INFO  Profiler             - Min Memory Usage: 8 MB
05:49:10.801 [JavaFX Application Thread] INFO  Profiler             - Max Memory Usage: 19 MB
05:49:10.801 [JavaFX Application Thread] INFO  Profiler             - Estimated GC runs: 0
05:49:10.802 [JavaFX Application Thread] DEBUG GameApplication      - Exiting FXGL
05:49:10.802 [JavaFX Application Thread] DEBUG FXGL                 - Saving FXGL system data
05:49:10.805 [JavaFX Application Thread] DEBUG DesktopFSService     - Writing to: system\fxgl.bundle
05:49:10.811 [JavaFX Application Thread] DEBUG GameApplication      - Closing logger and exiting JavaFX
