05:54:42.717 [JavaFX Application Thread] DEBUG GameApplication      - Logger initialized
05:54:42.743 [JavaFX Application Thread] DEBUG MainWindow           - Creating a JavaFX scene
05:54:42.875 [JavaFX Application Thread] DEBUG MainWindow           - Target settings size: 400.0 x 600.0
05:54:42.876 [JavaFX Application Thread] DEBUG MainWindow           - Scaled scene size:    400.0 x 600.0
05:54:42.876 [JavaFX Application Thread] DEBUG MainWindow           - Scaled ratio: (1.0, 1.0)
05:54:42.884 [JavaFX Application Thread] DEBUG GameApplication      - Starting FXGL
05:54:42.888 [JavaFX Application Thread] INFO  FXGL                 - FXGL-0.5.3 on DESKTOP
05:54:42.889 [JavaFX Application Thread] INFO  FXGL                 - Source code and latest versions at: https://github.com/AlmasB/FXGL
05:54:42.889 [JavaFX Application Thread] INFO  FXGL                 -              Join the FXGL chat at: https://gitter.im/AlmasB/FXGL
05:54:42.898 [JavaFX Application Thread] DEBUG FS                   - Loaded DesktopFSService
05:54:42.899 [JavaFX Application Thread] DEBUG FXGL                 - Loading FXGL system data
05:54:42.910 [JavaFX Application Thread] DEBUG DesktopFSService     - Reading from: system\fxgl.bundle
05:54:42.924 [JavaFX Application Thread] DEBUG Bundle               - Logging bundle: FXGL
05:54:42.924 [JavaFX Application Thread] DEBUG Bundle               - FXGL.offline.timer.version.check=2018-07-24T21:09:25.379
05:54:42.978 [JavaFX Application Thread] DEBUG GameApplication      - FXGL started
05:54:42.978 [JavaFX Application Thread] DEBUG GameApplication      - Logging game settings
Title: Pinball
Version: 0.1
Width: 400
Height: 600
Fullscreen: false
Intro: false
Menus: false
Profiling: true
Single step:false
App Mode: DEBUG
Menu Key: ESCAPE
Stage Style: DECORATED
Scene Factory: class com.almasb.fxgl.scene.SceneFactory
Dialog Factory: class com.almasb.fxgl.ui.FXGLDialogFactory
UI Factory: class com.almasb.fxgl.ui.FXGLUIFactory
Notification Service: class com.almasb.fxgl.gameplay.notification.XboxNotificationView
Exception Handler: class com.almasb.fxgl.app.FXGLExceptionHandler
05:54:42.979 [JavaFX Application Thread] DEBUG GameApplication      - Configuring GameApplication
05:54:42.980 [JavaFX Application Thread] DEBUG GameApplication      - Initializing state machine and application states
05:54:43.008 [JavaFX Application Thread] DEBUG AssetLoader          - Loading from disk: /assets/ui/cursors/fxgl_default.png
05:54:43.039 [JavaFX Application Thread] DEBUG AssetLoader          - Loading from disk: /assets/ui/cursors/fxgl_default.png
05:54:43.069 [JavaFX Application Thread] DEBUG FXGLAssets           - Loading FXGLAssets
05:54:43.100 [JavaFX Application Thread] DEBUG AssetLoader          - Loading from disk: /assets/ui/fonts/VarelaRound-Regular.ttf
05:54:43.317 [JavaFX Application Thread] DEBUG AssetLoader          - Loading from disk: /assets/ui/fonts/lucida_console.ttf
05:54:43.335 [JavaFX Application Thread] DEBUG AssetLoader          - Loading from disk: /assets/ui/fonts/Courier-Prime.ttf
05:54:43.351 [JavaFX Application Thread] DEBUG AssetLoader          - Loading from disk: /assets/ui/fonts/Abel-Regular.ttf
05:54:43.365 [JavaFX Application Thread] DEBUG AssetLoader          - Loading from disk: /assets/ui/css/fxgl_dark.css
05:54:43.433 [JavaFX Application Thread] DEBUG AssetLoader          - Loading from disk: /assets/ui/cursors/fxgl_default.png
05:54:43.569 [JavaFX Application Thread] DEBUG AssetLoader          - Loading from disk: /assets/ui/cursors/fxgl_default.png
05:54:43.600 [JavaFX Application Thread] DEBUG GameScene            - Game scene initialized: 400x600
05:54:43.611 [JavaFX Application Thread] DEBUG GameWorld            - Game world initialized
05:54:43.696 [JavaFX Application Thread] DEBUG PhysicsWorld         - Physics world initialized: appHeight=600, physics.ppm=50,0
05:54:43.728 [JavaFX Application Thread] DEBUG Input                - Registered new binding: Pause - Esc
05:54:43.763 [JavaFX Application Thread] DEBUG Input                - Clearing active input actions
05:54:43.874 [JavaFX Application Thread] DEBUG AppStateMachine      - StartupState -> StartupState
05:54:43.881 [JavaFX Application Thread] INFO  GameApplication      - Game configuration took:  0,900 sec
05:54:43.884 [JavaFX Application Thread] DEBUG AssetLoader          - Loading from disk: /assets/textures/fxgl_icon.png
05:54:43.929 [JavaFX Application Thread] DEBUG MainWindow           - Opening main window
05:54:44.163 [JavaFX Application Thread] DEBUG MainWindow           - Window border size: (6.0, 29.0)
05:54:44.164 [JavaFX Application Thread] DEBUG MainWindow           - Scaled size: 400.0 x 600.0
05:54:44.164 [JavaFX Application Thread] DEBUG MainWindow           - Scaled ratio: (1.0, 1.0)
05:54:44.164 [JavaFX Application Thread] DEBUG MainWindow           - Scene size: 400.0 x 600.0
05:54:44.165 [JavaFX Application Thread] DEBUG MainWindow           - Stage size: 406.0 x 629.0
05:54:44.165 [JavaFX Application Thread] DEBUG GameApplication      - Running preInit()
05:54:44.168 [JavaFX Application Thread] DEBUG Input                - Registered new binding: Screenshot - P
05:54:44.169 [JavaFX Application Thread] DEBUG Input                - Registered new binding: Dev Options - CTRL+0
05:54:44.170 [JavaFX Application Thread] DEBUG Input                - Registered new binding: System info dump - CTRL+9
05:54:44.171 [JavaFX Application Thread] DEBUG Input                - Registered new binding: Restart - CTRL+R
05:54:44.172 [JavaFX Application Thread] DEBUG Input                - Registered new binding: Release Ball - Space
05:54:44.214 [JavaFX Application Thread] DEBUG GameApplication      - Starting main loop
05:54:44.217 [JavaFX Application Thread] DEBUG StartupState         - STARTUP
05:54:44.218 [JavaFX Application Thread] DEBUG GameApplication      - Starting new game
05:54:44.218 [JavaFX Application Thread] DEBUG Input                - Clearing active input actions
05:54:44.227 [JavaFX Application Thread] DEBUG AppStateMachine      - StartupState -> LoadingState
05:54:44.235 [FXGL Background Thread 1 ] DEBUG InitAppTask          - Clearing previous game
05:54:44.235 [FXGL Background Thread 1 ] DEBUG GameWorld            - Clearing game world
05:54:44.236 [FXGL Background Thread 1 ] DEBUG PhysicsWorld         - Clearing physics world
05:54:44.236 [FXGL Background Thread 1 ] DEBUG GameScene            - Clearing game scene
05:54:44.237 [FXGL Background Thread 1 ] DEBUG InitAppTask          - Initializing Game
05:54:44.363 [FXGL Background Thread 1 ] DEBUG GameScene            - Creating render group for layer: DEFAULT(100000)
05:54:44.372 [FXGL Background Thread 1 ] DEBUG InitAppTask          - Initializing Physics
05:54:44.373 [FXGL Background Thread 1 ] DEBUG InitAppTask          - Initializing UI
05:54:44.374 [FXGL Background Thread 1 ] DEBUG InitAppTask          - Initialization Complete
05:54:44.374 [FXGL Background Thread 1 ] INFO  InitAppTask          - Game initialization took: 0,139 sec
05:54:44.382 [JavaFX Application Thread] DEBUG Input                - Clearing active input actions
05:54:44.389 [JavaFX Application Thread] DEBUG AppStateMachine      - LoadingState -> PlayState
05:54:47.359 [JavaFX Application Thread] DEBUG GameApplication      - Exiting game application
05:54:47.361 [JavaFX Application Thread] DEBUG GameApplication      - Shutting down background threads
05:54:47.363 [JavaFX Application Thread] INFO  Profiler             - Processed Frames: 186
05:54:47.364 [JavaFX Application Thread] INFO  Profiler             - Average FPS: 58
05:54:47.365 [JavaFX Application Thread] INFO  Profiler             - Avg Frame Took: 0,66 ms
05:54:47.366 [JavaFX Application Thread] INFO  Profiler             - Avg Memory Usage: 27 MB
05:54:47.366 [JavaFX Application Thread] INFO  Profiler             - Min Memory Usage: 8 MB
05:54:47.367 [JavaFX Application Thread] INFO  Profiler             - Max Memory Usage: 34 MB
05:54:47.367 [JavaFX Application Thread] INFO  Profiler             - Estimated GC runs: 0
05:54:47.368 [JavaFX Application Thread] DEBUG GameApplication      - Exiting FXGL
05:54:47.369 [JavaFX Application Thread] DEBUG FXGL                 - Saving FXGL system data
05:54:47.379 [JavaFX Application Thread] DEBUG DesktopFSService     - Writing to: system\fxgl.bundle
05:54:47.397 [JavaFX Application Thread] DEBUG GameApplication      - Closing logger and exiting JavaFX
