20:25:29.992 [JavaFX Application Thread] DEBUG GameApplication      - Logger initialized
20:25:30.002 [JavaFX Application Thread] DEBUG MainWindow           - Creating a JavaFX scene
20:25:30.192 [JavaFX Application Thread] DEBUG MainWindow           - Target settings size: 400.0 x 600.0
20:25:30.192 [JavaFX Application Thread] DEBUG MainWindow           - Scaled scene size:    400.0 x 600.0
20:25:30.193 [JavaFX Application Thread] DEBUG MainWindow           - Scaled ratio: (1.0, 1.0)
20:25:30.201 [JavaFX Application Thread] DEBUG GameApplication      - Starting FXGL
20:25:30.206 [JavaFX Application Thread] INFO  FXGL                 - FXGL-0.5.3 on DESKTOP
20:25:30.206 [JavaFX Application Thread] INFO  FXGL                 - Source code and latest versions at: https://github.com/AlmasB/FXGL
20:25:30.207 [JavaFX Application Thread] INFO  FXGL                 -              Join the FXGL chat at: https://gitter.im/AlmasB/FXGL
20:25:30.214 [JavaFX Application Thread] DEBUG FS                   - Loaded DesktopFSService
20:25:30.214 [JavaFX Application Thread] DEBUG FXGL                 - Loading FXGL system data
20:25:30.226 [JavaFX Application Thread] DEBUG DesktopFSService     - Reading from: system/fxgl.bundle
20:25:30.240 [JavaFX Application Thread] DEBUG Bundle               - Logging bundle: FXGL
20:25:30.241 [JavaFX Application Thread] DEBUG Bundle               - FXGL.offline.timer.version.check=2018-07-24T21:09:25.379
20:25:30.277 [JavaFX Application Thread] DEBUG GameApplication      - FXGL started
20:25:30.278 [JavaFX Application Thread] DEBUG GameApplication      - Logging game settings
Title: Pinball
Version: 0.1
Width: 400
Height: 600
Fullscreen: false
Intro: false
Menus: false
Profiling: false
Single step:false
App Mode: DEVELOPER
Menu Key: ESCAPE
Stage Style: DECORATED
Scene Factory: class com.almasb.fxgl.scene.SceneFactory
Dialog Factory: class com.almasb.fxgl.ui.FXGLDialogFactory
UI Factory: class com.almasb.fxgl.ui.FXGLUIFactory
Notification Service: class com.almasb.fxgl.gameplay.notification.XboxNotificationView
Exception Handler: class com.almasb.fxgl.app.FXGLExceptionHandler
20:25:30.279 [JavaFX Application Thread] DEBUG GameApplication      - Configuring GameApplication
20:25:30.280 [JavaFX Application Thread] DEBUG GameApplication      - Initializing state machine and application states
20:25:30.306 [JavaFX Application Thread] DEBUG AssetLoader          - Loading from disk: /assets/ui/cursors/fxgl_default.png
20:25:30.343 [JavaFX Application Thread] DEBUG AssetLoader          - Loading from disk: /assets/ui/cursors/fxgl_default.png
20:25:30.398 [JavaFX Application Thread] DEBUG FXGLAssets           - Loading FXGLAssets
20:25:30.460 [JavaFX Application Thread] DEBUG AssetLoader          - Loading from disk: /assets/ui/fonts/VarelaRound-Regular.ttf
20:25:30.481 [JavaFX Application Thread] DEBUG AssetLoader          - Loading from disk: /assets/ui/fonts/lucida_console.ttf
20:25:30.484 [JavaFX Application Thread] DEBUG AssetLoader          - Loading from disk: /assets/ui/fonts/Courier-Prime.ttf
20:25:30.487 [JavaFX Application Thread] DEBUG AssetLoader          - Loading from disk: /assets/ui/fonts/Abel-Regular.ttf
20:25:30.490 [JavaFX Application Thread] DEBUG AssetLoader          - Loading from disk: /assets/ui/css/fxgl_dark.css
20:25:30.542 [JavaFX Application Thread] DEBUG AssetLoader          - Loading from disk: /assets/ui/cursors/fxgl_default.png
20:25:30.621 [JavaFX Application Thread] DEBUG AssetLoader          - Loading from disk: /assets/ui/cursors/fxgl_default.png
20:25:30.668 [JavaFX Application Thread] DEBUG GameScene            - Game scene initialized: 400x600
20:25:30.673 [JavaFX Application Thread] DEBUG GameWorld            - Game world initialized
20:25:30.754 [JavaFX Application Thread] DEBUG PhysicsWorld         - Physics world initialized: appHeight=600, physics.ppm=50.0
20:25:30.777 [JavaFX Application Thread] DEBUG Input                - Registered new binding: Pause - Esc
20:25:30.805 [JavaFX Application Thread] DEBUG Input                - Clearing active input actions
20:25:30.897 [JavaFX Application Thread] DEBUG AppStateMachine      - StartupState -> StartupState
20:25:30.901 [JavaFX Application Thread] INFO  GameApplication      - Game configuration took:  0.621 sec
20:25:30.904 [JavaFX Application Thread] DEBUG AssetLoader          - Loading from disk: /assets/textures/fxgl_icon.png
20:25:30.932 [JavaFX Application Thread] DEBUG MainWindow           - Opening main window
20:25:31.043 [JavaFX Application Thread] DEBUG MainWindow           - Window border size: (0.0, 0.0)
20:25:31.043 [JavaFX Application Thread] DEBUG MainWindow           - Scaled size: 400.0 x 600.0
20:25:31.043 [JavaFX Application Thread] DEBUG MainWindow           - Scaled ratio: (1.0, 1.0)
20:25:31.043 [JavaFX Application Thread] DEBUG MainWindow           - Scene size: 400.0 x 600.0
20:25:31.044 [JavaFX Application Thread] DEBUG MainWindow           - Stage size: 400.0 x 600.0
20:25:31.044 [JavaFX Application Thread] DEBUG GameApplication      - Running preInit()
20:25:31.046 [JavaFX Application Thread] DEBUG Input                - Registered new binding: Screenshot - P
20:25:31.046 [JavaFX Application Thread] DEBUG Input                - Registered new binding: Dev Options - CTRL+0
20:25:31.047 [JavaFX Application Thread] DEBUG Input                - Registered new binding: System info dump - CTRL+9
20:25:31.047 [JavaFX Application Thread] DEBUG Input                - Registered new binding: Restart - CTRL+R
20:25:31.047 [JavaFX Application Thread] DEBUG Input                - Registered new binding: Release Ball   - Space
20:25:31.089 [JavaFX Application Thread] DEBUG GameApplication      - Starting main loop
20:25:31.100 [JavaFX Application Thread] DEBUG StartupState         - STARTUP
20:25:31.100 [JavaFX Application Thread] DEBUG GameApplication      - Starting new game
20:25:31.100 [JavaFX Application Thread] DEBUG Input                - Clearing active input actions
20:25:31.112 [JavaFX Application Thread] DEBUG AppStateMachine      - StartupState -> LoadingState
20:25:31.119 [FXGL Background Thread 1 ] DEBUG InitAppTask          - Clearing previous game
20:25:31.119 [FXGL Background Thread 1 ] DEBUG GameWorld            - Clearing game world
20:25:31.119 [FXGL Background Thread 1 ] DEBUG PhysicsWorld         - Clearing physics world
20:25:31.119 [FXGL Background Thread 1 ] DEBUG GameScene            - Clearing game scene
20:25:31.121 [FXGL Background Thread 1 ] DEBUG InitAppTask          - Initializing Game
20:25:31.236 [FXGL Background Thread 1 ] DEBUG GameScene            - Creating render group for layer: DEFAULT(100000)
20:25:31.242 [FXGL Background Thread 1 ] DEBUG InitAppTask          - Initializing Physics
20:25:31.242 [FXGL Background Thread 1 ] DEBUG InitAppTask          - Initializing UI
20:25:31.242 [FXGL Background Thread 1 ] DEBUG InitAppTask          - Initialization Complete
20:25:31.242 [FXGL Background Thread 1 ] INFO  InitAppTask          - Game initialization took: 0.124 sec
20:25:31.245 [JavaFX Application Thread] DEBUG Input                - Clearing active input actions
20:25:31.252 [JavaFX Application Thread] DEBUG AppStateMachine      - LoadingState -> PlayState
21:14:04.512 [JavaFX Application Thread] DEBUG GameApplication      - Exiting game application
21:14:04.515 [JavaFX Application Thread] DEBUG GameApplication      - Shutting down background threads
21:14:04.516 [JavaFX Application Thread] DEBUG GameApplication      - Exiting FXGL
21:14:04.517 [JavaFX Application Thread] DEBUG FXGL                 - Saving FXGL system data
21:14:04.519 [JavaFX Application Thread] DEBUG DesktopFSService     - Writing to: system/fxgl.bundle
21:14:04.523 [JavaFX Application Thread] DEBUG GameApplication      - Closing logger and exiting JavaFX
