02:48:26.513 [JavaFX Application Thread] DEBUG GameApplication      - Logger initialized
02:48:26.518 [JavaFX Application Thread] DEBUG MainWindow           - Creating a JavaFX scene
02:48:26.582 [JavaFX Application Thread] DEBUG MainWindow           - Target settings size: 400.0 x 600.0
02:48:26.582 [JavaFX Application Thread] DEBUG MainWindow           - Scaled scene size:    400.0 x 600.0
02:48:26.582 [JavaFX Application Thread] DEBUG MainWindow           - Scaled ratio: (1.0, 1.0)
02:48:26.586 [JavaFX Application Thread] DEBUG GameApplication      - Starting FXGL
02:48:26.589 [JavaFX Application Thread] INFO  FXGL                 - FXGL-0.5.3 on DESKTOP
02:48:26.589 [JavaFX Application Thread] INFO  FXGL                 - Source code and latest versions at: https://github.com/AlmasB/FXGL
02:48:26.590 [JavaFX Application Thread] INFO  FXGL                 -              Join the FXGL chat at: https://gitter.im/AlmasB/FXGL
02:48:26.594 [JavaFX Application Thread] DEBUG FS                   - Loaded DesktopFSService
02:48:26.595 [JavaFX Application Thread] DEBUG FXGL                 - Loading FXGL system data
02:48:26.600 [JavaFX Application Thread] DEBUG DesktopFSService     - Reading from: system\fxgl.bundle
02:48:26.609 [JavaFX Application Thread] DEBUG Bundle               - Logging bundle: FXGL
02:48:26.610 [JavaFX Application Thread] DEBUG Bundle               - FXGL.offline.timer.version.check=2018-08-18T15:14:28.733
02:48:26.631 [JavaFX Application Thread] DEBUG GameApplication      - FXGL started
02:48:26.631 [JavaFX Application Thread] DEBUG GameApplication      - Logging game settings
Title: Pinball
Version: 0.1
Width: 400
Height: 600
Fullscreen: false
Intro: false
Menus: false
Profiling: true
Single step:false
App Mode: DEBUG
Menu Key: ESCAPE
Stage Style: DECORATED
Scene Factory: class com.almasb.fxgl.scene.SceneFactory
Dialog Factory: class com.almasb.fxgl.ui.FXGLDialogFactory
UI Factory: class com.almasb.fxgl.ui.FXGLUIFactory
Notification Service: class com.almasb.fxgl.gameplay.notification.XboxNotificationView
Exception Handler: class com.almasb.fxgl.app.FXGLExceptionHandler
02:48:26.632 [JavaFX Application Thread] DEBUG GameApplication      - Configuring GameApplication
02:48:26.632 [JavaFX Application Thread] DEBUG GameApplication      - Initializing state machine and application states
02:48:26.646 [JavaFX Application Thread] DEBUG AssetLoader          - Loading from disk: /assets/ui/cursors/fxgl_default.png
02:48:26.664 [JavaFX Application Thread] DEBUG AssetLoader          - Loading from disk: /assets/ui/cursors/fxgl_default.png
02:48:26.679 [JavaFX Application Thread] DEBUG FXGLAssets           - Loading FXGLAssets
02:48:26.700 [JavaFX Application Thread] DEBUG AssetLoader          - Loading from disk: /assets/ui/fonts/VarelaRound-Regular.ttf
02:48:26.791 [JavaFX Application Thread] DEBUG AssetLoader          - Loading from disk: /assets/ui/fonts/lucida_console.ttf
02:48:26.802 [JavaFX Application Thread] DEBUG AssetLoader          - Loading from disk: /assets/ui/fonts/Courier-Prime.ttf
02:48:26.810 [JavaFX Application Thread] DEBUG AssetLoader          - Loading from disk: /assets/ui/fonts/Abel-Regular.ttf
02:48:26.818 [JavaFX Application Thread] DEBUG AssetLoader          - Loading from disk: /assets/ui/css/fxgl_dark.css
02:48:26.847 [JavaFX Application Thread] DEBUG AssetLoader          - Loading from disk: /assets/ui/cursors/fxgl_default.png
02:48:26.889 [JavaFX Application Thread] DEBUG AssetLoader          - Loading from disk: /assets/ui/cursors/fxgl_default.png
02:48:26.905 [JavaFX Application Thread] DEBUG GameScene            - Game scene initialized: 400x600
02:48:26.908 [JavaFX Application Thread] DEBUG GameWorld            - Game world initialized
02:48:26.944 [JavaFX Application Thread] DEBUG PhysicsWorld         - Physics world initialized: appHeight=600, physics.ppm=50.0
02:48:26.960 [JavaFX Application Thread] DEBUG Input                - Registered new binding: Pause - Esc
02:48:26.975 [JavaFX Application Thread] DEBUG Input                - Clearing active input actions
02:48:27.015 [JavaFX Application Thread] DEBUG AppStateMachine      - StartupState -> StartupState
02:48:27.019 [JavaFX Application Thread] INFO  GameApplication      - Game configuration took:  0.387 sec
02:48:27.021 [JavaFX Application Thread] DEBUG AssetLoader          - Loading from disk: /assets/textures/fxgl_icon.png
02:48:27.030 [JavaFX Application Thread] DEBUG MainWindow           - Opening main window
02:48:27.151 [JavaFX Application Thread] DEBUG MainWindow           - Window border size: (6.0, 29.0)
02:48:27.151 [JavaFX Application Thread] DEBUG MainWindow           - Scaled size: 400.0 x 600.0
02:48:27.151 [JavaFX Application Thread] DEBUG MainWindow           - Scaled ratio: (1.0, 1.0)
02:48:27.151 [JavaFX Application Thread] DEBUG MainWindow           - Scene size: 400.0 x 600.0
02:48:27.152 [JavaFX Application Thread] DEBUG MainWindow           - Stage size: 406.0 x 629.0
02:48:27.152 [JavaFX Application Thread] DEBUG GameApplication      - Running preInit()
02:48:27.153 [JavaFX Application Thread] DEBUG Input                - Registered new binding: Screenshot - P
02:48:27.154 [JavaFX Application Thread] DEBUG Input                - Registered new binding: Dev Options - CTRL+0
02:48:27.154 [JavaFX Application Thread] DEBUG Input                - Registered new binding: System info dump - CTRL+9
02:48:27.154 [JavaFX Application Thread] DEBUG Input                - Registered new binding: Restart - CTRL+R
02:48:27.154 [JavaFX Application Thread] DEBUG Input                - Registered new binding: Release Ball - Space
02:48:27.155 [JavaFX Application Thread] DEBUG Input                - Registered new binding: LeftFlipper movement - Left
02:48:27.155 [JavaFX Application Thread] DEBUG Input                - Registered new binding: RightFlipper movement - Right
02:48:27.175 [JavaFX Application Thread] DEBUG GameApplication      - Starting main loop
02:48:27.176 [JavaFX Application Thread] DEBUG StartupState         - STARTUP
02:48:27.176 [JavaFX Application Thread] DEBUG GameApplication      - Starting new game
02:48:27.176 [JavaFX Application Thread] DEBUG Input                - Clearing active input actions
02:48:27.180 [JavaFX Application Thread] DEBUG AppStateMachine      - StartupState -> LoadingState
02:48:27.184 [FXGL Background Thread 1 ] DEBUG InitAppTask          - Clearing previous game
02:48:27.184 [FXGL Background Thread 1 ] DEBUG GameWorld            - Clearing game world
02:48:27.185 [FXGL Background Thread 1 ] DEBUG PhysicsWorld         - Clearing physics world
02:48:27.185 [FXGL Background Thread 1 ] DEBUG GameScene            - Clearing game scene
02:48:27.185 [FXGL Background Thread 1 ] DEBUG InitAppTask          - Initializing Game
02:48:27.251 [FXGL Background Thread 1 ] DEBUG GameScene            - Creating render group for layer: DEFAULT(100000)
02:48:27.252 [FXGL Background Thread 1 ] DEBUG AssetLoader          - Loading from disk: /assets/textures/piñi.jpg
02:48:27.264 [FXGL Background Thread 1 ] DEBUG InitAppTask          - Initializing Physics
02:48:27.265 [FXGL Background Thread 1 ] DEBUG InitAppTask          - Initializing UI
02:48:27.265 [FXGL Background Thread 1 ] DEBUG InitAppTask          - Initialization Complete
02:48:27.265 [FXGL Background Thread 1 ] INFO  InitAppTask          - Game initialization took: 0.080 sec
02:48:27.280 [JavaFX Application Thread] DEBUG Input                - Clearing active input actions
02:48:27.285 [JavaFX Application Thread] DEBUG AppStateMachine      - LoadingState -> PlayState
02:48:40.882 [JavaFX Application Thread] DEBUG GameApplication      - Exiting game application
02:48:40.882 [JavaFX Application Thread] DEBUG GameApplication      - Shutting down background threads
02:48:40.883 [JavaFX Application Thread] INFO  Profiler             - Processed Frames: 878
02:48:40.883 [JavaFX Application Thread] INFO  Profiler             - Average FPS: 59
02:48:40.883 [JavaFX Application Thread] INFO  Profiler             - Avg Frame Took: 0.07 ms
02:48:40.883 [JavaFX Application Thread] INFO  Profiler             - Avg Memory Usage: 21 MB
02:48:40.883 [JavaFX Application Thread] INFO  Profiler             - Min Memory Usage: 8 MB
02:48:40.883 [JavaFX Application Thread] INFO  Profiler             - Max Memory Usage: 23 MB
02:48:40.883 [JavaFX Application Thread] INFO  Profiler             - Estimated GC runs: 0
02:48:40.883 [JavaFX Application Thread] DEBUG GameApplication      - Exiting FXGL
02:48:40.883 [JavaFX Application Thread] DEBUG FXGL                 - Saving FXGL system data
02:48:40.885 [JavaFX Application Thread] DEBUG DesktopFSService     - Writing to: system\fxgl.bundle
02:48:40.888 [JavaFX Application Thread] DEBUG GameApplication      - Closing logger and exiting JavaFX
