05:49:14.083 [JavaFX Application Thread] DEBUG GameApplication      - Logger initialized
05:49:14.117 [JavaFX Application Thread] DEBUG MainWindow           - Creating a JavaFX scene
05:49:14.233 [JavaFX Application Thread] DEBUG MainWindow           - Target settings size: 400.0 x 600.0
05:49:14.234 [JavaFX Application Thread] DEBUG MainWindow           - Scaled scene size:    400.0 x 600.0
05:49:14.234 [JavaFX Application Thread] DEBUG MainWindow           - Scaled ratio: (1.0, 1.0)
05:49:14.241 [JavaFX Application Thread] DEBUG GameApplication      - Starting FXGL
05:49:14.245 [JavaFX Application Thread] INFO  FXGL                 - FXGL-0.5.3 on DESKTOP
05:49:14.245 [JavaFX Application Thread] INFO  FXGL                 - Source code and latest versions at: https://github.com/AlmasB/FXGL
05:49:14.246 [JavaFX Application Thread] INFO  FXGL                 -              Join the FXGL chat at: https://gitter.im/AlmasB/FXGL
05:49:14.256 [JavaFX Application Thread] DEBUG FS                   - Loaded DesktopFSService
05:49:14.256 [JavaFX Application Thread] DEBUG FXGL                 - Loading FXGL system data
05:49:14.265 [JavaFX Application Thread] DEBUG DesktopFSService     - Reading from: system\fxgl.bundle
05:49:14.278 [JavaFX Application Thread] DEBUG Bundle               - Logging bundle: FXGL
05:49:14.279 [JavaFX Application Thread] DEBUG Bundle               - FXGL.offline.timer.version.check=2018-07-24T21:09:25.379
05:49:14.343 [JavaFX Application Thread] DEBUG GameApplication      - FXGL started
05:49:14.344 [JavaFX Application Thread] DEBUG GameApplication      - Logging game settings
Title: Pinball
Version: 0.1
Width: 400
Height: 600
Fullscreen: false
Intro: false
Menus: false
Profiling: true
Single step:false
App Mode: DEBUG
Menu Key: ESCAPE
Stage Style: DECORATED
Scene Factory: class com.almasb.fxgl.scene.SceneFactory
Dialog Factory: class com.almasb.fxgl.ui.FXGLDialogFactory
UI Factory: class com.almasb.fxgl.ui.FXGLUIFactory
Notification Service: class com.almasb.fxgl.gameplay.notification.XboxNotificationView
Exception Handler: class com.almasb.fxgl.app.FXGLExceptionHandler
05:49:14.346 [JavaFX Application Thread] DEBUG GameApplication      - Configuring GameApplication
05:49:14.346 [JavaFX Application Thread] DEBUG GameApplication      - Initializing state machine and application states
05:49:14.375 [JavaFX Application Thread] DEBUG AssetLoader          - Loading from disk: /assets/ui/cursors/fxgl_default.png
05:49:14.403 [JavaFX Application Thread] DEBUG AssetLoader          - Loading from disk: /assets/ui/cursors/fxgl_default.png
05:49:14.429 [JavaFX Application Thread] DEBUG FXGLAssets           - Loading FXGLAssets
05:49:14.463 [JavaFX Application Thread] DEBUG AssetLoader          - Loading from disk: /assets/ui/fonts/VarelaRound-Regular.ttf
05:49:14.726 [JavaFX Application Thread] DEBUG AssetLoader          - Loading from disk: /assets/ui/fonts/lucida_console.ttf
05:49:14.742 [JavaFX Application Thread] DEBUG AssetLoader          - Loading from disk: /assets/ui/fonts/Courier-Prime.ttf
05:49:14.760 [JavaFX Application Thread] DEBUG AssetLoader          - Loading from disk: /assets/ui/fonts/Abel-Regular.ttf
05:49:14.774 [JavaFX Application Thread] DEBUG AssetLoader          - Loading from disk: /assets/ui/css/fxgl_dark.css
05:49:14.830 [JavaFX Application Thread] DEBUG AssetLoader          - Loading from disk: /assets/ui/cursors/fxgl_default.png
05:49:14.959 [JavaFX Application Thread] DEBUG AssetLoader          - Loading from disk: /assets/ui/cursors/fxgl_default.png
05:49:14.989 [JavaFX Application Thread] DEBUG GameScene            - Game scene initialized: 400x600
05:49:14.994 [JavaFX Application Thread] DEBUG GameWorld            - Game world initialized
05:49:15.082 [JavaFX Application Thread] DEBUG PhysicsWorld         - Physics world initialized: appHeight=600, physics.ppm=50,0
05:49:15.116 [JavaFX Application Thread] DEBUG Input                - Registered new binding: Pause - Esc
05:49:15.139 [JavaFX Application Thread] DEBUG Input                - Clearing active input actions
05:49:15.213 [JavaFX Application Thread] DEBUG AppStateMachine      - StartupState -> StartupState
05:49:15.219 [JavaFX Application Thread] INFO  GameApplication      - Game configuration took:  0,874 sec
05:49:15.223 [JavaFX Application Thread] DEBUG AssetLoader          - Loading from disk: /assets/textures/fxgl_icon.png
05:49:15.243 [JavaFX Application Thread] DEBUG MainWindow           - Opening main window
05:49:15.479 [JavaFX Application Thread] DEBUG MainWindow           - Window border size: (6.0, 29.0)
05:49:15.479 [JavaFX Application Thread] DEBUG MainWindow           - Scaled size: 400.0 x 600.0
05:49:15.480 [JavaFX Application Thread] DEBUG MainWindow           - Scaled ratio: (1.0, 1.0)
05:49:15.480 [JavaFX Application Thread] DEBUG MainWindow           - Scene size: 400.0 x 600.0
05:49:15.480 [JavaFX Application Thread] DEBUG MainWindow           - Stage size: 406.0 x 629.0
05:49:15.480 [JavaFX Application Thread] DEBUG GameApplication      - Running preInit()
05:49:15.484 [JavaFX Application Thread] DEBUG Input                - Registered new binding: Screenshot - P
05:49:15.485 [JavaFX Application Thread] DEBUG Input                - Registered new binding: Dev Options - CTRL+0
05:49:15.486 [JavaFX Application Thread] DEBUG Input                - Registered new binding: System info dump - CTRL+9
05:49:15.487 [JavaFX Application Thread] DEBUG Input                - Registered new binding: Restart - CTRL+R
05:49:15.488 [JavaFX Application Thread] DEBUG Input                - Registered new binding: Release Ball - Space
05:49:15.537 [JavaFX Application Thread] DEBUG GameApplication      - Starting main loop
05:49:15.540 [JavaFX Application Thread] DEBUG StartupState         - STARTUP
05:49:15.541 [JavaFX Application Thread] DEBUG GameApplication      - Starting new game
05:49:15.541 [JavaFX Application Thread] DEBUG Input                - Clearing active input actions
05:49:15.552 [JavaFX Application Thread] DEBUG AppStateMachine      - StartupState -> LoadingState
05:49:15.562 [FXGL Background Thread 1 ] DEBUG InitAppTask          - Clearing previous game
05:49:15.562 [FXGL Background Thread 1 ] DEBUG GameWorld            - Clearing game world
05:49:15.563 [FXGL Background Thread 1 ] DEBUG PhysicsWorld         - Clearing physics world
05:49:15.563 [FXGL Background Thread 1 ] DEBUG GameScene            - Clearing game scene
05:49:15.566 [FXGL Background Thread 1 ] DEBUG InitAppTask          - Initializing Game
05:49:15.718 [FXGL Background Thread 1 ] DEBUG GameScene            - Creating render group for layer: DEFAULT(100000)
05:49:15.732 [FXGL Background Thread 1 ] DEBUG InitAppTask          - Initializing Physics
05:49:15.734 [FXGL Background Thread 1 ] DEBUG InitAppTask          - Initializing UI
05:49:15.734 [FXGL Background Thread 1 ] DEBUG InitAppTask          - Initialization Complete
05:49:15.734 [FXGL Background Thread 1 ] INFO  InitAppTask          - Game initialization took: 0,172 sec
05:49:15.746 [JavaFX Application Thread] DEBUG Input                - Clearing active input actions
05:49:15.754 [JavaFX Application Thread] DEBUG AppStateMachine      - LoadingState -> PlayState
05:49:18.951 [JavaFX Application Thread] DEBUG GameApplication      - Exiting game application
05:49:18.953 [JavaFX Application Thread] DEBUG GameApplication      - Shutting down background threads
05:49:18.954 [JavaFX Application Thread] INFO  Profiler             - Processed Frames: 202
05:49:18.955 [JavaFX Application Thread] INFO  Profiler             - Average FPS: 58
05:49:18.955 [JavaFX Application Thread] INFO  Profiler             - Avg Frame Took: 0,61 ms
05:49:18.956 [JavaFX Application Thread] INFO  Profiler             - Avg Memory Usage: 27 MB
05:49:18.956 [JavaFX Application Thread] INFO  Profiler             - Min Memory Usage: 8 MB
05:49:18.956 [JavaFX Application Thread] INFO  Profiler             - Max Memory Usage: 34 MB
05:49:18.957 [JavaFX Application Thread] INFO  Profiler             - Estimated GC runs: 0
05:49:18.957 [JavaFX Application Thread] DEBUG GameApplication      - Exiting FXGL
05:49:18.958 [JavaFX Application Thread] DEBUG FXGL                 - Saving FXGL system data
05:49:18.966 [JavaFX Application Thread] DEBUG DesktopFSService     - Writing to: system\fxgl.bundle
05:49:18.979 [JavaFX Application Thread] DEBUG GameApplication      - Closing logger and exiting JavaFX
