17:37:18.357 [JavaFX Application Thread] DEBUG GameApplication      - Logger initialized
17:37:18.363 [JavaFX Application Thread] DEBUG MainWindow           - Creating a JavaFX scene
17:37:18.428 [JavaFX Application Thread] DEBUG MainWindow           - Target settings size: 400.0 x 600.0
17:37:18.428 [JavaFX Application Thread] DEBUG MainWindow           - Scaled scene size:    400.0 x 600.0
17:37:18.428 [JavaFX Application Thread] DEBUG MainWindow           - Scaled ratio: (1.0, 1.0)
17:37:18.432 [JavaFX Application Thread] DEBUG GameApplication      - Starting FXGL
17:37:18.435 [JavaFX Application Thread] INFO  FXGL                 - FXGL-0.5.3 on DESKTOP
17:37:18.435 [JavaFX Application Thread] INFO  FXGL                 - Source code and latest versions at: https://github.com/AlmasB/FXGL
17:37:18.435 [JavaFX Application Thread] INFO  FXGL                 -              Join the FXGL chat at: https://gitter.im/AlmasB/FXGL
17:37:18.440 [JavaFX Application Thread] DEBUG FS                   - Loaded DesktopFSService
17:37:18.441 [JavaFX Application Thread] DEBUG FXGL                 - Loading FXGL system data
17:37:18.447 [JavaFX Application Thread] DEBUG DesktopFSService     - Reading from: system\fxgl.bundle
17:37:18.456 [JavaFX Application Thread] DEBUG Bundle               - Logging bundle: FXGL
17:37:18.457 [JavaFX Application Thread] DEBUG Bundle               - FXGL.offline.timer.version.check=2018-08-18T15:14:28.733
17:37:18.477 [JavaFX Application Thread] DEBUG GameApplication      - FXGL started
17:37:18.477 [JavaFX Application Thread] DEBUG GameApplication      - Logging game settings
Title: Pinball
Version: 0.1
Width: 400
Height: 600
Fullscreen: false
Intro: false
Menus: false
Profiling: true
Single step:false
App Mode: DEBUG
Menu Key: ESCAPE
Stage Style: DECORATED
Scene Factory: class com.almasb.fxgl.scene.SceneFactory
Dialog Factory: class com.almasb.fxgl.ui.FXGLDialogFactory
UI Factory: class com.almasb.fxgl.ui.FXGLUIFactory
Notification Service: class com.almasb.fxgl.gameplay.notification.XboxNotificationView
Exception Handler: class com.almasb.fxgl.app.FXGLExceptionHandler
17:37:18.478 [JavaFX Application Thread] DEBUG GameApplication      - Configuring GameApplication
17:37:18.478 [JavaFX Application Thread] DEBUG GameApplication      - Initializing state machine and application states
17:37:18.493 [JavaFX Application Thread] DEBUG AssetLoader          - Loading from disk: /assets/ui/cursors/fxgl_default.png
17:37:18.511 [JavaFX Application Thread] DEBUG AssetLoader          - Loading from disk: /assets/ui/cursors/fxgl_default.png
17:37:18.527 [JavaFX Application Thread] DEBUG FXGLAssets           - Loading FXGLAssets
17:37:18.547 [JavaFX Application Thread] DEBUG AssetLoader          - Loading from disk: /assets/ui/fonts/VarelaRound-Regular.ttf
17:37:18.629 [JavaFX Application Thread] DEBUG AssetLoader          - Loading from disk: /assets/ui/fonts/lucida_console.ttf
17:37:18.638 [JavaFX Application Thread] DEBUG AssetLoader          - Loading from disk: /assets/ui/fonts/Courier-Prime.ttf
17:37:18.646 [JavaFX Application Thread] DEBUG AssetLoader          - Loading from disk: /assets/ui/fonts/Abel-Regular.ttf
17:37:18.654 [JavaFX Application Thread] DEBUG AssetLoader          - Loading from disk: /assets/ui/css/fxgl_dark.css
17:37:18.677 [JavaFX Application Thread] DEBUG AssetLoader          - Loading from disk: /assets/ui/cursors/fxgl_default.png
17:37:18.699 [JavaFX Application Thread] DEBUG AssetLoader          - Loading from disk: /assets/ui/cursors/fxgl_default.png
17:37:18.715 [JavaFX Application Thread] DEBUG GameScene            - Game scene initialized: 400x600
17:37:18.719 [JavaFX Application Thread] DEBUG GameWorld            - Game world initialized
17:37:18.757 [JavaFX Application Thread] DEBUG PhysicsWorld         - Physics world initialized: appHeight=600, physics.ppm=50.0
17:37:18.771 [JavaFX Application Thread] DEBUG Input                - Registered new binding: Pause - Esc
17:37:18.785 [JavaFX Application Thread] DEBUG Input                - Clearing active input actions
17:37:18.817 [JavaFX Application Thread] DEBUG AppStateMachine      - StartupState -> StartupState
17:37:18.820 [JavaFX Application Thread] INFO  GameApplication      - Game configuration took:  0.342 sec
17:37:18.822 [JavaFX Application Thread] DEBUG AssetLoader          - Loading from disk: /assets/textures/fxgl_icon.png
17:37:18.831 [JavaFX Application Thread] DEBUG MainWindow           - Opening main window
17:37:18.951 [JavaFX Application Thread] DEBUG MainWindow           - Window border size: (6.0, 29.0)
17:37:18.951 [JavaFX Application Thread] DEBUG MainWindow           - Scaled size: 400.0 x 600.0
17:37:18.951 [JavaFX Application Thread] DEBUG MainWindow           - Scaled ratio: (1.0, 1.0)
17:37:18.951 [JavaFX Application Thread] DEBUG MainWindow           - Scene size: 400.0 x 600.0
17:37:18.952 [JavaFX Application Thread] DEBUG MainWindow           - Stage size: 406.0 x 629.0
17:37:18.952 [JavaFX Application Thread] DEBUG GameApplication      - Running preInit()
17:37:18.954 [JavaFX Application Thread] DEBUG Input                - Registered new binding: Screenshot - P
17:37:18.954 [JavaFX Application Thread] DEBUG Input                - Registered new binding: Dev Options - CTRL+0
17:37:18.955 [JavaFX Application Thread] DEBUG Input                - Registered new binding: System info dump - CTRL+9
17:37:18.955 [JavaFX Application Thread] DEBUG Input                - Registered new binding: Restart - CTRL+R
17:37:18.955 [JavaFX Application Thread] DEBUG Input                - Registered new binding: Release Ball - Space
17:37:18.955 [JavaFX Application Thread] DEBUG Input                - Registered new binding: LeftFlipper Movement - Left
17:37:18.956 [JavaFX Application Thread] DEBUG Input                - Registered new binding: RightFlipper Movement - Right
17:37:18.956 [JavaFX Application Thread] DEBUG Input                - Registered new binding: New Table - N
17:37:18.978 [JavaFX Application Thread] DEBUG GameApplication      - Starting main loop
17:37:18.979 [JavaFX Application Thread] DEBUG StartupState         - STARTUP
17:37:18.979 [JavaFX Application Thread] DEBUG GameApplication      - Starting new game
17:37:18.979 [JavaFX Application Thread] DEBUG Input                - Clearing active input actions
17:37:18.983 [JavaFX Application Thread] DEBUG AppStateMachine      - StartupState -> LoadingState
17:37:18.987 [FXGL Background Thread 1 ] DEBUG InitAppTask          - Clearing previous game
17:37:18.988 [FXGL Background Thread 1 ] DEBUG GameWorld            - Clearing game world
17:37:18.988 [FXGL Background Thread 1 ] DEBUG PhysicsWorld         - Clearing physics world
17:37:18.988 [FXGL Background Thread 1 ] DEBUG GameScene            - Clearing game scene
17:37:18.989 [FXGL Background Thread 1 ] DEBUG InitAppTask          - Initializing Game
17:37:19.056 [FXGL Background Thread 1 ] DEBUG GameScene            - Creating render group for layer: DEFAULT(100000)
17:37:19.057 [FXGL Background Thread 1 ] DEBUG AssetLoader          - Loading from disk: /assets/textures/piñi.jpg
17:37:19.072 [FXGL Background Thread 1 ] DEBUG InitAppTask          - Initializing Physics
17:37:19.073 [FXGL Background Thread 1 ] DEBUG InitAppTask          - Initializing UI
17:37:19.073 [FXGL Background Thread 1 ] DEBUG InitAppTask          - Initialization Complete
17:37:19.073 [FXGL Background Thread 1 ] INFO  InitAppTask          - Game initialization took: 0.087 sec
17:37:19.077 [JavaFX Application Thread] DEBUG Input                - Clearing active input actions
17:37:19.081 [JavaFX Application Thread] DEBUG AppStateMachine      - LoadingState -> PlayState
17:37:20.712 [JavaFX Application Thread] DEBUG AssetLoader          - Loading from disk: /assets/textures/wheel.png
17:37:30.158 [JavaFX Application Thread] DEBUG GameApplication      - Starting new game
17:37:30.158 [JavaFX Application Thread] DEBUG Input                - Clearing active input actions
17:37:30.162 [JavaFX Application Thread] DEBUG AppStateMachine      - PlayState -> LoadingState
17:37:30.163 [FXGL Background Thread 1 ] DEBUG InitAppTask          - Clearing previous game
17:37:30.163 [FXGL Background Thread 1 ] DEBUG GameWorld            - Clearing game world
17:37:30.165 [FXGL Background Thread 1 ] DEBUG PhysicsWorld         - Clearing physics world
17:37:30.165 [FXGL Background Thread 1 ] DEBUG GameScene            - Clearing game scene
17:37:30.165 [FXGL Background Thread 1 ] DEBUG InitAppTask          - Initializing Game
17:37:30.166 [FXGL Background Thread 1 ] DEBUG GameScene            - Creating render group for layer: DEFAULT(100000)
17:37:30.166 [FXGL Background Thread 1 ] DEBUG AssetLoader          - Loading from cache: /assets/textures/piñi.jpg
17:37:30.167 [FXGL Background Thread 1 ] DEBUG InitAppTask          - Initializing Physics
17:37:30.167 [FXGL Background Thread 1 ] DEBUG InitAppTask          - Initializing UI
17:37:30.167 [FXGL Background Thread 1 ] DEBUG InitAppTask          - Initialization Complete
17:37:30.167 [FXGL Background Thread 1 ] INFO  InitAppTask          - Game initialization took: 0.004 sec
17:37:30.168 [JavaFX Application Thread] DEBUG Input                - Clearing active input actions
17:37:30.171 [JavaFX Application Thread] DEBUG AppStateMachine      - LoadingState -> PlayState
17:37:32.334 [JavaFX Application Thread] DEBUG AssetLoader          - Loading from cache: /assets/textures/wheel.png
17:37:32.335 [JavaFX Application Thread] DEBUG AssetLoader          - Loading from cache: /assets/sounds/fium.wav
17:37:38.287 [JavaFX Application Thread] DEBUG GameApplication      - Starting new game
17:37:38.287 [JavaFX Application Thread] DEBUG Input                - Clearing active input actions
17:37:38.290 [JavaFX Application Thread] DEBUG AppStateMachine      - PlayState -> LoadingState
17:37:38.290 [FXGL Background Thread 1 ] DEBUG InitAppTask          - Clearing previous game
17:37:38.290 [FXGL Background Thread 1 ] DEBUG GameWorld            - Clearing game world
17:37:38.292 [FXGL Background Thread 1 ] DEBUG PhysicsWorld         - Clearing physics world
17:37:38.292 [FXGL Background Thread 1 ] DEBUG GameScene            - Clearing game scene
17:37:38.292 [FXGL Background Thread 1 ] DEBUG InitAppTask          - Initializing Game
17:37:38.292 [FXGL Background Thread 1 ] DEBUG GameScene            - Creating render group for layer: DEFAULT(100000)
17:37:38.293 [FXGL Background Thread 1 ] DEBUG AssetLoader          - Loading from cache: /assets/textures/piñi.jpg
17:37:38.294 [FXGL Background Thread 1 ] DEBUG InitAppTask          - Initializing Physics
17:37:38.294 [FXGL Background Thread 1 ] DEBUG InitAppTask          - Initializing UI
17:37:38.294 [FXGL Background Thread 1 ] DEBUG InitAppTask          - Initialization Complete
17:37:38.294 [FXGL Background Thread 1 ] INFO  InitAppTask          - Game initialization took: 0.003 sec
17:37:38.295 [JavaFX Application Thread] DEBUG Input                - Clearing active input actions
17:37:38.298 [JavaFX Application Thread] DEBUG AppStateMachine      - LoadingState -> PlayState
17:37:39.807 [JavaFX Application Thread] DEBUG AssetLoader          - Loading from cache: /assets/textures/wheel.png
17:37:39.807 [JavaFX Application Thread] DEBUG AssetLoader          - Loading from cache: /assets/sounds/fium.wav
17:37:49.615 [JavaFX Application Thread] DEBUG AssetLoader          - Loading from cache: /assets/textures/wheel.png
17:37:49.616 [JavaFX Application Thread] DEBUG AssetLoader          - Loading from cache: /assets/sounds/fium.wav
17:38:07.541 [JavaFX Application Thread] DEBUG AssetLoader          - Loading from cache: /assets/sounds/haha.wav
17:38:08.551 [JavaFX Application Thread] DEBUG AssetLoader          - Loading from cache: /assets/textures/wheel.png
17:38:08.552 [JavaFX Application Thread] DEBUG AssetLoader          - Loading from cache: /assets/sounds/fium.wav
17:38:17.045 [JavaFX Application Thread] DEBUG AssetLoader          - Loading from cache: /assets/sounds/haha.wav
17:38:17.679 [JavaFX Application Thread] DEBUG AssetLoader          - Loading from cache: /assets/textures/wheel.png
17:38:17.679 [JavaFX Application Thread] DEBUG AssetLoader          - Loading from cache: /assets/sounds/fium.wav
17:38:19.045 [JavaFX Application Thread] DEBUG AssetLoader          - Loading from cache: /assets/sounds/haha.wav
17:38:19.647 [JavaFX Application Thread] DEBUG AssetLoader          - Loading from cache: /assets/textures/wheel.png
17:38:19.648 [JavaFX Application Thread] DEBUG AssetLoader          - Loading from cache: /assets/sounds/fium.wav
17:38:21.045 [JavaFX Application Thread] DEBUG AssetLoader          - Loading from cache: /assets/sounds/haha.wav
17:38:21.708 [JavaFX Application Thread] DEBUG AssetLoader          - Loading from cache: /assets/textures/wheel.png
17:38:21.708 [JavaFX Application Thread] DEBUG AssetLoader          - Loading from cache: /assets/sounds/fium.wav
17:38:28.149 [JavaFX Application Thread] DEBUG AssetLoader          - Loading from cache: /assets/sounds/haha.wav
17:38:28.287 [JavaFX Application Thread] DEBUG AssetLoader          - Loading from cache: /assets/textures/wheel.png
17:38:28.287 [JavaFX Application Thread] DEBUG AssetLoader          - Loading from cache: /assets/sounds/fium.wav
17:38:31.221 [JavaFX Application Thread] DEBUG AssetLoader          - Loading from cache: /assets/sounds/haha.wav
17:38:32.679 [JavaFX Application Thread] DEBUG GameApplication      - Exiting game application
17:38:32.679 [JavaFX Application Thread] DEBUG GameApplication      - Shutting down background threads
17:38:32.680 [JavaFX Application Thread] INFO  Profiler             - Processed Frames: 4605
17:38:32.680 [JavaFX Application Thread] INFO  Profiler             - Average FPS: 59
17:38:32.680 [JavaFX Application Thread] INFO  Profiler             - Avg Frame Took: 0.06 ms
17:38:32.680 [JavaFX Application Thread] INFO  Profiler             - Avg Memory Usage: 29 MB
17:38:32.680 [JavaFX Application Thread] INFO  Profiler             - Min Memory Usage: 8 MB
17:38:32.680 [JavaFX Application Thread] INFO  Profiler             - Max Memory Usage: 44 MB
17:38:32.680 [JavaFX Application Thread] INFO  Profiler             - Estimated GC runs: 3
17:38:32.680 [JavaFX Application Thread] DEBUG GameApplication      - Exiting FXGL
17:38:32.680 [JavaFX Application Thread] DEBUG FXGL                 - Saving FXGL system data
17:38:32.682 [JavaFX Application Thread] DEBUG DesktopFSService     - Writing to: system\fxgl.bundle
17:38:32.684 [JavaFX Application Thread] DEBUG GameApplication      - Closing logger and exiting JavaFX
