05:50:56.313 [JavaFX Application Thread] DEBUG GameApplication      - Logger initialized
05:50:56.342 [JavaFX Application Thread] DEBUG MainWindow           - Creating a JavaFX scene
05:50:56.487 [JavaFX Application Thread] DEBUG MainWindow           - Target settings size: 400.0 x 600.0
05:50:56.487 [JavaFX Application Thread] DEBUG MainWindow           - Scaled scene size:    400.0 x 600.0
05:50:56.488 [JavaFX Application Thread] DEBUG MainWindow           - Scaled ratio: (1.0, 1.0)
05:50:56.496 [JavaFX Application Thread] DEBUG GameApplication      - Starting FXGL
05:50:56.500 [JavaFX Application Thread] INFO  FXGL                 - FXGL-0.5.3 on DESKTOP
05:50:56.500 [JavaFX Application Thread] INFO  FXGL                 - Source code and latest versions at: https://github.com/AlmasB/FXGL
05:50:56.500 [JavaFX Application Thread] INFO  FXGL                 -              Join the FXGL chat at: https://gitter.im/AlmasB/FXGL
05:50:56.510 [JavaFX Application Thread] DEBUG FS                   - Loaded DesktopFSService
05:50:56.511 [JavaFX Application Thread] DEBUG FXGL                 - Loading FXGL system data
05:50:56.522 [JavaFX Application Thread] DEBUG DesktopFSService     - Reading from: system\fxgl.bundle
05:50:56.538 [JavaFX Application Thread] DEBUG Bundle               - Logging bundle: FXGL
05:50:56.539 [JavaFX Application Thread] DEBUG Bundle               - FXGL.offline.timer.version.check=2018-07-24T21:09:25.379
05:50:56.599 [JavaFX Application Thread] DEBUG GameApplication      - FXGL started
05:50:56.599 [JavaFX Application Thread] DEBUG GameApplication      - Logging game settings
Title: Pinball
Version: 0.1
Width: 400
Height: 600
Fullscreen: false
Intro: false
Menus: false
Profiling: true
Single step:false
App Mode: DEBUG
Menu Key: ESCAPE
Stage Style: DECORATED
Scene Factory: class com.almasb.fxgl.scene.SceneFactory
Dialog Factory: class com.almasb.fxgl.ui.FXGLDialogFactory
UI Factory: class com.almasb.fxgl.ui.FXGLUIFactory
Notification Service: class com.almasb.fxgl.gameplay.notification.XboxNotificationView
Exception Handler: class com.almasb.fxgl.app.FXGLExceptionHandler
05:50:56.601 [JavaFX Application Thread] DEBUG GameApplication      - Configuring GameApplication
05:50:56.601 [JavaFX Application Thread] DEBUG GameApplication      - Initializing state machine and application states
05:50:56.630 [JavaFX Application Thread] DEBUG AssetLoader          - Loading from disk: /assets/ui/cursors/fxgl_default.png
05:50:56.657 [JavaFX Application Thread] DEBUG AssetLoader          - Loading from disk: /assets/ui/cursors/fxgl_default.png
05:50:56.686 [JavaFX Application Thread] DEBUG FXGLAssets           - Loading FXGLAssets
05:50:56.724 [JavaFX Application Thread] DEBUG AssetLoader          - Loading from disk: /assets/ui/fonts/VarelaRound-Regular.ttf
05:50:56.901 [JavaFX Application Thread] DEBUG AssetLoader          - Loading from disk: /assets/ui/fonts/lucida_console.ttf
05:50:56.934 [JavaFX Application Thread] DEBUG AssetLoader          - Loading from disk: /assets/ui/fonts/Courier-Prime.ttf
05:50:56.975 [JavaFX Application Thread] DEBUG AssetLoader          - Loading from disk: /assets/ui/fonts/Abel-Regular.ttf
05:50:56.992 [JavaFX Application Thread] DEBUG AssetLoader          - Loading from disk: /assets/ui/css/fxgl_dark.css
05:50:57.048 [JavaFX Application Thread] DEBUG AssetLoader          - Loading from disk: /assets/ui/cursors/fxgl_default.png
05:50:57.168 [JavaFX Application Thread] DEBUG AssetLoader          - Loading from disk: /assets/ui/cursors/fxgl_default.png
05:50:57.241 [JavaFX Application Thread] DEBUG GameScene            - Game scene initialized: 400x600
05:50:57.249 [JavaFX Application Thread] DEBUG GameWorld            - Game world initialized
05:50:57.371 [JavaFX Application Thread] DEBUG PhysicsWorld         - Physics world initialized: appHeight=600, physics.ppm=50,0
05:50:57.435 [JavaFX Application Thread] DEBUG Input                - Registered new binding: Pause - Esc
05:50:57.478 [JavaFX Application Thread] DEBUG Input                - Clearing active input actions
05:50:57.560 [JavaFX Application Thread] DEBUG AppStateMachine      - StartupState -> StartupState
05:50:57.567 [JavaFX Application Thread] INFO  GameApplication      - Game configuration took:  0,965 sec
05:50:57.571 [JavaFX Application Thread] DEBUG AssetLoader          - Loading from disk: /assets/textures/fxgl_icon.png
05:50:57.608 [JavaFX Application Thread] DEBUG MainWindow           - Opening main window
05:50:57.826 [JavaFX Application Thread] DEBUG MainWindow           - Window border size: (6.0, 29.0)
05:50:57.826 [JavaFX Application Thread] DEBUG MainWindow           - Scaled size: 400.0 x 600.0
05:50:57.826 [JavaFX Application Thread] DEBUG MainWindow           - Scaled ratio: (1.0, 1.0)
05:50:57.827 [JavaFX Application Thread] DEBUG MainWindow           - Scene size: 400.0 x 600.0
05:50:57.827 [JavaFX Application Thread] DEBUG MainWindow           - Stage size: 406.0 x 629.0
05:50:57.827 [JavaFX Application Thread] DEBUG GameApplication      - Running preInit()
05:50:57.831 [JavaFX Application Thread] DEBUG Input                - Registered new binding: Screenshot - P
05:50:57.832 [JavaFX Application Thread] DEBUG Input                - Registered new binding: Dev Options - CTRL+0
05:50:57.833 [JavaFX Application Thread] DEBUG Input                - Registered new binding: System info dump - CTRL+9
05:50:57.834 [JavaFX Application Thread] DEBUG Input                - Registered new binding: Restart - CTRL+R
05:50:57.835 [JavaFX Application Thread] DEBUG Input                - Registered new binding: Release Ball - Space
05:50:57.884 [JavaFX Application Thread] DEBUG GameApplication      - Starting main loop
05:50:57.887 [JavaFX Application Thread] DEBUG StartupState         - STARTUP
05:50:57.887 [JavaFX Application Thread] DEBUG GameApplication      - Starting new game
05:50:57.887 [JavaFX Application Thread] DEBUG Input                - Clearing active input actions
05:50:57.898 [JavaFX Application Thread] DEBUG AppStateMachine      - StartupState -> LoadingState
05:50:57.912 [FXGL Background Thread 1 ] DEBUG InitAppTask          - Clearing previous game
05:50:57.913 [FXGL Background Thread 1 ] DEBUG GameWorld            - Clearing game world
05:50:57.913 [FXGL Background Thread 1 ] DEBUG PhysicsWorld         - Clearing physics world
05:50:57.913 [FXGL Background Thread 1 ] DEBUG GameScene            - Clearing game scene
05:50:57.915 [FXGL Background Thread 1 ] DEBUG InitAppTask          - Initializing Game
05:50:58.056 [FXGL Background Thread 1 ] DEBUG GameScene            - Creating render group for layer: DEFAULT(100000)
05:50:58.070 [FXGL Background Thread 1 ] DEBUG InitAppTask          - Initializing Physics
05:50:58.071 [FXGL Background Thread 1 ] DEBUG InitAppTask          - Initializing UI
05:50:58.071 [FXGL Background Thread 1 ] DEBUG InitAppTask          - Initialization Complete
05:50:58.071 [FXGL Background Thread 1 ] INFO  InitAppTask          - Game initialization took: 0,159 sec
05:50:58.080 [JavaFX Application Thread] DEBUG Input                - Clearing active input actions
05:50:58.088 [JavaFX Application Thread] DEBUG AppStateMachine      - LoadingState -> PlayState
05:51:00.585 [JavaFX Application Thread] DEBUG GameApplication      - Exiting game application
05:51:00.587 [JavaFX Application Thread] DEBUG GameApplication      - Shutting down background threads
05:51:00.588 [JavaFX Application Thread] INFO  Profiler             - Processed Frames: 156
05:51:00.589 [JavaFX Application Thread] INFO  Profiler             - Average FPS: 58
05:51:00.590 [JavaFX Application Thread] INFO  Profiler             - Avg Frame Took: 0,75 ms
05:51:00.590 [JavaFX Application Thread] INFO  Profiler             - Avg Memory Usage: 27 MB
05:51:00.591 [JavaFX Application Thread] INFO  Profiler             - Min Memory Usage: 8 MB
05:51:00.592 [JavaFX Application Thread] INFO  Profiler             - Max Memory Usage: 33 MB
05:51:00.593 [JavaFX Application Thread] INFO  Profiler             - Estimated GC runs: 0
05:51:00.593 [JavaFX Application Thread] DEBUG GameApplication      - Exiting FXGL
05:51:00.594 [JavaFX Application Thread] DEBUG FXGL                 - Saving FXGL system data
05:51:00.603 [JavaFX Application Thread] DEBUG DesktopFSService     - Writing to: system\fxgl.bundle
05:51:00.616 [JavaFX Application Thread] DEBUG GameApplication      - Closing logger and exiting JavaFX
