02:50:30.433 [JavaFX Application Thread] DEBUG GameApplication      - Logger initialized
02:50:30.438 [JavaFX Application Thread] DEBUG MainWindow           - Creating a JavaFX scene
02:50:30.503 [JavaFX Application Thread] DEBUG MainWindow           - Target settings size: 400.0 x 600.0
02:50:30.503 [JavaFX Application Thread] DEBUG MainWindow           - Scaled scene size:    400.0 x 600.0
02:50:30.503 [JavaFX Application Thread] DEBUG MainWindow           - Scaled ratio: (1.0, 1.0)
02:50:30.508 [JavaFX Application Thread] DEBUG GameApplication      - Starting FXGL
02:50:30.511 [JavaFX Application Thread] INFO  FXGL                 - FXGL-0.5.3 on DESKTOP
02:50:30.511 [JavaFX Application Thread] INFO  FXGL                 - Source code and latest versions at: https://github.com/AlmasB/FXGL
02:50:30.511 [JavaFX Application Thread] INFO  FXGL                 -              Join the FXGL chat at: https://gitter.im/AlmasB/FXGL
02:50:30.516 [JavaFX Application Thread] DEBUG FS                   - Loaded DesktopFSService
02:50:30.517 [JavaFX Application Thread] DEBUG FXGL                 - Loading FXGL system data
02:50:30.523 [JavaFX Application Thread] DEBUG DesktopFSService     - Reading from: system\fxgl.bundle
02:50:30.533 [JavaFX Application Thread] DEBUG Bundle               - Logging bundle: FXGL
02:50:30.534 [JavaFX Application Thread] DEBUG Bundle               - FXGL.offline.timer.version.check=2018-08-18T15:14:28.733
02:50:30.559 [JavaFX Application Thread] DEBUG GameApplication      - FXGL started
02:50:30.559 [JavaFX Application Thread] DEBUG GameApplication      - Logging game settings
Title: Pinball
Version: 0.1
Width: 400
Height: 600
Fullscreen: false
Intro: false
Menus: false
Profiling: true
Single step:false
App Mode: DEBUG
Menu Key: ESCAPE
Stage Style: DECORATED
Scene Factory: class com.almasb.fxgl.scene.SceneFactory
Dialog Factory: class com.almasb.fxgl.ui.FXGLDialogFactory
UI Factory: class com.almasb.fxgl.ui.FXGLUIFactory
Notification Service: class com.almasb.fxgl.gameplay.notification.XboxNotificationView
Exception Handler: class com.almasb.fxgl.app.FXGLExceptionHandler
02:50:30.561 [JavaFX Application Thread] DEBUG GameApplication      - Configuring GameApplication
02:50:30.561 [JavaFX Application Thread] DEBUG GameApplication      - Initializing state machine and application states
02:50:30.577 [JavaFX Application Thread] DEBUG AssetLoader          - Loading from disk: /assets/ui/cursors/fxgl_default.png
02:50:30.594 [JavaFX Application Thread] DEBUG AssetLoader          - Loading from disk: /assets/ui/cursors/fxgl_default.png
02:50:30.609 [JavaFX Application Thread] DEBUG FXGLAssets           - Loading FXGLAssets
02:50:30.630 [JavaFX Application Thread] DEBUG AssetLoader          - Loading from disk: /assets/ui/fonts/VarelaRound-Regular.ttf
02:50:30.721 [JavaFX Application Thread] DEBUG AssetLoader          - Loading from disk: /assets/ui/fonts/lucida_console.ttf
02:50:30.730 [JavaFX Application Thread] DEBUG AssetLoader          - Loading from disk: /assets/ui/fonts/Courier-Prime.ttf
02:50:30.738 [JavaFX Application Thread] DEBUG AssetLoader          - Loading from disk: /assets/ui/fonts/Abel-Regular.ttf
02:50:30.746 [JavaFX Application Thread] DEBUG AssetLoader          - Loading from disk: /assets/ui/css/fxgl_dark.css
02:50:30.775 [JavaFX Application Thread] DEBUG AssetLoader          - Loading from disk: /assets/ui/cursors/fxgl_default.png
02:50:30.806 [JavaFX Application Thread] DEBUG AssetLoader          - Loading from disk: /assets/ui/cursors/fxgl_default.png
02:50:30.823 [JavaFX Application Thread] DEBUG GameScene            - Game scene initialized: 400x600
02:50:30.826 [JavaFX Application Thread] DEBUG GameWorld            - Game world initialized
02:50:30.867 [JavaFX Application Thread] DEBUG PhysicsWorld         - Physics world initialized: appHeight=600, physics.ppm=50.0
02:50:30.883 [JavaFX Application Thread] DEBUG Input                - Registered new binding: Pause - Esc
02:50:30.897 [JavaFX Application Thread] DEBUG Input                - Clearing active input actions
02:50:30.931 [JavaFX Application Thread] DEBUG AppStateMachine      - StartupState -> StartupState
02:50:30.934 [JavaFX Application Thread] INFO  GameApplication      - Game configuration took:  0.373 sec
02:50:30.936 [JavaFX Application Thread] DEBUG AssetLoader          - Loading from disk: /assets/textures/fxgl_icon.png
02:50:30.945 [JavaFX Application Thread] DEBUG MainWindow           - Opening main window
02:50:31.064 [JavaFX Application Thread] DEBUG MainWindow           - Window border size: (6.0, 29.0)
02:50:31.065 [JavaFX Application Thread] DEBUG MainWindow           - Scaled size: 400.0 x 600.0
02:50:31.065 [JavaFX Application Thread] DEBUG MainWindow           - Scaled ratio: (1.0, 1.0)
02:50:31.065 [JavaFX Application Thread] DEBUG MainWindow           - Scene size: 400.0 x 600.0
02:50:31.065 [JavaFX Application Thread] DEBUG MainWindow           - Stage size: 406.0 x 629.0
02:50:31.065 [JavaFX Application Thread] DEBUG GameApplication      - Running preInit()
02:50:31.067 [JavaFX Application Thread] DEBUG Input                - Registered new binding: Screenshot - P
02:50:31.067 [JavaFX Application Thread] DEBUG Input                - Registered new binding: Dev Options - CTRL+0
02:50:31.068 [JavaFX Application Thread] DEBUG Input                - Registered new binding: System info dump - CTRL+9
02:50:31.068 [JavaFX Application Thread] DEBUG Input                - Registered new binding: Restart - CTRL+R
02:50:31.068 [JavaFX Application Thread] DEBUG Input                - Registered new binding: Release Ball - Space
02:50:31.068 [JavaFX Application Thread] DEBUG Input                - Registered new binding: LeftFlipper movement - Left
02:50:31.068 [JavaFX Application Thread] DEBUG Input                - Registered new binding: RightFlipper movement - Right
02:50:31.089 [JavaFX Application Thread] DEBUG GameApplication      - Starting main loop
02:50:31.091 [JavaFX Application Thread] DEBUG StartupState         - STARTUP
02:50:31.091 [JavaFX Application Thread] DEBUG GameApplication      - Starting new game
02:50:31.091 [JavaFX Application Thread] DEBUG Input                - Clearing active input actions
02:50:31.096 [JavaFX Application Thread] DEBUG AppStateMachine      - StartupState -> LoadingState
02:50:31.100 [FXGL Background Thread 1 ] DEBUG InitAppTask          - Clearing previous game
02:50:31.100 [FXGL Background Thread 1 ] DEBUG GameWorld            - Clearing game world
02:50:31.100 [FXGL Background Thread 1 ] DEBUG PhysicsWorld         - Clearing physics world
02:50:31.100 [FXGL Background Thread 1 ] DEBUG GameScene            - Clearing game scene
02:50:31.101 [FXGL Background Thread 1 ] DEBUG InitAppTask          - Initializing Game
02:50:31.169 [FXGL Background Thread 1 ] DEBUG GameScene            - Creating render group for layer: DEFAULT(100000)
02:50:31.171 [FXGL Background Thread 1 ] DEBUG AssetLoader          - Loading from disk: /assets/textures/piñi.jpg
02:50:31.183 [FXGL Background Thread 1 ] DEBUG InitAppTask          - Initializing Physics
02:50:31.184 [FXGL Background Thread 1 ] DEBUG InitAppTask          - Initializing UI
02:50:31.184 [FXGL Background Thread 1 ] DEBUG InitAppTask          - Initialization Complete
02:50:31.184 [FXGL Background Thread 1 ] INFO  InitAppTask          - Game initialization took: 0.084 sec
02:50:31.198 [JavaFX Application Thread] DEBUG Input                - Clearing active input actions
02:50:31.203 [JavaFX Application Thread] DEBUG AppStateMachine      - LoadingState -> PlayState
02:50:35.211 [JavaFX Application Thread] DEBUG GameApplication      - Exiting game application
02:50:35.212 [JavaFX Application Thread] DEBUG GameApplication      - Shutting down background threads
02:50:35.212 [JavaFX Application Thread] INFO  Profiler             - Processed Frames: 293
02:50:35.212 [JavaFX Application Thread] INFO  Profiler             - Average FPS: 59
02:50:35.212 [JavaFX Application Thread] INFO  Profiler             - Avg Frame Took: 0.18 ms
02:50:35.212 [JavaFX Application Thread] INFO  Profiler             - Avg Memory Usage: 20 MB
02:50:35.212 [JavaFX Application Thread] INFO  Profiler             - Min Memory Usage: 8 MB
02:50:35.212 [JavaFX Application Thread] INFO  Profiler             - Max Memory Usage: 21 MB
02:50:35.212 [JavaFX Application Thread] INFO  Profiler             - Estimated GC runs: 0
02:50:35.212 [JavaFX Application Thread] DEBUG GameApplication      - Exiting FXGL
02:50:35.213 [JavaFX Application Thread] DEBUG FXGL                 - Saving FXGL system data
02:50:35.215 [JavaFX Application Thread] DEBUG DesktopFSService     - Writing to: system\fxgl.bundle
02:50:35.218 [JavaFX Application Thread] DEBUG GameApplication      - Closing logger and exiting JavaFX
