02:47:00.453 [JavaFX Application Thread] DEBUG GameApplication      - Logger initialized
02:47:00.458 [JavaFX Application Thread] DEBUG MainWindow           - Creating a JavaFX scene
02:47:00.524 [JavaFX Application Thread] DEBUG MainWindow           - Target settings size: 400.0 x 600.0
02:47:00.524 [JavaFX Application Thread] DEBUG MainWindow           - Scaled scene size:    400.0 x 600.0
02:47:00.524 [JavaFX Application Thread] DEBUG MainWindow           - Scaled ratio: (1.0, 1.0)
02:47:00.529 [JavaFX Application Thread] DEBUG GameApplication      - Starting FXGL
02:47:00.532 [JavaFX Application Thread] INFO  FXGL                 - FXGL-0.5.3 on DESKTOP
02:47:00.532 [JavaFX Application Thread] INFO  FXGL                 - Source code and latest versions at: https://github.com/AlmasB/FXGL
02:47:00.532 [JavaFX Application Thread] INFO  FXGL                 -              Join the FXGL chat at: https://gitter.im/AlmasB/FXGL
02:47:00.537 [JavaFX Application Thread] DEBUG FS                   - Loaded DesktopFSService
02:47:00.538 [JavaFX Application Thread] DEBUG FXGL                 - Loading FXGL system data
02:47:00.547 [JavaFX Application Thread] DEBUG DesktopFSService     - Reading from: system\fxgl.bundle
02:47:00.554 [JavaFX Application Thread] DEBUG Bundle               - Logging bundle: FXGL
02:47:00.555 [JavaFX Application Thread] DEBUG Bundle               - FXGL.offline.timer.version.check=2018-08-18T15:14:28.733
02:47:00.580 [JavaFX Application Thread] DEBUG GameApplication      - FXGL started
02:47:00.580 [JavaFX Application Thread] DEBUG GameApplication      - Logging game settings
Title: Pinball
Version: 0.1
Width: 400
Height: 600
Fullscreen: false
Intro: false
Menus: false
Profiling: true
Single step:false
App Mode: DEBUG
Menu Key: ESCAPE
Stage Style: DECORATED
Scene Factory: class com.almasb.fxgl.scene.SceneFactory
Dialog Factory: class com.almasb.fxgl.ui.FXGLDialogFactory
UI Factory: class com.almasb.fxgl.ui.FXGLUIFactory
Notification Service: class com.almasb.fxgl.gameplay.notification.XboxNotificationView
Exception Handler: class com.almasb.fxgl.app.FXGLExceptionHandler
02:47:00.581 [JavaFX Application Thread] DEBUG GameApplication      - Configuring GameApplication
02:47:00.581 [JavaFX Application Thread] DEBUG GameApplication      - Initializing state machine and application states
02:47:00.598 [JavaFX Application Thread] DEBUG AssetLoader          - Loading from disk: /assets/ui/cursors/fxgl_default.png
02:47:00.613 [JavaFX Application Thread] DEBUG AssetLoader          - Loading from disk: /assets/ui/cursors/fxgl_default.png
02:47:00.630 [JavaFX Application Thread] DEBUG FXGLAssets           - Loading FXGLAssets
02:47:00.651 [JavaFX Application Thread] DEBUG AssetLoader          - Loading from disk: /assets/ui/fonts/VarelaRound-Regular.ttf
02:47:00.730 [JavaFX Application Thread] DEBUG AssetLoader          - Loading from disk: /assets/ui/fonts/lucida_console.ttf
02:47:00.740 [JavaFX Application Thread] DEBUG AssetLoader          - Loading from disk: /assets/ui/fonts/Courier-Prime.ttf
02:47:00.750 [JavaFX Application Thread] DEBUG AssetLoader          - Loading from disk: /assets/ui/fonts/Abel-Regular.ttf
02:47:00.758 [JavaFX Application Thread] DEBUG AssetLoader          - Loading from disk: /assets/ui/css/fxgl_dark.css
02:47:00.786 [JavaFX Application Thread] DEBUG AssetLoader          - Loading from disk: /assets/ui/cursors/fxgl_default.png
02:47:00.821 [JavaFX Application Thread] DEBUG AssetLoader          - Loading from disk: /assets/ui/cursors/fxgl_default.png
02:47:00.841 [JavaFX Application Thread] DEBUG GameScene            - Game scene initialized: 400x600
02:47:00.846 [JavaFX Application Thread] DEBUG GameWorld            - Game world initialized
02:47:00.883 [JavaFX Application Thread] DEBUG PhysicsWorld         - Physics world initialized: appHeight=600, physics.ppm=50.0
02:47:00.899 [JavaFX Application Thread] DEBUG Input                - Registered new binding: Pause - Esc
02:47:00.913 [JavaFX Application Thread] DEBUG Input                - Clearing active input actions
02:47:00.947 [JavaFX Application Thread] DEBUG AppStateMachine      - StartupState -> StartupState
02:47:00.954 [JavaFX Application Thread] INFO  GameApplication      - Game configuration took:  0.373 sec
02:47:00.956 [JavaFX Application Thread] DEBUG AssetLoader          - Loading from disk: /assets/textures/fxgl_icon.png
02:47:00.968 [JavaFX Application Thread] DEBUG MainWindow           - Opening main window
02:47:01.093 [JavaFX Application Thread] DEBUG MainWindow           - Window border size: (6.0, 29.0)
02:47:01.093 [JavaFX Application Thread] DEBUG MainWindow           - Scaled size: 400.0 x 600.0
02:47:01.093 [JavaFX Application Thread] DEBUG MainWindow           - Scaled ratio: (1.0, 1.0)
02:47:01.093 [JavaFX Application Thread] DEBUG MainWindow           - Scene size: 400.0 x 600.0
02:47:01.093 [JavaFX Application Thread] DEBUG MainWindow           - Stage size: 406.0 x 629.0
02:47:01.093 [JavaFX Application Thread] DEBUG GameApplication      - Running preInit()
02:47:01.095 [JavaFX Application Thread] DEBUG Input                - Registered new binding: Screenshot - P
02:47:01.096 [JavaFX Application Thread] DEBUG Input                - Registered new binding: Dev Options - CTRL+0
02:47:01.096 [JavaFX Application Thread] DEBUG Input                - Registered new binding: System info dump - CTRL+9
02:47:01.096 [JavaFX Application Thread] DEBUG Input                - Registered new binding: Restart - CTRL+R
02:47:01.096 [JavaFX Application Thread] DEBUG Input                - Registered new binding: Release Ball - Space
02:47:01.097 [JavaFX Application Thread] DEBUG Input                - Registered new binding: LeftFlipper movement - Left
02:47:01.097 [JavaFX Application Thread] DEBUG Input                - Registered new binding: RightFlipper movement - Right
02:47:01.116 [JavaFX Application Thread] DEBUG GameApplication      - Starting main loop
02:47:01.117 [JavaFX Application Thread] DEBUG StartupState         - STARTUP
02:47:01.118 [JavaFX Application Thread] DEBUG GameApplication      - Starting new game
02:47:01.118 [JavaFX Application Thread] DEBUG Input                - Clearing active input actions
02:47:01.122 [JavaFX Application Thread] DEBUG AppStateMachine      - StartupState -> LoadingState
02:47:01.126 [FXGL Background Thread 1 ] DEBUG InitAppTask          - Clearing previous game
02:47:01.126 [FXGL Background Thread 1 ] DEBUG GameWorld            - Clearing game world
02:47:01.126 [FXGL Background Thread 1 ] DEBUG PhysicsWorld         - Clearing physics world
02:47:01.127 [FXGL Background Thread 1 ] DEBUG GameScene            - Clearing game scene
02:47:01.127 [FXGL Background Thread 1 ] DEBUG InitAppTask          - Initializing Game
02:47:01.195 [FXGL Background Thread 1 ] DEBUG GameScene            - Creating render group for layer: DEFAULT(100000)
02:47:01.197 [FXGL Background Thread 1 ] DEBUG AssetLoader          - Loading from disk: /assets/textures/piñi.jpg
02:47:01.209 [FXGL Background Thread 1 ] DEBUG InitAppTask          - Initializing Physics
02:47:01.210 [FXGL Background Thread 1 ] DEBUG InitAppTask          - Initializing UI
02:47:01.210 [FXGL Background Thread 1 ] DEBUG InitAppTask          - Initialization Complete
02:47:01.210 [FXGL Background Thread 1 ] INFO  InitAppTask          - Game initialization took: 0.084 sec
02:47:01.217 [JavaFX Application Thread] DEBUG Input                - Clearing active input actions
02:47:01.221 [JavaFX Application Thread] DEBUG AppStateMachine      - LoadingState -> PlayState
02:47:05.986 [JavaFX Application Thread] DEBUG GameApplication      - Exiting game application
02:47:05.987 [JavaFX Application Thread] DEBUG GameApplication      - Shutting down background threads
02:47:05.987 [JavaFX Application Thread] INFO  Profiler             - Processed Frames: 331
02:47:05.987 [JavaFX Application Thread] INFO  Profiler             - Average FPS: 59
02:47:05.987 [JavaFX Application Thread] INFO  Profiler             - Avg Frame Took: 0.17 ms
02:47:05.987 [JavaFX Application Thread] INFO  Profiler             - Avg Memory Usage: 20 MB
02:47:05.987 [JavaFX Application Thread] INFO  Profiler             - Min Memory Usage: 8 MB
02:47:05.987 [JavaFX Application Thread] INFO  Profiler             - Max Memory Usage: 21 MB
02:47:05.987 [JavaFX Application Thread] INFO  Profiler             - Estimated GC runs: 0
02:47:05.987 [JavaFX Application Thread] DEBUG GameApplication      - Exiting FXGL
02:47:05.987 [JavaFX Application Thread] DEBUG FXGL                 - Saving FXGL system data
02:47:05.989 [JavaFX Application Thread] DEBUG DesktopFSService     - Writing to: system\fxgl.bundle
02:47:05.992 [JavaFX Application Thread] DEBUG GameApplication      - Closing logger and exiting JavaFX
