20:24:02.416 [JavaFX Application Thread] DEBUG GameApplication      - Logger initialized
20:24:02.426 [JavaFX Application Thread] DEBUG MainWindow           - Creating a JavaFX scene
20:24:02.598 [JavaFX Application Thread] DEBUG MainWindow           - Target settings size: 400.0 x 600.0
20:24:02.598 [JavaFX Application Thread] DEBUG MainWindow           - Scaled scene size:    400.0 x 600.0
20:24:02.598 [JavaFX Application Thread] DEBUG MainWindow           - Scaled ratio: (1.0, 1.0)
20:24:02.604 [JavaFX Application Thread] DEBUG GameApplication      - Starting FXGL
20:24:02.608 [JavaFX Application Thread] INFO  FXGL                 - FXGL-0.5.3 on DESKTOP
20:24:02.609 [JavaFX Application Thread] INFO  FXGL                 - Source code and latest versions at: https://github.com/AlmasB/FXGL
20:24:02.609 [JavaFX Application Thread] INFO  FXGL                 -              Join the FXGL chat at: https://gitter.im/AlmasB/FXGL
20:24:02.630 [JavaFX Application Thread] DEBUG FS                   - Loaded DesktopFSService
20:24:02.630 [JavaFX Application Thread] DEBUG FXGL                 - Loading FXGL system data
20:24:02.657 [JavaFX Application Thread] DEBUG DesktopFSService     - Reading from: system/fxgl.bundle
20:24:02.670 [JavaFX Application Thread] DEBUG Bundle               - Logging bundle: FXGL
20:24:02.671 [JavaFX Application Thread] DEBUG Bundle               - FXGL.offline.timer.version.check=2018-07-24T21:09:25.379
20:24:02.717 [JavaFX Application Thread] DEBUG GameApplication      - FXGL started
20:24:02.717 [JavaFX Application Thread] DEBUG GameApplication      - Logging game settings
Title: Pinball
Version: 0.1
Width: 400
Height: 600
Fullscreen: false
Intro: false
Menus: false
Profiling: false
Single step:false
App Mode: DEVELOPER
Menu Key: ESCAPE
Stage Style: DECORATED
Scene Factory: class com.almasb.fxgl.scene.SceneFactory
Dialog Factory: class com.almasb.fxgl.ui.FXGLDialogFactory
UI Factory: class com.almasb.fxgl.ui.FXGLUIFactory
Notification Service: class com.almasb.fxgl.gameplay.notification.XboxNotificationView
Exception Handler: class com.almasb.fxgl.app.FXGLExceptionHandler
20:24:02.718 [JavaFX Application Thread] DEBUG GameApplication      - Configuring GameApplication
20:24:02.719 [JavaFX Application Thread] DEBUG GameApplication      - Initializing state machine and application states
20:24:02.768 [JavaFX Application Thread] DEBUG AssetLoader          - Loading from disk: /assets/ui/cursors/fxgl_default.png
20:24:02.811 [JavaFX Application Thread] DEBUG AssetLoader          - Loading from disk: /assets/ui/cursors/fxgl_default.png
20:24:02.879 [JavaFX Application Thread] DEBUG FXGLAssets           - Loading FXGLAssets
20:24:02.942 [JavaFX Application Thread] DEBUG AssetLoader          - Loading from disk: /assets/ui/fonts/VarelaRound-Regular.ttf
20:24:02.980 [JavaFX Application Thread] DEBUG AssetLoader          - Loading from disk: /assets/ui/fonts/lucida_console.ttf
20:24:02.984 [JavaFX Application Thread] DEBUG AssetLoader          - Loading from disk: /assets/ui/fonts/Courier-Prime.ttf
20:24:02.989 [JavaFX Application Thread] DEBUG AssetLoader          - Loading from disk: /assets/ui/fonts/Abel-Regular.ttf
20:24:02.992 [JavaFX Application Thread] DEBUG AssetLoader          - Loading from disk: /assets/ui/css/fxgl_dark.css
20:24:03.042 [JavaFX Application Thread] DEBUG AssetLoader          - Loading from disk: /assets/ui/cursors/fxgl_default.png
20:24:03.095 [JavaFX Application Thread] DEBUG AssetLoader          - Loading from disk: /assets/ui/cursors/fxgl_default.png
20:24:03.120 [JavaFX Application Thread] DEBUG GameScene            - Game scene initialized: 400x600
20:24:03.124 [JavaFX Application Thread] DEBUG GameWorld            - Game world initialized
20:24:03.180 [JavaFX Application Thread] DEBUG PhysicsWorld         - Physics world initialized: appHeight=600, physics.ppm=50.0
20:24:03.198 [JavaFX Application Thread] DEBUG Input                - Registered new binding: Pause - Esc
20:24:03.224 [JavaFX Application Thread] DEBUG Input                - Clearing active input actions
20:24:03.303 [JavaFX Application Thread] DEBUG AppStateMachine      - StartupState -> StartupState
20:24:03.308 [JavaFX Application Thread] INFO  GameApplication      - Game configuration took:  0.590 sec
20:24:03.311 [JavaFX Application Thread] DEBUG AssetLoader          - Loading from disk: /assets/textures/fxgl_icon.png
20:24:03.325 [JavaFX Application Thread] DEBUG MainWindow           - Opening main window
20:24:03.407 [JavaFX Application Thread] DEBUG MainWindow           - Window border size: (0.0, 0.0)
20:24:03.407 [JavaFX Application Thread] DEBUG MainWindow           - Scaled size: 400.0 x 600.0
20:24:03.407 [JavaFX Application Thread] DEBUG MainWindow           - Scaled ratio: (1.0, 1.0)
20:24:03.407 [JavaFX Application Thread] DEBUG MainWindow           - Scene size: 400.0 x 600.0
20:24:03.407 [JavaFX Application Thread] DEBUG MainWindow           - Stage size: 400.0 x 600.0
20:24:03.408 [JavaFX Application Thread] DEBUG GameApplication      - Running preInit()
20:24:03.410 [JavaFX Application Thread] DEBUG Input                - Registered new binding: Screenshot - P
20:24:03.410 [JavaFX Application Thread] DEBUG Input                - Registered new binding: Dev Options - CTRL+0
20:24:03.411 [JavaFX Application Thread] DEBUG Input                - Registered new binding: System info dump - CTRL+9
20:24:03.411 [JavaFX Application Thread] DEBUG Input                - Registered new binding: Restart - CTRL+R
20:24:03.412 [JavaFX Application Thread] DEBUG Input                - Registered new binding: Release Ball   - Space
20:24:03.449 [JavaFX Application Thread] DEBUG GameApplication      - Starting main loop
20:24:03.459 [JavaFX Application Thread] DEBUG StartupState         - STARTUP
20:24:03.459 [JavaFX Application Thread] DEBUG GameApplication      - Starting new game
20:24:03.459 [JavaFX Application Thread] DEBUG Input                - Clearing active input actions
20:24:03.471 [JavaFX Application Thread] DEBUG AppStateMachine      - StartupState -> LoadingState
20:24:03.478 [FXGL Background Thread 1 ] DEBUG InitAppTask          - Clearing previous game
20:24:03.479 [FXGL Background Thread 1 ] DEBUG GameWorld            - Clearing game world
20:24:03.479 [FXGL Background Thread 1 ] DEBUG PhysicsWorld         - Clearing physics world
20:24:03.479 [FXGL Background Thread 1 ] DEBUG GameScene            - Clearing game scene
20:24:03.480 [FXGL Background Thread 1 ] DEBUG InitAppTask          - Initializing Game
20:24:03.615 [FXGL Background Thread 1 ] DEBUG GameScene            - Creating render group for layer: DEFAULT(100000)
20:24:03.623 [FXGL Background Thread 1 ] DEBUG InitAppTask          - Initializing Physics
20:24:03.623 [FXGL Background Thread 1 ] DEBUG InitAppTask          - Initializing UI
20:24:03.623 [FXGL Background Thread 1 ] DEBUG InitAppTask          - Initialization Complete
20:24:03.624 [FXGL Background Thread 1 ] INFO  InitAppTask          - Game initialization took: 0.145 sec
20:24:03.667 [JavaFX Application Thread] DEBUG Input                - Clearing active input actions
20:24:03.674 [JavaFX Application Thread] DEBUG AppStateMachine      - LoadingState -> PlayState
20:24:46.060 [JavaFX Application Thread] DEBUG GameApplication      - Exiting game application
20:24:46.061 [JavaFX Application Thread] DEBUG GameApplication      - Shutting down background threads
20:24:46.062 [JavaFX Application Thread] DEBUG GameApplication      - Exiting FXGL
20:24:46.062 [JavaFX Application Thread] DEBUG FXGL                 - Saving FXGL system data
20:24:46.065 [JavaFX Application Thread] DEBUG DesktopFSService     - Writing to: system/fxgl.bundle
20:24:46.069 [JavaFX Application Thread] DEBUG GameApplication      - Closing logger and exiting JavaFX
