14:27:14.890 [JavaFX Application Thread] DEBUG GameApplication      - Logger initialized
14:27:14.900 [JavaFX Application Thread] DEBUG MainWindow           - Creating a JavaFX scene
14:27:15.083 [JavaFX Application Thread] DEBUG MainWindow           - Target settings size: 400.0 x 600.0
14:27:15.083 [JavaFX Application Thread] DEBUG MainWindow           - Scaled scene size:    400.0 x 600.0
14:27:15.083 [JavaFX Application Thread] DEBUG MainWindow           - Scaled ratio: (1.0, 1.0)
14:27:15.091 [JavaFX Application Thread] DEBUG GameApplication      - Starting FXGL
14:27:15.096 [JavaFX Application Thread] INFO  FXGL                 - FXGL-0.5.3 on DESKTOP
14:27:15.097 [JavaFX Application Thread] INFO  FXGL                 - Source code and latest versions at: https://github.com/AlmasB/FXGL
14:27:15.097 [JavaFX Application Thread] INFO  FXGL                 -              Join the FXGL chat at: https://gitter.im/AlmasB/FXGL
14:27:15.118 [JavaFX Application Thread] DEBUG FS                   - Loaded DesktopFSService
14:27:15.118 [JavaFX Application Thread] DEBUG FXGL                 - Loading FXGL system data
14:27:15.129 [JavaFX Application Thread] DEBUG DesktopFSService     - Reading from: system/fxgl.bundle
14:27:15.155 [JavaFX Application Thread] DEBUG Bundle               - Logging bundle: FXGL
14:27:15.156 [JavaFX Application Thread] DEBUG Bundle               - FXGL.offline.timer.version.check=2018-07-24T21:09:25.379
14:27:15.200 [JavaFX Application Thread] DEBUG GameApplication      - FXGL started
14:27:15.201 [JavaFX Application Thread] DEBUG GameApplication      - Logging game settings
Title: Pinball
Version: 0.1
Width: 400
Height: 600
Fullscreen: false
Intro: false
Menus: false
Profiling: true
Single step:false
App Mode: DEBUG
Menu Key: ESCAPE
Stage Style: DECORATED
Scene Factory: class com.almasb.fxgl.scene.SceneFactory
Dialog Factory: class com.almasb.fxgl.ui.FXGLDialogFactory
UI Factory: class com.almasb.fxgl.ui.FXGLUIFactory
Notification Service: class com.almasb.fxgl.gameplay.notification.XboxNotificationView
Exception Handler: class com.almasb.fxgl.app.FXGLExceptionHandler
14:27:15.202 [JavaFX Application Thread] DEBUG GameApplication      - Configuring GameApplication
14:27:15.202 [JavaFX Application Thread] DEBUG GameApplication      - Initializing state machine and application states
14:27:15.232 [JavaFX Application Thread] DEBUG AssetLoader          - Loading from disk: /assets/ui/cursors/fxgl_default.png
14:27:15.264 [JavaFX Application Thread] DEBUG AssetLoader          - Loading from disk: /assets/ui/cursors/fxgl_default.png
14:27:15.317 [JavaFX Application Thread] DEBUG FXGLAssets           - Loading FXGLAssets
14:27:15.368 [JavaFX Application Thread] DEBUG AssetLoader          - Loading from disk: /assets/ui/fonts/VarelaRound-Regular.ttf
14:27:15.402 [JavaFX Application Thread] DEBUG AssetLoader          - Loading from disk: /assets/ui/fonts/lucida_console.ttf
14:27:15.409 [JavaFX Application Thread] DEBUG AssetLoader          - Loading from disk: /assets/ui/fonts/Courier-Prime.ttf
14:27:15.413 [JavaFX Application Thread] DEBUG AssetLoader          - Loading from disk: /assets/ui/fonts/Abel-Regular.ttf
14:27:15.419 [JavaFX Application Thread] DEBUG AssetLoader          - Loading from disk: /assets/ui/css/fxgl_dark.css
14:27:15.474 [JavaFX Application Thread] DEBUG AssetLoader          - Loading from disk: /assets/ui/cursors/fxgl_default.png
14:27:15.614 [JavaFX Application Thread] DEBUG AssetLoader          - Loading from disk: /assets/ui/cursors/fxgl_default.png
14:27:15.657 [JavaFX Application Thread] DEBUG GameScene            - Game scene initialized: 400x600
14:27:15.662 [JavaFX Application Thread] DEBUG GameWorld            - Game world initialized
14:27:15.711 [JavaFX Application Thread] DEBUG PhysicsWorld         - Physics world initialized: appHeight=600, physics.ppm=50.0
14:27:15.740 [JavaFX Application Thread] DEBUG Input                - Registered new binding: Pause - Esc
14:27:15.769 [JavaFX Application Thread] DEBUG Input                - Clearing active input actions
14:27:15.862 [JavaFX Application Thread] DEBUG AppStateMachine      - StartupState -> StartupState
14:27:15.890 [JavaFX Application Thread] INFO  GameApplication      - Game configuration took:  0.688 sec
14:27:15.893 [JavaFX Application Thread] DEBUG AssetLoader          - Loading from disk: /assets/textures/fxgl_icon.png
14:27:15.913 [JavaFX Application Thread] DEBUG MainWindow           - Opening main window
14:27:16.025 [JavaFX Application Thread] DEBUG MainWindow           - Window border size: (0.0, 0.0)
14:27:16.026 [JavaFX Application Thread] DEBUG MainWindow           - Scaled size: 400.0 x 600.0
14:27:16.026 [JavaFX Application Thread] DEBUG MainWindow           - Scaled ratio: (1.0, 1.0)
14:27:16.027 [JavaFX Application Thread] DEBUG MainWindow           - Scene size: 400.0 x 600.0
14:27:16.030 [JavaFX Application Thread] DEBUG MainWindow           - Stage size: 400.0 x 600.0
14:27:16.031 [JavaFX Application Thread] DEBUG GameApplication      - Running preInit()
14:27:16.035 [JavaFX Application Thread] DEBUG Input                - Registered new binding: Screenshot - P
14:27:16.036 [JavaFX Application Thread] DEBUG Input                - Registered new binding: Dev Options - CTRL+0
14:27:16.038 [JavaFX Application Thread] DEBUG Input                - Registered new binding: System info dump - CTRL+9
14:27:16.040 [JavaFX Application Thread] DEBUG Input                - Registered new binding: Restart - CTRL+R
14:27:16.041 [JavaFX Application Thread] DEBUG Input                - Registered new binding: Release Ball - Space
14:27:16.120 [JavaFX Application Thread] DEBUG GameApplication      - Starting main loop
14:27:16.168 [JavaFX Application Thread] DEBUG StartupState         - STARTUP
14:27:16.170 [JavaFX Application Thread] DEBUG GameApplication      - Starting new game
14:27:16.177 [JavaFX Application Thread] DEBUG Input                - Clearing active input actions
14:27:16.217 [JavaFX Application Thread] DEBUG AppStateMachine      - StartupState -> LoadingState
14:27:16.226 [FXGL Background Thread 1 ] DEBUG InitAppTask          - Clearing previous game
14:27:16.226 [FXGL Background Thread 1 ] DEBUG GameWorld            - Clearing game world
14:27:16.226 [FXGL Background Thread 1 ] DEBUG PhysicsWorld         - Clearing physics world
14:27:16.227 [FXGL Background Thread 1 ] DEBUG GameScene            - Clearing game scene
14:27:16.228 [FXGL Background Thread 1 ] DEBUG InitAppTask          - Initializing Game
14:27:16.395 [FXGL Background Thread 1 ] DEBUG GameScene            - Creating render group for layer: DEFAULT(100000)
14:27:16.415 [FXGL Background Thread 1 ] DEBUG InitAppTask          - Initializing Physics
14:27:16.415 [FXGL Background Thread 1 ] DEBUG InitAppTask          - Initializing UI
14:27:16.416 [FXGL Background Thread 1 ] DEBUG InitAppTask          - Initialization Complete
14:27:16.416 [FXGL Background Thread 1 ] INFO  InitAppTask          - Game initialization took: 0.190 sec
14:27:16.449 [JavaFX Application Thread] DEBUG Input                - Clearing active input actions
14:27:16.459 [JavaFX Application Thread] DEBUG AppStateMachine      - LoadingState -> PlayState
14:27:20.958 [JavaFX Application Thread] DEBUG GameApplication      - Exiting game application
14:27:20.961 [JavaFX Application Thread] DEBUG GameApplication      - Shutting down background threads
14:27:20.962 [JavaFX Application Thread] INFO  Profiler             - Processed Frames: 966
14:27:20.962 [JavaFX Application Thread] INFO  Profiler             - Average FPS: 59
14:27:20.962 [JavaFX Application Thread] INFO  Profiler             - Avg Frame Took: 0.23 ms
14:27:20.963 [JavaFX Application Thread] INFO  Profiler             - Avg Memory Usage: 32 MB
14:27:20.963 [JavaFX Application Thread] INFO  Profiler             - Min Memory Usage: 7 MB
14:27:20.963 [JavaFX Application Thread] INFO  Profiler             - Max Memory Usage: 37 MB
14:27:20.963 [JavaFX Application Thread] INFO  Profiler             - Estimated GC runs: 1
14:27:20.963 [JavaFX Application Thread] DEBUG GameApplication      - Exiting FXGL
14:27:20.963 [JavaFX Application Thread] DEBUG FXGL                 - Saving FXGL system data
14:27:20.965 [JavaFX Application Thread] DEBUG DesktopFSService     - Writing to: system/fxgl.bundle
14:27:20.969 [JavaFX Application Thread] DEBUG GameApplication      - Closing logger and exiting JavaFX
