19:55:54.661 [JavaFX Application Thread] DEBUG GameApplication      - Logger initialized
19:55:54.672 [JavaFX Application Thread] DEBUG MainWindow           - Creating a JavaFX scene
19:55:54.880 [JavaFX Application Thread] DEBUG MainWindow           - Target settings size: 400.0 x 600.0
19:55:54.880 [JavaFX Application Thread] DEBUG MainWindow           - Scaled scene size:    400.0 x 600.0
19:55:54.880 [JavaFX Application Thread] DEBUG MainWindow           - Scaled ratio: (1.0, 1.0)
19:55:54.891 [JavaFX Application Thread] DEBUG GameApplication      - Starting FXGL
19:55:54.910 [JavaFX Application Thread] INFO  FXGL                 - FXGL-0.5.3 on DESKTOP
19:55:54.911 [JavaFX Application Thread] INFO  FXGL                 - Source code and latest versions at: https://github.com/AlmasB/FXGL
19:55:54.912 [JavaFX Application Thread] INFO  FXGL                 -              Join the FXGL chat at: https://gitter.im/AlmasB/FXGL
19:55:54.938 [JavaFX Application Thread] DEBUG FS                   - Loaded DesktopFSService
19:55:54.939 [JavaFX Application Thread] DEBUG FXGL                 - Loading FXGL system data
19:55:54.955 [JavaFX Application Thread] DEBUG DesktopFSService     - Reading from: system/fxgl.bundle
19:55:54.989 [JavaFX Application Thread] DEBUG Bundle               - Logging bundle: FXGL
19:55:54.990 [JavaFX Application Thread] DEBUG Bundle               - FXGL.offline.timer.version.check=2018-07-24T21:09:25.379
19:55:55.044 [JavaFX Application Thread] DEBUG GameApplication      - FXGL started
19:55:55.045 [JavaFX Application Thread] DEBUG GameApplication      - Logging game settings
Title: Pinball
Version: 0.1
Width: 400
Height: 600
Fullscreen: false
Intro: false
Menus: false
Profiling: false
Single step:false
App Mode: DEVELOPER
Menu Key: ESCAPE
Stage Style: DECORATED
Scene Factory: class com.almasb.fxgl.scene.SceneFactory
Dialog Factory: class com.almasb.fxgl.ui.FXGLDialogFactory
UI Factory: class com.almasb.fxgl.ui.FXGLUIFactory
Notification Service: class com.almasb.fxgl.gameplay.notification.XboxNotificationView
Exception Handler: class com.almasb.fxgl.app.FXGLExceptionHandler
19:55:55.048 [JavaFX Application Thread] DEBUG GameApplication      - Configuring GameApplication
19:55:55.048 [JavaFX Application Thread] DEBUG GameApplication      - Initializing state machine and application states
19:55:55.071 [JavaFX Application Thread] DEBUG AssetLoader          - Loading from disk: /assets/ui/cursors/fxgl_default.png
19:55:55.106 [JavaFX Application Thread] DEBUG AssetLoader          - Loading from disk: /assets/ui/cursors/fxgl_default.png
19:55:55.158 [JavaFX Application Thread] DEBUG FXGLAssets           - Loading FXGLAssets
19:55:55.211 [JavaFX Application Thread] DEBUG AssetLoader          - Loading from disk: /assets/ui/fonts/VarelaRound-Regular.ttf
19:55:55.253 [JavaFX Application Thread] DEBUG AssetLoader          - Loading from disk: /assets/ui/fonts/lucida_console.ttf
19:55:55.258 [JavaFX Application Thread] DEBUG AssetLoader          - Loading from disk: /assets/ui/fonts/Courier-Prime.ttf
19:55:55.263 [JavaFX Application Thread] DEBUG AssetLoader          - Loading from disk: /assets/ui/fonts/Abel-Regular.ttf
19:55:55.267 [JavaFX Application Thread] DEBUG AssetLoader          - Loading from disk: /assets/ui/css/fxgl_dark.css
19:55:55.333 [JavaFX Application Thread] DEBUG AssetLoader          - Loading from disk: /assets/ui/cursors/fxgl_default.png
19:55:55.393 [JavaFX Application Thread] DEBUG AssetLoader          - Loading from disk: /assets/ui/cursors/fxgl_default.png
19:55:55.439 [JavaFX Application Thread] DEBUG GameScene            - Game scene initialized: 400x600
19:55:55.444 [JavaFX Application Thread] DEBUG GameWorld            - Game world initialized
19:55:55.515 [JavaFX Application Thread] DEBUG PhysicsWorld         - Physics world initialized: appHeight=600, physics.ppm=50.0
19:55:55.542 [JavaFX Application Thread] DEBUG Input                - Registered new binding: Pause - Esc
19:55:55.579 [JavaFX Application Thread] DEBUG Input                - Clearing active input actions
19:55:55.659 [JavaFX Application Thread] DEBUG AppStateMachine      - StartupState -> StartupState
19:55:55.663 [JavaFX Application Thread] INFO  GameApplication      - Game configuration took:  0.615 sec
19:55:55.666 [JavaFX Application Thread] DEBUG AssetLoader          - Loading from disk: /assets/textures/fxgl_icon.png
19:55:55.685 [JavaFX Application Thread] DEBUG MainWindow           - Opening main window
19:55:55.776 [JavaFX Application Thread] DEBUG MainWindow           - Window border size: (0.0, 0.0)
19:55:55.777 [JavaFX Application Thread] DEBUG MainWindow           - Scaled size: 400.0 x 600.0
19:55:55.777 [JavaFX Application Thread] DEBUG MainWindow           - Scaled ratio: (1.0, 1.0)
19:55:55.777 [JavaFX Application Thread] DEBUG MainWindow           - Scene size: 400.0 x 600.0
19:55:55.777 [JavaFX Application Thread] DEBUG MainWindow           - Stage size: 400.0 x 600.0
19:55:55.778 [JavaFX Application Thread] DEBUG GameApplication      - Running preInit()
19:55:55.780 [JavaFX Application Thread] DEBUG Input                - Registered new binding: Screenshot - P
19:55:55.781 [JavaFX Application Thread] DEBUG Input                - Registered new binding: Dev Options - CTRL+0
19:55:55.782 [JavaFX Application Thread] DEBUG Input                - Registered new binding: System info dump - CTRL+9
19:55:55.782 [JavaFX Application Thread] DEBUG Input                - Registered new binding: Restart - CTRL+R
19:55:55.828 [JavaFX Application Thread] DEBUG GameApplication      - Starting main loop
19:55:55.841 [JavaFX Application Thread] DEBUG StartupState         - STARTUP
19:55:55.842 [JavaFX Application Thread] DEBUG GameApplication      - Starting new game
19:55:55.842 [JavaFX Application Thread] DEBUG Input                - Clearing active input actions
19:55:55.860 [JavaFX Application Thread] DEBUG AppStateMachine      - StartupState -> LoadingState
19:55:55.889 [FXGL Background Thread 1 ] DEBUG InitAppTask          - Clearing previous game
19:55:55.889 [FXGL Background Thread 1 ] DEBUG GameWorld            - Clearing game world
19:55:55.889 [FXGL Background Thread 1 ] DEBUG PhysicsWorld         - Clearing physics world
19:55:55.889 [FXGL Background Thread 1 ] DEBUG GameScene            - Clearing game scene
19:55:55.891 [FXGL Background Thread 1 ] DEBUG InitAppTask          - Initializing Game
19:55:56.082 [FXGL Background Thread 1 ] DEBUG GameScene            - Creating render group for layer: DEFAULT(100000)
19:55:56.087 [FXGL Background Thread 1 ] DEBUG InitAppTask          - Initializing Physics
19:55:56.087 [FXGL Background Thread 1 ] DEBUG InitAppTask          - Initializing UI
19:55:56.087 [FXGL Background Thread 1 ] DEBUG InitAppTask          - Initialization Complete
19:55:56.088 [FXGL Background Thread 1 ] INFO  InitAppTask          - Game initialization took: 0.199 sec
19:55:56.113 [JavaFX Application Thread] DEBUG Input                - Clearing active input actions
19:55:56.120 [JavaFX Application Thread] DEBUG AppStateMachine      - LoadingState -> PlayState
19:55:58.835 [JavaFX Application Thread] DEBUG GameApplication      - Exiting game application
19:55:58.837 [JavaFX Application Thread] DEBUG GameApplication      - Shutting down background threads
19:55:58.838 [JavaFX Application Thread] DEBUG GameApplication      - Exiting FXGL
19:55:58.838 [JavaFX Application Thread] DEBUG FXGL                 - Saving FXGL system data
19:55:58.841 [JavaFX Application Thread] DEBUG DesktopFSService     - Writing to: system/fxgl.bundle
19:55:58.846 [JavaFX Application Thread] DEBUG GameApplication      - Closing logger and exiting JavaFX
