15:03:11.835 [JavaFX Application Thread] DEBUG GameApplication      - Logger initialized
15:03:11.840 [JavaFX Application Thread] DEBUG MainWindow           - Creating a JavaFX scene
15:03:11.905 [JavaFX Application Thread] DEBUG MainWindow           - Target settings size: 400.0 x 600.0
15:03:11.905 [JavaFX Application Thread] DEBUG MainWindow           - Scaled scene size:    400.0 x 600.0
15:03:11.905 [JavaFX Application Thread] DEBUG MainWindow           - Scaled ratio: (1.0, 1.0)
15:03:11.909 [JavaFX Application Thread] DEBUG GameApplication      - Starting FXGL
15:03:11.912 [JavaFX Application Thread] INFO  FXGL                 - FXGL-0.5.3 on DESKTOP
15:03:11.912 [JavaFX Application Thread] INFO  FXGL                 - Source code and latest versions at: https://github.com/AlmasB/FXGL
15:03:11.912 [JavaFX Application Thread] INFO  FXGL                 -              Join the FXGL chat at: https://gitter.im/AlmasB/FXGL
15:03:11.917 [JavaFX Application Thread] DEBUG FS                   - Loaded DesktopFSService
15:03:11.917 [JavaFX Application Thread] DEBUG FXGL                 - Loading FXGL system data
15:03:11.923 [JavaFX Application Thread] DEBUG DesktopFSService     - Reading from: system\fxgl.bundle
15:03:11.933 [JavaFX Application Thread] DEBUG Bundle               - Logging bundle: FXGL
15:03:11.933 [JavaFX Application Thread] DEBUG Bundle               - FXGL.offline.timer.version.check=2018-08-18T15:14:28.733
15:03:11.956 [JavaFX Application Thread] DEBUG GameApplication      - FXGL started
15:03:11.956 [JavaFX Application Thread] DEBUG GameApplication      - Logging game settings
Title: Pinball
Version: 0.1
Width: 400
Height: 600
Fullscreen: false
Intro: false
Menus: false
Profiling: true
Single step:false
App Mode: DEBUG
Menu Key: ESCAPE
Stage Style: DECORATED
Scene Factory: class com.almasb.fxgl.scene.SceneFactory
Dialog Factory: class com.almasb.fxgl.ui.FXGLDialogFactory
UI Factory: class com.almasb.fxgl.ui.FXGLUIFactory
Notification Service: class com.almasb.fxgl.gameplay.notification.XboxNotificationView
Exception Handler: class com.almasb.fxgl.app.FXGLExceptionHandler
15:03:11.957 [JavaFX Application Thread] DEBUG GameApplication      - Configuring GameApplication
15:03:11.958 [JavaFX Application Thread] DEBUG GameApplication      - Initializing state machine and application states
15:03:11.973 [JavaFX Application Thread] DEBUG AssetLoader          - Loading from disk: /assets/ui/cursors/fxgl_default.png
15:03:11.990 [JavaFX Application Thread] DEBUG AssetLoader          - Loading from disk: /assets/ui/cursors/fxgl_default.png
15:03:12.006 [JavaFX Application Thread] DEBUG FXGLAssets           - Loading FXGLAssets
15:03:12.028 [JavaFX Application Thread] DEBUG AssetLoader          - Loading from disk: /assets/ui/fonts/VarelaRound-Regular.ttf
15:03:12.149 [JavaFX Application Thread] DEBUG AssetLoader          - Loading from disk: /assets/ui/fonts/lucida_console.ttf
15:03:12.162 [JavaFX Application Thread] DEBUG AssetLoader          - Loading from disk: /assets/ui/fonts/Courier-Prime.ttf
15:03:12.173 [JavaFX Application Thread] DEBUG AssetLoader          - Loading from disk: /assets/ui/fonts/Abel-Regular.ttf
15:03:12.180 [JavaFX Application Thread] DEBUG AssetLoader          - Loading from disk: /assets/ui/css/fxgl_dark.css
15:03:12.207 [JavaFX Application Thread] DEBUG AssetLoader          - Loading from disk: /assets/ui/cursors/fxgl_default.png
15:03:12.235 [JavaFX Application Thread] DEBUG AssetLoader          - Loading from disk: /assets/ui/cursors/fxgl_default.png
15:03:12.251 [JavaFX Application Thread] DEBUG GameScene            - Game scene initialized: 400x600
15:03:12.255 [JavaFX Application Thread] DEBUG GameWorld            - Game world initialized
15:03:12.292 [JavaFX Application Thread] DEBUG PhysicsWorld         - Physics world initialized: appHeight=600, physics.ppm=50.0
15:03:12.307 [JavaFX Application Thread] DEBUG Input                - Registered new binding: Pause - Esc
15:03:12.320 [JavaFX Application Thread] DEBUG Input                - Clearing active input actions
15:03:12.352 [JavaFX Application Thread] DEBUG AppStateMachine      - StartupState -> StartupState
15:03:12.358 [JavaFX Application Thread] INFO  GameApplication      - Game configuration took:  0.399 sec
15:03:12.361 [JavaFX Application Thread] DEBUG AssetLoader          - Loading from disk: /assets/textures/fxgl_icon.png
15:03:12.372 [JavaFX Application Thread] DEBUG MainWindow           - Opening main window
15:03:12.490 [JavaFX Application Thread] DEBUG MainWindow           - Window border size: (6.0, 29.0)
15:03:12.490 [JavaFX Application Thread] DEBUG MainWindow           - Scaled size: 400.0 x 600.0
15:03:12.490 [JavaFX Application Thread] DEBUG MainWindow           - Scaled ratio: (1.0, 1.0)
15:03:12.490 [JavaFX Application Thread] DEBUG MainWindow           - Scene size: 400.0 x 600.0
15:03:12.490 [JavaFX Application Thread] DEBUG MainWindow           - Stage size: 406.0 x 629.0
15:03:12.490 [JavaFX Application Thread] DEBUG GameApplication      - Running preInit()
15:03:12.492 [JavaFX Application Thread] DEBUG Input                - Registered new binding: Screenshot - P
15:03:12.492 [JavaFX Application Thread] DEBUG Input                - Registered new binding: Dev Options - CTRL+0
15:03:12.493 [JavaFX Application Thread] DEBUG Input                - Registered new binding: System info dump - CTRL+9
15:03:12.493 [JavaFX Application Thread] DEBUG Input                - Registered new binding: Restart - CTRL+R
15:03:12.493 [JavaFX Application Thread] DEBUG Input                - Registered new binding: Release Ball - Space
15:03:12.493 [JavaFX Application Thread] DEBUG Input                - Registered new binding: LeftFlipper Movement - Left
15:03:12.493 [JavaFX Application Thread] DEBUG Input                - Registered new binding: RightFlipper Movement - Right
15:03:12.493 [JavaFX Application Thread] DEBUG Input                - Registered new binding: New Table - N
15:03:12.513 [JavaFX Application Thread] DEBUG GameApplication      - Starting main loop
15:03:12.514 [JavaFX Application Thread] DEBUG StartupState         - STARTUP
15:03:12.514 [JavaFX Application Thread] DEBUG GameApplication      - Starting new game
15:03:12.514 [JavaFX Application Thread] DEBUG Input                - Clearing active input actions
15:03:12.520 [JavaFX Application Thread] DEBUG AppStateMachine      - StartupState -> LoadingState
15:03:12.524 [FXGL Background Thread 1 ] DEBUG InitAppTask          - Clearing previous game
15:03:12.524 [FXGL Background Thread 1 ] DEBUG GameWorld            - Clearing game world
15:03:12.524 [FXGL Background Thread 1 ] DEBUG PhysicsWorld         - Clearing physics world
15:03:12.524 [FXGL Background Thread 1 ] DEBUG GameScene            - Clearing game scene
15:03:12.525 [FXGL Background Thread 1 ] DEBUG InitAppTask          - Initializing Game
15:03:12.594 [FXGL Background Thread 1 ] DEBUG GameScene            - Creating render group for layer: DEFAULT(100000)
15:03:12.597 [FXGL Background Thread 1 ] DEBUG AssetLoader          - Loading from disk: /assets/textures/piñi.jpg
15:03:12.610 [FXGL Background Thread 1 ] DEBUG InitAppTask          - Initializing Physics
15:03:12.611 [FXGL Background Thread 1 ] DEBUG InitAppTask          - Initializing UI
15:03:12.611 [FXGL Background Thread 1 ] DEBUG InitAppTask          - Initialization Complete
15:03:12.611 [FXGL Background Thread 1 ] INFO  InitAppTask          - Game initialization took: 0.087 sec
15:03:12.617 [JavaFX Application Thread] DEBUG Input                - Clearing active input actions
15:03:12.623 [JavaFX Application Thread] DEBUG AppStateMachine      - LoadingState -> PlayState
15:03:14.655 [JavaFX Application Thread] DEBUG AssetLoader          - Loading from disk: /assets/textures/wheel.png
15:03:23.100 [JavaFX Application Thread] DEBUG AssetLoader          - Loading from cache: /assets/textures/wheel.png
15:03:23.100 [JavaFX Application Thread] DEBUG AssetLoader          - Loading from cache: /assets/sounds/fium.wav
15:03:28.057 [JavaFX Application Thread] DEBUG AssetLoader          - Loading from cache: /assets/sounds/haha.wav
15:03:28.732 [JavaFX Application Thread] DEBUG AssetLoader          - Loading from cache: /assets/textures/wheel.png
15:03:28.732 [JavaFX Application Thread] DEBUG AssetLoader          - Loading from cache: /assets/sounds/fium.wav
15:03:37.497 [JavaFX Application Thread] DEBUG AssetLoader          - Loading from cache: /assets/sounds/haha.wav
15:03:38.116 [JavaFX Application Thread] DEBUG AssetLoader          - Loading from cache: /assets/textures/wheel.png
15:03:38.116 [JavaFX Application Thread] DEBUG AssetLoader          - Loading from cache: /assets/sounds/fium.wav
15:03:50.056 [JavaFX Application Thread] DEBUG AssetLoader          - Loading from cache: /assets/sounds/haha.wav
15:03:51.684 [JavaFX Application Thread] DEBUG AssetLoader          - Loading from cache: /assets/textures/wheel.png
15:03:51.684 [JavaFX Application Thread] DEBUG AssetLoader          - Loading from cache: /assets/sounds/fium.wav
15:03:53.241 [JavaFX Application Thread] DEBUG AssetLoader          - Loading from cache: /assets/sounds/haha.wav
15:03:55.028 [JavaFX Application Thread] DEBUG AssetLoader          - Loading from cache: /assets/textures/wheel.png
15:03:55.028 [JavaFX Application Thread] DEBUG AssetLoader          - Loading from cache: /assets/sounds/fium.wav
15:04:05.161 [JavaFX Application Thread] DEBUG AssetLoader          - Loading from cache: /assets/sounds/haha.wav
15:04:09.828 [JavaFX Application Thread] DEBUG GameApplication      - Starting new game
15:04:09.828 [JavaFX Application Thread] DEBUG Input                - Clearing active input actions
15:04:09.832 [JavaFX Application Thread] DEBUG AppStateMachine      - PlayState -> LoadingState
15:04:09.833 [FXGL Background Thread 1 ] DEBUG InitAppTask          - Clearing previous game
15:04:09.833 [FXGL Background Thread 1 ] DEBUG GameWorld            - Clearing game world
15:04:09.834 [FXGL Background Thread 1 ] DEBUG PhysicsWorld         - Clearing physics world
15:04:09.834 [FXGL Background Thread 1 ] DEBUG GameScene            - Clearing game scene
15:04:09.834 [FXGL Background Thread 1 ] DEBUG InitAppTask          - Initializing Game
15:04:09.834 [FXGL Background Thread 1 ] DEBUG GameScene            - Creating render group for layer: DEFAULT(100000)
15:04:09.835 [FXGL Background Thread 1 ] DEBUG AssetLoader          - Loading from cache: /assets/textures/piñi.jpg
15:04:09.835 [FXGL Background Thread 1 ] DEBUG InitAppTask          - Initializing Physics
15:04:09.836 [FXGL Background Thread 1 ] DEBUG InitAppTask          - Initializing UI
15:04:09.836 [FXGL Background Thread 1 ] DEBUG InitAppTask          - Initialization Complete
15:04:09.836 [FXGL Background Thread 1 ] INFO  InitAppTask          - Game initialization took: 0.003 sec
15:04:09.837 [JavaFX Application Thread] DEBUG Input                - Clearing active input actions
15:04:09.840 [JavaFX Application Thread] DEBUG AppStateMachine      - LoadingState -> PlayState
15:04:10.631 [JavaFX Application Thread] DEBUG GameApplication      - Exiting game application
15:04:10.631 [JavaFX Application Thread] DEBUG GameApplication      - Shutting down background threads
15:04:10.631 [JavaFX Application Thread] INFO  Profiler             - Processed Frames: 3557
15:04:10.631 [JavaFX Application Thread] INFO  Profiler             - Average FPS: 59
15:04:10.631 [JavaFX Application Thread] INFO  Profiler             - Avg Frame Took: 0.06 ms
15:04:10.631 [JavaFX Application Thread] INFO  Profiler             - Avg Memory Usage: 32 MB
15:04:10.631 [JavaFX Application Thread] INFO  Profiler             - Min Memory Usage: 8 MB
15:04:10.631 [JavaFX Application Thread] INFO  Profiler             - Max Memory Usage: 43 MB
15:04:10.631 [JavaFX Application Thread] INFO  Profiler             - Estimated GC runs: 2
15:04:10.631 [JavaFX Application Thread] DEBUG GameApplication      - Exiting FXGL
15:04:10.632 [JavaFX Application Thread] DEBUG FXGL                 - Saving FXGL system data
15:04:10.633 [JavaFX Application Thread] DEBUG DesktopFSService     - Writing to: system\fxgl.bundle
15:04:10.636 [JavaFX Application Thread] DEBUG GameApplication      - Closing logger and exiting JavaFX
