14:27:24.244 [JavaFX Application Thread] DEBUG GameApplication      - Logger initialized
14:27:24.253 [JavaFX Application Thread] DEBUG MainWindow           - Creating a JavaFX scene
14:27:24.548 [JavaFX Application Thread] DEBUG MainWindow           - Target settings size: 400.0 x 600.0
14:27:24.549 [JavaFX Application Thread] DEBUG MainWindow           - Scaled scene size:    400.0 x 600.0
14:27:24.549 [JavaFX Application Thread] DEBUG MainWindow           - Scaled ratio: (1.0, 1.0)
14:27:24.567 [JavaFX Application Thread] DEBUG GameApplication      - Starting FXGL
14:27:24.601 [JavaFX Application Thread] INFO  FXGL                 - FXGL-0.5.3 on DESKTOP
14:27:24.601 [JavaFX Application Thread] INFO  FXGL                 - Source code and latest versions at: https://github.com/AlmasB/FXGL
14:27:24.603 [JavaFX Application Thread] INFO  FXGL                 -              Join the FXGL chat at: https://gitter.im/AlmasB/FXGL
14:27:24.631 [JavaFX Application Thread] DEBUG FS                   - Loaded DesktopFSService
14:27:24.634 [JavaFX Application Thread] DEBUG FXGL                 - Loading FXGL system data
14:27:24.648 [JavaFX Application Thread] DEBUG DesktopFSService     - Reading from: system/fxgl.bundle
14:27:24.659 [JavaFX Application Thread] DEBUG Bundle               - Logging bundle: FXGL
14:27:24.660 [JavaFX Application Thread] DEBUG Bundle               - FXGL.offline.timer.version.check=2018-07-24T21:09:25.379
14:27:24.711 [JavaFX Application Thread] DEBUG GameApplication      - FXGL started
14:27:24.712 [JavaFX Application Thread] DEBUG GameApplication      - Logging game settings
Title: Pinball
Version: 0.1
Width: 400
Height: 600
Fullscreen: false
Intro: false
Menus: false
Profiling: true
Single step:false
App Mode: DEBUG
Menu Key: ESCAPE
Stage Style: DECORATED
Scene Factory: class com.almasb.fxgl.scene.SceneFactory
Dialog Factory: class com.almasb.fxgl.ui.FXGLDialogFactory
UI Factory: class com.almasb.fxgl.ui.FXGLUIFactory
Notification Service: class com.almasb.fxgl.gameplay.notification.XboxNotificationView
Exception Handler: class com.almasb.fxgl.app.FXGLExceptionHandler
14:27:24.713 [JavaFX Application Thread] DEBUG GameApplication      - Configuring GameApplication
14:27:24.713 [JavaFX Application Thread] DEBUG GameApplication      - Initializing state machine and application states
14:27:24.748 [JavaFX Application Thread] DEBUG AssetLoader          - Loading from disk: /assets/ui/cursors/fxgl_default.png
14:27:24.820 [JavaFX Application Thread] DEBUG AssetLoader          - Loading from disk: /assets/ui/cursors/fxgl_default.png
14:27:24.911 [JavaFX Application Thread] DEBUG FXGLAssets           - Loading FXGLAssets
14:27:24.989 [JavaFX Application Thread] DEBUG AssetLoader          - Loading from disk: /assets/ui/fonts/VarelaRound-Regular.ttf
14:27:25.020 [JavaFX Application Thread] DEBUG AssetLoader          - Loading from disk: /assets/ui/fonts/lucida_console.ttf
14:27:25.029 [JavaFX Application Thread] DEBUG AssetLoader          - Loading from disk: /assets/ui/fonts/Courier-Prime.ttf
14:27:25.034 [JavaFX Application Thread] DEBUG AssetLoader          - Loading from disk: /assets/ui/fonts/Abel-Regular.ttf
14:27:25.039 [JavaFX Application Thread] DEBUG AssetLoader          - Loading from disk: /assets/ui/css/fxgl_dark.css
14:27:25.113 [JavaFX Application Thread] DEBUG AssetLoader          - Loading from disk: /assets/ui/cursors/fxgl_default.png
14:27:25.228 [JavaFX Application Thread] DEBUG AssetLoader          - Loading from disk: /assets/ui/cursors/fxgl_default.png
14:27:25.275 [JavaFX Application Thread] DEBUG GameScene            - Game scene initialized: 400x600
14:27:25.280 [JavaFX Application Thread] DEBUG GameWorld            - Game world initialized
14:27:25.365 [JavaFX Application Thread] DEBUG PhysicsWorld         - Physics world initialized: appHeight=600, physics.ppm=50.0
14:27:25.392 [JavaFX Application Thread] DEBUG Input                - Registered new binding: Pause - Esc
14:27:25.467 [JavaFX Application Thread] DEBUG Input                - Clearing active input actions
14:27:25.575 [JavaFX Application Thread] DEBUG AppStateMachine      - StartupState -> StartupState
14:27:25.607 [JavaFX Application Thread] INFO  GameApplication      - Game configuration took:  0.893 sec
14:27:25.611 [JavaFX Application Thread] DEBUG AssetLoader          - Loading from disk: /assets/textures/fxgl_icon.png
14:27:25.647 [JavaFX Application Thread] DEBUG MainWindow           - Opening main window
14:27:25.810 [JavaFX Application Thread] DEBUG MainWindow           - Window border size: (0.0, 0.0)
14:27:25.811 [JavaFX Application Thread] DEBUG MainWindow           - Scaled size: 400.0 x 600.0
14:27:25.811 [JavaFX Application Thread] DEBUG MainWindow           - Scaled ratio: (1.0, 1.0)
14:27:25.811 [JavaFX Application Thread] DEBUG MainWindow           - Scene size: 400.0 x 600.0
14:27:25.814 [JavaFX Application Thread] DEBUG MainWindow           - Stage size: 400.0 x 600.0
14:27:25.814 [JavaFX Application Thread] DEBUG GameApplication      - Running preInit()
14:27:25.820 [JavaFX Application Thread] DEBUG Input                - Registered new binding: Screenshot - P
14:27:25.821 [JavaFX Application Thread] DEBUG Input                - Registered new binding: Dev Options - CTRL+0
14:27:25.821 [JavaFX Application Thread] DEBUG Input                - Registered new binding: System info dump - CTRL+9
14:27:25.822 [JavaFX Application Thread] DEBUG Input                - Registered new binding: Restart - CTRL+R
14:27:25.823 [JavaFX Application Thread] DEBUG Input                - Registered new binding: Release Ball - Space
14:27:25.910 [JavaFX Application Thread] DEBUG GameApplication      - Starting main loop
14:27:25.924 [JavaFX Application Thread] DEBUG StartupState         - STARTUP
14:27:25.924 [JavaFX Application Thread] DEBUG GameApplication      - Starting new game
14:27:25.924 [JavaFX Application Thread] DEBUG Input                - Clearing active input actions
14:27:25.937 [JavaFX Application Thread] DEBUG AppStateMachine      - StartupState -> LoadingState
14:27:25.978 [FXGL Background Thread 1 ] DEBUG InitAppTask          - Clearing previous game
14:27:25.978 [FXGL Background Thread 1 ] DEBUG GameWorld            - Clearing game world
14:27:25.979 [FXGL Background Thread 1 ] DEBUG PhysicsWorld         - Clearing physics world
14:27:25.979 [FXGL Background Thread 1 ] DEBUG GameScene            - Clearing game scene
14:27:25.980 [FXGL Background Thread 1 ] DEBUG InitAppTask          - Initializing Game
14:27:26.201 [FXGL Background Thread 1 ] DEBUG GameScene            - Creating render group for layer: DEFAULT(100000)
14:27:26.211 [FXGL Background Thread 1 ] DEBUG InitAppTask          - Initializing Physics
14:27:26.212 [FXGL Background Thread 1 ] DEBUG InitAppTask          - Initializing UI
14:27:26.212 [FXGL Background Thread 1 ] DEBUG InitAppTask          - Initialization Complete
14:27:26.212 [FXGL Background Thread 1 ] INFO  InitAppTask          - Game initialization took: 0.234 sec
14:27:26.247 [JavaFX Application Thread] DEBUG Input                - Clearing active input actions
14:27:26.267 [JavaFX Application Thread] DEBUG AppStateMachine      - LoadingState -> PlayState
14:27:27.665 [JavaFX Application Thread] DEBUG GameApplication      - Exiting game application
14:27:27.666 [JavaFX Application Thread] DEBUG GameApplication      - Shutting down background threads
14:27:27.667 [JavaFX Application Thread] INFO  Profiler             - Processed Frames: 98
14:27:27.667 [JavaFX Application Thread] INFO  Profiler             - Average FPS: 59
14:27:27.667 [JavaFX Application Thread] INFO  Profiler             - Avg Frame Took: 0.84 ms
14:27:27.667 [JavaFX Application Thread] INFO  Profiler             - Avg Memory Usage: 24 MB
14:27:27.667 [JavaFX Application Thread] INFO  Profiler             - Min Memory Usage: 7 MB
14:27:27.667 [JavaFX Application Thread] INFO  Profiler             - Max Memory Usage: 24 MB
14:27:27.667 [JavaFX Application Thread] INFO  Profiler             - Estimated GC runs: 0
14:27:27.667 [JavaFX Application Thread] DEBUG GameApplication      - Exiting FXGL
14:27:27.668 [JavaFX Application Thread] DEBUG FXGL                 - Saving FXGL system data
14:27:27.670 [JavaFX Application Thread] DEBUG DesktopFSService     - Writing to: system/fxgl.bundle
14:27:27.678 [JavaFX Application Thread] DEBUG GameApplication      - Closing logger and exiting JavaFX
