03:03:41.556 [JavaFX Application Thread] DEBUG GameApplication      - Logger initialized
03:03:41.562 [JavaFX Application Thread] DEBUG MainWindow           - Creating a JavaFX scene
03:03:41.640 [JavaFX Application Thread] DEBUG MainWindow           - Target settings size: 400.0 x 600.0
03:03:41.640 [JavaFX Application Thread] DEBUG MainWindow           - Scaled scene size:    400.0 x 600.0
03:03:41.641 [JavaFX Application Thread] DEBUG MainWindow           - Scaled ratio: (1.0, 1.0)
03:03:41.646 [JavaFX Application Thread] DEBUG GameApplication      - Starting FXGL
03:03:41.650 [JavaFX Application Thread] INFO  FXGL                 - FXGL-0.5.3 on DESKTOP
03:03:41.650 [JavaFX Application Thread] INFO  FXGL                 - Source code and latest versions at: https://github.com/AlmasB/FXGL
03:03:41.650 [JavaFX Application Thread] INFO  FXGL                 -              Join the FXGL chat at: https://gitter.im/AlmasB/FXGL
03:03:41.655 [JavaFX Application Thread] DEBUG FS                   - Loaded DesktopFSService
03:03:41.656 [JavaFX Application Thread] DEBUG FXGL                 - Loading FXGL system data
03:03:41.661 [JavaFX Application Thread] DEBUG DesktopFSService     - Reading from: system\fxgl.bundle
03:03:41.671 [JavaFX Application Thread] DEBUG Bundle               - Logging bundle: FXGL
03:03:41.672 [JavaFX Application Thread] DEBUG Bundle               - FXGL.offline.timer.version.check=2018-08-18T15:14:28.733
03:03:41.696 [JavaFX Application Thread] DEBUG GameApplication      - FXGL started
03:03:41.696 [JavaFX Application Thread] DEBUG GameApplication      - Logging game settings
Title: Untitled
Version: 0.0
Width: 400
Height: 600
Fullscreen: false
Intro: false
Menus: false
Profiling: true
Single step:false
App Mode: DEBUG
Menu Key: ESCAPE
Stage Style: DECORATED
Scene Factory: class com.almasb.fxgl.scene.SceneFactory
Dialog Factory: class com.almasb.fxgl.ui.FXGLDialogFactory
UI Factory: class com.almasb.fxgl.ui.FXGLUIFactory
Notification Service: class com.almasb.fxgl.gameplay.notification.XboxNotificationView
Exception Handler: class com.almasb.fxgl.app.FXGLExceptionHandler
03:03:41.696 [JavaFX Application Thread] DEBUG GameApplication      - Configuring GameApplication
03:03:41.697 [JavaFX Application Thread] DEBUG GameApplication      - Initializing state machine and application states
03:03:41.714 [JavaFX Application Thread] DEBUG AssetLoader          - Loading from disk: /assets/ui/cursors/fxgl_default.png
03:03:41.730 [JavaFX Application Thread] DEBUG AssetLoader          - Loading from disk: /assets/ui/cursors/fxgl_default.png
03:03:41.746 [JavaFX Application Thread] DEBUG FXGLAssets           - Loading FXGLAssets
03:03:41.771 [JavaFX Application Thread] DEBUG AssetLoader          - Loading from disk: /assets/ui/fonts/VarelaRound-Regular.ttf
03:03:41.864 [JavaFX Application Thread] DEBUG AssetLoader          - Loading from disk: /assets/ui/fonts/lucida_console.ttf
03:03:41.876 [JavaFX Application Thread] DEBUG AssetLoader          - Loading from disk: /assets/ui/fonts/Courier-Prime.ttf
03:03:41.885 [JavaFX Application Thread] DEBUG AssetLoader          - Loading from disk: /assets/ui/fonts/Abel-Regular.ttf
03:03:41.892 [JavaFX Application Thread] DEBUG AssetLoader          - Loading from disk: /assets/ui/css/fxgl_dark.css
03:03:41.915 [JavaFX Application Thread] DEBUG AssetLoader          - Loading from disk: /assets/ui/cursors/fxgl_default.png
03:03:41.943 [JavaFX Application Thread] DEBUG AssetLoader          - Loading from disk: /assets/ui/cursors/fxgl_default.png
03:03:41.967 [JavaFX Application Thread] DEBUG GameScene            - Game scene initialized: 400x600
03:03:41.969 [JavaFX Application Thread] DEBUG GameWorld            - Game world initialized
03:03:42.009 [JavaFX Application Thread] DEBUG PhysicsWorld         - Physics world initialized: appHeight=600, physics.ppm=50.0
03:03:42.028 [JavaFX Application Thread] DEBUG Input                - Registered new binding: Pause - Esc
03:03:42.045 [JavaFX Application Thread] DEBUG Input                - Clearing active input actions
03:03:42.078 [JavaFX Application Thread] DEBUG AppStateMachine      - StartupState -> StartupState
03:03:42.081 [JavaFX Application Thread] INFO  GameApplication      - Game configuration took:  0.384 sec
03:03:42.083 [JavaFX Application Thread] DEBUG AssetLoader          - Loading from disk: /assets/textures/fxgl_icon.png
03:03:42.091 [JavaFX Application Thread] DEBUG MainWindow           - Opening main window
03:03:42.214 [JavaFX Application Thread] DEBUG MainWindow           - Window border size: (6.0, 29.0)
03:03:42.214 [JavaFX Application Thread] DEBUG MainWindow           - Scaled size: 400.0 x 600.0
03:03:42.214 [JavaFX Application Thread] DEBUG MainWindow           - Scaled ratio: (1.0, 1.0)
03:03:42.215 [JavaFX Application Thread] DEBUG MainWindow           - Scene size: 400.0 x 600.0
03:03:42.215 [JavaFX Application Thread] DEBUG MainWindow           - Stage size: 406.0 x 629.0
03:03:42.215 [JavaFX Application Thread] DEBUG GameApplication      - Running preInit()
03:03:42.217 [JavaFX Application Thread] DEBUG Input                - Registered new binding: Screenshot - P
03:03:42.217 [JavaFX Application Thread] DEBUG Input                - Registered new binding: Dev Options - CTRL+0
03:03:42.218 [JavaFX Application Thread] DEBUG Input                - Registered new binding: System info dump - CTRL+9
03:03:42.218 [JavaFX Application Thread] DEBUG Input                - Registered new binding: Restart - CTRL+R
03:03:42.218 [JavaFX Application Thread] DEBUG Input                - Registered new binding: Rotate - Left
03:03:42.238 [JavaFX Application Thread] DEBUG GameApplication      - Starting main loop
03:03:42.240 [JavaFX Application Thread] DEBUG StartupState         - STARTUP
03:03:42.241 [JavaFX Application Thread] DEBUG GameApplication      - Starting new game
03:03:42.241 [JavaFX Application Thread] DEBUG Input                - Clearing active input actions
03:03:42.245 [JavaFX Application Thread] DEBUG AppStateMachine      - StartupState -> LoadingState
03:03:42.255 [FXGL Background Thread 1 ] DEBUG InitAppTask          - Clearing previous game
03:03:42.256 [FXGL Background Thread 1 ] DEBUG GameWorld            - Clearing game world
03:03:42.256 [FXGL Background Thread 1 ] DEBUG PhysicsWorld         - Clearing physics world
03:03:42.256 [FXGL Background Thread 1 ] DEBUG GameScene            - Clearing game scene
03:03:42.257 [FXGL Background Thread 1 ] DEBUG InitAppTask          - Initializing Game
03:03:42.321 [FXGL Background Thread 1 ] DEBUG GameScene            - Creating render group for layer: DEFAULT(100000)
03:03:42.323 [FXGL Background Thread 1 ] DEBUG InitAppTask          - Initializing Physics
03:03:42.323 [FXGL Background Thread 1 ] DEBUG InitAppTask          - Initializing UI
03:03:42.323 [FXGL Background Thread 1 ] DEBUG InitAppTask          - Initialization Complete
03:03:42.323 [FXGL Background Thread 1 ] INFO  InitAppTask          - Game initialization took: 0.068 sec
03:03:42.335 [JavaFX Application Thread] DEBUG Input                - Clearing active input actions
03:03:42.339 [JavaFX Application Thread] DEBUG AppStateMachine      - LoadingState -> PlayState
03:03:43.808 [JavaFX Application Thread] DEBUG GameApplication      - Exiting game application
03:03:43.808 [JavaFX Application Thread] DEBUG GameApplication      - Shutting down background threads
03:03:43.808 [JavaFX Application Thread] INFO  Profiler             - Processed Frames: 102
03:03:43.808 [JavaFX Application Thread] INFO  Profiler             - Average FPS: 59
03:03:43.809 [JavaFX Application Thread] INFO  Profiler             - Avg Frame Took: 0.28 ms
03:03:43.809 [JavaFX Application Thread] INFO  Profiler             - Avg Memory Usage: 18 MB
03:03:43.809 [JavaFX Application Thread] INFO  Profiler             - Min Memory Usage: 8 MB
03:03:43.809 [JavaFX Application Thread] INFO  Profiler             - Max Memory Usage: 18 MB
03:03:43.809 [JavaFX Application Thread] INFO  Profiler             - Estimated GC runs: 0
03:03:43.809 [JavaFX Application Thread] DEBUG GameApplication      - Exiting FXGL
03:03:43.809 [JavaFX Application Thread] DEBUG FXGL                 - Saving FXGL system data
03:03:43.811 [JavaFX Application Thread] DEBUG DesktopFSService     - Writing to: system\fxgl.bundle
03:03:43.814 [JavaFX Application Thread] DEBUG GameApplication      - Closing logger and exiting JavaFX
