19:57:05.492 [JavaFX Application Thread] DEBUG GameApplication      - Logger initialized
19:57:05.502 [JavaFX Application Thread] DEBUG MainWindow           - Creating a JavaFX scene
19:57:05.681 [JavaFX Application Thread] DEBUG MainWindow           - Target settings size: 400.0 x 600.0
19:57:05.682 [JavaFX Application Thread] DEBUG MainWindow           - Scaled scene size:    400.0 x 600.0
19:57:05.682 [JavaFX Application Thread] DEBUG MainWindow           - Scaled ratio: (1.0, 1.0)
19:57:05.688 [JavaFX Application Thread] DEBUG GameApplication      - Starting FXGL
19:57:05.694 [JavaFX Application Thread] INFO  FXGL                 - FXGL-0.5.3 on DESKTOP
19:57:05.694 [JavaFX Application Thread] INFO  FXGL                 - Source code and latest versions at: https://github.com/AlmasB/FXGL
19:57:05.704 [JavaFX Application Thread] INFO  FXGL                 -              Join the FXGL chat at: https://gitter.im/AlmasB/FXGL
19:57:05.725 [JavaFX Application Thread] DEBUG FS                   - Loaded DesktopFSService
19:57:05.726 [JavaFX Application Thread] DEBUG FXGL                 - Loading FXGL system data
19:57:05.743 [JavaFX Application Thread] DEBUG DesktopFSService     - Reading from: system/fxgl.bundle
19:57:05.758 [JavaFX Application Thread] DEBUG Bundle               - Logging bundle: FXGL
19:57:05.760 [JavaFX Application Thread] DEBUG Bundle               - FXGL.offline.timer.version.check=2018-07-24T21:09:25.379
19:57:05.829 [JavaFX Application Thread] DEBUG GameApplication      - FXGL started
19:57:05.830 [JavaFX Application Thread] DEBUG GameApplication      - Logging game settings
Title: Pinball
Version: 0.1
Width: 400
Height: 600
Fullscreen: false
Intro: false
Menus: false
Profiling: false
Single step:false
App Mode: DEVELOPER
Menu Key: ESCAPE
Stage Style: DECORATED
Scene Factory: class com.almasb.fxgl.scene.SceneFactory
Dialog Factory: class com.almasb.fxgl.ui.FXGLDialogFactory
UI Factory: class com.almasb.fxgl.ui.FXGLUIFactory
Notification Service: class com.almasb.fxgl.gameplay.notification.XboxNotificationView
Exception Handler: class com.almasb.fxgl.app.FXGLExceptionHandler
19:57:05.831 [JavaFX Application Thread] DEBUG GameApplication      - Configuring GameApplication
19:57:05.831 [JavaFX Application Thread] DEBUG GameApplication      - Initializing state machine and application states
19:57:05.856 [JavaFX Application Thread] DEBUG AssetLoader          - Loading from disk: /assets/ui/cursors/fxgl_default.png
19:57:05.889 [JavaFX Application Thread] DEBUG AssetLoader          - Loading from disk: /assets/ui/cursors/fxgl_default.png
19:57:05.939 [JavaFX Application Thread] DEBUG FXGLAssets           - Loading FXGLAssets
19:57:05.999 [JavaFX Application Thread] DEBUG AssetLoader          - Loading from disk: /assets/ui/fonts/VarelaRound-Regular.ttf
19:57:06.027 [JavaFX Application Thread] DEBUG AssetLoader          - Loading from disk: /assets/ui/fonts/lucida_console.ttf
19:57:06.032 [JavaFX Application Thread] DEBUG AssetLoader          - Loading from disk: /assets/ui/fonts/Courier-Prime.ttf
19:57:06.036 [JavaFX Application Thread] DEBUG AssetLoader          - Loading from disk: /assets/ui/fonts/Abel-Regular.ttf
19:57:06.039 [JavaFX Application Thread] DEBUG AssetLoader          - Loading from disk: /assets/ui/css/fxgl_dark.css
19:57:06.074 [JavaFX Application Thread] DEBUG AssetLoader          - Loading from disk: /assets/ui/cursors/fxgl_default.png
19:57:06.132 [JavaFX Application Thread] DEBUG AssetLoader          - Loading from disk: /assets/ui/cursors/fxgl_default.png
19:57:06.161 [JavaFX Application Thread] DEBUG GameScene            - Game scene initialized: 400x600
19:57:06.166 [JavaFX Application Thread] DEBUG GameWorld            - Game world initialized
19:57:06.215 [JavaFX Application Thread] DEBUG PhysicsWorld         - Physics world initialized: appHeight=600, physics.ppm=50.0
19:57:06.241 [JavaFX Application Thread] DEBUG Input                - Registered new binding: Pause - Esc
19:57:06.277 [JavaFX Application Thread] DEBUG Input                - Clearing active input actions
19:57:06.361 [JavaFX Application Thread] DEBUG AppStateMachine      - StartupState -> StartupState
19:57:06.366 [JavaFX Application Thread] INFO  GameApplication      - Game configuration took:  0.535 sec
19:57:06.369 [JavaFX Application Thread] DEBUG AssetLoader          - Loading from disk: /assets/textures/fxgl_icon.png
19:57:06.389 [JavaFX Application Thread] DEBUG MainWindow           - Opening main window
19:57:06.476 [JavaFX Application Thread] DEBUG MainWindow           - Window border size: (0.0, 0.0)
19:57:06.476 [JavaFX Application Thread] DEBUG MainWindow           - Scaled size: 400.0 x 600.0
19:57:06.476 [JavaFX Application Thread] DEBUG MainWindow           - Scaled ratio: (1.0, 1.0)
19:57:06.477 [JavaFX Application Thread] DEBUG MainWindow           - Scene size: 400.0 x 600.0
19:57:06.477 [JavaFX Application Thread] DEBUG MainWindow           - Stage size: 400.0 x 600.0
19:57:06.477 [JavaFX Application Thread] DEBUG GameApplication      - Running preInit()
19:57:06.480 [JavaFX Application Thread] DEBUG Input                - Registered new binding: Screenshot - P
19:57:06.480 [JavaFX Application Thread] DEBUG Input                - Registered new binding: Dev Options - CTRL+0
19:57:06.481 [JavaFX Application Thread] DEBUG Input                - Registered new binding: System info dump - CTRL+9
19:57:06.482 [JavaFX Application Thread] DEBUG Input                - Registered new binding: Restart - CTRL+R
19:57:06.533 [JavaFX Application Thread] DEBUG GameApplication      - Starting main loop
19:57:06.545 [JavaFX Application Thread] DEBUG StartupState         - STARTUP
19:57:06.545 [JavaFX Application Thread] DEBUG GameApplication      - Starting new game
19:57:06.545 [JavaFX Application Thread] DEBUG Input                - Clearing active input actions
19:57:06.555 [JavaFX Application Thread] DEBUG AppStateMachine      - StartupState -> LoadingState
19:57:06.563 [FXGL Background Thread 1 ] DEBUG InitAppTask          - Clearing previous game
19:57:06.563 [FXGL Background Thread 1 ] DEBUG GameWorld            - Clearing game world
19:57:06.563 [FXGL Background Thread 1 ] DEBUG PhysicsWorld         - Clearing physics world
19:57:06.564 [FXGL Background Thread 1 ] DEBUG GameScene            - Clearing game scene
19:57:06.569 [FXGL Background Thread 1 ] DEBUG InitAppTask          - Initializing Game
19:57:06.686 [FXGL Background Thread 1 ] DEBUG GameScene            - Creating render group for layer: DEFAULT(100000)
19:57:06.692 [FXGL Background Thread 1 ] DEBUG InitAppTask          - Initializing Physics
19:57:06.692 [FXGL Background Thread 1 ] DEBUG InitAppTask          - Initializing UI
19:57:06.692 [FXGL Background Thread 1 ] DEBUG InitAppTask          - Initialization Complete
19:57:06.693 [FXGL Background Thread 1 ] INFO  InitAppTask          - Game initialization took: 0.130 sec
19:57:06.706 [JavaFX Application Thread] DEBUG Input                - Clearing active input actions
19:57:06.726 [JavaFX Application Thread] DEBUG AppStateMachine      - LoadingState -> PlayState
19:57:21.616 [JavaFX Application Thread] DEBUG GameApplication      - Exiting game application
19:57:21.620 [JavaFX Application Thread] DEBUG GameApplication      - Shutting down background threads
19:57:21.620 [JavaFX Application Thread] DEBUG GameApplication      - Exiting FXGL
19:57:21.620 [JavaFX Application Thread] DEBUG FXGL                 - Saving FXGL system data
19:57:21.623 [JavaFX Application Thread] DEBUG DesktopFSService     - Writing to: system/fxgl.bundle
19:57:21.628 [JavaFX Application Thread] DEBUG GameApplication      - Closing logger and exiting JavaFX
