02:50:04.941 [JavaFX Application Thread] DEBUG GameApplication      - Logger initialized
02:50:04.947 [JavaFX Application Thread] DEBUG MainWindow           - Creating a JavaFX scene
02:50:05.011 [JavaFX Application Thread] DEBUG MainWindow           - Target settings size: 400.0 x 600.0
02:50:05.011 [JavaFX Application Thread] DEBUG MainWindow           - Scaled scene size:    400.0 x 600.0
02:50:05.011 [JavaFX Application Thread] DEBUG MainWindow           - Scaled ratio: (1.0, 1.0)
02:50:05.015 [JavaFX Application Thread] DEBUG GameApplication      - Starting FXGL
02:50:05.018 [JavaFX Application Thread] INFO  FXGL                 - FXGL-0.5.3 on DESKTOP
02:50:05.018 [JavaFX Application Thread] INFO  FXGL                 - Source code and latest versions at: https://github.com/AlmasB/FXGL
02:50:05.018 [JavaFX Application Thread] INFO  FXGL                 -              Join the FXGL chat at: https://gitter.im/AlmasB/FXGL
02:50:05.024 [JavaFX Application Thread] DEBUG FS                   - Loaded DesktopFSService
02:50:05.024 [JavaFX Application Thread] DEBUG FXGL                 - Loading FXGL system data
02:50:05.031 [JavaFX Application Thread] DEBUG DesktopFSService     - Reading from: system\fxgl.bundle
02:50:05.042 [JavaFX Application Thread] DEBUG Bundle               - Logging bundle: FXGL
02:50:05.043 [JavaFX Application Thread] DEBUG Bundle               - FXGL.offline.timer.version.check=2018-08-18T15:14:28.733
02:50:05.065 [JavaFX Application Thread] DEBUG GameApplication      - FXGL started
02:50:05.066 [JavaFX Application Thread] DEBUG GameApplication      - Logging game settings
Title: Pinball
Version: 0.1
Width: 400
Height: 600
Fullscreen: false
Intro: false
Menus: false
Profiling: true
Single step:false
App Mode: DEBUG
Menu Key: ESCAPE
Stage Style: DECORATED
Scene Factory: class com.almasb.fxgl.scene.SceneFactory
Dialog Factory: class com.almasb.fxgl.ui.FXGLDialogFactory
UI Factory: class com.almasb.fxgl.ui.FXGLUIFactory
Notification Service: class com.almasb.fxgl.gameplay.notification.XboxNotificationView
Exception Handler: class com.almasb.fxgl.app.FXGLExceptionHandler
02:50:05.066 [JavaFX Application Thread] DEBUG GameApplication      - Configuring GameApplication
02:50:05.066 [JavaFX Application Thread] DEBUG GameApplication      - Initializing state machine and application states
02:50:05.083 [JavaFX Application Thread] DEBUG AssetLoader          - Loading from disk: /assets/ui/cursors/fxgl_default.png
02:50:05.099 [JavaFX Application Thread] DEBUG AssetLoader          - Loading from disk: /assets/ui/cursors/fxgl_default.png
02:50:05.115 [JavaFX Application Thread] DEBUG FXGLAssets           - Loading FXGLAssets
02:50:05.135 [JavaFX Application Thread] DEBUG AssetLoader          - Loading from disk: /assets/ui/fonts/VarelaRound-Regular.ttf
02:50:05.222 [JavaFX Application Thread] DEBUG AssetLoader          - Loading from disk: /assets/ui/fonts/lucida_console.ttf
02:50:05.232 [JavaFX Application Thread] DEBUG AssetLoader          - Loading from disk: /assets/ui/fonts/Courier-Prime.ttf
02:50:05.239 [JavaFX Application Thread] DEBUG AssetLoader          - Loading from disk: /assets/ui/fonts/Abel-Regular.ttf
02:50:05.248 [JavaFX Application Thread] DEBUG AssetLoader          - Loading from disk: /assets/ui/css/fxgl_dark.css
02:50:05.273 [JavaFX Application Thread] DEBUG AssetLoader          - Loading from disk: /assets/ui/cursors/fxgl_default.png
02:50:05.303 [JavaFX Application Thread] DEBUG AssetLoader          - Loading from disk: /assets/ui/cursors/fxgl_default.png
02:50:05.322 [JavaFX Application Thread] DEBUG GameScene            - Game scene initialized: 400x600
02:50:05.326 [JavaFX Application Thread] DEBUG GameWorld            - Game world initialized
02:50:05.362 [JavaFX Application Thread] DEBUG PhysicsWorld         - Physics world initialized: appHeight=600, physics.ppm=50.0
02:50:05.376 [JavaFX Application Thread] DEBUG Input                - Registered new binding: Pause - Esc
02:50:05.389 [JavaFX Application Thread] DEBUG Input                - Clearing active input actions
02:50:05.427 [JavaFX Application Thread] DEBUG AppStateMachine      - StartupState -> StartupState
02:50:05.433 [JavaFX Application Thread] INFO  GameApplication      - Game configuration took:  0.367 sec
02:50:05.435 [JavaFX Application Thread] DEBUG AssetLoader          - Loading from disk: /assets/textures/fxgl_icon.png
02:50:05.443 [JavaFX Application Thread] DEBUG MainWindow           - Opening main window
02:50:05.564 [JavaFX Application Thread] DEBUG MainWindow           - Window border size: (6.0, 29.0)
02:50:05.564 [JavaFX Application Thread] DEBUG MainWindow           - Scaled size: 400.0 x 600.0
02:50:05.564 [JavaFX Application Thread] DEBUG MainWindow           - Scaled ratio: (1.0, 1.0)
02:50:05.564 [JavaFX Application Thread] DEBUG MainWindow           - Scene size: 400.0 x 600.0
02:50:05.564 [JavaFX Application Thread] DEBUG MainWindow           - Stage size: 406.0 x 629.0
02:50:05.564 [JavaFX Application Thread] DEBUG GameApplication      - Running preInit()
02:50:05.566 [JavaFX Application Thread] DEBUG Input                - Registered new binding: Screenshot - P
02:50:05.566 [JavaFX Application Thread] DEBUG Input                - Registered new binding: Dev Options - CTRL+0
02:50:05.567 [JavaFX Application Thread] DEBUG Input                - Registered new binding: System info dump - CTRL+9
02:50:05.567 [JavaFX Application Thread] DEBUG Input                - Registered new binding: Restart - CTRL+R
02:50:05.567 [JavaFX Application Thread] DEBUG Input                - Registered new binding: Release Ball - Space
02:50:05.567 [JavaFX Application Thread] DEBUG Input                - Registered new binding: LeftFlipper movement - Left
02:50:05.567 [JavaFX Application Thread] DEBUG Input                - Registered new binding: RightFlipper movement - Right
02:50:05.587 [JavaFX Application Thread] DEBUG GameApplication      - Starting main loop
02:50:05.588 [JavaFX Application Thread] DEBUG StartupState         - STARTUP
02:50:05.588 [JavaFX Application Thread] DEBUG GameApplication      - Starting new game
02:50:05.588 [JavaFX Application Thread] DEBUG Input                - Clearing active input actions
02:50:05.593 [JavaFX Application Thread] DEBUG AppStateMachine      - StartupState -> LoadingState
02:50:05.597 [FXGL Background Thread 1 ] DEBUG InitAppTask          - Clearing previous game
02:50:05.597 [FXGL Background Thread 1 ] DEBUG GameWorld            - Clearing game world
02:50:05.597 [FXGL Background Thread 1 ] DEBUG PhysicsWorld         - Clearing physics world
02:50:05.597 [FXGL Background Thread 1 ] DEBUG GameScene            - Clearing game scene
02:50:05.598 [FXGL Background Thread 1 ] DEBUG InitAppTask          - Initializing Game
02:50:05.667 [FXGL Background Thread 1 ] DEBUG GameScene            - Creating render group for layer: DEFAULT(100000)
02:50:05.669 [FXGL Background Thread 1 ] DEBUG AssetLoader          - Loading from disk: /assets/textures/piñi.jpg
02:50:05.680 [FXGL Background Thread 1 ] DEBUG InitAppTask          - Initializing Physics
02:50:05.681 [FXGL Background Thread 1 ] DEBUG InitAppTask          - Initializing UI
02:50:05.681 [FXGL Background Thread 1 ] DEBUG InitAppTask          - Initialization Complete
02:50:05.681 [FXGL Background Thread 1 ] INFO  InitAppTask          - Game initialization took: 0.084 sec
02:50:05.692 [JavaFX Application Thread] DEBUG Input                - Clearing active input actions
02:50:05.696 [JavaFX Application Thread] DEBUG AppStateMachine      - LoadingState -> PlayState
02:50:11.770 [JavaFX Application Thread] DEBUG GameApplication      - Exiting game application
02:50:11.771 [JavaFX Application Thread] DEBUG GameApplication      - Shutting down background threads
02:50:11.771 [JavaFX Application Thread] INFO  Profiler             - Processed Frames: 427
02:50:11.771 [JavaFX Application Thread] INFO  Profiler             - Average FPS: 59
02:50:11.771 [JavaFX Application Thread] INFO  Profiler             - Avg Frame Took: 0.13 ms
02:50:11.771 [JavaFX Application Thread] INFO  Profiler             - Avg Memory Usage: 20 MB
02:50:11.772 [JavaFX Application Thread] INFO  Profiler             - Min Memory Usage: 8 MB
02:50:11.772 [JavaFX Application Thread] INFO  Profiler             - Max Memory Usage: 22 MB
02:50:11.772 [JavaFX Application Thread] INFO  Profiler             - Estimated GC runs: 0
02:50:11.772 [JavaFX Application Thread] DEBUG GameApplication      - Exiting FXGL
02:50:11.772 [JavaFX Application Thread] DEBUG FXGL                 - Saving FXGL system data
02:50:11.773 [JavaFX Application Thread] DEBUG DesktopFSService     - Writing to: system\fxgl.bundle
02:50:11.777 [JavaFX Application Thread] DEBUG GameApplication      - Closing logger and exiting JavaFX
