17:40:08.535 [JavaFX Application Thread] DEBUG GameApplication      - Logger initialized
17:40:08.541 [JavaFX Application Thread] DEBUG MainWindow           - Creating a JavaFX scene
17:40:08.606 [JavaFX Application Thread] DEBUG MainWindow           - Target settings size: 400.0 x 600.0
17:40:08.606 [JavaFX Application Thread] DEBUG MainWindow           - Scaled scene size:    400.0 x 600.0
17:40:08.606 [JavaFX Application Thread] DEBUG MainWindow           - Scaled ratio: (1.0, 1.0)
17:40:08.610 [JavaFX Application Thread] DEBUG GameApplication      - Starting FXGL
17:40:08.613 [JavaFX Application Thread] INFO  FXGL                 - FXGL-0.5.3 on DESKTOP
17:40:08.613 [JavaFX Application Thread] INFO  FXGL                 - Source code and latest versions at: https://github.com/AlmasB/FXGL
17:40:08.613 [JavaFX Application Thread] INFO  FXGL                 -              Join the FXGL chat at: https://gitter.im/AlmasB/FXGL
17:40:08.618 [JavaFX Application Thread] DEBUG FS                   - Loaded DesktopFSService
17:40:08.619 [JavaFX Application Thread] DEBUG FXGL                 - Loading FXGL system data
17:40:08.626 [JavaFX Application Thread] DEBUG DesktopFSService     - Reading from: system\fxgl.bundle
17:40:08.636 [JavaFX Application Thread] DEBUG Bundle               - Logging bundle: FXGL
17:40:08.637 [JavaFX Application Thread] DEBUG Bundle               - FXGL.offline.timer.version.check=2018-08-18T15:14:28.733
17:40:08.659 [JavaFX Application Thread] DEBUG GameApplication      - FXGL started
17:40:08.659 [JavaFX Application Thread] DEBUG GameApplication      - Logging game settings
Title: Pinball
Version: 0.1
Width: 400
Height: 600
Fullscreen: false
Intro: false
Menus: false
Profiling: true
Single step:false
App Mode: DEBUG
Menu Key: ESCAPE
Stage Style: DECORATED
Scene Factory: class com.almasb.fxgl.scene.SceneFactory
Dialog Factory: class com.almasb.fxgl.ui.FXGLDialogFactory
UI Factory: class com.almasb.fxgl.ui.FXGLUIFactory
Notification Service: class com.almasb.fxgl.gameplay.notification.XboxNotificationView
Exception Handler: class com.almasb.fxgl.app.FXGLExceptionHandler
17:40:08.660 [JavaFX Application Thread] DEBUG GameApplication      - Configuring GameApplication
17:40:08.660 [JavaFX Application Thread] DEBUG GameApplication      - Initializing state machine and application states
17:40:08.677 [JavaFX Application Thread] DEBUG AssetLoader          - Loading from disk: /assets/ui/cursors/fxgl_default.png
17:40:08.692 [JavaFX Application Thread] DEBUG AssetLoader          - Loading from disk: /assets/ui/cursors/fxgl_default.png
17:40:08.708 [JavaFX Application Thread] DEBUG FXGLAssets           - Loading FXGLAssets
17:40:08.729 [JavaFX Application Thread] DEBUG AssetLoader          - Loading from disk: /assets/ui/fonts/VarelaRound-Regular.ttf
17:40:08.797 [JavaFX Application Thread] DEBUG AssetLoader          - Loading from disk: /assets/ui/fonts/lucida_console.ttf
17:40:08.808 [JavaFX Application Thread] DEBUG AssetLoader          - Loading from disk: /assets/ui/fonts/Courier-Prime.ttf
17:40:08.817 [JavaFX Application Thread] DEBUG AssetLoader          - Loading from disk: /assets/ui/fonts/Abel-Regular.ttf
17:40:08.825 [JavaFX Application Thread] DEBUG AssetLoader          - Loading from disk: /assets/ui/css/fxgl_dark.css
17:40:08.853 [JavaFX Application Thread] DEBUG AssetLoader          - Loading from disk: /assets/ui/cursors/fxgl_default.png
17:40:08.893 [JavaFX Application Thread] DEBUG AssetLoader          - Loading from disk: /assets/ui/cursors/fxgl_default.png
17:40:08.910 [JavaFX Application Thread] DEBUG GameScene            - Game scene initialized: 400x600
17:40:08.913 [JavaFX Application Thread] DEBUG GameWorld            - Game world initialized
17:40:08.951 [JavaFX Application Thread] DEBUG PhysicsWorld         - Physics world initialized: appHeight=600, physics.ppm=50.0
17:40:08.967 [JavaFX Application Thread] DEBUG Input                - Registered new binding: Pause - Esc
17:40:08.981 [JavaFX Application Thread] DEBUG Input                - Clearing active input actions
17:40:09.021 [JavaFX Application Thread] DEBUG AppStateMachine      - StartupState -> StartupState
17:40:09.024 [JavaFX Application Thread] INFO  GameApplication      - Game configuration took:  0.364 sec
17:40:09.026 [JavaFX Application Thread] DEBUG AssetLoader          - Loading from disk: /assets/textures/fxgl_icon.png
17:40:09.035 [JavaFX Application Thread] DEBUG MainWindow           - Opening main window
17:40:09.156 [JavaFX Application Thread] DEBUG MainWindow           - Window border size: (6.0, 29.0)
17:40:09.156 [JavaFX Application Thread] DEBUG MainWindow           - Scaled size: 400.0 x 600.0
17:40:09.156 [JavaFX Application Thread] DEBUG MainWindow           - Scaled ratio: (1.0, 1.0)
17:40:09.156 [JavaFX Application Thread] DEBUG MainWindow           - Scene size: 400.0 x 600.0
17:40:09.156 [JavaFX Application Thread] DEBUG MainWindow           - Stage size: 406.0 x 629.0
17:40:09.156 [JavaFX Application Thread] DEBUG GameApplication      - Running preInit()
17:40:09.158 [JavaFX Application Thread] DEBUG Input                - Registered new binding: Screenshot - P
17:40:09.158 [JavaFX Application Thread] DEBUG Input                - Registered new binding: Dev Options - CTRL+0
17:40:09.159 [JavaFX Application Thread] DEBUG Input                - Registered new binding: System info dump - CTRL+9
17:40:09.159 [JavaFX Application Thread] DEBUG Input                - Registered new binding: Restart - CTRL+R
17:40:09.159 [JavaFX Application Thread] DEBUG Input                - Registered new binding: Release Ball - Space
17:40:09.159 [JavaFX Application Thread] DEBUG Input                - Registered new binding: LeftFlipper Movement - Left
17:40:09.159 [JavaFX Application Thread] DEBUG Input                - Registered new binding: RightFlipper Movement - Right
17:40:09.160 [JavaFX Application Thread] DEBUG Input                - Registered new binding: New Table - N
17:40:09.179 [JavaFX Application Thread] DEBUG GameApplication      - Starting main loop
17:40:09.180 [JavaFX Application Thread] DEBUG StartupState         - STARTUP
17:40:09.180 [JavaFX Application Thread] DEBUG GameApplication      - Starting new game
17:40:09.180 [JavaFX Application Thread] DEBUG Input                - Clearing active input actions
17:40:09.185 [JavaFX Application Thread] DEBUG AppStateMachine      - StartupState -> LoadingState
17:40:09.189 [FXGL Background Thread 1 ] DEBUG InitAppTask          - Clearing previous game
17:40:09.189 [FXGL Background Thread 1 ] DEBUG GameWorld            - Clearing game world
17:40:09.189 [FXGL Background Thread 1 ] DEBUG PhysicsWorld         - Clearing physics world
17:40:09.189 [FXGL Background Thread 1 ] DEBUG GameScene            - Clearing game scene
17:40:09.190 [FXGL Background Thread 1 ] DEBUG InitAppTask          - Initializing Game
17:40:09.258 [FXGL Background Thread 1 ] DEBUG GameScene            - Creating render group for layer: DEFAULT(100000)
17:40:09.260 [FXGL Background Thread 1 ] DEBUG AssetLoader          - Loading from disk: /assets/textures/piñi.jpg
17:40:09.275 [FXGL Background Thread 1 ] DEBUG InitAppTask          - Initializing Physics
17:40:09.276 [FXGL Background Thread 1 ] DEBUG InitAppTask          - Initializing UI
17:40:09.276 [FXGL Background Thread 1 ] DEBUG InitAppTask          - Initialization Complete
17:40:09.276 [FXGL Background Thread 1 ] INFO  InitAppTask          - Game initialization took: 0.087 sec
17:40:09.285 [JavaFX Application Thread] DEBUG Input                - Clearing active input actions
17:40:09.290 [JavaFX Application Thread] DEBUG AppStateMachine      - LoadingState -> PlayState
17:40:10.808 [JavaFX Application Thread] DEBUG AssetLoader          - Loading from disk: /assets/textures/wheel.png
17:40:12.750 [JavaFX Application Thread] DEBUG GameApplication      - Exiting game application
17:40:12.751 [JavaFX Application Thread] DEBUG GameApplication      - Shutting down background threads
17:40:12.751 [JavaFX Application Thread] INFO  Profiler             - Processed Frames: 236
17:40:12.751 [JavaFX Application Thread] INFO  Profiler             - Average FPS: 59
17:40:12.752 [JavaFX Application Thread] INFO  Profiler             - Avg Frame Took: 0.21 ms
17:40:12.752 [JavaFX Application Thread] INFO  Profiler             - Avg Memory Usage: 26 MB
17:40:12.752 [JavaFX Application Thread] INFO  Profiler             - Min Memory Usage: 8 MB
17:40:12.752 [JavaFX Application Thread] INFO  Profiler             - Max Memory Usage: 36 MB
17:40:12.752 [JavaFX Application Thread] INFO  Profiler             - Estimated GC runs: 0
17:40:12.752 [JavaFX Application Thread] DEBUG GameApplication      - Exiting FXGL
17:40:12.752 [JavaFX Application Thread] DEBUG FXGL                 - Saving FXGL system data
17:40:12.754 [JavaFX Application Thread] DEBUG DesktopFSService     - Writing to: system\fxgl.bundle
17:40:12.759 [JavaFX Application Thread] DEBUG GameApplication      - Closing logger and exiting JavaFX
