19:57:42.173 [JavaFX Application Thread] DEBUG GameApplication      - Logger initialized
19:57:42.182 [JavaFX Application Thread] DEBUG MainWindow           - Creating a JavaFX scene
19:57:42.353 [JavaFX Application Thread] DEBUG MainWindow           - Target settings size: 400.0 x 600.0
19:57:42.354 [JavaFX Application Thread] DEBUG MainWindow           - Scaled scene size:    400.0 x 600.0
19:57:42.354 [JavaFX Application Thread] DEBUG MainWindow           - Scaled ratio: (1.0, 1.0)
19:57:42.361 [JavaFX Application Thread] DEBUG GameApplication      - Starting FXGL
19:57:42.366 [JavaFX Application Thread] INFO  FXGL                 - FXGL-0.5.3 on DESKTOP
19:57:42.367 [JavaFX Application Thread] INFO  FXGL                 - Source code and latest versions at: https://github.com/AlmasB/FXGL
19:57:42.367 [JavaFX Application Thread] INFO  FXGL                 -              Join the FXGL chat at: https://gitter.im/AlmasB/FXGL
19:57:42.377 [JavaFX Application Thread] DEBUG FS                   - Loaded DesktopFSService
19:57:42.377 [JavaFX Application Thread] DEBUG FXGL                 - Loading FXGL system data
19:57:42.388 [JavaFX Application Thread] DEBUG DesktopFSService     - Reading from: system/fxgl.bundle
19:57:42.412 [JavaFX Application Thread] DEBUG Bundle               - Logging bundle: FXGL
19:57:42.413 [JavaFX Application Thread] DEBUG Bundle               - FXGL.offline.timer.version.check=2018-07-24T21:09:25.379
19:57:42.449 [JavaFX Application Thread] DEBUG GameApplication      - FXGL started
19:57:42.449 [JavaFX Application Thread] DEBUG GameApplication      - Logging game settings
Title: Pinball
Version: 0.1
Width: 400
Height: 600
Fullscreen: false
Intro: false
Menus: false
Profiling: false
Single step:false
App Mode: DEVELOPER
Menu Key: ESCAPE
Stage Style: DECORATED
Scene Factory: class com.almasb.fxgl.scene.SceneFactory
Dialog Factory: class com.almasb.fxgl.ui.FXGLDialogFactory
UI Factory: class com.almasb.fxgl.ui.FXGLUIFactory
Notification Service: class com.almasb.fxgl.gameplay.notification.XboxNotificationView
Exception Handler: class com.almasb.fxgl.app.FXGLExceptionHandler
19:57:42.450 [JavaFX Application Thread] DEBUG GameApplication      - Configuring GameApplication
19:57:42.450 [JavaFX Application Thread] DEBUG GameApplication      - Initializing state machine and application states
19:57:42.471 [JavaFX Application Thread] DEBUG AssetLoader          - Loading from disk: /assets/ui/cursors/fxgl_default.png
19:57:42.505 [JavaFX Application Thread] DEBUG AssetLoader          - Loading from disk: /assets/ui/cursors/fxgl_default.png
19:57:42.555 [JavaFX Application Thread] DEBUG FXGLAssets           - Loading FXGLAssets
19:57:42.615 [JavaFX Application Thread] DEBUG AssetLoader          - Loading from disk: /assets/ui/fonts/VarelaRound-Regular.ttf
19:57:42.649 [JavaFX Application Thread] DEBUG AssetLoader          - Loading from disk: /assets/ui/fonts/lucida_console.ttf
19:57:42.653 [JavaFX Application Thread] DEBUG AssetLoader          - Loading from disk: /assets/ui/fonts/Courier-Prime.ttf
19:57:42.656 [JavaFX Application Thread] DEBUG AssetLoader          - Loading from disk: /assets/ui/fonts/Abel-Regular.ttf
19:57:42.659 [JavaFX Application Thread] DEBUG AssetLoader          - Loading from disk: /assets/ui/css/fxgl_dark.css
19:57:42.707 [JavaFX Application Thread] DEBUG AssetLoader          - Loading from disk: /assets/ui/cursors/fxgl_default.png
19:57:42.812 [JavaFX Application Thread] DEBUG AssetLoader          - Loading from disk: /assets/ui/cursors/fxgl_default.png
19:57:42.839 [JavaFX Application Thread] DEBUG GameScene            - Game scene initialized: 400x600
19:57:42.843 [JavaFX Application Thread] DEBUG GameWorld            - Game world initialized
19:57:42.904 [JavaFX Application Thread] DEBUG PhysicsWorld         - Physics world initialized: appHeight=600, physics.ppm=50.0
19:57:42.925 [JavaFX Application Thread] DEBUG Input                - Registered new binding: Pause - Esc
19:57:42.946 [JavaFX Application Thread] DEBUG Input                - Clearing active input actions
19:57:43.046 [JavaFX Application Thread] DEBUG AppStateMachine      - StartupState -> StartupState
19:57:43.054 [JavaFX Application Thread] INFO  GameApplication      - Game configuration took:  0.604 sec
19:57:43.062 [JavaFX Application Thread] DEBUG AssetLoader          - Loading from disk: /assets/textures/fxgl_icon.png
19:57:43.083 [JavaFX Application Thread] DEBUG MainWindow           - Opening main window
19:57:43.212 [JavaFX Application Thread] DEBUG MainWindow           - Window border size: (0.0, 0.0)
19:57:43.212 [JavaFX Application Thread] DEBUG MainWindow           - Scaled size: 400.0 x 600.0
19:57:43.212 [JavaFX Application Thread] DEBUG MainWindow           - Scaled ratio: (1.0, 1.0)
19:57:43.212 [JavaFX Application Thread] DEBUG MainWindow           - Scene size: 400.0 x 600.0
19:57:43.212 [JavaFX Application Thread] DEBUG MainWindow           - Stage size: 400.0 x 600.0
19:57:43.213 [JavaFX Application Thread] DEBUG GameApplication      - Running preInit()
19:57:43.215 [JavaFX Application Thread] DEBUG Input                - Registered new binding: Screenshot - P
19:57:43.216 [JavaFX Application Thread] DEBUG Input                - Registered new binding: Dev Options - CTRL+0
19:57:43.216 [JavaFX Application Thread] DEBUG Input                - Registered new binding: System info dump - CTRL+9
19:57:43.217 [JavaFX Application Thread] DEBUG Input                - Registered new binding: Restart - CTRL+R
19:57:43.256 [JavaFX Application Thread] DEBUG GameApplication      - Starting main loop
19:57:43.291 [JavaFX Application Thread] DEBUG StartupState         - STARTUP
19:57:43.291 [JavaFX Application Thread] DEBUG GameApplication      - Starting new game
19:57:43.291 [JavaFX Application Thread] DEBUG Input                - Clearing active input actions
19:57:43.302 [JavaFX Application Thread] DEBUG AppStateMachine      - StartupState -> LoadingState
19:57:43.308 [FXGL Background Thread 1 ] DEBUG InitAppTask          - Clearing previous game
19:57:43.308 [FXGL Background Thread 1 ] DEBUG GameWorld            - Clearing game world
19:57:43.309 [FXGL Background Thread 1 ] DEBUG PhysicsWorld         - Clearing physics world
19:57:43.309 [FXGL Background Thread 1 ] DEBUG GameScene            - Clearing game scene
19:57:43.310 [FXGL Background Thread 1 ] DEBUG InitAppTask          - Initializing Game
19:57:43.434 [FXGL Background Thread 1 ] DEBUG GameScene            - Creating render group for layer: DEFAULT(100000)
19:57:43.441 [FXGL Background Thread 1 ] DEBUG InitAppTask          - Initializing Physics
19:57:43.442 [FXGL Background Thread 1 ] DEBUG InitAppTask          - Initializing UI
19:57:43.442 [FXGL Background Thread 1 ] DEBUG InitAppTask          - Initialization Complete
19:57:43.442 [FXGL Background Thread 1 ] INFO  InitAppTask          - Game initialization took: 0.134 sec
19:57:43.459 [JavaFX Application Thread] DEBUG Input                - Clearing active input actions
19:57:43.468 [JavaFX Application Thread] DEBUG AppStateMachine      - LoadingState -> PlayState
19:57:48.469 [JavaFX Application Thread] DEBUG GameApplication      - Exiting game application
19:57:48.471 [JavaFX Application Thread] DEBUG GameApplication      - Shutting down background threads
19:57:48.472 [JavaFX Application Thread] DEBUG GameApplication      - Exiting FXGL
19:57:48.472 [JavaFX Application Thread] DEBUG FXGL                 - Saving FXGL system data
19:57:48.476 [JavaFX Application Thread] DEBUG DesktopFSService     - Writing to: system/fxgl.bundle
19:57:48.480 [JavaFX Application Thread] DEBUG GameApplication      - Closing logger and exiting JavaFX
