20:22:11.340 [JavaFX Application Thread] DEBUG GameApplication      - Logger initialized
20:22:11.348 [JavaFX Application Thread] DEBUG MainWindow           - Creating a JavaFX scene
20:22:11.511 [JavaFX Application Thread] DEBUG MainWindow           - Target settings size: 400.0 x 600.0
20:22:11.511 [JavaFX Application Thread] DEBUG MainWindow           - Scaled scene size:    400.0 x 600.0
20:22:11.511 [JavaFX Application Thread] DEBUG MainWindow           - Scaled ratio: (1.0, 1.0)
20:22:11.519 [JavaFX Application Thread] DEBUG GameApplication      - Starting FXGL
20:22:11.524 [JavaFX Application Thread] INFO  FXGL                 - FXGL-0.5.3 on DESKTOP
20:22:11.525 [JavaFX Application Thread] INFO  FXGL                 - Source code and latest versions at: https://github.com/AlmasB/FXGL
20:22:11.525 [JavaFX Application Thread] INFO  FXGL                 -              Join the FXGL chat at: https://gitter.im/AlmasB/FXGL
20:22:11.537 [JavaFX Application Thread] DEBUG FS                   - Loaded DesktopFSService
20:22:11.537 [JavaFX Application Thread] DEBUG FXGL                 - Loading FXGL system data
20:22:11.558 [JavaFX Application Thread] DEBUG DesktopFSService     - Reading from: system/fxgl.bundle
20:22:11.570 [JavaFX Application Thread] DEBUG Bundle               - Logging bundle: FXGL
20:22:11.573 [JavaFX Application Thread] DEBUG Bundle               - FXGL.offline.timer.version.check=2018-07-24T21:09:25.379
20:22:11.607 [JavaFX Application Thread] DEBUG GameApplication      - FXGL started
20:22:11.608 [JavaFX Application Thread] DEBUG GameApplication      - Logging game settings
Title: Pinball
Version: 0.1
Width: 400
Height: 600
Fullscreen: false
Intro: false
Menus: false
Profiling: false
Single step:false
App Mode: DEVELOPER
Menu Key: ESCAPE
Stage Style: DECORATED
Scene Factory: class com.almasb.fxgl.scene.SceneFactory
Dialog Factory: class com.almasb.fxgl.ui.FXGLDialogFactory
UI Factory: class com.almasb.fxgl.ui.FXGLUIFactory
Notification Service: class com.almasb.fxgl.gameplay.notification.XboxNotificationView
Exception Handler: class com.almasb.fxgl.app.FXGLExceptionHandler
20:22:11.609 [JavaFX Application Thread] DEBUG GameApplication      - Configuring GameApplication
20:22:11.609 [JavaFX Application Thread] DEBUG GameApplication      - Initializing state machine and application states
20:22:11.634 [JavaFX Application Thread] DEBUG AssetLoader          - Loading from disk: /assets/ui/cursors/fxgl_default.png
20:22:11.668 [JavaFX Application Thread] DEBUG AssetLoader          - Loading from disk: /assets/ui/cursors/fxgl_default.png
20:22:11.716 [JavaFX Application Thread] DEBUG FXGLAssets           - Loading FXGLAssets
20:22:11.779 [JavaFX Application Thread] DEBUG AssetLoader          - Loading from disk: /assets/ui/fonts/VarelaRound-Regular.ttf
20:22:11.799 [JavaFX Application Thread] DEBUG AssetLoader          - Loading from disk: /assets/ui/fonts/lucida_console.ttf
20:22:11.803 [JavaFX Application Thread] DEBUG AssetLoader          - Loading from disk: /assets/ui/fonts/Courier-Prime.ttf
20:22:11.807 [JavaFX Application Thread] DEBUG AssetLoader          - Loading from disk: /assets/ui/fonts/Abel-Regular.ttf
20:22:11.810 [JavaFX Application Thread] DEBUG AssetLoader          - Loading from disk: /assets/ui/css/fxgl_dark.css
20:22:11.860 [JavaFX Application Thread] DEBUG AssetLoader          - Loading from disk: /assets/ui/cursors/fxgl_default.png
20:22:11.936 [JavaFX Application Thread] DEBUG AssetLoader          - Loading from disk: /assets/ui/cursors/fxgl_default.png
20:22:11.975 [JavaFX Application Thread] DEBUG GameScene            - Game scene initialized: 400x600
20:22:11.992 [JavaFX Application Thread] DEBUG GameWorld            - Game world initialized
20:22:12.061 [JavaFX Application Thread] DEBUG PhysicsWorld         - Physics world initialized: appHeight=600, physics.ppm=50.0
20:22:12.085 [JavaFX Application Thread] DEBUG Input                - Registered new binding: Pause - Esc
20:22:12.104 [JavaFX Application Thread] DEBUG Input                - Clearing active input actions
20:22:12.210 [JavaFX Application Thread] DEBUG AppStateMachine      - StartupState -> StartupState
20:22:12.217 [JavaFX Application Thread] INFO  GameApplication      - Game configuration took:  0.608 sec
20:22:12.219 [JavaFX Application Thread] DEBUG AssetLoader          - Loading from disk: /assets/textures/fxgl_icon.png
20:22:12.250 [JavaFX Application Thread] DEBUG MainWindow           - Opening main window
20:22:12.356 [JavaFX Application Thread] DEBUG MainWindow           - Window border size: (0.0, 0.0)
20:22:12.356 [JavaFX Application Thread] DEBUG MainWindow           - Scaled size: 400.0 x 600.0
20:22:12.356 [JavaFX Application Thread] DEBUG MainWindow           - Scaled ratio: (1.0, 1.0)
20:22:12.356 [JavaFX Application Thread] DEBUG MainWindow           - Scene size: 400.0 x 600.0
20:22:12.357 [JavaFX Application Thread] DEBUG MainWindow           - Stage size: 400.0 x 600.0
20:22:12.357 [JavaFX Application Thread] DEBUG GameApplication      - Running preInit()
20:22:12.359 [JavaFX Application Thread] DEBUG Input                - Registered new binding: Screenshot - P
20:22:12.359 [JavaFX Application Thread] DEBUG Input                - Registered new binding: Dev Options - CTRL+0
20:22:12.360 [JavaFX Application Thread] DEBUG Input                - Registered new binding: System info dump - CTRL+9
20:22:12.360 [JavaFX Application Thread] DEBUG Input                - Registered new binding: Restart - CTRL+R
20:22:12.361 [JavaFX Application Thread] DEBUG Input                - Registered new binding: Release Ball   - Space
20:22:12.402 [JavaFX Application Thread] DEBUG GameApplication      - Starting main loop
20:22:12.411 [JavaFX Application Thread] DEBUG StartupState         - STARTUP
20:22:12.411 [JavaFX Application Thread] DEBUG GameApplication      - Starting new game
20:22:12.412 [JavaFX Application Thread] DEBUG Input                - Clearing active input actions
20:22:12.419 [JavaFX Application Thread] DEBUG AppStateMachine      - StartupState -> LoadingState
20:22:12.427 [FXGL Background Thread 1 ] DEBUG InitAppTask          - Clearing previous game
20:22:12.428 [FXGL Background Thread 1 ] DEBUG GameWorld            - Clearing game world
20:22:12.429 [FXGL Background Thread 1 ] DEBUG PhysicsWorld         - Clearing physics world
20:22:12.429 [FXGL Background Thread 1 ] DEBUG GameScene            - Clearing game scene
20:22:12.431 [FXGL Background Thread 1 ] DEBUG InitAppTask          - Initializing Game
20:22:12.568 [FXGL Background Thread 1 ] DEBUG GameScene            - Creating render group for layer: DEFAULT(100000)
20:22:12.575 [FXGL Background Thread 1 ] DEBUG InitAppTask          - Initializing Physics
20:22:12.576 [FXGL Background Thread 1 ] DEBUG InitAppTask          - Initializing UI
20:22:12.576 [FXGL Background Thread 1 ] DEBUG InitAppTask          - Initialization Complete
20:22:12.576 [FXGL Background Thread 1 ] INFO  InitAppTask          - Game initialization took: 0.149 sec
20:22:12.581 [JavaFX Application Thread] DEBUG Input                - Clearing active input actions
20:22:12.588 [JavaFX Application Thread] DEBUG AppStateMachine      - LoadingState -> PlayState
20:22:57.454 [JavaFX Application Thread] DEBUG GameApplication      - Exiting game application
20:22:57.455 [JavaFX Application Thread] DEBUG GameApplication      - Shutting down background threads
20:22:57.456 [JavaFX Application Thread] DEBUG GameApplication      - Exiting FXGL
20:22:57.456 [JavaFX Application Thread] DEBUG FXGL                 - Saving FXGL system data
20:22:57.458 [JavaFX Application Thread] DEBUG DesktopFSService     - Writing to: system/fxgl.bundle
20:22:57.462 [JavaFX Application Thread] DEBUG GameApplication      - Closing logger and exiting JavaFX
