15:05:14.648 [JavaFX Application Thread] DEBUG GameApplication      - Logger initialized
15:05:14.654 [JavaFX Application Thread] DEBUG MainWindow           - Creating a JavaFX scene
15:05:14.717 [JavaFX Application Thread] DEBUG MainWindow           - Target settings size: 400.0 x 600.0
15:05:14.717 [JavaFX Application Thread] DEBUG MainWindow           - Scaled scene size:    400.0 x 600.0
15:05:14.717 [JavaFX Application Thread] DEBUG MainWindow           - Scaled ratio: (1.0, 1.0)
15:05:14.722 [JavaFX Application Thread] DEBUG GameApplication      - Starting FXGL
15:05:14.725 [JavaFX Application Thread] INFO  FXGL                 - FXGL-0.5.3 on DESKTOP
15:05:14.725 [JavaFX Application Thread] INFO  FXGL                 - Source code and latest versions at: https://github.com/AlmasB/FXGL
15:05:14.725 [JavaFX Application Thread] INFO  FXGL                 -              Join the FXGL chat at: https://gitter.im/AlmasB/FXGL
15:05:14.730 [JavaFX Application Thread] DEBUG FS                   - Loaded DesktopFSService
15:05:14.730 [JavaFX Application Thread] DEBUG FXGL                 - Loading FXGL system data
15:05:14.737 [JavaFX Application Thread] DEBUG DesktopFSService     - Reading from: system\fxgl.bundle
15:05:14.746 [JavaFX Application Thread] DEBUG Bundle               - Logging bundle: FXGL
15:05:14.747 [JavaFX Application Thread] DEBUG Bundle               - FXGL.offline.timer.version.check=2018-08-18T15:14:28.733
15:05:14.767 [JavaFX Application Thread] DEBUG GameApplication      - FXGL started
15:05:14.767 [JavaFX Application Thread] DEBUG GameApplication      - Logging game settings
Title: Pinball
Version: 0.1
Width: 400
Height: 600
Fullscreen: false
Intro: false
Menus: false
Profiling: true
Single step:false
App Mode: DEBUG
Menu Key: ESCAPE
Stage Style: DECORATED
Scene Factory: class com.almasb.fxgl.scene.SceneFactory
Dialog Factory: class com.almasb.fxgl.ui.FXGLDialogFactory
UI Factory: class com.almasb.fxgl.ui.FXGLUIFactory
Notification Service: class com.almasb.fxgl.gameplay.notification.XboxNotificationView
Exception Handler: class com.almasb.fxgl.app.FXGLExceptionHandler
15:05:14.768 [JavaFX Application Thread] DEBUG GameApplication      - Configuring GameApplication
15:05:14.768 [JavaFX Application Thread] DEBUG GameApplication      - Initializing state machine and application states
15:05:14.782 [JavaFX Application Thread] DEBUG AssetLoader          - Loading from disk: /assets/ui/cursors/fxgl_default.png
15:05:14.797 [JavaFX Application Thread] DEBUG AssetLoader          - Loading from disk: /assets/ui/cursors/fxgl_default.png
15:05:14.813 [JavaFX Application Thread] DEBUG FXGLAssets           - Loading FXGLAssets
15:05:14.832 [JavaFX Application Thread] DEBUG AssetLoader          - Loading from disk: /assets/ui/fonts/VarelaRound-Regular.ttf
15:05:14.906 [JavaFX Application Thread] DEBUG AssetLoader          - Loading from disk: /assets/ui/fonts/lucida_console.ttf
15:05:14.914 [JavaFX Application Thread] DEBUG AssetLoader          - Loading from disk: /assets/ui/fonts/Courier-Prime.ttf
15:05:14.920 [JavaFX Application Thread] DEBUG AssetLoader          - Loading from disk: /assets/ui/fonts/Abel-Regular.ttf
15:05:14.928 [JavaFX Application Thread] DEBUG AssetLoader          - Loading from disk: /assets/ui/css/fxgl_dark.css
15:05:14.952 [JavaFX Application Thread] DEBUG AssetLoader          - Loading from disk: /assets/ui/cursors/fxgl_default.png
15:05:14.974 [JavaFX Application Thread] DEBUG AssetLoader          - Loading from disk: /assets/ui/cursors/fxgl_default.png
15:05:14.988 [JavaFX Application Thread] DEBUG GameScene            - Game scene initialized: 400x600
15:05:14.990 [JavaFX Application Thread] DEBUG GameWorld            - Game world initialized
15:05:15.026 [JavaFX Application Thread] DEBUG PhysicsWorld         - Physics world initialized: appHeight=600, physics.ppm=50.0
15:05:15.040 [JavaFX Application Thread] DEBUG Input                - Registered new binding: Pause - Esc
15:05:15.052 [JavaFX Application Thread] DEBUG Input                - Clearing active input actions
15:05:15.080 [JavaFX Application Thread] DEBUG AppStateMachine      - StartupState -> StartupState
15:05:15.082 [JavaFX Application Thread] INFO  GameApplication      - Game configuration took:  0.315 sec
15:05:15.083 [JavaFX Application Thread] DEBUG AssetLoader          - Loading from disk: /assets/textures/fxgl_icon.png
15:05:15.091 [JavaFX Application Thread] DEBUG MainWindow           - Opening main window
15:05:15.205 [JavaFX Application Thread] DEBUG MainWindow           - Window border size: (6.0, 29.0)
15:05:15.205 [JavaFX Application Thread] DEBUG MainWindow           - Scaled size: 400.0 x 600.0
15:05:15.205 [JavaFX Application Thread] DEBUG MainWindow           - Scaled ratio: (1.0, 1.0)
15:05:15.205 [JavaFX Application Thread] DEBUG MainWindow           - Scene size: 400.0 x 600.0
15:05:15.206 [JavaFX Application Thread] DEBUG MainWindow           - Stage size: 406.0 x 629.0
15:05:15.206 [JavaFX Application Thread] DEBUG GameApplication      - Running preInit()
15:05:15.208 [JavaFX Application Thread] DEBUG Input                - Registered new binding: Screenshot - P
15:05:15.208 [JavaFX Application Thread] DEBUG Input                - Registered new binding: Dev Options - CTRL+0
15:05:15.208 [JavaFX Application Thread] DEBUG Input                - Registered new binding: System info dump - CTRL+9
15:05:15.209 [JavaFX Application Thread] DEBUG Input                - Registered new binding: Restart - CTRL+R
15:05:15.209 [JavaFX Application Thread] DEBUG Input                - Registered new binding: Release Ball - Space
15:05:15.209 [JavaFX Application Thread] DEBUG Input                - Registered new binding: LeftFlipper Movement - Left
15:05:15.210 [JavaFX Application Thread] DEBUG Input                - Registered new binding: RightFlipper Movement - Right
15:05:15.210 [JavaFX Application Thread] DEBUG Input                - Registered new binding: New Table - N
15:05:15.233 [JavaFX Application Thread] DEBUG GameApplication      - Starting main loop
15:05:15.236 [JavaFX Application Thread] DEBUG StartupState         - STARTUP
15:05:15.237 [JavaFX Application Thread] DEBUG GameApplication      - Starting new game
15:05:15.237 [JavaFX Application Thread] DEBUG Input                - Clearing active input actions
15:05:15.242 [JavaFX Application Thread] DEBUG AppStateMachine      - StartupState -> LoadingState
15:05:15.247 [FXGL Background Thread 1 ] DEBUG InitAppTask          - Clearing previous game
15:05:15.247 [FXGL Background Thread 1 ] DEBUG GameWorld            - Clearing game world
15:05:15.247 [FXGL Background Thread 1 ] DEBUG PhysicsWorld         - Clearing physics world
15:05:15.247 [FXGL Background Thread 1 ] DEBUG GameScene            - Clearing game scene
15:05:15.248 [FXGL Background Thread 1 ] DEBUG InitAppTask          - Initializing Game
15:05:15.324 [FXGL Background Thread 1 ] DEBUG GameScene            - Creating render group for layer: DEFAULT(100000)
15:05:15.325 [FXGL Background Thread 1 ] DEBUG AssetLoader          - Loading from disk: /assets/textures/piñi.jpg
15:05:15.339 [FXGL Background Thread 1 ] DEBUG InitAppTask          - Initializing Physics
15:05:15.340 [FXGL Background Thread 1 ] DEBUG InitAppTask          - Initializing UI
15:05:15.340 [FXGL Background Thread 1 ] DEBUG InitAppTask          - Initialization Complete
15:05:15.340 [FXGL Background Thread 1 ] INFO  InitAppTask          - Game initialization took: 0.093 sec
15:05:15.353 [JavaFX Application Thread] DEBUG Input                - Clearing active input actions
15:05:15.358 [JavaFX Application Thread] DEBUG AppStateMachine      - LoadingState -> PlayState
15:05:16.286 [JavaFX Application Thread] DEBUG AssetLoader          - Loading from disk: /assets/textures/wheel.png
15:05:21.060 [JavaFX Application Thread] DEBUG AssetLoader          - Loading from cache: /assets/textures/wheel.png
15:05:21.061 [JavaFX Application Thread] DEBUG AssetLoader          - Loading from cache: /assets/sounds/fium.wav
15:05:27.113 [JavaFX Application Thread] DEBUG AssetLoader          - Loading from cache: /assets/sounds/haha.wav
15:05:29.691 [JavaFX Application Thread] DEBUG AssetLoader          - Loading from cache: /assets/textures/wheel.png
15:05:29.692 [JavaFX Application Thread] DEBUG AssetLoader          - Loading from cache: /assets/sounds/fium.wav
15:06:07.288 [JavaFX Application Thread] DEBUG AssetLoader          - Loading from cache: /assets/sounds/haha.wav
15:06:08.556 [JavaFX Application Thread] DEBUG GameApplication      - Exiting game application
15:06:08.557 [JavaFX Application Thread] DEBUG GameApplication      - Shutting down background threads
15:06:08.557 [JavaFX Application Thread] INFO  Profiler             - Processed Frames: 3237
15:06:08.557 [JavaFX Application Thread] INFO  Profiler             - Average FPS: 59
15:06:08.557 [JavaFX Application Thread] INFO  Profiler             - Avg Frame Took: 0.08 ms
15:06:08.557 [JavaFX Application Thread] INFO  Profiler             - Avg Memory Usage: 32 MB
15:06:08.557 [JavaFX Application Thread] INFO  Profiler             - Min Memory Usage: 8 MB
15:06:08.557 [JavaFX Application Thread] INFO  Profiler             - Max Memory Usage: 46 MB
15:06:08.557 [JavaFX Application Thread] INFO  Profiler             - Estimated GC runs: 1
15:06:08.557 [JavaFX Application Thread] DEBUG GameApplication      - Exiting FXGL
15:06:08.557 [JavaFX Application Thread] DEBUG FXGL                 - Saving FXGL system data
15:06:08.559 [JavaFX Application Thread] DEBUG DesktopFSService     - Writing to: system\fxgl.bundle
15:06:08.562 [JavaFX Application Thread] DEBUG GameApplication      - Closing logger and exiting JavaFX
