05:53:09.736 [JavaFX Application Thread] DEBUG GameApplication      - Logger initialized
05:53:09.762 [JavaFX Application Thread] DEBUG MainWindow           - Creating a JavaFX scene
05:53:09.910 [JavaFX Application Thread] DEBUG MainWindow           - Target settings size: 400.0 x 600.0
05:53:09.911 [JavaFX Application Thread] DEBUG MainWindow           - Scaled scene size:    400.0 x 600.0
05:53:09.911 [JavaFX Application Thread] DEBUG MainWindow           - Scaled ratio: (1.0, 1.0)
05:53:09.922 [JavaFX Application Thread] DEBUG GameApplication      - Starting FXGL
05:53:09.926 [JavaFX Application Thread] INFO  FXGL                 - FXGL-0.5.3 on DESKTOP
05:53:09.926 [JavaFX Application Thread] INFO  FXGL                 - Source code and latest versions at: https://github.com/AlmasB/FXGL
05:53:09.927 [JavaFX Application Thread] INFO  FXGL                 -              Join the FXGL chat at: https://gitter.im/AlmasB/FXGL
05:53:09.942 [JavaFX Application Thread] DEBUG FS                   - Loaded DesktopFSService
05:53:09.943 [JavaFX Application Thread] DEBUG FXGL                 - Loading FXGL system data
05:53:09.953 [JavaFX Application Thread] DEBUG DesktopFSService     - Reading from: system\fxgl.bundle
05:53:09.966 [JavaFX Application Thread] DEBUG Bundle               - Logging bundle: FXGL
05:53:09.967 [JavaFX Application Thread] DEBUG Bundle               - FXGL.offline.timer.version.check=2018-07-24T21:09:25.379
05:53:10.023 [JavaFX Application Thread] DEBUG GameApplication      - FXGL started
05:53:10.025 [JavaFX Application Thread] DEBUG GameApplication      - Logging game settings
Title: Pinball
Version: 0.1
Width: 400
Height: 600
Fullscreen: false
Intro: false
Menus: false
Profiling: true
Single step:false
App Mode: DEBUG
Menu Key: ESCAPE
Stage Style: DECORATED
Scene Factory: class com.almasb.fxgl.scene.SceneFactory
Dialog Factory: class com.almasb.fxgl.ui.FXGLDialogFactory
UI Factory: class com.almasb.fxgl.ui.FXGLUIFactory
Notification Service: class com.almasb.fxgl.gameplay.notification.XboxNotificationView
Exception Handler: class com.almasb.fxgl.app.FXGLExceptionHandler
05:53:10.026 [JavaFX Application Thread] DEBUG GameApplication      - Configuring GameApplication
05:53:10.027 [JavaFX Application Thread] DEBUG GameApplication      - Initializing state machine and application states
05:53:10.056 [JavaFX Application Thread] DEBUG AssetLoader          - Loading from disk: /assets/ui/cursors/fxgl_default.png
05:53:10.106 [JavaFX Application Thread] DEBUG AssetLoader          - Loading from disk: /assets/ui/cursors/fxgl_default.png
05:53:10.140 [JavaFX Application Thread] DEBUG FXGLAssets           - Loading FXGLAssets
05:53:10.177 [JavaFX Application Thread] DEBUG AssetLoader          - Loading from disk: /assets/ui/fonts/VarelaRound-Regular.ttf
05:53:10.397 [JavaFX Application Thread] DEBUG AssetLoader          - Loading from disk: /assets/ui/fonts/lucida_console.ttf
05:53:10.414 [JavaFX Application Thread] DEBUG AssetLoader          - Loading from disk: /assets/ui/fonts/Courier-Prime.ttf
05:53:10.429 [JavaFX Application Thread] DEBUG AssetLoader          - Loading from disk: /assets/ui/fonts/Abel-Regular.ttf
05:53:10.443 [JavaFX Application Thread] DEBUG AssetLoader          - Loading from disk: /assets/ui/css/fxgl_dark.css
05:53:10.494 [JavaFX Application Thread] DEBUG AssetLoader          - Loading from disk: /assets/ui/cursors/fxgl_default.png
05:53:10.584 [JavaFX Application Thread] DEBUG AssetLoader          - Loading from disk: /assets/ui/cursors/fxgl_default.png
05:53:10.626 [JavaFX Application Thread] DEBUG GameScene            - Game scene initialized: 400x600
05:53:10.632 [JavaFX Application Thread] DEBUG GameWorld            - Game world initialized
05:53:10.755 [JavaFX Application Thread] DEBUG PhysicsWorld         - Physics world initialized: appHeight=600, physics.ppm=50,0
05:53:10.825 [JavaFX Application Thread] DEBUG Input                - Registered new binding: Pause - Esc
05:53:10.865 [JavaFX Application Thread] DEBUG Input                - Clearing active input actions
05:53:10.930 [JavaFX Application Thread] DEBUG AppStateMachine      - StartupState -> StartupState
05:53:10.936 [JavaFX Application Thread] INFO  GameApplication      - Game configuration took:  0,909 sec
05:53:10.940 [JavaFX Application Thread] DEBUG AssetLoader          - Loading from disk: /assets/textures/fxgl_icon.png
05:53:10.963 [JavaFX Application Thread] DEBUG MainWindow           - Opening main window
05:53:11.186 [JavaFX Application Thread] DEBUG MainWindow           - Window border size: (6.0, 29.0)
05:53:11.186 [JavaFX Application Thread] DEBUG MainWindow           - Scaled size: 400.0 x 600.0
05:53:11.186 [JavaFX Application Thread] DEBUG MainWindow           - Scaled ratio: (1.0, 1.0)
05:53:11.187 [JavaFX Application Thread] DEBUG MainWindow           - Scene size: 400.0 x 600.0
05:53:11.187 [JavaFX Application Thread] DEBUG MainWindow           - Stage size: 406.0 x 629.0
05:53:11.187 [JavaFX Application Thread] DEBUG GameApplication      - Running preInit()
05:53:11.191 [JavaFX Application Thread] DEBUG Input                - Registered new binding: Screenshot - P
05:53:11.192 [JavaFX Application Thread] DEBUG Input                - Registered new binding: Dev Options - CTRL+0
05:53:11.193 [JavaFX Application Thread] DEBUG Input                - Registered new binding: System info dump - CTRL+9
05:53:11.194 [JavaFX Application Thread] DEBUG Input                - Registered new binding: Restart - CTRL+R
05:53:11.195 [JavaFX Application Thread] DEBUG Input                - Registered new binding: Release Ball - Space
05:53:11.241 [JavaFX Application Thread] DEBUG GameApplication      - Starting main loop
05:53:11.244 [JavaFX Application Thread] DEBUG StartupState         - STARTUP
05:53:11.244 [JavaFX Application Thread] DEBUG GameApplication      - Starting new game
05:53:11.244 [JavaFX Application Thread] DEBUG Input                - Clearing active input actions
05:53:11.255 [JavaFX Application Thread] DEBUG AppStateMachine      - StartupState -> LoadingState
05:53:11.265 [FXGL Background Thread 1 ] DEBUG InitAppTask          - Clearing previous game
05:53:11.266 [FXGL Background Thread 1 ] DEBUG GameWorld            - Clearing game world
05:53:11.266 [FXGL Background Thread 1 ] DEBUG PhysicsWorld         - Clearing physics world
05:53:11.266 [FXGL Background Thread 1 ] DEBUG GameScene            - Clearing game scene
05:53:11.268 [FXGL Background Thread 1 ] DEBUG InitAppTask          - Initializing Game
05:53:11.422 [FXGL Background Thread 1 ] DEBUG GameScene            - Creating render group for layer: DEFAULT(100000)
05:53:11.437 [FXGL Background Thread 1 ] DEBUG InitAppTask          - Initializing Physics
05:53:11.439 [FXGL Background Thread 1 ] DEBUG InitAppTask          - Initializing UI
05:53:11.439 [FXGL Background Thread 1 ] DEBUG InitAppTask          - Initialization Complete
05:53:11.439 [FXGL Background Thread 1 ] INFO  InitAppTask          - Game initialization took: 0,174 sec
05:53:11.442 [JavaFX Application Thread] DEBUG Input                - Clearing active input actions
05:53:11.450 [JavaFX Application Thread] DEBUG AppStateMachine      - LoadingState -> PlayState
05:53:14.984 [JavaFX Application Thread] DEBUG GameApplication      - Exiting game application
05:53:14.987 [JavaFX Application Thread] DEBUG GameApplication      - Shutting down background threads
05:53:14.988 [JavaFX Application Thread] INFO  Profiler             - Processed Frames: 223
05:53:14.988 [JavaFX Application Thread] INFO  Profiler             - Average FPS: 58
05:53:14.989 [JavaFX Application Thread] INFO  Profiler             - Avg Frame Took: 0,48 ms
05:53:14.989 [JavaFX Application Thread] INFO  Profiler             - Avg Memory Usage: 28 MB
05:53:14.990 [JavaFX Application Thread] INFO  Profiler             - Min Memory Usage: 8 MB
05:53:14.990 [JavaFX Application Thread] INFO  Profiler             - Max Memory Usage: 34 MB
05:53:14.990 [JavaFX Application Thread] INFO  Profiler             - Estimated GC runs: 0
05:53:14.991 [JavaFX Application Thread] DEBUG GameApplication      - Exiting FXGL
05:53:14.991 [JavaFX Application Thread] DEBUG FXGL                 - Saving FXGL system data
05:53:15.002 [JavaFX Application Thread] DEBUG DesktopFSService     - Writing to: system\fxgl.bundle
05:53:15.018 [JavaFX Application Thread] DEBUG GameApplication      - Closing logger and exiting JavaFX
