15:33:14.280 [JavaFX Application Thread] DEBUG GameApplication      - Logger initialized
15:33:14.286 [JavaFX Application Thread] DEBUG MainWindow           - Creating a JavaFX scene
15:33:14.356 [JavaFX Application Thread] DEBUG MainWindow           - Target settings size: 400.0 x 600.0
15:33:14.356 [JavaFX Application Thread] DEBUG MainWindow           - Scaled scene size:    400.0 x 600.0
15:33:14.356 [JavaFX Application Thread] DEBUG MainWindow           - Scaled ratio: (1.0, 1.0)
15:33:14.360 [JavaFX Application Thread] DEBUG GameApplication      - Starting FXGL
15:33:14.363 [JavaFX Application Thread] INFO  FXGL                 - FXGL-0.5.3 on DESKTOP
15:33:14.364 [JavaFX Application Thread] INFO  FXGL                 - Source code and latest versions at: https://github.com/AlmasB/FXGL
15:33:14.364 [JavaFX Application Thread] INFO  FXGL                 -              Join the FXGL chat at: https://gitter.im/AlmasB/FXGL
15:33:14.369 [JavaFX Application Thread] DEBUG FS                   - Loaded DesktopFSService
15:33:14.370 [JavaFX Application Thread] DEBUG FXGL                 - Loading FXGL system data
15:33:14.377 [JavaFX Application Thread] DEBUG DesktopFSService     - Reading from: system\fxgl.bundle
15:33:14.388 [JavaFX Application Thread] DEBUG Bundle               - Logging bundle: FXGL
15:33:14.388 [JavaFX Application Thread] DEBUG Bundle               - FXGL.offline.timer.version.check=2018-08-18T15:14:28.733
15:33:14.411 [JavaFX Application Thread] DEBUG GameApplication      - FXGL started
15:33:14.411 [JavaFX Application Thread] DEBUG GameApplication      - Logging game settings
Title: Pinball
Version: 0.1
Width: 400
Height: 600
Fullscreen: false
Intro: false
Menus: false
Profiling: true
Single step:false
App Mode: DEBUG
Menu Key: ESCAPE
Stage Style: DECORATED
Scene Factory: class com.almasb.fxgl.scene.SceneFactory
Dialog Factory: class com.almasb.fxgl.ui.FXGLDialogFactory
UI Factory: class com.almasb.fxgl.ui.FXGLUIFactory
Notification Service: class com.almasb.fxgl.gameplay.notification.XboxNotificationView
Exception Handler: class com.almasb.fxgl.app.FXGLExceptionHandler
15:33:14.411 [JavaFX Application Thread] DEBUG GameApplication      - Configuring GameApplication
15:33:14.412 [JavaFX Application Thread] DEBUG GameApplication      - Initializing state machine and application states
15:33:14.430 [JavaFX Application Thread] DEBUG AssetLoader          - Loading from disk: /assets/ui/cursors/fxgl_default.png
15:33:14.446 [JavaFX Application Thread] DEBUG AssetLoader          - Loading from disk: /assets/ui/cursors/fxgl_default.png
15:33:14.463 [JavaFX Application Thread] DEBUG FXGLAssets           - Loading FXGLAssets
15:33:14.485 [JavaFX Application Thread] DEBUG AssetLoader          - Loading from disk: /assets/ui/fonts/VarelaRound-Regular.ttf
15:33:14.578 [JavaFX Application Thread] DEBUG AssetLoader          - Loading from disk: /assets/ui/fonts/lucida_console.ttf
15:33:14.587 [JavaFX Application Thread] DEBUG AssetLoader          - Loading from disk: /assets/ui/fonts/Courier-Prime.ttf
15:33:14.595 [JavaFX Application Thread] DEBUG AssetLoader          - Loading from disk: /assets/ui/fonts/Abel-Regular.ttf
15:33:14.602 [JavaFX Application Thread] DEBUG AssetLoader          - Loading from disk: /assets/ui/css/fxgl_dark.css
15:33:14.624 [JavaFX Application Thread] DEBUG AssetLoader          - Loading from disk: /assets/ui/cursors/fxgl_default.png
15:33:14.646 [JavaFX Application Thread] DEBUG AssetLoader          - Loading from disk: /assets/ui/cursors/fxgl_default.png
15:33:14.660 [JavaFX Application Thread] DEBUG GameScene            - Game scene initialized: 400x600
15:33:14.663 [JavaFX Application Thread] DEBUG GameWorld            - Game world initialized
15:33:14.707 [JavaFX Application Thread] DEBUG PhysicsWorld         - Physics world initialized: appHeight=600, physics.ppm=50.0
15:33:14.722 [JavaFX Application Thread] DEBUG Input                - Registered new binding: Pause - Esc
15:33:14.739 [JavaFX Application Thread] DEBUG Input                - Clearing active input actions
15:33:14.774 [JavaFX Application Thread] DEBUG AppStateMachine      - StartupState -> StartupState
15:33:14.777 [JavaFX Application Thread] INFO  GameApplication      - Game configuration took:  0.365 sec
15:33:14.779 [JavaFX Application Thread] DEBUG AssetLoader          - Loading from disk: /assets/textures/fxgl_icon.png
15:33:14.787 [JavaFX Application Thread] DEBUG MainWindow           - Opening main window
15:33:14.908 [JavaFX Application Thread] DEBUG MainWindow           - Window border size: (6.0, 29.0)
15:33:14.908 [JavaFX Application Thread] DEBUG MainWindow           - Scaled size: 400.0 x 600.0
15:33:14.908 [JavaFX Application Thread] DEBUG MainWindow           - Scaled ratio: (1.0, 1.0)
15:33:14.908 [JavaFX Application Thread] DEBUG MainWindow           - Scene size: 400.0 x 600.0
15:33:14.908 [JavaFX Application Thread] DEBUG MainWindow           - Stage size: 406.0 x 629.0
15:33:14.908 [JavaFX Application Thread] DEBUG GameApplication      - Running preInit()
15:33:14.910 [JavaFX Application Thread] DEBUG Input                - Registered new binding: Screenshot - P
15:33:14.911 [JavaFX Application Thread] DEBUG Input                - Registered new binding: Dev Options - CTRL+0
15:33:14.911 [JavaFX Application Thread] DEBUG Input                - Registered new binding: System info dump - CTRL+9
15:33:14.911 [JavaFX Application Thread] DEBUG Input                - Registered new binding: Restart - CTRL+R
15:33:14.911 [JavaFX Application Thread] DEBUG Input                - Registered new binding: Release Ball - Space
15:33:14.912 [JavaFX Application Thread] DEBUG Input                - Registered new binding: LeftFlipper Movement - Left
15:33:14.912 [JavaFX Application Thread] DEBUG Input                - Registered new binding: RightFlipper Movement - Right
15:33:14.912 [JavaFX Application Thread] DEBUG Input                - Registered new binding: New Table - N
15:33:14.934 [JavaFX Application Thread] DEBUG GameApplication      - Starting main loop
15:33:14.936 [JavaFX Application Thread] DEBUG StartupState         - STARTUP
15:33:14.936 [JavaFX Application Thread] DEBUG GameApplication      - Starting new game
15:33:14.936 [JavaFX Application Thread] DEBUG Input                - Clearing active input actions
15:33:14.940 [JavaFX Application Thread] DEBUG AppStateMachine      - StartupState -> LoadingState
15:33:14.945 [FXGL Background Thread 1 ] DEBUG InitAppTask          - Clearing previous game
15:33:14.945 [FXGL Background Thread 1 ] DEBUG GameWorld            - Clearing game world
15:33:14.946 [FXGL Background Thread 1 ] DEBUG PhysicsWorld         - Clearing physics world
15:33:14.946 [FXGL Background Thread 1 ] DEBUG GameScene            - Clearing game scene
15:33:14.947 [FXGL Background Thread 1 ] DEBUG InitAppTask          - Initializing Game
15:33:15.014 [FXGL Background Thread 1 ] DEBUG GameScene            - Creating render group for layer: DEFAULT(100000)
15:33:15.016 [FXGL Background Thread 1 ] DEBUG AssetLoader          - Loading from disk: /assets/textures/piñi.jpg
15:33:15.031 [FXGL Background Thread 1 ] DEBUG InitAppTask          - Initializing Physics
15:33:15.031 [FXGL Background Thread 1 ] DEBUG InitAppTask          - Initializing UI
15:33:15.031 [FXGL Background Thread 1 ] DEBUG InitAppTask          - Initialization Complete
15:33:15.031 [FXGL Background Thread 1 ] INFO  InitAppTask          - Game initialization took: 0.087 sec
15:33:15.042 [JavaFX Application Thread] DEBUG Input                - Clearing active input actions
15:33:15.046 [JavaFX Application Thread] DEBUG AppStateMachine      - LoadingState -> PlayState
15:33:30.375 [JavaFX Application Thread] DEBUG GameApplication      - Exiting game application
15:33:30.376 [JavaFX Application Thread] DEBUG GameApplication      - Shutting down background threads
15:33:30.376 [JavaFX Application Thread] INFO  Profiler             - Processed Frames: 984
15:33:30.376 [JavaFX Application Thread] INFO  Profiler             - Average FPS: 59
15:33:30.377 [JavaFX Application Thread] INFO  Profiler             - Avg Frame Took: 0.06 ms
15:33:30.377 [JavaFX Application Thread] INFO  Profiler             - Avg Memory Usage: 23 MB
15:33:30.377 [JavaFX Application Thread] INFO  Profiler             - Min Memory Usage: 8 MB
15:33:30.377 [JavaFX Application Thread] INFO  Profiler             - Max Memory Usage: 25 MB
15:33:30.377 [JavaFX Application Thread] INFO  Profiler             - Estimated GC runs: 0
15:33:30.377 [JavaFX Application Thread] DEBUG GameApplication      - Exiting FXGL
15:33:30.377 [JavaFX Application Thread] DEBUG FXGL                 - Saving FXGL system data
15:33:30.379 [JavaFX Application Thread] DEBUG DesktopFSService     - Writing to: system\fxgl.bundle
15:33:30.381 [JavaFX Application Thread] DEBUG GameApplication      - Closing logger and exiting JavaFX
