17:36:41.017 [JavaFX Application Thread] DEBUG GameApplication      - Logger initialized
17:36:41.022 [JavaFX Application Thread] DEBUG MainWindow           - Creating a JavaFX scene
17:36:41.087 [JavaFX Application Thread] DEBUG MainWindow           - Target settings size: 400.0 x 600.0
17:36:41.087 [JavaFX Application Thread] DEBUG MainWindow           - Scaled scene size:    400.0 x 600.0
17:36:41.088 [JavaFX Application Thread] DEBUG MainWindow           - Scaled ratio: (1.0, 1.0)
17:36:41.092 [JavaFX Application Thread] DEBUG GameApplication      - Starting FXGL
17:36:41.095 [JavaFX Application Thread] INFO  FXGL                 - FXGL-0.5.3 on DESKTOP
17:36:41.096 [JavaFX Application Thread] INFO  FXGL                 - Source code and latest versions at: https://github.com/AlmasB/FXGL
17:36:41.096 [JavaFX Application Thread] INFO  FXGL                 -              Join the FXGL chat at: https://gitter.im/AlmasB/FXGL
17:36:41.102 [JavaFX Application Thread] DEBUG FS                   - Loaded DesktopFSService
17:36:41.102 [JavaFX Application Thread] DEBUG FXGL                 - Loading FXGL system data
17:36:41.109 [JavaFX Application Thread] DEBUG DesktopFSService     - Reading from: system\fxgl.bundle
17:36:41.120 [JavaFX Application Thread] DEBUG Bundle               - Logging bundle: FXGL
17:36:41.120 [JavaFX Application Thread] DEBUG Bundle               - FXGL.offline.timer.version.check=2018-08-18T15:14:28.733
17:36:41.140 [JavaFX Application Thread] DEBUG GameApplication      - FXGL started
17:36:41.141 [JavaFX Application Thread] DEBUG GameApplication      - Logging game settings
Title: Pinball
Version: 0.1
Width: 400
Height: 600
Fullscreen: false
Intro: false
Menus: false
Profiling: true
Single step:false
App Mode: DEBUG
Menu Key: ESCAPE
Stage Style: DECORATED
Scene Factory: class com.almasb.fxgl.scene.SceneFactory
Dialog Factory: class com.almasb.fxgl.ui.FXGLDialogFactory
UI Factory: class com.almasb.fxgl.ui.FXGLUIFactory
Notification Service: class com.almasb.fxgl.gameplay.notification.XboxNotificationView
Exception Handler: class com.almasb.fxgl.app.FXGLExceptionHandler
17:36:41.141 [JavaFX Application Thread] DEBUG GameApplication      - Configuring GameApplication
17:36:41.141 [JavaFX Application Thread] DEBUG GameApplication      - Initializing state machine and application states
17:36:41.156 [JavaFX Application Thread] DEBUG AssetLoader          - Loading from disk: /assets/ui/cursors/fxgl_default.png
17:36:41.171 [JavaFX Application Thread] DEBUG AssetLoader          - Loading from disk: /assets/ui/cursors/fxgl_default.png
17:36:41.187 [JavaFX Application Thread] DEBUG FXGLAssets           - Loading FXGLAssets
17:36:41.206 [JavaFX Application Thread] DEBUG AssetLoader          - Loading from disk: /assets/ui/fonts/VarelaRound-Regular.ttf
17:36:41.278 [JavaFX Application Thread] DEBUG AssetLoader          - Loading from disk: /assets/ui/fonts/lucida_console.ttf
17:36:41.286 [JavaFX Application Thread] DEBUG AssetLoader          - Loading from disk: /assets/ui/fonts/Courier-Prime.ttf
17:36:41.292 [JavaFX Application Thread] DEBUG AssetLoader          - Loading from disk: /assets/ui/fonts/Abel-Regular.ttf
17:36:41.298 [JavaFX Application Thread] DEBUG AssetLoader          - Loading from disk: /assets/ui/css/fxgl_dark.css
17:36:41.320 [JavaFX Application Thread] DEBUG AssetLoader          - Loading from disk: /assets/ui/cursors/fxgl_default.png
17:36:41.342 [JavaFX Application Thread] DEBUG AssetLoader          - Loading from disk: /assets/ui/cursors/fxgl_default.png
17:36:41.355 [JavaFX Application Thread] DEBUG GameScene            - Game scene initialized: 400x600
17:36:41.358 [JavaFX Application Thread] DEBUG GameWorld            - Game world initialized
17:36:41.391 [JavaFX Application Thread] DEBUG PhysicsWorld         - Physics world initialized: appHeight=600, physics.ppm=50.0
17:36:41.405 [JavaFX Application Thread] DEBUG Input                - Registered new binding: Pause - Esc
17:36:41.417 [JavaFX Application Thread] DEBUG Input                - Clearing active input actions
17:36:41.449 [JavaFX Application Thread] DEBUG AppStateMachine      - StartupState -> StartupState
17:36:41.452 [JavaFX Application Thread] INFO  GameApplication      - Game configuration took:  0.311 sec
17:36:41.454 [JavaFX Application Thread] DEBUG AssetLoader          - Loading from disk: /assets/textures/fxgl_icon.png
17:36:41.462 [JavaFX Application Thread] DEBUG MainWindow           - Opening main window
17:36:41.590 [JavaFX Application Thread] DEBUG MainWindow           - Window border size: (6.0, 29.0)
17:36:41.591 [JavaFX Application Thread] DEBUG MainWindow           - Scaled size: 400.0 x 600.0
17:36:41.591 [JavaFX Application Thread] DEBUG MainWindow           - Scaled ratio: (1.0, 1.0)
17:36:41.591 [JavaFX Application Thread] DEBUG MainWindow           - Scene size: 400.0 x 600.0
17:36:41.591 [JavaFX Application Thread] DEBUG MainWindow           - Stage size: 406.0 x 629.0
17:36:41.591 [JavaFX Application Thread] DEBUG GameApplication      - Running preInit()
17:36:41.593 [JavaFX Application Thread] DEBUG Input                - Registered new binding: Screenshot - P
17:36:41.594 [JavaFX Application Thread] DEBUG Input                - Registered new binding: Dev Options - CTRL+0
17:36:41.594 [JavaFX Application Thread] DEBUG Input                - Registered new binding: System info dump - CTRL+9
17:36:41.594 [JavaFX Application Thread] DEBUG Input                - Registered new binding: Restart - CTRL+R
17:36:41.594 [JavaFX Application Thread] DEBUG Input                - Registered new binding: Release Ball - Space
17:36:41.595 [JavaFX Application Thread] DEBUG Input                - Registered new binding: LeftFlipper Movement - Left
17:36:41.595 [JavaFX Application Thread] DEBUG Input                - Registered new binding: RightFlipper Movement - Right
17:36:41.595 [JavaFX Application Thread] DEBUG Input                - Registered new binding: New Table - N
17:36:41.619 [JavaFX Application Thread] DEBUG GameApplication      - Starting main loop
17:36:41.621 [JavaFX Application Thread] DEBUG StartupState         - STARTUP
17:36:41.621 [JavaFX Application Thread] DEBUG GameApplication      - Starting new game
17:36:41.621 [JavaFX Application Thread] DEBUG Input                - Clearing active input actions
17:36:41.626 [JavaFX Application Thread] DEBUG AppStateMachine      - StartupState -> LoadingState
17:36:41.632 [FXGL Background Thread 1 ] DEBUG InitAppTask          - Clearing previous game
17:36:41.633 [FXGL Background Thread 1 ] DEBUG GameWorld            - Clearing game world
17:36:41.633 [FXGL Background Thread 1 ] DEBUG PhysicsWorld         - Clearing physics world
17:36:41.633 [FXGL Background Thread 1 ] DEBUG GameScene            - Clearing game scene
17:36:41.634 [FXGL Background Thread 1 ] DEBUG InitAppTask          - Initializing Game
17:36:41.704 [FXGL Background Thread 1 ] DEBUG GameScene            - Creating render group for layer: DEFAULT(100000)
17:36:41.706 [FXGL Background Thread 1 ] DEBUG AssetLoader          - Loading from disk: /assets/textures/piñi.jpg
17:36:41.724 [FXGL Background Thread 1 ] DEBUG InitAppTask          - Initializing Physics
17:36:41.724 [FXGL Background Thread 1 ] DEBUG InitAppTask          - Initializing UI
17:36:41.724 [FXGL Background Thread 1 ] DEBUG InitAppTask          - Initialization Complete
17:36:41.725 [FXGL Background Thread 1 ] INFO  InitAppTask          - Game initialization took: 0.092 sec
17:36:41.736 [JavaFX Application Thread] DEBUG Input                - Clearing active input actions
17:36:41.741 [JavaFX Application Thread] DEBUG AppStateMachine      - LoadingState -> PlayState
17:36:42.690 [JavaFX Application Thread] DEBUG AssetLoader          - Loading from disk: /assets/textures/wheel.png
17:36:50.030 [JavaFX Application Thread] DEBUG GameApplication      - Exiting game application
17:36:50.031 [JavaFX Application Thread] DEBUG GameApplication      - Shutting down background threads
17:36:50.031 [JavaFX Application Thread] INFO  Profiler             - Processed Frames: 522
17:36:50.031 [JavaFX Application Thread] INFO  Profiler             - Average FPS: 59
17:36:50.031 [JavaFX Application Thread] INFO  Profiler             - Avg Frame Took: 0.15 ms
17:36:50.032 [JavaFX Application Thread] INFO  Profiler             - Avg Memory Usage: 28 MB
17:36:50.032 [JavaFX Application Thread] INFO  Profiler             - Min Memory Usage: 8 MB
17:36:50.032 [JavaFX Application Thread] INFO  Profiler             - Max Memory Usage: 37 MB
17:36:50.032 [JavaFX Application Thread] INFO  Profiler             - Estimated GC runs: 0
17:36:50.032 [JavaFX Application Thread] DEBUG GameApplication      - Exiting FXGL
17:36:50.032 [JavaFX Application Thread] DEBUG FXGL                 - Saving FXGL system data
17:36:50.034 [JavaFX Application Thread] DEBUG DesktopFSService     - Writing to: system\fxgl.bundle
17:36:50.039 [JavaFX Application Thread] DEBUG GameApplication      - Closing logger and exiting JavaFX
