20:19:21.073 [JavaFX Application Thread] DEBUG GameApplication      - Logger initialized
20:19:21.081 [JavaFX Application Thread] DEBUG MainWindow           - Creating a JavaFX scene
20:19:21.240 [JavaFX Application Thread] DEBUG MainWindow           - Target settings size: 400.0 x 600.0
20:19:21.240 [JavaFX Application Thread] DEBUG MainWindow           - Scaled scene size:    400.0 x 600.0
20:19:21.241 [JavaFX Application Thread] DEBUG MainWindow           - Scaled ratio: (1.0, 1.0)
20:19:21.246 [JavaFX Application Thread] DEBUG GameApplication      - Starting FXGL
20:19:21.250 [JavaFX Application Thread] INFO  FXGL                 - FXGL-0.5.3 on DESKTOP
20:19:21.251 [JavaFX Application Thread] INFO  FXGL                 - Source code and latest versions at: https://github.com/AlmasB/FXGL
20:19:21.251 [JavaFX Application Thread] INFO  FXGL                 -              Join the FXGL chat at: https://gitter.im/AlmasB/FXGL
20:19:21.271 [JavaFX Application Thread] DEBUG FS                   - Loaded DesktopFSService
20:19:21.272 [JavaFX Application Thread] DEBUG FXGL                 - Loading FXGL system data
20:19:21.286 [JavaFX Application Thread] DEBUG DesktopFSService     - Reading from: system/fxgl.bundle
20:19:21.299 [JavaFX Application Thread] DEBUG Bundle               - Logging bundle: FXGL
20:19:21.300 [JavaFX Application Thread] DEBUG Bundle               - FXGL.offline.timer.version.check=2018-07-24T21:09:25.379
20:19:21.337 [JavaFX Application Thread] DEBUG GameApplication      - FXGL started
20:19:21.338 [JavaFX Application Thread] DEBUG GameApplication      - Logging game settings
Title: Pinball
Version: 0.1
Width: 400
Height: 600
Fullscreen: false
Intro: false
Menus: false
Profiling: false
Single step:false
App Mode: DEVELOPER
Menu Key: ESCAPE
Stage Style: DECORATED
Scene Factory: class com.almasb.fxgl.scene.SceneFactory
Dialog Factory: class com.almasb.fxgl.ui.FXGLDialogFactory
UI Factory: class com.almasb.fxgl.ui.FXGLUIFactory
Notification Service: class com.almasb.fxgl.gameplay.notification.XboxNotificationView
Exception Handler: class com.almasb.fxgl.app.FXGLExceptionHandler
20:19:21.339 [JavaFX Application Thread] DEBUG GameApplication      - Configuring GameApplication
20:19:21.339 [JavaFX Application Thread] DEBUG GameApplication      - Initializing state machine and application states
20:19:21.359 [JavaFX Application Thread] DEBUG AssetLoader          - Loading from disk: /assets/ui/cursors/fxgl_default.png
20:19:21.399 [JavaFX Application Thread] DEBUG AssetLoader          - Loading from disk: /assets/ui/cursors/fxgl_default.png
20:19:21.443 [JavaFX Application Thread] DEBUG FXGLAssets           - Loading FXGLAssets
20:19:21.497 [JavaFX Application Thread] DEBUG AssetLoader          - Loading from disk: /assets/ui/fonts/VarelaRound-Regular.ttf
20:19:21.515 [JavaFX Application Thread] DEBUG AssetLoader          - Loading from disk: /assets/ui/fonts/lucida_console.ttf
20:19:21.521 [JavaFX Application Thread] DEBUG AssetLoader          - Loading from disk: /assets/ui/fonts/Courier-Prime.ttf
20:19:21.525 [JavaFX Application Thread] DEBUG AssetLoader          - Loading from disk: /assets/ui/fonts/Abel-Regular.ttf
20:19:21.530 [JavaFX Application Thread] DEBUG AssetLoader          - Loading from disk: /assets/ui/css/fxgl_dark.css
20:19:21.604 [JavaFX Application Thread] DEBUG AssetLoader          - Loading from disk: /assets/ui/cursors/fxgl_default.png
20:19:21.702 [JavaFX Application Thread] DEBUG AssetLoader          - Loading from disk: /assets/ui/cursors/fxgl_default.png
20:19:21.740 [JavaFX Application Thread] DEBUG GameScene            - Game scene initialized: 400x600
20:19:21.746 [JavaFX Application Thread] DEBUG GameWorld            - Game world initialized
20:19:21.801 [JavaFX Application Thread] DEBUG PhysicsWorld         - Physics world initialized: appHeight=600, physics.ppm=50.0
20:19:21.827 [JavaFX Application Thread] DEBUG Input                - Registered new binding: Pause - Esc
20:19:21.873 [JavaFX Application Thread] DEBUG Input                - Clearing active input actions
20:19:21.974 [JavaFX Application Thread] DEBUG AppStateMachine      - StartupState -> StartupState
20:19:21.978 [JavaFX Application Thread] INFO  GameApplication      - Game configuration took:  0.639 sec
20:19:21.983 [JavaFX Application Thread] DEBUG AssetLoader          - Loading from disk: /assets/textures/fxgl_icon.png
20:19:22.001 [JavaFX Application Thread] DEBUG MainWindow           - Opening main window
20:19:22.081 [JavaFX Application Thread] DEBUG MainWindow           - Window border size: (0.0, 0.0)
20:19:22.081 [JavaFX Application Thread] DEBUG MainWindow           - Scaled size: 400.0 x 600.0
20:19:22.081 [JavaFX Application Thread] DEBUG MainWindow           - Scaled ratio: (1.0, 1.0)
20:19:22.082 [JavaFX Application Thread] DEBUG MainWindow           - Scene size: 400.0 x 600.0
20:19:22.082 [JavaFX Application Thread] DEBUG MainWindow           - Stage size: 400.0 x 600.0
20:19:22.082 [JavaFX Application Thread] DEBUG GameApplication      - Running preInit()
20:19:22.084 [JavaFX Application Thread] DEBUG Input                - Registered new binding: Screenshot - P
20:19:22.084 [JavaFX Application Thread] DEBUG Input                - Registered new binding: Dev Options - CTRL+0
20:19:22.085 [JavaFX Application Thread] DEBUG Input                - Registered new binding: System info dump - CTRL+9
20:19:22.086 [JavaFX Application Thread] DEBUG Input                - Registered new binding: Restart - CTRL+R
20:19:22.086 [JavaFX Application Thread] DEBUG Input                - Registered new binding: Release Ball   - Space
20:19:22.125 [JavaFX Application Thread] DEBUG GameApplication      - Starting main loop
20:19:22.146 [JavaFX Application Thread] DEBUG StartupState         - STARTUP
20:19:22.146 [JavaFX Application Thread] DEBUG GameApplication      - Starting new game
20:19:22.146 [JavaFX Application Thread] DEBUG Input                - Clearing active input actions
20:19:22.157 [JavaFX Application Thread] DEBUG AppStateMachine      - StartupState -> LoadingState
20:19:22.175 [FXGL Background Thread 1 ] DEBUG InitAppTask          - Clearing previous game
20:19:22.175 [FXGL Background Thread 1 ] DEBUG GameWorld            - Clearing game world
20:19:22.176 [FXGL Background Thread 1 ] DEBUG PhysicsWorld         - Clearing physics world
20:19:22.176 [FXGL Background Thread 1 ] DEBUG GameScene            - Clearing game scene
20:19:22.177 [FXGL Background Thread 1 ] DEBUG InitAppTask          - Initializing Game
20:19:22.319 [FXGL Background Thread 1 ] DEBUG GameScene            - Creating render group for layer: DEFAULT(100000)
20:19:22.326 [FXGL Background Thread 1 ] DEBUG InitAppTask          - Initializing Physics
20:19:22.326 [FXGL Background Thread 1 ] DEBUG InitAppTask          - Initializing UI
20:19:22.326 [FXGL Background Thread 1 ] DEBUG InitAppTask          - Initialization Complete
20:19:22.326 [FXGL Background Thread 1 ] INFO  InitAppTask          - Game initialization took: 0.151 sec
20:19:22.371 [JavaFX Application Thread] DEBUG Input                - Clearing active input actions
20:19:22.379 [JavaFX Application Thread] DEBUG AppStateMachine      - LoadingState -> PlayState
20:19:28.459 [JavaFX Application Thread] DEBUG GameApplication      - Exiting game application
20:19:28.461 [JavaFX Application Thread] DEBUG GameApplication      - Shutting down background threads
20:19:28.462 [JavaFX Application Thread] DEBUG GameApplication      - Exiting FXGL
20:19:28.462 [JavaFX Application Thread] DEBUG FXGL                 - Saving FXGL system data
20:19:28.468 [JavaFX Application Thread] DEBUG DesktopFSService     - Writing to: system/fxgl.bundle
20:19:28.472 [JavaFX Application Thread] DEBUG GameApplication      - Closing logger and exiting JavaFX
