16:59:07.961 [JavaFX Application Thread] DEBUG GameApplication      - Logger initialized
16:59:07.969 [JavaFX Application Thread] DEBUG MainWindow           - Creating a JavaFX scene
16:59:08.139 [JavaFX Application Thread] DEBUG MainWindow           - Target settings size: 400.0 x 600.0
16:59:08.140 [JavaFX Application Thread] DEBUG MainWindow           - Scaled scene size:    400.0 x 600.0
16:59:08.140 [JavaFX Application Thread] DEBUG MainWindow           - Scaled ratio: (1.0, 1.0)
16:59:08.149 [JavaFX Application Thread] DEBUG GameApplication      - Starting FXGL
16:59:08.155 [JavaFX Application Thread] INFO  FXGL                 - FXGL-0.5.3 on DESKTOP
16:59:08.155 [JavaFX Application Thread] INFO  FXGL                 - Source code and latest versions at: https://github.com/AlmasB/FXGL
16:59:08.155 [JavaFX Application Thread] INFO  FXGL                 -              Join the FXGL chat at: https://gitter.im/AlmasB/FXGL
16:59:08.167 [JavaFX Application Thread] DEBUG FS                   - Loaded DesktopFSService
16:59:08.168 [JavaFX Application Thread] DEBUG FXGL                 - Loading FXGL system data
16:59:08.178 [JavaFX Application Thread] DEBUG DesktopFSService     - Reading from: system/fxgl.bundle
16:59:08.192 [JavaFX Application Thread] DEBUG Bundle               - Logging bundle: FXGL
16:59:08.193 [JavaFX Application Thread] DEBUG Bundle               - FXGL.offline.timer.version.check=2018-07-24T21:09:25.379
16:59:08.241 [JavaFX Application Thread] DEBUG GameApplication      - FXGL started
16:59:08.241 [JavaFX Application Thread] DEBUG GameApplication      - Logging game settings
Title: Pinball
Version: 0.1
Width: 400
Height: 600
Fullscreen: false
Intro: false
Menus: false
Profiling: false
Single step:false
App Mode: DEVELOPER
Menu Key: ESCAPE
Stage Style: DECORATED
Scene Factory: class com.almasb.fxgl.scene.SceneFactory
Dialog Factory: class com.almasb.fxgl.ui.FXGLDialogFactory
UI Factory: class com.almasb.fxgl.ui.FXGLUIFactory
Notification Service: class com.almasb.fxgl.gameplay.notification.XboxNotificationView
Exception Handler: class com.almasb.fxgl.app.FXGLExceptionHandler
16:59:08.242 [JavaFX Application Thread] DEBUG GameApplication      - Configuring GameApplication
16:59:08.243 [JavaFX Application Thread] DEBUG GameApplication      - Initializing state machine and application states
16:59:08.261 [JavaFX Application Thread] DEBUG AssetLoader          - Loading from disk: /assets/ui/cursors/fxgl_default.png
16:59:08.298 [JavaFX Application Thread] DEBUG AssetLoader          - Loading from disk: /assets/ui/cursors/fxgl_default.png
16:59:08.374 [JavaFX Application Thread] DEBUG FXGLAssets           - Loading FXGLAssets
16:59:08.433 [JavaFX Application Thread] DEBUG AssetLoader          - Loading from disk: /assets/ui/fonts/VarelaRound-Regular.ttf
16:59:08.466 [JavaFX Application Thread] DEBUG AssetLoader          - Loading from disk: /assets/ui/fonts/lucida_console.ttf
16:59:08.476 [JavaFX Application Thread] DEBUG AssetLoader          - Loading from disk: /assets/ui/fonts/Courier-Prime.ttf
16:59:08.482 [JavaFX Application Thread] DEBUG AssetLoader          - Loading from disk: /assets/ui/fonts/Abel-Regular.ttf
16:59:08.485 [JavaFX Application Thread] DEBUG AssetLoader          - Loading from disk: /assets/ui/css/fxgl_dark.css
16:59:08.542 [JavaFX Application Thread] DEBUG AssetLoader          - Loading from disk: /assets/ui/cursors/fxgl_default.png
16:59:08.636 [JavaFX Application Thread] DEBUG AssetLoader          - Loading from disk: /assets/ui/cursors/fxgl_default.png
16:59:08.666 [JavaFX Application Thread] DEBUG GameScene            - Game scene initialized: 400x600
16:59:08.671 [JavaFX Application Thread] DEBUG GameWorld            - Game world initialized
16:59:08.732 [JavaFX Application Thread] DEBUG PhysicsWorld         - Physics world initialized: appHeight=600, physics.ppm=50.0
16:59:08.754 [JavaFX Application Thread] DEBUG Input                - Registered new binding: Pause - Esc
16:59:08.787 [JavaFX Application Thread] DEBUG Input                - Clearing active input actions
16:59:08.935 [JavaFX Application Thread] DEBUG AppStateMachine      - StartupState -> StartupState
16:59:08.946 [JavaFX Application Thread] INFO  GameApplication      - Game configuration took:  0.703 sec
16:59:08.951 [JavaFX Application Thread] DEBUG AssetLoader          - Loading from disk: /assets/textures/fxgl_icon.png
16:59:08.972 [JavaFX Application Thread] DEBUG MainWindow           - Opening main window
16:59:09.065 [JavaFX Application Thread] DEBUG MainWindow           - Window border size: (0.0, 0.0)
16:59:09.066 [JavaFX Application Thread] DEBUG MainWindow           - Scaled size: 400.0 x 600.0
16:59:09.066 [JavaFX Application Thread] DEBUG MainWindow           - Scaled ratio: (1.0, 1.0)
16:59:09.066 [JavaFX Application Thread] DEBUG MainWindow           - Scene size: 400.0 x 600.0
16:59:09.066 [JavaFX Application Thread] DEBUG MainWindow           - Stage size: 400.0 x 600.0
16:59:09.066 [JavaFX Application Thread] DEBUG GameApplication      - Running preInit()
16:59:09.068 [JavaFX Application Thread] DEBUG Input                - Registered new binding: Screenshot - P
16:59:09.069 [JavaFX Application Thread] DEBUG Input                - Registered new binding: Dev Options - CTRL+0
16:59:09.069 [JavaFX Application Thread] DEBUG Input                - Registered new binding: System info dump - CTRL+9
16:59:09.070 [JavaFX Application Thread] DEBUG Input                - Registered new binding: Restart - CTRL+R
16:59:09.109 [JavaFX Application Thread] DEBUG GameApplication      - Starting main loop
16:59:09.138 [JavaFX Application Thread] DEBUG StartupState         - STARTUP
16:59:09.139 [JavaFX Application Thread] DEBUG GameApplication      - Starting new game
16:59:09.139 [JavaFX Application Thread] DEBUG Input                - Clearing active input actions
16:59:09.150 [JavaFX Application Thread] DEBUG AppStateMachine      - StartupState -> LoadingState
16:59:09.161 [FXGL Background Thread 1 ] DEBUG InitAppTask          - Clearing previous game
16:59:09.162 [FXGL Background Thread 1 ] DEBUG GameWorld            - Clearing game world
16:59:09.162 [FXGL Background Thread 1 ] DEBUG PhysicsWorld         - Clearing physics world
16:59:09.162 [FXGL Background Thread 1 ] DEBUG GameScene            - Clearing game scene
16:59:09.163 [FXGL Background Thread 1 ] DEBUG InitAppTask          - Initializing Game
16:59:09.264 [FXGL Background Thread 1 ] DEBUG GameScene            - Creating render group for layer: DEFAULT(100000)
16:59:09.270 [FXGL Background Thread 1 ] DEBUG InitAppTask          - Initializing Physics
16:59:09.270 [FXGL Background Thread 1 ] DEBUG InitAppTask          - Initializing UI
16:59:09.270 [FXGL Background Thread 1 ] DEBUG InitAppTask          - Initialization Complete
16:59:09.270 [FXGL Background Thread 1 ] INFO  InitAppTask          - Game initialization took: 0.109 sec
16:59:09.310 [JavaFX Application Thread] DEBUG Input                - Clearing active input actions
16:59:09.323 [JavaFX Application Thread] DEBUG AppStateMachine      - LoadingState -> PlayState
16:59:12.206 [JavaFX Application Thread] DEBUG GameApplication      - Exiting game application
16:59:12.207 [JavaFX Application Thread] DEBUG GameApplication      - Shutting down background threads
16:59:12.208 [JavaFX Application Thread] DEBUG GameApplication      - Exiting FXGL
16:59:12.209 [JavaFX Application Thread] DEBUG FXGL                 - Saving FXGL system data
16:59:12.213 [JavaFX Application Thread] DEBUG DesktopFSService     - Writing to: system/fxgl.bundle
16:59:12.220 [JavaFX Application Thread] DEBUG GameApplication      - Closing logger and exiting JavaFX
