05:50:28.974 [JavaFX Application Thread] DEBUG GameApplication      - Logger initialized
05:50:29.006 [JavaFX Application Thread] DEBUG MainWindow           - Creating a JavaFX scene
05:50:29.138 [JavaFX Application Thread] DEBUG MainWindow           - Target settings size: 400.0 x 600.0
05:50:29.139 [JavaFX Application Thread] DEBUG MainWindow           - Scaled scene size:    400.0 x 600.0
05:50:29.139 [JavaFX Application Thread] DEBUG MainWindow           - Scaled ratio: (1.0, 1.0)
05:50:29.148 [JavaFX Application Thread] DEBUG GameApplication      - Starting FXGL
05:50:29.152 [JavaFX Application Thread] INFO  FXGL                 - FXGL-0.5.3 on DESKTOP
05:50:29.153 [JavaFX Application Thread] INFO  FXGL                 - Source code and latest versions at: https://github.com/AlmasB/FXGL
05:50:29.153 [JavaFX Application Thread] INFO  FXGL                 -              Join the FXGL chat at: https://gitter.im/AlmasB/FXGL
05:50:29.162 [JavaFX Application Thread] DEBUG FS                   - Loaded DesktopFSService
05:50:29.163 [JavaFX Application Thread] DEBUG FXGL                 - Loading FXGL system data
05:50:29.174 [JavaFX Application Thread] DEBUG DesktopFSService     - Reading from: system\fxgl.bundle
05:50:29.185 [JavaFX Application Thread] DEBUG Bundle               - Logging bundle: FXGL
05:50:29.186 [JavaFX Application Thread] DEBUG Bundle               - FXGL.offline.timer.version.check=2018-07-24T21:09:25.379
05:50:29.265 [JavaFX Application Thread] DEBUG GameApplication      - FXGL started
05:50:29.265 [JavaFX Application Thread] DEBUG GameApplication      - Logging game settings
Title: Pinball
Version: 0.1
Width: 400
Height: 600
Fullscreen: false
Intro: false
Menus: false
Profiling: true
Single step:false
App Mode: DEBUG
Menu Key: ESCAPE
Stage Style: DECORATED
Scene Factory: class com.almasb.fxgl.scene.SceneFactory
Dialog Factory: class com.almasb.fxgl.ui.FXGLDialogFactory
UI Factory: class com.almasb.fxgl.ui.FXGLUIFactory
Notification Service: class com.almasb.fxgl.gameplay.notification.XboxNotificationView
Exception Handler: class com.almasb.fxgl.app.FXGLExceptionHandler
05:50:29.267 [JavaFX Application Thread] DEBUG GameApplication      - Configuring GameApplication
05:50:29.268 [JavaFX Application Thread] DEBUG GameApplication      - Initializing state machine and application states
05:50:29.293 [JavaFX Application Thread] DEBUG AssetLoader          - Loading from disk: /assets/ui/cursors/fxgl_default.png
05:50:29.324 [JavaFX Application Thread] DEBUG AssetLoader          - Loading from disk: /assets/ui/cursors/fxgl_default.png
05:50:29.354 [JavaFX Application Thread] DEBUG FXGLAssets           - Loading FXGLAssets
05:50:29.384 [JavaFX Application Thread] DEBUG AssetLoader          - Loading from disk: /assets/ui/fonts/VarelaRound-Regular.ttf
05:50:29.619 [JavaFX Application Thread] DEBUG AssetLoader          - Loading from disk: /assets/ui/fonts/lucida_console.ttf
05:50:29.646 [JavaFX Application Thread] DEBUG AssetLoader          - Loading from disk: /assets/ui/fonts/Courier-Prime.ttf
05:50:29.661 [JavaFX Application Thread] DEBUG AssetLoader          - Loading from disk: /assets/ui/fonts/Abel-Regular.ttf
05:50:29.677 [JavaFX Application Thread] DEBUG AssetLoader          - Loading from disk: /assets/ui/css/fxgl_dark.css
05:50:29.795 [JavaFX Application Thread] DEBUG AssetLoader          - Loading from disk: /assets/ui/cursors/fxgl_default.png
05:50:29.906 [JavaFX Application Thread] DEBUG AssetLoader          - Loading from disk: /assets/ui/cursors/fxgl_default.png
05:50:29.938 [JavaFX Application Thread] DEBUG GameScene            - Game scene initialized: 400x600
05:50:29.947 [JavaFX Application Thread] DEBUG GameWorld            - Game world initialized
05:50:30.022 [JavaFX Application Thread] DEBUG PhysicsWorld         - Physics world initialized: appHeight=600, physics.ppm=50,0
05:50:30.055 [JavaFX Application Thread] DEBUG Input                - Registered new binding: Pause - Esc
05:50:30.086 [JavaFX Application Thread] DEBUG Input                - Clearing active input actions
05:50:30.193 [JavaFX Application Thread] DEBUG AppStateMachine      - StartupState -> StartupState
05:50:30.202 [JavaFX Application Thread] INFO  GameApplication      - Game configuration took:  0,934 sec
05:50:30.206 [JavaFX Application Thread] DEBUG AssetLoader          - Loading from disk: /assets/textures/fxgl_icon.png
05:50:30.239 [JavaFX Application Thread] DEBUG MainWindow           - Opening main window
05:50:30.447 [JavaFX Application Thread] DEBUG MainWindow           - Window border size: (6.0, 29.0)
05:50:30.447 [JavaFX Application Thread] DEBUG MainWindow           - Scaled size: 400.0 x 600.0
05:50:30.447 [JavaFX Application Thread] DEBUG MainWindow           - Scaled ratio: (1.0, 1.0)
05:50:30.448 [JavaFX Application Thread] DEBUG MainWindow           - Scene size: 400.0 x 600.0
05:50:30.448 [JavaFX Application Thread] DEBUG MainWindow           - Stage size: 406.0 x 629.0
05:50:30.448 [JavaFX Application Thread] DEBUG GameApplication      - Running preInit()
05:50:30.453 [JavaFX Application Thread] DEBUG Input                - Registered new binding: Screenshot - P
05:50:30.454 [JavaFX Application Thread] DEBUG Input                - Registered new binding: Dev Options - CTRL+0
05:50:30.454 [JavaFX Application Thread] DEBUG Input                - Registered new binding: System info dump - CTRL+9
05:50:30.455 [JavaFX Application Thread] DEBUG Input                - Registered new binding: Restart - CTRL+R
05:50:30.456 [JavaFX Application Thread] DEBUG Input                - Registered new binding: Release Ball - Space
05:50:30.496 [JavaFX Application Thread] DEBUG GameApplication      - Starting main loop
05:50:30.499 [JavaFX Application Thread] DEBUG StartupState         - STARTUP
05:50:30.499 [JavaFX Application Thread] DEBUG GameApplication      - Starting new game
05:50:30.499 [JavaFX Application Thread] DEBUG Input                - Clearing active input actions
05:50:30.509 [JavaFX Application Thread] DEBUG AppStateMachine      - StartupState -> LoadingState
05:50:30.518 [FXGL Background Thread 1 ] DEBUG InitAppTask          - Clearing previous game
05:50:30.518 [FXGL Background Thread 1 ] DEBUG GameWorld            - Clearing game world
05:50:30.519 [FXGL Background Thread 1 ] DEBUG PhysicsWorld         - Clearing physics world
05:50:30.519 [FXGL Background Thread 1 ] DEBUG GameScene            - Clearing game scene
05:50:30.520 [FXGL Background Thread 1 ] DEBUG InitAppTask          - Initializing Game
05:50:30.652 [FXGL Background Thread 1 ] DEBUG GameScene            - Creating render group for layer: DEFAULT(100000)
05:50:30.672 [FXGL Background Thread 1 ] DEBUG InitAppTask          - Initializing Physics
05:50:30.674 [FXGL Background Thread 1 ] DEBUG InitAppTask          - Initializing UI
05:50:30.674 [FXGL Background Thread 1 ] DEBUG InitAppTask          - Initialization Complete
05:50:30.675 [FXGL Background Thread 1 ] INFO  InitAppTask          - Game initialization took: 0,157 sec
05:50:30.683 [JavaFX Application Thread] DEBUG Input                - Clearing active input actions
05:50:30.692 [JavaFX Application Thread] DEBUG AppStateMachine      - LoadingState -> PlayState
05:50:34.026 [JavaFX Application Thread] DEBUG GameApplication      - Exiting game application
05:50:34.029 [JavaFX Application Thread] DEBUG GameApplication      - Shutting down background threads
05:50:34.030 [JavaFX Application Thread] INFO  Profiler             - Processed Frames: 215
05:50:34.030 [JavaFX Application Thread] INFO  Profiler             - Average FPS: 58
05:50:34.031 [JavaFX Application Thread] INFO  Profiler             - Avg Frame Took: 0,58 ms
05:50:34.031 [JavaFX Application Thread] INFO  Profiler             - Avg Memory Usage: 36 MB
05:50:34.032 [JavaFX Application Thread] INFO  Profiler             - Min Memory Usage: 8 MB
05:50:34.032 [JavaFX Application Thread] INFO  Profiler             - Max Memory Usage: 47 MB
05:50:34.033 [JavaFX Application Thread] INFO  Profiler             - Estimated GC runs: 0
05:50:34.033 [JavaFX Application Thread] DEBUG GameApplication      - Exiting FXGL
05:50:34.034 [JavaFX Application Thread] DEBUG FXGL                 - Saving FXGL system data
05:50:34.045 [JavaFX Application Thread] DEBUG DesktopFSService     - Writing to: system\fxgl.bundle
05:50:34.059 [JavaFX Application Thread] DEBUG GameApplication      - Closing logger and exiting JavaFX
